CRITICAL - 2023-11-16 09:45:48 --> Undefined array key "name"
in APPPATH\Views\parameters\addparameters.php on line 32.
 1 APPPATH\Views\parameters\addparameters.php(32): CodeIgniter\Debug\Exceptions->errorHandler(2, 'Undefined array key "name"', 'C:\\xampp\\new xampp\\htdocs\\lmv1\\app\\Views\\parameters\\addparameters.php', 32)
 2 SYSTEMPATH\View\View.php(226): include('C:\\xampp\\new xampp\\htdocs\\lmv1\\app\\Views\\parameters\\addparameters.php')
 3 SYSTEMPATH\View\View.php(229): CodeIgniter\View\View->CodeIgniter\View\{closure}()
 4 SYSTEMPATH\Common.php(1188): CodeIgniter\View\View->render('parameters/addparameters', [], true)
 5 APPPATH\Controllers\Admin.php(216): view('parameters/addparameters', [...])
 6 SYSTEMPATH\CodeIgniter.php(919): App\Controllers\Admin->addparameters()
 7 SYSTEMPATH\CodeIgniter.php(494): CodeIgniter\CodeIgniter->runController(Object(App\Controllers\Admin))
 8 SYSTEMPATH\CodeIgniter.php(353): CodeIgniter\CodeIgniter->handleRequest(null, Object(Config\Cache), false)
 9 FCPATH\index.php(79): CodeIgniter\CodeIgniter->run()
CRITICAL - 2023-11-16 10:32:23 --> Undefined constant "App\Controllers\employee"
in APPPATH\Controllers\Admin.php on line 985.
 1 SYSTEMPATH\CodeIgniter.php(919): App\Controllers\Admin->salarylist()
 2 SYSTEMPATH\CodeIgniter.php(494): CodeIgniter\CodeIgniter->runController(Object(App\Controllers\Admin))
 3 SYSTEMPATH\CodeIgniter.php(353): CodeIgniter\CodeIgniter->handleRequest(null, Object(Config\Cache), false)
 4 FCPATH\index.php(79): CodeIgniter\CodeIgniter->run()
CRITICAL - 2023-11-16 10:33:05 --> Undefined constant "App\Controllers\employee"
in APPPATH\Controllers\Admin.php on line 982.
 1 SYSTEMPATH\CodeIgniter.php(919): App\Controllers\Admin->salarylist()
 2 SYSTEMPATH\CodeIgniter.php(494): CodeIgniter\CodeIgniter->runController(Object(App\Controllers\Admin))
 3 SYSTEMPATH\CodeIgniter.php(353): CodeIgniter\CodeIgniter->handleRequest(null, Object(Config\Cache), false)
 4 FCPATH\index.php(79): CodeIgniter\CodeIgniter->run()
