CRITICAL - 2023-10-12 06:18:25 --> Undefined variable $entry_count
in APPPATH\Views\include\header.php on line 238.
 1 APPPATH\Views\include\header.php(238): CodeIgniter\Debug\Exceptions->errorHandler(2, 'Undefined variable $entry_count', 'C:\\xampp\\new xampp\\htdocs\\newlmr\\app\\Views\\include\\header.php', 238)
 2 SYSTEMPATH\View\View.php(226): include('C:\\xampp\\new xampp\\htdocs\\newlmr\\app\\Views\\include\\header.php')
 3 SYSTEMPATH\View\View.php(229): CodeIgniter\View\View->CodeIgniter\View\{closure}()
 4 SYSTEMPATH\Common.php(1188): CodeIgniter\View\View->render('include/header', [], true)
 5 APPPATH\Controllers\Admin.php(56): view('include/header', [...])
 6 APPPATH\Controllers\Admin.php(306): App\Controllers\Admin->header('Report')
 7 SYSTEMPATH\CodeIgniter.php(919): App\Controllers\Admin->entry_list('13')
 8 SYSTEMPATH\CodeIgniter.php(494): CodeIgniter\CodeIgniter->runController(Object(App\Controllers\Admin))
 9 SYSTEMPATH\CodeIgniter.php(353): CodeIgniter\CodeIgniter->handleRequest(null, Object(Config\Cache), false)
10 FCPATH\index.php(79): CodeIgniter\CodeIgniter->run()
CRITICAL - 2023-10-12 06:19:38 --> Undefined variable $entry_count
in APPPATH\Views\include\header.php on line 238.
 1 APPPATH\Views\include\header.php(238): CodeIgniter\Debug\Exceptions->errorHandler(2, 'Undefined variable $entry_count', 'C:\\xampp\\new xampp\\htdocs\\newlmr\\app\\Views\\include\\header.php', 238)
 2 SYSTEMPATH\View\View.php(226): include('C:\\xampp\\new xampp\\htdocs\\newlmr\\app\\Views\\include\\header.php')
 3 SYSTEMPATH\View\View.php(229): CodeIgniter\View\View->CodeIgniter\View\{closure}()
 4 SYSTEMPATH\Common.php(1188): CodeIgniter\View\View->render('include/header', [], true)
 5 APPPATH\Controllers\Admin.php(56): view('include/header', [...])
 6 APPPATH\Controllers\Admin.php(306): App\Controllers\Admin->header('Report')
 7 SYSTEMPATH\CodeIgniter.php(919): App\Controllers\Admin->entry_list('13')
 8 SYSTEMPATH\CodeIgniter.php(494): CodeIgniter\CodeIgniter->runController(Object(App\Controllers\Admin))
 9 SYSTEMPATH\CodeIgniter.php(353): CodeIgniter\CodeIgniter->handleRequest(null, Object(Config\Cache), false)
10 FCPATH\index.php(79): CodeIgniter\CodeIgniter->run()
CRITICAL - 2023-10-12 06:20:47 --> Undefined variable $param_count
in APPPATH\Views\include\header.php on line 238.
 1 APPPATH\Views\include\header.php(238): CodeIgniter\Debug\Exceptions->errorHandler(2, 'Undefined variable $param_count', 'C:\\xampp\\new xampp\\htdocs\\newlmr\\app\\Views\\include\\header.php', 238)
 2 SYSTEMPATH\View\View.php(226): include('C:\\xampp\\new xampp\\htdocs\\newlmr\\app\\Views\\include\\header.php')
 3 SYSTEMPATH\View\View.php(229): CodeIgniter\View\View->CodeIgniter\View\{closure}()
 4 SYSTEMPATH\Common.php(1188): CodeIgniter\View\View->render('include/header', [], true)
 5 APPPATH\Controllers\Admin.php(56): view('include/header', [...])
 6 APPPATH\Controllers\Admin.php(306): App\Controllers\Admin->header('Report')
 7 SYSTEMPATH\CodeIgniter.php(919): App\Controllers\Admin->entry_list('13')
 8 SYSTEMPATH\CodeIgniter.php(494): CodeIgniter\CodeIgniter->runController(Object(App\Controllers\Admin))
 9 SYSTEMPATH\CodeIgniter.php(353): CodeIgniter\CodeIgniter->handleRequest(null, Object(Config\Cache), false)
10 FCPATH\index.php(79): CodeIgniter\CodeIgniter->run()
CRITICAL - 2023-10-12 06:20:49 --> Undefined variable $param_count
in APPPATH\Views\include\header.php on line 238.
 1 APPPATH\Views\include\header.php(238): CodeIgniter\Debug\Exceptions->errorHandler(2, 'Undefined variable $param_count', 'C:\\xampp\\new xampp\\htdocs\\newlmr\\app\\Views\\include\\header.php', 238)
 2 SYSTEMPATH\View\View.php(226): include('C:\\xampp\\new xampp\\htdocs\\newlmr\\app\\Views\\include\\header.php')
 3 SYSTEMPATH\View\View.php(229): CodeIgniter\View\View->CodeIgniter\View\{closure}()
 4 SYSTEMPATH\Common.php(1188): CodeIgniter\View\View->render('include/header', [], true)
 5 APPPATH\Controllers\Admin.php(56): view('include/header', [...])
 6 APPPATH\Controllers\Admin.php(306): App\Controllers\Admin->header('Report')
 7 SYSTEMPATH\CodeIgniter.php(919): App\Controllers\Admin->entry_list('13')
 8 SYSTEMPATH\CodeIgniter.php(494): CodeIgniter\CodeIgniter->runController(Object(App\Controllers\Admin))
 9 SYSTEMPATH\CodeIgniter.php(353): CodeIgniter\CodeIgniter->handleRequest(null, Object(Config\Cache), false)
10 FCPATH\index.php(79): CodeIgniter\CodeIgniter->run()
CRITICAL - 2023-10-12 06:20:56 --> Undefined variable $param_count
in APPPATH\Views\include\header.php on line 238.
 1 APPPATH\Views\include\header.php(238): CodeIgniter\Debug\Exceptions->errorHandler(2, 'Undefined variable $param_count', 'C:\\xampp\\new xampp\\htdocs\\newlmr\\app\\Views\\include\\header.php', 238)
 2 SYSTEMPATH\View\View.php(226): include('C:\\xampp\\new xampp\\htdocs\\newlmr\\app\\Views\\include\\header.php')
 3 SYSTEMPATH\View\View.php(229): CodeIgniter\View\View->CodeIgniter\View\{closure}()
 4 SYSTEMPATH\Common.php(1188): CodeIgniter\View\View->render('include/header', [], true)
 5 APPPATH\Controllers\Admin.php(56): view('include/header', [...])
 6 APPPATH\Controllers\Admin.php(259): App\Controllers\Admin->header('Add Entry')
 7 SYSTEMPATH\CodeIgniter.php(919): App\Controllers\Admin->entrytable()
 8 SYSTEMPATH\CodeIgniter.php(494): CodeIgniter\CodeIgniter->runController(Object(App\Controllers\Admin))
 9 SYSTEMPATH\CodeIgniter.php(353): CodeIgniter\CodeIgniter->handleRequest(null, Object(Config\Cache), false)
10 FCPATH\index.php(79): CodeIgniter\CodeIgniter->run()
CRITICAL - 2023-10-12 06:20:57 --> Undefined variable $param_count
in APPPATH\Views\include\header.php on line 238.
 1 APPPATH\Views\include\header.php(238): CodeIgniter\Debug\Exceptions->errorHandler(2, 'Undefined variable $param_count', 'C:\\xampp\\new xampp\\htdocs\\newlmr\\app\\Views\\include\\header.php', 238)
 2 SYSTEMPATH\View\View.php(226): include('C:\\xampp\\new xampp\\htdocs\\newlmr\\app\\Views\\include\\header.php')
 3 SYSTEMPATH\View\View.php(229): CodeIgniter\View\View->CodeIgniter\View\{closure}()
 4 SYSTEMPATH\Common.php(1188): CodeIgniter\View\View->render('include/header', [], true)
 5 APPPATH\Controllers\Admin.php(56): view('include/header', [...])
 6 APPPATH\Controllers\Admin.php(290): App\Controllers\Admin->header('Edite Entry')
 7 SYSTEMPATH\CodeIgniter.php(919): App\Controllers\Admin->editentry('13')
 8 SYSTEMPATH\CodeIgniter.php(494): CodeIgniter\CodeIgniter->runController(Object(App\Controllers\Admin))
 9 SYSTEMPATH\CodeIgniter.php(353): CodeIgniter\CodeIgniter->handleRequest(null, Object(Config\Cache), false)
10 FCPATH\index.php(79): CodeIgniter\CodeIgniter->run()
CRITICAL - 2023-10-12 06:20:58 --> Undefined variable $param_count
in APPPATH\Views\include\header.php on line 238.
 1 APPPATH\Views\include\header.php(238): CodeIgniter\Debug\Exceptions->errorHandler(2, 'Undefined variable $param_count', 'C:\\xampp\\new xampp\\htdocs\\newlmr\\app\\Views\\include\\header.php', 238)
 2 SYSTEMPATH\View\View.php(226): include('C:\\xampp\\new xampp\\htdocs\\newlmr\\app\\Views\\include\\header.php')
 3 SYSTEMPATH\View\View.php(229): CodeIgniter\View\View->CodeIgniter\View\{closure}()
 4 SYSTEMPATH\Common.php(1188): CodeIgniter\View\View->render('include/header', [], true)
 5 APPPATH\Controllers\Admin.php(56): view('include/header', [...])
 6 APPPATH\Controllers\Admin.php(259): App\Controllers\Admin->header('Add Entry')
 7 SYSTEMPATH\CodeIgniter.php(919): App\Controllers\Admin->entrytable()
 8 SYSTEMPATH\CodeIgniter.php(494): CodeIgniter\CodeIgniter->runController(Object(App\Controllers\Admin))
 9 SYSTEMPATH\CodeIgniter.php(353): CodeIgniter\CodeIgniter->handleRequest(null, Object(Config\Cache), false)
10 FCPATH\index.php(79): CodeIgniter\CodeIgniter->run()
CRITICAL - 2023-10-12 06:26:16 --> Undefined variable $param_count
in APPPATH\Views\include\header.php on line 228.
 1 APPPATH\Views\include\header.php(228): CodeIgniter\Debug\Exceptions->errorHandler(2, 'Undefined variable $param_count', 'C:\\xampp\\new xampp\\htdocs\\newlmr\\app\\Views\\include\\header.php', 228)
 2 SYSTEMPATH\View\View.php(226): include('C:\\xampp\\new xampp\\htdocs\\newlmr\\app\\Views\\include\\header.php')
 3 SYSTEMPATH\View\View.php(229): CodeIgniter\View\View->CodeIgniter\View\{closure}()
 4 SYSTEMPATH\Common.php(1188): CodeIgniter\View\View->render('include/header', [], true)
 5 APPPATH\Controllers\Admin.php(56): view('include/header', [...])
 6 APPPATH\Controllers\Admin.php(95): App\Controllers\Admin->header('Add parameters')
 7 SYSTEMPATH\CodeIgniter.php(919): App\Controllers\Admin->parameter()
 8 SYSTEMPATH\CodeIgniter.php(494): CodeIgniter\CodeIgniter->runController(Object(App\Controllers\Admin))
 9 SYSTEMPATH\CodeIgniter.php(353): CodeIgniter\CodeIgniter->handleRequest(null, Object(Config\Cache), false)
10 FCPATH\index.php(79): CodeIgniter\CodeIgniter->run()
CRITICAL - 2023-10-12 06:26:24 --> Undefined variable $param_count
in APPPATH\Views\include\header.php on line 228.
 1 APPPATH\Views\include\header.php(228): CodeIgniter\Debug\Exceptions->errorHandler(2, 'Undefined variable $param_count', 'C:\\xampp\\new xampp\\htdocs\\newlmr\\app\\Views\\include\\header.php', 228)
 2 SYSTEMPATH\View\View.php(226): include('C:\\xampp\\new xampp\\htdocs\\newlmr\\app\\Views\\include\\header.php')
 3 SYSTEMPATH\View\View.php(229): CodeIgniter\View\View->CodeIgniter\View\{closure}()
 4 SYSTEMPATH\Common.php(1188): CodeIgniter\View\View->render('include/header', [], true)
 5 APPPATH\Controllers\Admin.php(56): view('include/header', [...])
 6 APPPATH\Controllers\Admin.php(95): App\Controllers\Admin->header('Add parameters')
 7 SYSTEMPATH\CodeIgniter.php(919): App\Controllers\Admin->parameter()
 8 SYSTEMPATH\CodeIgniter.php(494): CodeIgniter\CodeIgniter->runController(Object(App\Controllers\Admin))
 9 SYSTEMPATH\CodeIgniter.php(353): CodeIgniter\CodeIgniter->handleRequest(null, Object(Config\Cache), false)
10 FCPATH\index.php(79): CodeIgniter\CodeIgniter->run()
CRITICAL - 2023-10-12 06:26:30 --> Undefined variable $param_count
in APPPATH\Views\include\header.php on line 228.
 1 APPPATH\Views\include\header.php(228): CodeIgniter\Debug\Exceptions->errorHandler(2, 'Undefined variable $param_count', 'C:\\xampp\\new xampp\\htdocs\\newlmr\\app\\Views\\include\\header.php', 228)
 2 SYSTEMPATH\View\View.php(226): include('C:\\xampp\\new xampp\\htdocs\\newlmr\\app\\Views\\include\\header.php')
 3 SYSTEMPATH\View\View.php(229): CodeIgniter\View\View->CodeIgniter\View\{closure}()
 4 SYSTEMPATH\Common.php(1188): CodeIgniter\View\View->render('include/header', [], true)
 5 APPPATH\Controllers\Admin.php(56): view('include/header', [...])
 6 APPPATH\Controllers\Admin.php(95): App\Controllers\Admin->header('Add parameters')
 7 SYSTEMPATH\CodeIgniter.php(919): App\Controllers\Admin->parameter()
 8 SYSTEMPATH\CodeIgniter.php(494): CodeIgniter\CodeIgniter->runController(Object(App\Controllers\Admin))
 9 SYSTEMPATH\CodeIgniter.php(353): CodeIgniter\CodeIgniter->handleRequest(null, Object(Config\Cache), false)
10 FCPATH\index.php(79): CodeIgniter\CodeIgniter->run()
CRITICAL - 2023-10-12 06:26:31 --> Undefined variable $param_count
in APPPATH\Views\include\header.php on line 228.
 1 APPPATH\Views\include\header.php(228): CodeIgniter\Debug\Exceptions->errorHandler(2, 'Undefined variable $param_count', 'C:\\xampp\\new xampp\\htdocs\\newlmr\\app\\Views\\include\\header.php', 228)
 2 SYSTEMPATH\View\View.php(226): include('C:\\xampp\\new xampp\\htdocs\\newlmr\\app\\Views\\include\\header.php')
 3 SYSTEMPATH\View\View.php(229): CodeIgniter\View\View->CodeIgniter\View\{closure}()
 4 SYSTEMPATH\Common.php(1188): CodeIgniter\View\View->render('include/header', [], true)
 5 APPPATH\Controllers\Admin.php(56): view('include/header', [...])
 6 APPPATH\Controllers\Admin.php(95): App\Controllers\Admin->header('Add parameters')
 7 SYSTEMPATH\CodeIgniter.php(919): App\Controllers\Admin->parameter()
 8 SYSTEMPATH\CodeIgniter.php(494): CodeIgniter\CodeIgniter->runController(Object(App\Controllers\Admin))
 9 SYSTEMPATH\CodeIgniter.php(353): CodeIgniter\CodeIgniter->handleRequest(null, Object(Config\Cache), false)
10 FCPATH\index.php(79): CodeIgniter\CodeIgniter->run()
CRITICAL - 2023-10-12 06:26:31 --> Undefined variable $param_count
in APPPATH\Views\include\header.php on line 228.
 1 APPPATH\Views\include\header.php(228): CodeIgniter\Debug\Exceptions->errorHandler(2, 'Undefined variable $param_count', 'C:\\xampp\\new xampp\\htdocs\\newlmr\\app\\Views\\include\\header.php', 228)
 2 SYSTEMPATH\View\View.php(226): include('C:\\xampp\\new xampp\\htdocs\\newlmr\\app\\Views\\include\\header.php')
 3 SYSTEMPATH\View\View.php(229): CodeIgniter\View\View->CodeIgniter\View\{closure}()
 4 SYSTEMPATH\Common.php(1188): CodeIgniter\View\View->render('include/header', [], true)
 5 APPPATH\Controllers\Admin.php(56): view('include/header', [...])
 6 APPPATH\Controllers\Admin.php(95): App\Controllers\Admin->header('Add parameters')
 7 SYSTEMPATH\CodeIgniter.php(919): App\Controllers\Admin->parameter()
 8 SYSTEMPATH\CodeIgniter.php(494): CodeIgniter\CodeIgniter->runController(Object(App\Controllers\Admin))
 9 SYSTEMPATH\CodeIgniter.php(353): CodeIgniter\CodeIgniter->handleRequest(null, Object(Config\Cache), false)
10 FCPATH\index.php(79): CodeIgniter\CodeIgniter->run()
CRITICAL - 2023-10-12 06:26:32 --> Undefined variable $param_count
in APPPATH\Views\include\header.php on line 228.
 1 APPPATH\Views\include\header.php(228): CodeIgniter\Debug\Exceptions->errorHandler(2, 'Undefined variable $param_count', 'C:\\xampp\\new xampp\\htdocs\\newlmr\\app\\Views\\include\\header.php', 228)
 2 SYSTEMPATH\View\View.php(226): include('C:\\xampp\\new xampp\\htdocs\\newlmr\\app\\Views\\include\\header.php')
 3 SYSTEMPATH\View\View.php(229): CodeIgniter\View\View->CodeIgniter\View\{closure}()
 4 SYSTEMPATH\Common.php(1188): CodeIgniter\View\View->render('include/header', [], true)
 5 APPPATH\Controllers\Admin.php(56): view('include/header', [...])
 6 APPPATH\Controllers\Admin.php(95): App\Controllers\Admin->header('Add parameters')
 7 SYSTEMPATH\CodeIgniter.php(919): App\Controllers\Admin->parameter()
 8 SYSTEMPATH\CodeIgniter.php(494): CodeIgniter\CodeIgniter->runController(Object(App\Controllers\Admin))
 9 SYSTEMPATH\CodeIgniter.php(353): CodeIgniter\CodeIgniter->handleRequest(null, Object(Config\Cache), false)
10 FCPATH\index.php(79): CodeIgniter\CodeIgniter->run()
CRITICAL - 2023-10-12 06:26:33 --> Undefined variable $param_count
in APPPATH\Views\include\header.php on line 228.
 1 APPPATH\Views\include\header.php(228): CodeIgniter\Debug\Exceptions->errorHandler(2, 'Undefined variable $param_count', 'C:\\xampp\\new xampp\\htdocs\\newlmr\\app\\Views\\include\\header.php', 228)
 2 SYSTEMPATH\View\View.php(226): include('C:\\xampp\\new xampp\\htdocs\\newlmr\\app\\Views\\include\\header.php')
 3 SYSTEMPATH\View\View.php(229): CodeIgniter\View\View->CodeIgniter\View\{closure}()
 4 SYSTEMPATH\Common.php(1188): CodeIgniter\View\View->render('include/header', [], true)
 5 APPPATH\Controllers\Admin.php(56): view('include/header', [...])
 6 APPPATH\Controllers\Admin.php(95): App\Controllers\Admin->header('Add parameters')
 7 SYSTEMPATH\CodeIgniter.php(919): App\Controllers\Admin->parameter()
 8 SYSTEMPATH\CodeIgniter.php(494): CodeIgniter\CodeIgniter->runController(Object(App\Controllers\Admin))
 9 SYSTEMPATH\CodeIgniter.php(353): CodeIgniter\CodeIgniter->handleRequest(null, Object(Config\Cache), false)
10 FCPATH\index.php(79): CodeIgniter\CodeIgniter->run()
CRITICAL - 2023-10-12 06:26:38 --> Undefined variable $param_count
in APPPATH\Views\include\header.php on line 228.
 1 APPPATH\Views\include\header.php(228): CodeIgniter\Debug\Exceptions->errorHandler(2, 'Undefined variable $param_count', 'C:\\xampp\\new xampp\\htdocs\\newlmr\\app\\Views\\include\\header.php', 228)
 2 SYSTEMPATH\View\View.php(226): include('C:\\xampp\\new xampp\\htdocs\\newlmr\\app\\Views\\include\\header.php')
 3 SYSTEMPATH\View\View.php(229): CodeIgniter\View\View->CodeIgniter\View\{closure}()
 4 SYSTEMPATH\Common.php(1188): CodeIgniter\View\View->render('include/header', [], true)
 5 APPPATH\Controllers\Admin.php(56): view('include/header', [...])
 6 APPPATH\Controllers\Admin.php(95): App\Controllers\Admin->header('Add parameters')
 7 SYSTEMPATH\CodeIgniter.php(919): App\Controllers\Admin->parameter()
 8 SYSTEMPATH\CodeIgniter.php(494): CodeIgniter\CodeIgniter->runController(Object(App\Controllers\Admin))
 9 SYSTEMPATH\CodeIgniter.php(353): CodeIgniter\CodeIgniter->handleRequest(null, Object(Config\Cache), false)
10 FCPATH\index.php(79): CodeIgniter\CodeIgniter->run()
CRITICAL - 2023-10-12 06:27:14 --> Undefined variable $param_count
in APPPATH\Views\include\header.php on line 228.
 1 APPPATH\Views\include\header.php(228): CodeIgniter\Debug\Exceptions->errorHandler(2, 'Undefined variable $param_count', 'C:\\xampp\\new xampp\\htdocs\\newlmr\\app\\Views\\include\\header.php', 228)
 2 SYSTEMPATH\View\View.php(226): include('C:\\xampp\\new xampp\\htdocs\\newlmr\\app\\Views\\include\\header.php')
 3 SYSTEMPATH\View\View.php(229): CodeIgniter\View\View->CodeIgniter\View\{closure}()
 4 SYSTEMPATH\Common.php(1188): CodeIgniter\View\View->render('include/header', [], true)
 5 APPPATH\Controllers\Admin.php(56): view('include/header', [...])
 6 APPPATH\Controllers\Admin.php(62): App\Controllers\Admin->header('Add Darshan')
 7 SYSTEMPATH\CodeIgniter.php(919): App\Controllers\Admin->parameter_list()
 8 SYSTEMPATH\CodeIgniter.php(494): CodeIgniter\CodeIgniter->runController(Object(App\Controllers\Admin))
 9 SYSTEMPATH\CodeIgniter.php(353): CodeIgniter\CodeIgniter->handleRequest(null, Object(Config\Cache), false)
10 FCPATH\index.php(79): CodeIgniter\CodeIgniter->run()
CRITICAL - 2023-10-12 06:27:21 --> Undefined variable $param_count
in APPPATH\Views\include\header.php on line 228.
 1 APPPATH\Views\include\header.php(228): CodeIgniter\Debug\Exceptions->errorHandler(2, 'Undefined variable $param_count', 'C:\\xampp\\new xampp\\htdocs\\newlmr\\app\\Views\\include\\header.php', 228)
 2 SYSTEMPATH\View\View.php(226): include('C:\\xampp\\new xampp\\htdocs\\newlmr\\app\\Views\\include\\header.php')
 3 SYSTEMPATH\View\View.php(229): CodeIgniter\View\View->CodeIgniter\View\{closure}()
 4 SYSTEMPATH\Common.php(1188): CodeIgniter\View\View->render('include/header', [], true)
 5 APPPATH\Controllers\Admin.php(56): view('include/header', [...])
 6 APPPATH\Controllers\Admin.php(209): App\Controllers\Admin->header('Add entry')
 7 SYSTEMPATH\CodeIgniter.php(919): App\Controllers\Admin->entry()
 8 SYSTEMPATH\CodeIgniter.php(494): CodeIgniter\CodeIgniter->runController(Object(App\Controllers\Admin))
 9 SYSTEMPATH\CodeIgniter.php(353): CodeIgniter\CodeIgniter->handleRequest(null, Object(Config\Cache), false)
10 FCPATH\index.php(79): CodeIgniter\CodeIgniter->run()
CRITICAL - 2023-10-12 06:27:27 --> Undefined variable $param_count
in APPPATH\Views\include\header.php on line 228.
 1 APPPATH\Views\include\header.php(228): CodeIgniter\Debug\Exceptions->errorHandler(2, 'Undefined variable $param_count', 'C:\\xampp\\new xampp\\htdocs\\newlmr\\app\\Views\\include\\header.php', 228)
 2 SYSTEMPATH\View\View.php(226): include('C:\\xampp\\new xampp\\htdocs\\newlmr\\app\\Views\\include\\header.php')
 3 SYSTEMPATH\View\View.php(229): CodeIgniter\View\View->CodeIgniter\View\{closure}()
 4 SYSTEMPATH\Common.php(1188): CodeIgniter\View\View->render('include/header', [], true)
 5 APPPATH\Controllers\Admin.php(56): view('include/header', [...])
 6 APPPATH\Controllers\Admin.php(259): App\Controllers\Admin->header('Add Entry')
 7 SYSTEMPATH\CodeIgniter.php(919): App\Controllers\Admin->entrytable()
 8 SYSTEMPATH\CodeIgniter.php(494): CodeIgniter\CodeIgniter->runController(Object(App\Controllers\Admin))
 9 SYSTEMPATH\CodeIgniter.php(353): CodeIgniter\CodeIgniter->handleRequest(null, Object(Config\Cache), false)
10 FCPATH\index.php(79): CodeIgniter\CodeIgniter->run()
CRITICAL - 2023-10-12 06:28:51 --> Undefined variable $param_count
in APPPATH\Views\include\header.php on line 228.
 1 APPPATH\Views\include\header.php(228): CodeIgniter\Debug\Exceptions->errorHandler(2, 'Undefined variable $param_count', 'C:\\xampp\\new xampp\\htdocs\\newlmr\\app\\Views\\include\\header.php', 228)
 2 SYSTEMPATH\View\View.php(226): include('C:\\xampp\\new xampp\\htdocs\\newlmr\\app\\Views\\include\\header.php')
 3 SYSTEMPATH\View\View.php(229): CodeIgniter\View\View->CodeIgniter\View\{closure}()
 4 SYSTEMPATH\Common.php(1188): CodeIgniter\View\View->render('include/header', [], true)
 5 APPPATH\Controllers\Admin.php(56): view('include/header', [...])
 6 APPPATH\Controllers\Admin.php(95): App\Controllers\Admin->header('Add parameters')
 7 SYSTEMPATH\CodeIgniter.php(919): App\Controllers\Admin->parameter()
 8 SYSTEMPATH\CodeIgniter.php(494): CodeIgniter\CodeIgniter->runController(Object(App\Controllers\Admin))
 9 SYSTEMPATH\CodeIgniter.php(353): CodeIgniter\CodeIgniter->handleRequest(null, Object(Config\Cache), false)
10 FCPATH\index.php(79): CodeIgniter\CodeIgniter->run()
CRITICAL - 2023-10-12 06:33:49 --> Cannot use object of type App\Models\entryModel as array
in APPPATH\Views\entrydetail.php on line 5.
 1 SYSTEMPATH\View\View.php(226): include()
 2 SYSTEMPATH\View\View.php(229): CodeIgniter\View\View->CodeIgniter\View\{closure}()
 3 SYSTEMPATH\Common.php(1188): CodeIgniter\View\View->render('entrydetail', [], true)
 4 APPPATH\Controllers\Admin.php(309): view('entrydetail', [...])
 5 SYSTEMPATH\CodeIgniter.php(919): App\Controllers\Admin->entry_list('13')
 6 SYSTEMPATH\CodeIgniter.php(494): CodeIgniter\CodeIgniter->runController(Object(App\Controllers\Admin))
 7 SYSTEMPATH\CodeIgniter.php(353): CodeIgniter\CodeIgniter->handleRequest(null, Object(Config\Cache), false)
 8 FCPATH\index.php(79): CodeIgniter\CodeIgniter->run()
CRITICAL - 2023-10-12 06:34:19 --> Cannot use object of type App\Models\entryModel as array
in APPPATH\Views\entrydetail.php on line 5.
 1 SYSTEMPATH\View\View.php(226): include()
 2 SYSTEMPATH\View\View.php(229): CodeIgniter\View\View->CodeIgniter\View\{closure}()
 3 SYSTEMPATH\Common.php(1188): CodeIgniter\View\View->render('entrydetail', [], true)
 4 APPPATH\Controllers\Admin.php(309): view('entrydetail', [...])
 5 SYSTEMPATH\CodeIgniter.php(919): App\Controllers\Admin->entry_list('13')
 6 SYSTEMPATH\CodeIgniter.php(494): CodeIgniter\CodeIgniter->runController(Object(App\Controllers\Admin))
 7 SYSTEMPATH\CodeIgniter.php(353): CodeIgniter\CodeIgniter->handleRequest(null, Object(Config\Cache), false)
 8 FCPATH\index.php(79): CodeIgniter\CodeIgniter->run()
CRITICAL - 2023-10-12 06:36:22 --> Call to undefined method App\Controllers\Admin::getIdDetails()
in APPPATH\Controllers\Admin.php on line 301.
 1 SYSTEMPATH\CodeIgniter.php(919): App\Controllers\Admin->entry_list('13')
 2 SYSTEMPATH\CodeIgniter.php(494): CodeIgniter\CodeIgniter->runController(Object(App\Controllers\Admin))
 3 SYSTEMPATH\CodeIgniter.php(353): CodeIgniter\CodeIgniter->handleRequest(null, Object(Config\Cache), false)
 4 FCPATH\index.php(79): CodeIgniter\CodeIgniter->run()
CRITICAL - 2023-10-12 06:36:46 --> Cannot use object of type stdClass as array
in APPPATH\Views\entrydetail.php on line 5.
 1 SYSTEMPATH\View\View.php(226): include()
 2 SYSTEMPATH\View\View.php(229): CodeIgniter\View\View->CodeIgniter\View\{closure}()
 3 SYSTEMPATH\Common.php(1188): CodeIgniter\View\View->render('entrydetail', [], true)
 4 APPPATH\Controllers\Admin.php(309): view('entrydetail', [...])
 5 SYSTEMPATH\CodeIgniter.php(919): App\Controllers\Admin->entry_list('13')
 6 SYSTEMPATH\CodeIgniter.php(494): CodeIgniter\CodeIgniter->runController(Object(App\Controllers\Admin))
 7 SYSTEMPATH\CodeIgniter.php(353): CodeIgniter\CodeIgniter->handleRequest(null, Object(Config\Cache), false)
 8 FCPATH\index.php(79): CodeIgniter\CodeIgniter->run()
CRITICAL - 2023-10-12 06:58:45 --> Cannot redeclare App\Controllers\Admin::entrytable()
in APPPATH\Controllers\Admin.php on line 298.
 1 [internal function]: CodeIgniter\Debug\Exceptions->shutdownHandler()
CRITICAL - 2023-10-12 06:58:54 --> Cannot redeclare App\Controllers\Admin::entrytable()
in APPPATH\Controllers\Admin.php on line 298.
 1 [internal function]: CodeIgniter\Debug\Exceptions->shutdownHandler()
CRITICAL - 2023-10-12 07:03:35 --> Undefined array key "p_name"
in APPPATH\Views\entrydetail.php on line 24.
 1 APPPATH\Views\entrydetail.php(24): CodeIgniter\Debug\Exceptions->errorHandler(2, 'Undefined array key "p_name"', 'C:\\xampp\\new xampp\\htdocs\\newlmr\\app\\Views\\entrydetail.php', 24)
 2 SYSTEMPATH\View\View.php(226): include('C:\\xampp\\new xampp\\htdocs\\newlmr\\app\\Views\\entrydetail.php')
 3 SYSTEMPATH\View\View.php(229): CodeIgniter\View\View->CodeIgniter\View\{closure}()
 4 SYSTEMPATH\Common.php(1188): CodeIgniter\View\View->render('entrydetail', [], true)
 5 APPPATH\Controllers\Admin.php(309): view('entrydetail', [...])
 6 SYSTEMPATH\CodeIgniter.php(919): App\Controllers\Admin->entry_list()
 7 SYSTEMPATH\CodeIgniter.php(494): CodeIgniter\CodeIgniter->runController(Object(App\Controllers\Admin))
 8 SYSTEMPATH\CodeIgniter.php(353): CodeIgniter\CodeIgniter->handleRequest(null, Object(Config\Cache), false)
 9 FCPATH\index.php(79): CodeIgniter\CodeIgniter->run()
CRITICAL - 2023-10-12 07:04:18 --> Undefined array key "p_name"
in APPPATH\Views\entrydetail.php on line 24.
 1 APPPATH\Views\entrydetail.php(24): CodeIgniter\Debug\Exceptions->errorHandler(2, 'Undefined array key "p_name"', 'C:\\xampp\\new xampp\\htdocs\\newlmr\\app\\Views\\entrydetail.php', 24)
 2 SYSTEMPATH\View\View.php(226): include('C:\\xampp\\new xampp\\htdocs\\newlmr\\app\\Views\\entrydetail.php')
 3 SYSTEMPATH\View\View.php(229): CodeIgniter\View\View->CodeIgniter\View\{closure}()
 4 SYSTEMPATH\Common.php(1188): CodeIgniter\View\View->render('entrydetail', [], true)
 5 APPPATH\Controllers\Admin.php(309): view('entrydetail', [...])
 6 SYSTEMPATH\CodeIgniter.php(919): App\Controllers\Admin->entry_list()
 7 SYSTEMPATH\CodeIgniter.php(494): CodeIgniter\CodeIgniter->runController(Object(App\Controllers\Admin))
 8 SYSTEMPATH\CodeIgniter.php(353): CodeIgniter\CodeIgniter->handleRequest(null, Object(Config\Cache), false)
 9 FCPATH\index.php(79): CodeIgniter\CodeIgniter->run()
CRITICAL - 2023-10-12 07:06:03 --> Undefined array key "p_name"
in APPPATH\Views\entrydetail.php on line 24.
 1 APPPATH\Views\entrydetail.php(24): CodeIgniter\Debug\Exceptions->errorHandler(2, 'Undefined array key "p_name"', 'C:\\xampp\\new xampp\\htdocs\\newlmr\\app\\Views\\entrydetail.php', 24)
 2 SYSTEMPATH\View\View.php(226): include('C:\\xampp\\new xampp\\htdocs\\newlmr\\app\\Views\\entrydetail.php')
 3 SYSTEMPATH\View\View.php(229): CodeIgniter\View\View->CodeIgniter\View\{closure}()
 4 SYSTEMPATH\Common.php(1188): CodeIgniter\View\View->render('entrydetail', [], true)
 5 APPPATH\Controllers\Admin.php(309): view('entrydetail', [...])
 6 SYSTEMPATH\CodeIgniter.php(919): App\Controllers\Admin->entry_list()
 7 SYSTEMPATH\CodeIgniter.php(494): CodeIgniter\CodeIgniter->runController(Object(App\Controllers\Admin))
 8 SYSTEMPATH\CodeIgniter.php(353): CodeIgniter\CodeIgniter->handleRequest(null, Object(Config\Cache), false)
 9 FCPATH\index.php(79): CodeIgniter\CodeIgniter->run()
CRITICAL - 2023-10-12 07:14:34 --> Undefined array key "p_name"
in APPPATH\Views\entrydetail.php on line 24.
 1 APPPATH\Views\entrydetail.php(24): CodeIgniter\Debug\Exceptions->errorHandler(2, 'Undefined array key "p_name"', 'C:\\xampp\\new xampp\\htdocs\\newlmr\\app\\Views\\entrydetail.php', 24)
 2 SYSTEMPATH\View\View.php(226): include('C:\\xampp\\new xampp\\htdocs\\newlmr\\app\\Views\\entrydetail.php')
 3 SYSTEMPATH\View\View.php(229): CodeIgniter\View\View->CodeIgniter\View\{closure}()
 4 SYSTEMPATH\Common.php(1188): CodeIgniter\View\View->render('entrydetail', [], true)
 5 APPPATH\Controllers\Admin.php(309): view('entrydetail', [...])
 6 SYSTEMPATH\CodeIgniter.php(919): App\Controllers\Admin->entry_list()
 7 SYSTEMPATH\CodeIgniter.php(494): CodeIgniter\CodeIgniter->runController(Object(App\Controllers\Admin))
 8 SYSTEMPATH\CodeIgniter.php(353): CodeIgniter\CodeIgniter->handleRequest(null, Object(Config\Cache), false)
 9 FCPATH\index.php(79): CodeIgniter\CodeIgniter->run()
CRITICAL - 2023-10-12 07:34:06 --> Undefined variable $parameters
in APPPATH\Views\entry.php on line 20.
 1 APPPATH\Views\entry.php(20): CodeIgniter\Debug\Exceptions->errorHandler(2, 'Undefined variable $parameters', 'C:\\xampp\\new xampp\\htdocs\\newlmr\\app\\Views\\entry.php', 20)
 2 SYSTEMPATH\View\View.php(226): include('C:\\xampp\\new xampp\\htdocs\\newlmr\\app\\Views\\entry.php')
 3 SYSTEMPATH\View\View.php(229): CodeIgniter\View\View->CodeIgniter\View\{closure}()
 4 SYSTEMPATH\Common.php(1188): CodeIgniter\View\View->render('entry', [], true)
 5 APPPATH\Controllers\Admin.php(247): view('entry')
 6 SYSTEMPATH\CodeIgniter.php(919): App\Controllers\Admin->entrydata()
 7 SYSTEMPATH\CodeIgniter.php(494): CodeIgniter\CodeIgniter->runController(Object(App\Controllers\Admin))
 8 SYSTEMPATH\CodeIgniter.php(353): CodeIgniter\CodeIgniter->handleRequest(null, Object(Config\Cache), false)
 9 FCPATH\index.php(79): CodeIgniter\CodeIgniter->run()
CRITICAL - 2023-10-12 07:42:18 --> Undefined variable $parameters
in APPPATH\Views\entry.php on line 20.
 1 APPPATH\Views\entry.php(20): CodeIgniter\Debug\Exceptions->errorHandler(2, 'Undefined variable $parameters', 'C:\\xampp\\new xampp\\htdocs\\newlmr\\app\\Views\\entry.php', 20)
 2 SYSTEMPATH\View\View.php(226): include('C:\\xampp\\new xampp\\htdocs\\newlmr\\app\\Views\\entry.php')
 3 SYSTEMPATH\View\View.php(229): CodeIgniter\View\View->CodeIgniter\View\{closure}()
 4 SYSTEMPATH\Common.php(1188): CodeIgniter\View\View->render('entry', [], true)
 5 APPPATH\Controllers\Admin.php(247): view('entry')
 6 SYSTEMPATH\CodeIgniter.php(919): App\Controllers\Admin->entrydata()
 7 SYSTEMPATH\CodeIgniter.php(494): CodeIgniter\CodeIgniter->runController(Object(App\Controllers\Admin))
 8 SYSTEMPATH\CodeIgniter.php(353): CodeIgniter\CodeIgniter->handleRequest(null, Object(Config\Cache), false)
 9 FCPATH\index.php(79): CodeIgniter\CodeIgniter->run()
CRITICAL - 2023-10-12 07:43:10 --> Undefined variable $parameters
in APPPATH\Views\entry.php on line 20.
 1 APPPATH\Views\entry.php(20): CodeIgniter\Debug\Exceptions->errorHandler(2, 'Undefined variable $parameters', 'C:\\xampp\\new xampp\\htdocs\\newlmr\\app\\Views\\entry.php', 20)
 2 SYSTEMPATH\View\View.php(226): include('C:\\xampp\\new xampp\\htdocs\\newlmr\\app\\Views\\entry.php')
 3 SYSTEMPATH\View\View.php(229): CodeIgniter\View\View->CodeIgniter\View\{closure}()
 4 SYSTEMPATH\Common.php(1188): CodeIgniter\View\View->render('entry', [], true)
 5 APPPATH\Controllers\Admin.php(247): view('entry')
 6 SYSTEMPATH\CodeIgniter.php(919): App\Controllers\Admin->entrydata()
 7 SYSTEMPATH\CodeIgniter.php(494): CodeIgniter\CodeIgniter->runController(Object(App\Controllers\Admin))
 8 SYSTEMPATH\CodeIgniter.php(353): CodeIgniter\CodeIgniter->handleRequest(null, Object(Config\Cache), false)
 9 FCPATH\index.php(79): CodeIgniter\CodeIgniter->run()
CRITICAL - 2023-10-12 07:45:17 --> syntax error, unexpected token "return", expecting ";"
in APPPATH\Controllers\Admin.php on line 247.
 1 SYSTEMPATH\Autoloader\Autoloader.php(285): CodeIgniter\Autoloader\Autoloader->includeFile('C:\\xampp\\new xampp\\htdocs\\newlmr\\app\\Controllers\\Admin.php')
 2 SYSTEMPATH\Autoloader\Autoloader.php(263): CodeIgniter\Autoloader\Autoloader->loadInNamespace('App\\Controllers\\Admin')
 3 [internal function]: CodeIgniter\Autoloader\Autoloader->loadClass('App\\Controllers\\Admin')
 4 SYSTEMPATH\CodeIgniter.php(877): class_exists('\\App\\Controllers\\Admin', true)
 5 SYSTEMPATH\CodeIgniter.php(481): CodeIgniter\CodeIgniter->startController()
 6 SYSTEMPATH\CodeIgniter.php(353): CodeIgniter\CodeIgniter->handleRequest(null, Object(Config\Cache), false)
 7 FCPATH\index.php(79): CodeIgniter\CodeIgniter->run()
CRITICAL - 2023-10-12 08:09:47 --> syntax error, unexpected token "}", expecting variable
in APPPATH\Controllers\Admin.php on line 328.
 1 SYSTEMPATH\Autoloader\Autoloader.php(285): CodeIgniter\Autoloader\Autoloader->includeFile('C:\\xampp\\new xampp\\htdocs\\newlmr\\app\\Controllers\\Admin.php')
 2 SYSTEMPATH\Autoloader\Autoloader.php(263): CodeIgniter\Autoloader\Autoloader->loadInNamespace('App\\Controllers\\Admin')
 3 [internal function]: CodeIgniter\Autoloader\Autoloader->loadClass('App\\Controllers\\Admin')
 4 SYSTEMPATH\CodeIgniter.php(877): class_exists('\\App\\Controllers\\Admin', true)
 5 SYSTEMPATH\CodeIgniter.php(481): CodeIgniter\CodeIgniter->startController()
 6 SYSTEMPATH\CodeIgniter.php(353): CodeIgniter\CodeIgniter->handleRequest(null, Object(Config\Cache), false)
 7 FCPATH\index.php(79): CodeIgniter\CodeIgniter->run()
CRITICAL - 2023-10-12 08:30:09 --> syntax error, unexpected token "return", expecting "function" or "const"
in APPPATH\Controllers\Admin.php on line 342.
 1 SYSTEMPATH\Autoloader\Autoloader.php(285): CodeIgniter\Autoloader\Autoloader->includeFile('C:\\xampp\\new xampp\\htdocs\\newlmr\\app\\Controllers\\Admin.php')
 2 SYSTEMPATH\Autoloader\Autoloader.php(263): CodeIgniter\Autoloader\Autoloader->loadInNamespace('App\\Controllers\\Admin')
 3 [internal function]: CodeIgniter\Autoloader\Autoloader->loadClass('App\\Controllers\\Admin')
 4 SYSTEMPATH\CodeIgniter.php(877): class_exists('\\App\\Controllers\\Admin', true)
 5 SYSTEMPATH\CodeIgniter.php(481): CodeIgniter\CodeIgniter->startController()
 6 SYSTEMPATH\CodeIgniter.php(353): CodeIgniter\CodeIgniter->handleRequest(null, Object(Config\Cache), false)
 7 FCPATH\index.php(79): CodeIgniter\CodeIgniter->run()
CRITICAL - 2023-10-12 08:30:42 --> syntax error, unexpected token "return", expecting "function" or "const"
in APPPATH\Controllers\Admin.php on line 342.
 1 SYSTEMPATH\Autoloader\Autoloader.php(285): CodeIgniter\Autoloader\Autoloader->includeFile('C:\\xampp\\new xampp\\htdocs\\newlmr\\app\\Controllers\\Admin.php')
 2 SYSTEMPATH\Autoloader\Autoloader.php(263): CodeIgniter\Autoloader\Autoloader->loadInNamespace('App\\Controllers\\Admin')
 3 [internal function]: CodeIgniter\Autoloader\Autoloader->loadClass('App\\Controllers\\Admin')
 4 SYSTEMPATH\CodeIgniter.php(877): class_exists('\\App\\Controllers\\Admin', true)
 5 SYSTEMPATH\CodeIgniter.php(481): CodeIgniter\CodeIgniter->startController()
 6 SYSTEMPATH\CodeIgniter.php(353): CodeIgniter\CodeIgniter->handleRequest(null, Object(Config\Cache), false)
 7 FCPATH\index.php(79): CodeIgniter\CodeIgniter->run()
CRITICAL - 2023-10-12 08:31:32 --> syntax error, unexpected token "return", expecting "function" or "const"
in APPPATH\Controllers\Admin.php on line 342.
 1 SYSTEMPATH\Autoloader\Autoloader.php(285): CodeIgniter\Autoloader\Autoloader->includeFile('C:\\xampp\\new xampp\\htdocs\\newlmr\\app\\Controllers\\Admin.php')
 2 SYSTEMPATH\Autoloader\Autoloader.php(263): CodeIgniter\Autoloader\Autoloader->loadInNamespace('App\\Controllers\\Admin')
 3 [internal function]: CodeIgniter\Autoloader\Autoloader->loadClass('App\\Controllers\\Admin')
 4 SYSTEMPATH\CodeIgniter.php(877): class_exists('\\App\\Controllers\\Admin', true)
 5 SYSTEMPATH\CodeIgniter.php(481): CodeIgniter\CodeIgniter->startController()
 6 SYSTEMPATH\CodeIgniter.php(353): CodeIgniter\CodeIgniter->handleRequest(null, Object(Config\Cache), false)
 7 FCPATH\index.php(79): CodeIgniter\CodeIgniter->run()
CRITICAL - 2023-10-12 08:31:36 --> syntax error, unexpected token "return", expecting "function" or "const"
in APPPATH\Controllers\Admin.php on line 342.
 1 SYSTEMPATH\Autoloader\Autoloader.php(285): CodeIgniter\Autoloader\Autoloader->includeFile('C:\\xampp\\new xampp\\htdocs\\newlmr\\app\\Controllers\\Admin.php')
 2 SYSTEMPATH\Autoloader\Autoloader.php(263): CodeIgniter\Autoloader\Autoloader->loadInNamespace('App\\Controllers\\Admin')
 3 [internal function]: CodeIgniter\Autoloader\Autoloader->loadClass('App\\Controllers\\Admin')
 4 SYSTEMPATH\CodeIgniter.php(877): class_exists('\\App\\Controllers\\Admin', true)
 5 SYSTEMPATH\CodeIgniter.php(481): CodeIgniter\CodeIgniter->startController()
 6 SYSTEMPATH\CodeIgniter.php(353): CodeIgniter\CodeIgniter->handleRequest(null, Object(Config\Cache), false)
 7 FCPATH\index.php(79): CodeIgniter\CodeIgniter->run()
CRITICAL - 2023-10-12 08:31:38 --> syntax error, unexpected token "return", expecting "function" or "const"
in APPPATH\Controllers\Admin.php on line 342.
 1 SYSTEMPATH\Autoloader\Autoloader.php(285): CodeIgniter\Autoloader\Autoloader->includeFile('C:\\xampp\\new xampp\\htdocs\\newlmr\\app\\Controllers\\Admin.php')
 2 SYSTEMPATH\Autoloader\Autoloader.php(263): CodeIgniter\Autoloader\Autoloader->loadInNamespace('App\\Controllers\\Admin')
 3 [internal function]: CodeIgniter\Autoloader\Autoloader->loadClass('App\\Controllers\\Admin')
 4 SYSTEMPATH\CodeIgniter.php(877): class_exists('\\App\\Controllers\\Admin', true)
 5 SYSTEMPATH\CodeIgniter.php(481): CodeIgniter\CodeIgniter->startController()
 6 SYSTEMPATH\CodeIgniter.php(353): CodeIgniter\CodeIgniter->handleRequest(null, Object(Config\Cache), false)
 7 FCPATH\index.php(79): CodeIgniter\CodeIgniter->run()
CRITICAL - 2023-10-12 08:31:41 --> syntax error, unexpected token "return", expecting "function" or "const"
in APPPATH\Controllers\Admin.php on line 342.
 1 SYSTEMPATH\Autoloader\Autoloader.php(285): CodeIgniter\Autoloader\Autoloader->includeFile('C:\\xampp\\new xampp\\htdocs\\newlmr\\app\\Controllers\\Admin.php')
 2 SYSTEMPATH\Autoloader\Autoloader.php(263): CodeIgniter\Autoloader\Autoloader->loadInNamespace('App\\Controllers\\Admin')
 3 [internal function]: CodeIgniter\Autoloader\Autoloader->loadClass('App\\Controllers\\Admin')
 4 SYSTEMPATH\CodeIgniter.php(877): class_exists('\\App\\Controllers\\Admin', true)
 5 SYSTEMPATH\CodeIgniter.php(481): CodeIgniter\CodeIgniter->startController()
 6 SYSTEMPATH\CodeIgniter.php(353): CodeIgniter\CodeIgniter->handleRequest(null, Object(Config\Cache), false)
 7 FCPATH\index.php(79): CodeIgniter\CodeIgniter->run()
CRITICAL - 2023-10-12 08:32:37 --> syntax error, unexpected token "return", expecting "function" or "const"
in APPPATH\Controllers\Admin.php on line 342.
 1 SYSTEMPATH\Autoloader\Autoloader.php(285): CodeIgniter\Autoloader\Autoloader->includeFile('C:\\xampp\\new xampp\\htdocs\\newlmr\\app\\Controllers\\Admin.php')
 2 SYSTEMPATH\Autoloader\Autoloader.php(263): CodeIgniter\Autoloader\Autoloader->loadInNamespace('App\\Controllers\\Admin')
 3 [internal function]: CodeIgniter\Autoloader\Autoloader->loadClass('App\\Controllers\\Admin')
 4 SYSTEMPATH\CodeIgniter.php(877): class_exists('\\App\\Controllers\\Admin', true)
 5 SYSTEMPATH\CodeIgniter.php(481): CodeIgniter\CodeIgniter->startController()
 6 SYSTEMPATH\CodeIgniter.php(353): CodeIgniter\CodeIgniter->handleRequest(null, Object(Config\Cache), false)
 7 FCPATH\index.php(79): CodeIgniter\CodeIgniter->run()
CRITICAL - 2023-10-12 09:00:22 --> Undefined variable $data
in APPPATH\Controllers\Admin.php on line 63.
 1 APPPATH\Controllers\Admin.php(63): CodeIgniter\Debug\Exceptions->errorHandler(2, 'Undefined variable $data', 'C:\\xampp\\new xampp\\htdocs\\newlmr\\app\\Controllers\\Admin.php', 63)
 2 SYSTEMPATH\CodeIgniter.php(919): App\Controllers\Admin->parameter_list()
 3 SYSTEMPATH\CodeIgniter.php(494): CodeIgniter\CodeIgniter->runController(Object(App\Controllers\Admin))
 4 SYSTEMPATH\CodeIgniter.php(353): CodeIgniter\CodeIgniter->handleRequest(null, Object(Config\Cache), false)
 5 FCPATH\index.php(79): CodeIgniter\CodeIgniter->run()
CRITICAL - 2023-10-12 09:04:51 --> Undefined variable $list
in APPPATH\Views\parameter_list.php on line 25.
 1 APPPATH\Views\parameter_list.php(25): CodeIgniter\Debug\Exceptions->errorHandler(2, 'Undefined variable $list', 'C:\\xampp\\new xampp\\htdocs\\newlmr\\app\\Views\\parameter_list.php', 25)
 2 SYSTEMPATH\View\View.php(226): include('C:\\xampp\\new xampp\\htdocs\\newlmr\\app\\Views\\parameter_list.php')
 3 SYSTEMPATH\View\View.php(229): CodeIgniter\View\View->CodeIgniter\View\{closure}()
 4 SYSTEMPATH\Common.php(1188): CodeIgniter\View\View->render('parameter_list', [], true)
 5 APPPATH\Controllers\Admin.php(63): view('parameter_list', [...])
 6 SYSTEMPATH\CodeIgniter.php(919): App\Controllers\Admin->parameter_list()
 7 SYSTEMPATH\CodeIgniter.php(494): CodeIgniter\CodeIgniter->runController(Object(App\Controllers\Admin))
 8 SYSTEMPATH\CodeIgniter.php(353): CodeIgniter\CodeIgniter->handleRequest(null, Object(Config\Cache), false)
 9 FCPATH\index.php(79): CodeIgniter\CodeIgniter->run()
CRITICAL - 2023-10-12 09:06:36 --> Undefined variable $list
in APPPATH\Views\parameter_list.php on line 25.
 1 APPPATH\Views\parameter_list.php(25): CodeIgniter\Debug\Exceptions->errorHandler(2, 'Undefined variable $list', 'C:\\xampp\\new xampp\\htdocs\\newlmr\\app\\Views\\parameter_list.php', 25)
 2 SYSTEMPATH\View\View.php(226): include('C:\\xampp\\new xampp\\htdocs\\newlmr\\app\\Views\\parameter_list.php')
 3 SYSTEMPATH\View\View.php(229): CodeIgniter\View\View->CodeIgniter\View\{closure}()
 4 SYSTEMPATH\Common.php(1188): CodeIgniter\View\View->render('parameter_list', [], true)
 5 APPPATH\Controllers\Admin.php(63): view('parameter_list', [...])
 6 SYSTEMPATH\CodeIgniter.php(919): App\Controllers\Admin->parameter_list()
 7 SYSTEMPATH\CodeIgniter.php(494): CodeIgniter\CodeIgniter->runController(Object(App\Controllers\Admin))
 8 SYSTEMPATH\CodeIgniter.php(353): CodeIgniter\CodeIgniter->handleRequest(null, Object(Config\Cache), false)
 9 FCPATH\index.php(79): CodeIgniter\CodeIgniter->run()
CRITICAL - 2023-10-12 09:18:01 --> Undefined variable $list
in APPPATH\Views\parameter_list.php on line 25.
 1 APPPATH\Views\parameter_list.php(25): CodeIgniter\Debug\Exceptions->errorHandler(2, 'Undefined variable $list', 'C:\\xampp\\new xampp\\htdocs\\newlmr\\app\\Views\\parameter_list.php', 25)
 2 SYSTEMPATH\View\View.php(226): include('C:\\xampp\\new xampp\\htdocs\\newlmr\\app\\Views\\parameter_list.php')
 3 SYSTEMPATH\View\View.php(229): CodeIgniter\View\View->CodeIgniter\View\{closure}()
 4 SYSTEMPATH\Common.php(1188): CodeIgniter\View\View->render('parameter_list', [], true)
 5 APPPATH\Controllers\Admin.php(63): view('parameter_list', [...])
 6 SYSTEMPATH\CodeIgniter.php(919): App\Controllers\Admin->parameter_list()
 7 SYSTEMPATH\CodeIgniter.php(494): CodeIgniter\CodeIgniter->runController(Object(App\Controllers\Admin))
 8 SYSTEMPATH\CodeIgniter.php(353): CodeIgniter\CodeIgniter->handleRequest(null, Object(Config\Cache), false)
 9 FCPATH\index.php(79): CodeIgniter\CodeIgniter->run()
CRITICAL - 2023-10-12 09:37:24 --> Class "App\Controllers\invectryModel" not found
in APPPATH\Controllers\Admin.php on line 24.
 1 SYSTEMPATH\CodeIgniter.php(891): App\Controllers\Admin->__construct()
 2 SYSTEMPATH\CodeIgniter.php(485): CodeIgniter\CodeIgniter->createController()
 3 SYSTEMPATH\CodeIgniter.php(353): CodeIgniter\CodeIgniter->handleRequest(null, Object(Config\Cache), false)
 4 FCPATH\index.php(79): CodeIgniter\CodeIgniter->run()
CRITICAL - 2023-10-12 09:39:00 --> Class "App\Controllers\invectryModel" not found
in APPPATH\Controllers\Admin.php on line 24.
 1 SYSTEMPATH\CodeIgniter.php(891): App\Controllers\Admin->__construct()
 2 SYSTEMPATH\CodeIgniter.php(485): CodeIgniter\CodeIgniter->createController()
 3 SYSTEMPATH\CodeIgniter.php(353): CodeIgniter\CodeIgniter->handleRequest(null, Object(Config\Cache), false)
 4 FCPATH\index.php(79): CodeIgniter\CodeIgniter->run()
CRITICAL - 2023-10-12 09:39:01 --> Class "App\Controllers\invectryModel" not found
in APPPATH\Controllers\Admin.php on line 24.
 1 SYSTEMPATH\CodeIgniter.php(891): App\Controllers\Admin->__construct()
 2 SYSTEMPATH\CodeIgniter.php(485): CodeIgniter\CodeIgniter->createController()
 3 SYSTEMPATH\CodeIgniter.php(353): CodeIgniter\CodeIgniter->handleRequest(null, Object(Config\Cache), false)
 4 FCPATH\index.php(79): CodeIgniter\CodeIgniter->run()
CRITICAL - 2023-10-12 09:39:02 --> Class "App\Controllers\invectryModel" not found
in APPPATH\Controllers\Admin.php on line 24.
 1 SYSTEMPATH\CodeIgniter.php(891): App\Controllers\Admin->__construct()
 2 SYSTEMPATH\CodeIgniter.php(485): CodeIgniter\CodeIgniter->createController()
 3 SYSTEMPATH\CodeIgniter.php(353): CodeIgniter\CodeIgniter->handleRequest(null, Object(Config\Cache), false)
 4 FCPATH\index.php(79): CodeIgniter\CodeIgniter->run()
CRITICAL - 2023-10-12 09:39:02 --> Class "App\Controllers\invectryModel" not found
in APPPATH\Controllers\Admin.php on line 24.
 1 SYSTEMPATH\CodeIgniter.php(891): App\Controllers\Admin->__construct()
 2 SYSTEMPATH\CodeIgniter.php(485): CodeIgniter\CodeIgniter->createController()
 3 SYSTEMPATH\CodeIgniter.php(353): CodeIgniter\CodeIgniter->handleRequest(null, Object(Config\Cache), false)
 4 FCPATH\index.php(79): CodeIgniter\CodeIgniter->run()
CRITICAL - 2023-10-12 09:39:03 --> Class "App\Controllers\invectryModel" not found
in APPPATH\Controllers\Admin.php on line 24.
 1 SYSTEMPATH\CodeIgniter.php(891): App\Controllers\Admin->__construct()
 2 SYSTEMPATH\CodeIgniter.php(485): CodeIgniter\CodeIgniter->createController()
 3 SYSTEMPATH\CodeIgniter.php(353): CodeIgniter\CodeIgniter->handleRequest(null, Object(Config\Cache), false)
 4 FCPATH\index.php(79): CodeIgniter\CodeIgniter->run()
CRITICAL - 2023-10-12 09:40:08 --> Class "App\Controllers\invectryModel" not found
in APPPATH\Controllers\Admin.php on line 24.
 1 SYSTEMPATH\CodeIgniter.php(891): App\Controllers\Admin->__construct()
 2 SYSTEMPATH\CodeIgniter.php(485): CodeIgniter\CodeIgniter->createController()
 3 SYSTEMPATH\CodeIgniter.php(353): CodeIgniter\CodeIgniter->handleRequest(null, Object(Config\Cache), false)
 4 FCPATH\index.php(79): CodeIgniter\CodeIgniter->run()
CRITICAL - 2023-10-12 09:40:10 --> Class "App\Controllers\invectryModel" not found
in APPPATH\Controllers\Admin.php on line 24.
 1 SYSTEMPATH\CodeIgniter.php(891): App\Controllers\Admin->__construct()
 2 SYSTEMPATH\CodeIgniter.php(485): CodeIgniter\CodeIgniter->createController()
 3 SYSTEMPATH\CodeIgniter.php(353): CodeIgniter\CodeIgniter->handleRequest(null, Object(Config\Cache), false)
 4 FCPATH\index.php(79): CodeIgniter\CodeIgniter->run()
CRITICAL - 2023-10-12 09:40:25 --> Class "App\Controllers\invectryModel" not found
in APPPATH\Controllers\Admin.php on line 24.
 1 SYSTEMPATH\CodeIgniter.php(891): App\Controllers\Admin->__construct()
 2 SYSTEMPATH\CodeIgniter.php(485): CodeIgniter\CodeIgniter->createController()
 3 SYSTEMPATH\CodeIgniter.php(353): CodeIgniter\CodeIgniter->handleRequest(null, Object(Config\Cache), false)
 4 FCPATH\index.php(79): CodeIgniter\CodeIgniter->run()
CRITICAL - 2023-10-12 09:42:16 --> Invalid file: "invecrty.php"
in SYSTEMPATH\Exceptions\FrameworkException.php on line 39.
 1 SYSTEMPATH\View\View.php(214): CodeIgniter\Exceptions\FrameworkException::forInvalidFile('invecrty.php')
 2 SYSTEMPATH\Common.php(1188): CodeIgniter\View\View->render('invecrty', [], true)
 3 APPPATH\Controllers\Admin.php(354): view('invecrty')
 4 SYSTEMPATH\CodeIgniter.php(919): App\Controllers\Admin->invectry()
 5 SYSTEMPATH\CodeIgniter.php(494): CodeIgniter\CodeIgniter->runController(Object(App\Controllers\Admin))
 6 SYSTEMPATH\CodeIgniter.php(353): CodeIgniter\CodeIgniter->handleRequest(null, Object(Config\Cache), false)
 7 FCPATH\index.php(79): CodeIgniter\CodeIgniter->run()
CRITICAL - 2023-10-12 09:43:39 --> Undefined variable $list
in APPPATH\Views\parameter_list.php on line 25.
 1 APPPATH\Views\parameter_list.php(25): CodeIgniter\Debug\Exceptions->errorHandler(2, 'Undefined variable $list', 'C:\\xampp\\new xampp\\htdocs\\newlmr\\app\\Views\\parameter_list.php', 25)
 2 SYSTEMPATH\View\View.php(226): include('C:\\xampp\\new xampp\\htdocs\\newlmr\\app\\Views\\parameter_list.php')
 3 SYSTEMPATH\View\View.php(229): CodeIgniter\View\View->CodeIgniter\View\{closure}()
 4 SYSTEMPATH\Common.php(1188): CodeIgniter\View\View->render('parameter_list', [], true)
 5 APPPATH\Controllers\Admin.php(63): view('parameter_list', [...])
 6 SYSTEMPATH\CodeIgniter.php(919): App\Controllers\Admin->parameter_list()
 7 SYSTEMPATH\CodeIgniter.php(494): CodeIgniter\CodeIgniter->runController(Object(App\Controllers\Admin))
 8 SYSTEMPATH\CodeIgniter.php(353): CodeIgniter\CodeIgniter->handleRequest(null, Object(Config\Cache), false)
 9 FCPATH\index.php(79): CodeIgniter\CodeIgniter->run()
CRITICAL - 2023-10-12 09:45:26 --> Invalid file: "invecrty.php"
in SYSTEMPATH\Exceptions\FrameworkException.php on line 39.
 1 SYSTEMPATH\View\View.php(214): CodeIgniter\Exceptions\FrameworkException::forInvalidFile('invecrty.php')
 2 SYSTEMPATH\Common.php(1188): CodeIgniter\View\View->render('invecrty', [], true)
 3 APPPATH\Controllers\Admin.php(361): view('invecrty', [...])
 4 SYSTEMPATH\CodeIgniter.php(919): App\Controllers\Admin->invectrylist()
 5 SYSTEMPATH\CodeIgniter.php(494): CodeIgniter\CodeIgniter->runController(Object(App\Controllers\Admin))
 6 SYSTEMPATH\CodeIgniter.php(353): CodeIgniter\CodeIgniter->handleRequest(null, Object(Config\Cache), false)
 7 FCPATH\index.php(79): CodeIgniter\CodeIgniter->run()
CRITICAL - 2023-10-12 09:50:48 --> Undefined variable $product_list
in APPPATH\Views\invectrylist.php on line 22.
 1 APPPATH\Views\invectrylist.php(22): CodeIgniter\Debug\Exceptions->errorHandler(2, 'Undefined variable $product_list', 'C:\\xampp\\new xampp\\htdocs\\newlmr\\app\\Views\\invectrylist.php', 22)
 2 SYSTEMPATH\View\View.php(226): include('C:\\xampp\\new xampp\\htdocs\\newlmr\\app\\Views\\invectrylist.php')
 3 SYSTEMPATH\View\View.php(229): CodeIgniter\View\View->CodeIgniter\View\{closure}()
 4 SYSTEMPATH\Common.php(1188): CodeIgniter\View\View->render('invectrylist', [], true)
 5 APPPATH\Controllers\Admin.php(361): view('invectrylist', [...])
 6 SYSTEMPATH\CodeIgniter.php(919): App\Controllers\Admin->invectrylist()
 7 SYSTEMPATH\CodeIgniter.php(494): CodeIgniter\CodeIgniter->runController(Object(App\Controllers\Admin))
 8 SYSTEMPATH\CodeIgniter.php(353): CodeIgniter\CodeIgniter->handleRequest(null, Object(Config\Cache), false)
 9 FCPATH\index.php(79): CodeIgniter\CodeIgniter->run()
CRITICAL - 2023-10-12 09:51:01 --> Undefined variable $product_list
in APPPATH\Views\invectrylist.php on line 22.
 1 APPPATH\Views\invectrylist.php(22): CodeIgniter\Debug\Exceptions->errorHandler(2, 'Undefined variable $product_list', 'C:\\xampp\\new xampp\\htdocs\\newlmr\\app\\Views\\invectrylist.php', 22)
 2 SYSTEMPATH\View\View.php(226): include('C:\\xampp\\new xampp\\htdocs\\newlmr\\app\\Views\\invectrylist.php')
 3 SYSTEMPATH\View\View.php(229): CodeIgniter\View\View->CodeIgniter\View\{closure}()
 4 SYSTEMPATH\Common.php(1188): CodeIgniter\View\View->render('invectrylist', [], true)
 5 APPPATH\Controllers\Admin.php(361): view('invectrylist', [...])
 6 SYSTEMPATH\CodeIgniter.php(919): App\Controllers\Admin->invectrylist()
 7 SYSTEMPATH\CodeIgniter.php(494): CodeIgniter\CodeIgniter->runController(Object(App\Controllers\Admin))
 8 SYSTEMPATH\CodeIgniter.php(353): CodeIgniter\CodeIgniter->handleRequest(null, Object(Config\Cache), false)
 9 FCPATH\index.php(79): CodeIgniter\CodeIgniter->run()
CRITICAL - 2023-10-12 09:51:21 --> Undefined variable $product_list
in APPPATH\Views\invectrylist.php on line 22.
 1 APPPATH\Views\invectrylist.php(22): CodeIgniter\Debug\Exceptions->errorHandler(2, 'Undefined variable $product_list', 'C:\\xampp\\new xampp\\htdocs\\newlmr\\app\\Views\\invectrylist.php', 22)
 2 SYSTEMPATH\View\View.php(226): include('C:\\xampp\\new xampp\\htdocs\\newlmr\\app\\Views\\invectrylist.php')
 3 SYSTEMPATH\View\View.php(229): CodeIgniter\View\View->CodeIgniter\View\{closure}()
 4 SYSTEMPATH\Common.php(1188): CodeIgniter\View\View->render('invectrylist', [], true)
 5 APPPATH\Controllers\Admin.php(361): view('invectrylist', [...])
 6 SYSTEMPATH\CodeIgniter.php(919): App\Controllers\Admin->invectrylist()
 7 SYSTEMPATH\CodeIgniter.php(494): CodeIgniter\CodeIgniter->runController(Object(App\Controllers\Admin))
 8 SYSTEMPATH\CodeIgniter.php(353): CodeIgniter\CodeIgniter->handleRequest(null, Object(Config\Cache), false)
 9 FCPATH\index.php(79): CodeIgniter\CodeIgniter->run()
CRITICAL - 2023-10-12 09:59:32 --> Class "App\Controllers\invectrymodel" not found
in APPPATH\Controllers\Admin.php on line 24.
 1 SYSTEMPATH\CodeIgniter.php(891): App\Controllers\Admin->__construct()
 2 SYSTEMPATH\CodeIgniter.php(485): CodeIgniter\CodeIgniter->createController()
 3 SYSTEMPATH\CodeIgniter.php(353): CodeIgniter\CodeIgniter->handleRequest(null, Object(Config\Cache), false)
 4 FCPATH\index.php(79): CodeIgniter\CodeIgniter->run()
CRITICAL - 2023-10-12 10:00:09 --> Undefined variable $list
in APPPATH\Views\parameter_list.php on line 25.
 1 APPPATH\Views\parameter_list.php(25): CodeIgniter\Debug\Exceptions->errorHandler(2, 'Undefined variable $list', 'C:\\xampp\\new xampp\\htdocs\\newlmr\\app\\Views\\parameter_list.php', 25)
 2 SYSTEMPATH\View\View.php(226): include('C:\\xampp\\new xampp\\htdocs\\newlmr\\app\\Views\\parameter_list.php')
 3 SYSTEMPATH\View\View.php(229): CodeIgniter\View\View->CodeIgniter\View\{closure}()
 4 SYSTEMPATH\Common.php(1188): CodeIgniter\View\View->render('parameter_list', [], true)
 5 APPPATH\Controllers\Admin.php(66): view('parameter_list', [...])
 6 SYSTEMPATH\CodeIgniter.php(919): App\Controllers\Admin->parameter_list()
 7 SYSTEMPATH\CodeIgniter.php(494): CodeIgniter\CodeIgniter->runController(Object(App\Controllers\Admin))
 8 SYSTEMPATH\CodeIgniter.php(353): CodeIgniter\CodeIgniter->handleRequest(null, Object(Config\Cache), false)
 9 FCPATH\index.php(79): CodeIgniter\CodeIgniter->run()
CRITICAL - 2023-10-12 10:03:57 --> Trying to access array offset on value of type null
in APPPATH\Views\edite.php on line 3.
 1 APPPATH\Views\edite.php(3): CodeIgniter\Debug\Exceptions->errorHandler(2, 'Trying to access array offset on value of type null', 'C:\\xampp\\new xampp\\htdocs\\newlmr\\app\\Views\\edite.php', 3)
 2 SYSTEMPATH\View\View.php(226): include('C:\\xampp\\new xampp\\htdocs\\newlmr\\app\\Views\\edite.php')
 3 SYSTEMPATH\View\View.php(229): CodeIgniter\View\View->CodeIgniter\View\{closure}()
 4 SYSTEMPATH\Common.php(1188): CodeIgniter\View\View->render('edite', [], true)
 5 APPPATH\Controllers\Admin.php(153): view('edite', [...])
 6 SYSTEMPATH\CodeIgniter.php(919): App\Controllers\Admin->edite('1')
 7 SYSTEMPATH\CodeIgniter.php(494): CodeIgniter\CodeIgniter->runController(Object(App\Controllers\Admin))
 8 SYSTEMPATH\CodeIgniter.php(353): CodeIgniter\CodeIgniter->handleRequest(null, Object(Config\Cache), false)
 9 FCPATH\index.php(79): CodeIgniter\CodeIgniter->run()
CRITICAL - 2023-10-12 10:14:45 --> Undefined variable $product_list
in APPPATH\Views\invectrylist.php on line 22.
 1 APPPATH\Views\invectrylist.php(22): CodeIgniter\Debug\Exceptions->errorHandler(2, 'Undefined variable $product_list', 'C:\\xampp\\new xampp\\htdocs\\newlmr\\app\\Views\\invectrylist.php', 22)
 2 SYSTEMPATH\View\View.php(226): include('C:\\xampp\\new xampp\\htdocs\\newlmr\\app\\Views\\invectrylist.php')
 3 SYSTEMPATH\View\View.php(229): CodeIgniter\View\View->CodeIgniter\View\{closure}()
 4 SYSTEMPATH\Common.php(1188): CodeIgniter\View\View->render('invectrylist', [], true)
 5 APPPATH\Controllers\Admin.php(364): view('invectrylist', [...])
 6 SYSTEMPATH\CodeIgniter.php(919): App\Controllers\Admin->invectrylist()
 7 SYSTEMPATH\CodeIgniter.php(494): CodeIgniter\CodeIgniter->runController(Object(App\Controllers\Admin))
 8 SYSTEMPATH\CodeIgniter.php(353): CodeIgniter\CodeIgniter->handleRequest(null, Object(Config\Cache), false)
 9 FCPATH\index.php(79): CodeIgniter\CodeIgniter->run()
CRITICAL - 2023-10-12 10:15:10 --> Undefined variable $parameters
in APPPATH\Views\invectry.php on line 20.
 1 APPPATH\Views\invectry.php(20): CodeIgniter\Debug\Exceptions->errorHandler(2, 'Undefined variable $parameters', 'C:\\xampp\\new xampp\\htdocs\\newlmr\\app\\Views\\invectry.php', 20)
 2 SYSTEMPATH\View\View.php(226): include('C:\\xampp\\new xampp\\htdocs\\newlmr\\app\\Views\\invectry.php')
 3 SYSTEMPATH\View\View.php(229): CodeIgniter\View\View->CodeIgniter\View\{closure}()
 4 SYSTEMPATH\Common.php(1188): CodeIgniter\View\View->render('invectry', [], true)
 5 APPPATH\Controllers\Admin.php(357): view('invectry')
 6 SYSTEMPATH\CodeIgniter.php(919): App\Controllers\Admin->invectry()
 7 SYSTEMPATH\CodeIgniter.php(494): CodeIgniter\CodeIgniter->runController(Object(App\Controllers\Admin))
 8 SYSTEMPATH\CodeIgniter.php(353): CodeIgniter\CodeIgniter->handleRequest(null, Object(Config\Cache), false)
 9 FCPATH\index.php(79): CodeIgniter\CodeIgniter->run()
CRITICAL - 2023-10-12 10:18:00 --> Undefined variable $invectry_list
in APPPATH\Views\invectry.php on line 20.
 1 APPPATH\Views\invectry.php(20): CodeIgniter\Debug\Exceptions->errorHandler(2, 'Undefined variable $invectry_list', 'C:\\xampp\\new xampp\\htdocs\\newlmr\\app\\Views\\invectry.php', 20)
 2 SYSTEMPATH\View\View.php(226): include('C:\\xampp\\new xampp\\htdocs\\newlmr\\app\\Views\\invectry.php')
 3 SYSTEMPATH\View\View.php(229): CodeIgniter\View\View->CodeIgniter\View\{closure}()
 4 SYSTEMPATH\Common.php(1188): CodeIgniter\View\View->render('invectry', [], true)
 5 APPPATH\Controllers\Admin.php(357): view('invectry')
 6 SYSTEMPATH\CodeIgniter.php(919): App\Controllers\Admin->invectry()
 7 SYSTEMPATH\CodeIgniter.php(494): CodeIgniter\CodeIgniter->runController(Object(App\Controllers\Admin))
 8 SYSTEMPATH\CodeIgniter.php(353): CodeIgniter\CodeIgniter->handleRequest(null, Object(Config\Cache), false)
 9 FCPATH\index.php(79): CodeIgniter\CodeIgniter->run()
CRITICAL - 2023-10-12 10:18:49 --> Undefined variable $product_list
in APPPATH\Views\invectrylist.php on line 22.
 1 APPPATH\Views\invectrylist.php(22): CodeIgniter\Debug\Exceptions->errorHandler(2, 'Undefined variable $product_list', 'C:\\xampp\\new xampp\\htdocs\\newlmr\\app\\Views\\invectrylist.php', 22)
 2 SYSTEMPATH\View\View.php(226): include('C:\\xampp\\new xampp\\htdocs\\newlmr\\app\\Views\\invectrylist.php')
 3 SYSTEMPATH\View\View.php(229): CodeIgniter\View\View->CodeIgniter\View\{closure}()
 4 SYSTEMPATH\Common.php(1188): CodeIgniter\View\View->render('invectrylist', [], true)
 5 APPPATH\Controllers\Admin.php(364): view('invectrylist', [...])
 6 SYSTEMPATH\CodeIgniter.php(919): App\Controllers\Admin->invectrylist()
 7 SYSTEMPATH\CodeIgniter.php(494): CodeIgniter\CodeIgniter->runController(Object(App\Controllers\Admin))
 8 SYSTEMPATH\CodeIgniter.php(353): CodeIgniter\CodeIgniter->handleRequest(null, Object(Config\Cache), false)
 9 FCPATH\index.php(79): CodeIgniter\CodeIgniter->run()
CRITICAL - 2023-10-12 10:19:47 --> Undefined array key "byuser"
in APPPATH\Views\invectrylist.php on line 26.
 1 APPPATH\Views\invectrylist.php(26): CodeIgniter\Debug\Exceptions->errorHandler(2, 'Undefined array key "byuser"', 'C:\\xampp\\new xampp\\htdocs\\newlmr\\app\\Views\\invectrylist.php', 26)
 2 SYSTEMPATH\View\View.php(226): include('C:\\xampp\\new xampp\\htdocs\\newlmr\\app\\Views\\invectrylist.php')
 3 SYSTEMPATH\View\View.php(229): CodeIgniter\View\View->CodeIgniter\View\{closure}()
 4 SYSTEMPATH\Common.php(1188): CodeIgniter\View\View->render('invectrylist', [], true)
 5 APPPATH\Controllers\Admin.php(364): view('invectrylist', [...])
 6 SYSTEMPATH\CodeIgniter.php(919): App\Controllers\Admin->invectrylist()
 7 SYSTEMPATH\CodeIgniter.php(494): CodeIgniter\CodeIgniter->runController(Object(App\Controllers\Admin))
 8 SYSTEMPATH\CodeIgniter.php(353): CodeIgniter\CodeIgniter->handleRequest(null, Object(Config\Cache), false)
 9 FCPATH\index.php(79): CodeIgniter\CodeIgniter->run()
CRITICAL - 2023-10-12 10:19:57 --> Undefined variable $invectry_list
in APPPATH\Views\invectry.php on line 20.
 1 APPPATH\Views\invectry.php(20): CodeIgniter\Debug\Exceptions->errorHandler(2, 'Undefined variable $invectry_list', 'C:\\xampp\\new xampp\\htdocs\\newlmr\\app\\Views\\invectry.php', 20)
 2 SYSTEMPATH\View\View.php(226): include('C:\\xampp\\new xampp\\htdocs\\newlmr\\app\\Views\\invectry.php')
 3 SYSTEMPATH\View\View.php(229): CodeIgniter\View\View->CodeIgniter\View\{closure}()
 4 SYSTEMPATH\Common.php(1188): CodeIgniter\View\View->render('invectry', [], true)
 5 APPPATH\Controllers\Admin.php(357): view('invectry')
 6 SYSTEMPATH\CodeIgniter.php(919): App\Controllers\Admin->invectry()
 7 SYSTEMPATH\CodeIgniter.php(494): CodeIgniter\CodeIgniter->runController(Object(App\Controllers\Admin))
 8 SYSTEMPATH\CodeIgniter.php(353): CodeIgniter\CodeIgniter->handleRequest(null, Object(Config\Cache), false)
 9 FCPATH\index.php(79): CodeIgniter\CodeIgniter->run()
CRITICAL - 2023-10-12 10:21:00 --> Undefined array key "byuser"
in APPPATH\Views\invectrylist.php on line 26.
 1 APPPATH\Views\invectrylist.php(26): CodeIgniter\Debug\Exceptions->errorHandler(2, 'Undefined array key "byuser"', 'C:\\xampp\\new xampp\\htdocs\\newlmr\\app\\Views\\invectrylist.php', 26)
 2 SYSTEMPATH\View\View.php(226): include('C:\\xampp\\new xampp\\htdocs\\newlmr\\app\\Views\\invectrylist.php')
 3 SYSTEMPATH\View\View.php(229): CodeIgniter\View\View->CodeIgniter\View\{closure}()
 4 SYSTEMPATH\Common.php(1188): CodeIgniter\View\View->render('invectrylist', [], true)
 5 APPPATH\Controllers\Admin.php(364): view('invectrylist', [...])
 6 SYSTEMPATH\CodeIgniter.php(919): App\Controllers\Admin->invectrylist()
 7 SYSTEMPATH\CodeIgniter.php(494): CodeIgniter\CodeIgniter->runController(Object(App\Controllers\Admin))
 8 SYSTEMPATH\CodeIgniter.php(353): CodeIgniter\CodeIgniter->handleRequest(null, Object(Config\Cache), false)
 9 FCPATH\index.php(79): CodeIgniter\CodeIgniter->run()
CRITICAL - 2023-10-12 10:22:28 --> Undefined variable $invectry_list
in APPPATH\Views\invectry.php on line 20.
 1 APPPATH\Views\invectry.php(20): CodeIgniter\Debug\Exceptions->errorHandler(2, 'Undefined variable $invectry_list', 'C:\\xampp\\new xampp\\htdocs\\newlmr\\app\\Views\\invectry.php', 20)
 2 SYSTEMPATH\View\View.php(226): include('C:\\xampp\\new xampp\\htdocs\\newlmr\\app\\Views\\invectry.php')
 3 SYSTEMPATH\View\View.php(229): CodeIgniter\View\View->CodeIgniter\View\{closure}()
 4 SYSTEMPATH\Common.php(1188): CodeIgniter\View\View->render('invectry', [], true)
 5 APPPATH\Controllers\Admin.php(357): view('invectry')
 6 SYSTEMPATH\CodeIgniter.php(919): App\Controllers\Admin->invectry()
 7 SYSTEMPATH\CodeIgniter.php(494): CodeIgniter\CodeIgniter->runController(Object(App\Controllers\Admin))
 8 SYSTEMPATH\CodeIgniter.php(353): CodeIgniter\CodeIgniter->handleRequest(null, Object(Config\Cache), false)
 9 FCPATH\index.php(79): CodeIgniter\CodeIgniter->run()
CRITICAL - 2023-10-12 10:22:40 --> Undefined array key "byuser"
in APPPATH\Views\invectrylist.php on line 26.
 1 APPPATH\Views\invectrylist.php(26): CodeIgniter\Debug\Exceptions->errorHandler(2, 'Undefined array key "byuser"', 'C:\\xampp\\new xampp\\htdocs\\newlmr\\app\\Views\\invectrylist.php', 26)
 2 SYSTEMPATH\View\View.php(226): include('C:\\xampp\\new xampp\\htdocs\\newlmr\\app\\Views\\invectrylist.php')
 3 SYSTEMPATH\View\View.php(229): CodeIgniter\View\View->CodeIgniter\View\{closure}()
 4 SYSTEMPATH\Common.php(1188): CodeIgniter\View\View->render('invectrylist', [], true)
 5 APPPATH\Controllers\Admin.php(364): view('invectrylist', [...])
 6 SYSTEMPATH\CodeIgniter.php(919): App\Controllers\Admin->invectrylist()
 7 SYSTEMPATH\CodeIgniter.php(494): CodeIgniter\CodeIgniter->runController(Object(App\Controllers\Admin))
 8 SYSTEMPATH\CodeIgniter.php(353): CodeIgniter\CodeIgniter->handleRequest(null, Object(Config\Cache), false)
 9 FCPATH\index.php(79): CodeIgniter\CodeIgniter->run()
CRITICAL - 2023-10-12 10:24:06 --> Undefined variable $invectry_list
in APPPATH\Views\invectry.php on line 20.
 1 APPPATH\Views\invectry.php(20): CodeIgniter\Debug\Exceptions->errorHandler(2, 'Undefined variable $invectry_list', 'C:\\xampp\\new xampp\\htdocs\\newlmr\\app\\Views\\invectry.php', 20)
 2 SYSTEMPATH\View\View.php(226): include('C:\\xampp\\new xampp\\htdocs\\newlmr\\app\\Views\\invectry.php')
 3 SYSTEMPATH\View\View.php(229): CodeIgniter\View\View->CodeIgniter\View\{closure}()
 4 SYSTEMPATH\Common.php(1188): CodeIgniter\View\View->render('invectry', [], true)
 5 APPPATH\Controllers\Admin.php(357): view('invectry')
 6 SYSTEMPATH\CodeIgniter.php(919): App\Controllers\Admin->invectry()
 7 SYSTEMPATH\CodeIgniter.php(494): CodeIgniter\CodeIgniter->runController(Object(App\Controllers\Admin))
 8 SYSTEMPATH\CodeIgniter.php(353): CodeIgniter\CodeIgniter->handleRequest(null, Object(Config\Cache), false)
 9 FCPATH\index.php(79): CodeIgniter\CodeIgniter->run()
CRITICAL - 2023-10-12 10:24:48 --> Undefined variable $invectry_list
in APPPATH\Views\invectry.php on line 20.
 1 APPPATH\Views\invectry.php(20): CodeIgniter\Debug\Exceptions->errorHandler(2, 'Undefined variable $invectry_list', 'C:\\xampp\\new xampp\\htdocs\\newlmr\\app\\Views\\invectry.php', 20)
 2 SYSTEMPATH\View\View.php(226): include('C:\\xampp\\new xampp\\htdocs\\newlmr\\app\\Views\\invectry.php')
 3 SYSTEMPATH\View\View.php(229): CodeIgniter\View\View->CodeIgniter\View\{closure}()
 4 SYSTEMPATH\Common.php(1188): CodeIgniter\View\View->render('invectry', [], true)
 5 APPPATH\Controllers\Admin.php(357): view('invectry')
 6 SYSTEMPATH\CodeIgniter.php(919): App\Controllers\Admin->invectry()
 7 SYSTEMPATH\CodeIgniter.php(494): CodeIgniter\CodeIgniter->runController(Object(App\Controllers\Admin))
 8 SYSTEMPATH\CodeIgniter.php(353): CodeIgniter\CodeIgniter->handleRequest(null, Object(Config\Cache), false)
 9 FCPATH\index.php(79): CodeIgniter\CodeIgniter->run()
CRITICAL - 2023-10-12 10:25:18 --> Undefined array key "name"
in APPPATH\Views\invectry.php on line 22.
 1 APPPATH\Views\invectry.php(22): CodeIgniter\Debug\Exceptions->errorHandler(2, 'Undefined array key "name"', 'C:\\xampp\\new xampp\\htdocs\\newlmr\\app\\Views\\invectry.php', 22)
 2 SYSTEMPATH\View\View.php(226): include('C:\\xampp\\new xampp\\htdocs\\newlmr\\app\\Views\\invectry.php')
 3 SYSTEMPATH\View\View.php(229): CodeIgniter\View\View->CodeIgniter\View\{closure}()
 4 SYSTEMPATH\Common.php(1188): CodeIgniter\View\View->render('invectry', [], true)
 5 APPPATH\Controllers\Admin.php(358): view('invectry', [...])
 6 SYSTEMPATH\CodeIgniter.php(919): App\Controllers\Admin->invectry()
 7 SYSTEMPATH\CodeIgniter.php(494): CodeIgniter\CodeIgniter->runController(Object(App\Controllers\Admin))
 8 SYSTEMPATH\CodeIgniter.php(353): CodeIgniter\CodeIgniter->handleRequest(null, Object(Config\Cache), false)
 9 FCPATH\index.php(79): CodeIgniter\CodeIgniter->run()
CRITICAL - 2023-10-12 10:25:55 --> Attempt to read property "name" on array
in APPPATH\Views\invectry.php on line 22.
 1 APPPATH\Views\invectry.php(22): CodeIgniter\Debug\Exceptions->errorHandler(2, 'Attempt to read property "name" on array', 'C:\\xampp\\new xampp\\htdocs\\newlmr\\app\\Views\\invectry.php', 22)
 2 SYSTEMPATH\View\View.php(226): include('C:\\xampp\\new xampp\\htdocs\\newlmr\\app\\Views\\invectry.php')
 3 SYSTEMPATH\View\View.php(229): CodeIgniter\View\View->CodeIgniter\View\{closure}()
 4 SYSTEMPATH\Common.php(1188): CodeIgniter\View\View->render('invectry', [], true)
 5 APPPATH\Controllers\Admin.php(358): view('invectry', [...])
 6 SYSTEMPATH\CodeIgniter.php(919): App\Controllers\Admin->invectry()
 7 SYSTEMPATH\CodeIgniter.php(494): CodeIgniter\CodeIgniter->runController(Object(App\Controllers\Admin))
 8 SYSTEMPATH\CodeIgniter.php(353): CodeIgniter\CodeIgniter->handleRequest(null, Object(Config\Cache), false)
 9 FCPATH\index.php(79): CodeIgniter\CodeIgniter->run()
CRITICAL - 2023-10-12 10:26:44 --> Undefined variable $parameters
in APPPATH\Views\invectry.php on line 20.
 1 APPPATH\Views\invectry.php(20): CodeIgniter\Debug\Exceptions->errorHandler(2, 'Undefined variable $parameters', 'C:\\xampp\\new xampp\\htdocs\\newlmr\\app\\Views\\invectry.php', 20)
 2 SYSTEMPATH\View\View.php(226): include('C:\\xampp\\new xampp\\htdocs\\newlmr\\app\\Views\\invectry.php')
 3 SYSTEMPATH\View\View.php(229): CodeIgniter\View\View->CodeIgniter\View\{closure}()
 4 SYSTEMPATH\Common.php(1188): CodeIgniter\View\View->render('invectry', [], true)
 5 APPPATH\Controllers\Admin.php(358): view('invectry', [...])
 6 SYSTEMPATH\CodeIgniter.php(919): App\Controllers\Admin->invectry()
 7 SYSTEMPATH\CodeIgniter.php(494): CodeIgniter\CodeIgniter->runController(Object(App\Controllers\Admin))
 8 SYSTEMPATH\CodeIgniter.php(353): CodeIgniter\CodeIgniter->handleRequest(null, Object(Config\Cache), false)
 9 FCPATH\index.php(79): CodeIgniter\CodeIgniter->run()
CRITICAL - 2023-10-12 10:27:38 --> Undefined array key "type"
in APPPATH\Views\invectry.php on line 26.
 1 APPPATH\Views\invectry.php(26): CodeIgniter\Debug\Exceptions->errorHandler(2, 'Undefined array key "type"', 'C:\\xampp\\new xampp\\htdocs\\newlmr\\app\\Views\\invectry.php', 26)
 2 SYSTEMPATH\View\View.php(226): include('C:\\xampp\\new xampp\\htdocs\\newlmr\\app\\Views\\invectry.php')
 3 SYSTEMPATH\View\View.php(229): CodeIgniter\View\View->CodeIgniter\View\{closure}()
 4 SYSTEMPATH\Common.php(1188): CodeIgniter\View\View->render('invectry', [], true)
 5 APPPATH\Controllers\Admin.php(358): view('invectry', [...])
 6 SYSTEMPATH\CodeIgniter.php(919): App\Controllers\Admin->inventory()
 7 SYSTEMPATH\CodeIgniter.php(494): CodeIgniter\CodeIgniter->runController(Object(App\Controllers\Admin))
 8 SYSTEMPATH\CodeIgniter.php(353): CodeIgniter\CodeIgniter->handleRequest(null, Object(Config\Cache), false)
 9 FCPATH\index.php(79): CodeIgniter\CodeIgniter->run()
CRITICAL - 2023-10-12 10:28:03 --> Undefined array key "type"
in APPPATH\Views\invectry.php on line 26.
 1 APPPATH\Views\invectry.php(26): CodeIgniter\Debug\Exceptions->errorHandler(2, 'Undefined array key "type"', 'C:\\xampp\\new xampp\\htdocs\\newlmr\\app\\Views\\invectry.php', 26)
 2 SYSTEMPATH\View\View.php(226): include('C:\\xampp\\new xampp\\htdocs\\newlmr\\app\\Views\\invectry.php')
 3 SYSTEMPATH\View\View.php(229): CodeIgniter\View\View->CodeIgniter\View\{closure}()
 4 SYSTEMPATH\Common.php(1188): CodeIgniter\View\View->render('invectry', [], true)
 5 APPPATH\Controllers\Admin.php(358): view('invectry', [...])
 6 SYSTEMPATH\CodeIgniter.php(919): App\Controllers\Admin->inventory()
 7 SYSTEMPATH\CodeIgniter.php(494): CodeIgniter\CodeIgniter->runController(Object(App\Controllers\Admin))
 8 SYSTEMPATH\CodeIgniter.php(353): CodeIgniter\CodeIgniter->handleRequest(null, Object(Config\Cache), false)
 9 FCPATH\index.php(79): CodeIgniter\CodeIgniter->run()
CRITICAL - 2023-10-12 10:36:35 --> Undefined array key "byuser"
in APPPATH\Views\invectrylist.php on line 26.
 1 APPPATH\Views\invectrylist.php(26): CodeIgniter\Debug\Exceptions->errorHandler(2, 'Undefined array key "byuser"', 'C:\\xampp\\new xampp\\htdocs\\newlmr\\app\\Views\\invectrylist.php', 26)
 2 SYSTEMPATH\View\View.php(226): include('C:\\xampp\\new xampp\\htdocs\\newlmr\\app\\Views\\invectrylist.php')
 3 SYSTEMPATH\View\View.php(229): CodeIgniter\View\View->CodeIgniter\View\{closure}()
 4 SYSTEMPATH\Common.php(1188): CodeIgniter\View\View->render('invectrylist', [], true)
 5 APPPATH\Controllers\Admin.php(365): view('invectrylist', [...])
 6 SYSTEMPATH\CodeIgniter.php(919): App\Controllers\Admin->invectrylist()
 7 SYSTEMPATH\CodeIgniter.php(494): CodeIgniter\CodeIgniter->runController(Object(App\Controllers\Admin))
 8 SYSTEMPATH\CodeIgniter.php(353): CodeIgniter\CodeIgniter->handleRequest(null, Object(Config\Cache), false)
 9 FCPATH\index.php(79): CodeIgniter\CodeIgniter->run()
CRITICAL - 2023-10-12 11:19:18 --> Undefined array key "paramsid"
in APPPATH\Controllers\Admin.php on line 237.
 1 APPPATH\Controllers\Admin.php(237): CodeIgniter\Debug\Exceptions->errorHandler(2, 'Undefined array key "paramsid"', 'C:\\xampp\\new xampp\\htdocs\\newlmr\\app\\Controllers\\Admin.php', 237)
 2 SYSTEMPATH\CodeIgniter.php(919): App\Controllers\Admin->entrydata()
 3 SYSTEMPATH\CodeIgniter.php(494): CodeIgniter\CodeIgniter->runController(Object(App\Controllers\Admin))
 4 SYSTEMPATH\CodeIgniter.php(353): CodeIgniter\CodeIgniter->handleRequest(null, Object(Config\Cache), false)
 5 FCPATH\index.php(79): CodeIgniter\CodeIgniter->run()
