CRITICAL - 2023-11-04 05:43:32 --> Undefined property: App\Controllers\Admin::$userRow
in APPPATH\Controllers\Admin.php on line 65.
 1 APPPATH\Controllers\Admin.php(65): CodeIgniter\Debug\Exceptions->errorHandler(2, 'Undefined property: App\\Controllers\\Admin::$userRow', 'C:\\xampp\\new xampp\\htdocs\\lmv1\\app\\Controllers\\Admin.php', 65)
 2 APPPATH\Controllers\Admin.php(56): App\Controllers\Admin->header('Dashboard')
 3 SYSTEMPATH\CodeIgniter.php(919): App\Controllers\Admin->index()
 4 SYSTEMPATH\CodeIgniter.php(494): CodeIgniter\CodeIgniter->runController(Object(App\Controllers\Admin))
 5 SYSTEMPATH\CodeIgniter.php(353): CodeIgniter\CodeIgniter->handleRequest(null, Object(Config\Cache), false)
 6 FCPATH\index.php(79): CodeIgniter\CodeIgniter->run()
CRITICAL - 2023-11-04 07:34:49 --> Undefined property: App\Controllers\Admin::$userRow
in APPPATH\Controllers\Admin.php on line 65.
 1 APPPATH\Controllers\Admin.php(65): CodeIgniter\Debug\Exceptions->errorHandler(2, 'Undefined property: App\\Controllers\\Admin::$userRow', 'C:\\xampp\\new xampp\\htdocs\\lmv1\\app\\Controllers\\Admin.php', 65)
 2 APPPATH\Controllers\Admin.php(247): App\Controllers\Admin->header('Add Product ')
 3 SYSTEMPATH\CodeIgniter.php(919): App\Controllers\Admin->add_product()
 4 SYSTEMPATH\CodeIgniter.php(494): CodeIgniter\CodeIgniter->runController(Object(App\Controllers\Admin))
 5 SYSTEMPATH\CodeIgniter.php(353): CodeIgniter\CodeIgniter->handleRequest(null, Object(Config\Cache), false)
 6 FCPATH\index.php(79): CodeIgniter\CodeIgniter->run()
CRITICAL - 2023-11-04 10:00:28 --> Undefined property: App\Controllers\Admin::$userRow
in APPPATH\Controllers\Admin.php on line 65.
 1 APPPATH\Controllers\Admin.php(65): CodeIgniter\Debug\Exceptions->errorHandler(2, 'Undefined property: App\\Controllers\\Admin::$userRow', 'C:\\xampp\\new xampp\\htdocs\\lmv1\\app\\Controllers\\Admin.php', 65)
 2 APPPATH\Controllers\Admin.php(387): App\Controllers\Admin->header('Add Inspection ')
 3 SYSTEMPATH\CodeIgniter.php(919): App\Controllers\Admin->inpectionlist('5')
 4 SYSTEMPATH\CodeIgniter.php(494): CodeIgniter\CodeIgniter->runController(Object(App\Controllers\Admin))
 5 SYSTEMPATH\CodeIgniter.php(353): CodeIgniter\CodeIgniter->handleRequest(null, Object(Config\Cache), false)
 6 FCPATH\index.php(79): CodeIgniter\CodeIgniter->run()
