ERROR - 2023-10-05 02:35:37 --> mysqli_sql_exception: Column 'status' cannot be null in C:\xampp\new xampp\htdocs\livedarshan\system\Database\MySQLi\Connection.php:306
Stack trace:
#0 C:\xampp\new xampp\htdocs\livedarshan\system\Database\MySQLi\Connection.php(306): mysqli->query('INSERT INTO `da...', 0)
#1 C:\xampp\new xampp\htdocs\livedarshan\system\Database\BaseConnection.php(692): CodeIgniter\Database\MySQLi\Connection->execute('INSERT INTO `da...')
#2 C:\xampp\new xampp\htdocs\livedarshan\system\Database\BaseConnection.php(606): CodeIgniter\Database\BaseConnection->simpleQuery('INSERT INTO `da...')
#3 C:\xampp\new xampp\htdocs\livedarshan\system\Database\BaseBuilder.php(2308): CodeIgniter\Database\BaseConnection->query('INSERT INTO `da...', Array, false)
#4 C:\xampp\new xampp\htdocs\livedarshan\system\Model.php(319): CodeIgniter\Database\BaseBuilder->insert()
#5 C:\xampp\new xampp\htdocs\livedarshan\system\BaseModel.php(788): CodeIgniter\Model->doInsert(Array)
#6 C:\xampp\new xampp\htdocs\livedarshan\system\Model.php(715): CodeIgniter\BaseModel->insert(Array, true)
#7 C:\xampp\new xampp\htdocs\livedarshan\app\Controllers\Home.php(70): CodeIgniter\Model->insert(Array)
#8 C:\xampp\new xampp\htdocs\livedarshan\system\CodeIgniter.php(919): App\Controllers\Home->Darshan_Data_Insert()
#9 C:\xampp\new xampp\htdocs\livedarshan\system\CodeIgniter.php(494): CodeIgniter\CodeIgniter->runController(Object(App\Controllers\Home))
#10 C:\xampp\new xampp\htdocs\livedarshan\system\CodeIgniter.php(353): CodeIgniter\CodeIgniter->handleRequest(NULL, Object(Config\Cache), false)
#11 C:\xampp\new xampp\htdocs\livedarshan\index.php(79): CodeIgniter\CodeIgniter->run()
#12 {main}
CRITICAL - 2023-10-05 02:35:37 --> Column 'status' cannot be null
in SYSTEMPATH\Database\BaseConnection.php on line 646.
 1 SYSTEMPATH\Database\BaseBuilder.php(2308): CodeIgniter\Database\BaseConnection->query('INSERT INTO `darshan` (`image`, `status`) VALUES (:image:, :status:)', [...], false)
 2 SYSTEMPATH\Model.php(319): CodeIgniter\Database\BaseBuilder->insert()
 3 SYSTEMPATH\BaseModel.php(788): CodeIgniter\Model->doInsert([...])
 4 SYSTEMPATH\Model.php(715): CodeIgniter\BaseModel->insert([...], true)
 5 APPPATH\Controllers\Home.php(70): CodeIgniter\Model->insert([...])
 6 SYSTEMPATH\CodeIgniter.php(919): App\Controllers\Home->Darshan_Data_Insert()
 7 SYSTEMPATH\CodeIgniter.php(494): CodeIgniter\CodeIgniter->runController(Object(App\Controllers\Home))
 8 SYSTEMPATH\CodeIgniter.php(353): CodeIgniter\CodeIgniter->handleRequest(null, Object(Config\Cache), false)
 9 FCPATH\index.php(79): CodeIgniter\CodeIgniter->run()
CRITICAL - 2023-10-05 05:37:02 --> Undefined variable $user_tableModel
in APPPATH\Views\table.php on line 77.
 1 APPPATH\Views\table.php(77): CodeIgniter\Debug\Exceptions->errorHandler(2, 'Undefined variable $user_tableModel', 'C:\\xampp\\new xampp\\htdocs\\livedarshan\\app\\Views\\table.php', 77)
 2 SYSTEMPATH\View\View.php(226): include('C:\\xampp\\new xampp\\htdocs\\livedarshan\\app\\Views\\table.php')
 3 SYSTEMPATH\View\View.php(229): CodeIgniter\View\View->CodeIgniter\View\{closure}()
 4 SYSTEMPATH\Common.php(1188): CodeIgniter\View\View->render('table', [], true)
 5 APPPATH\Controllers\Home.php(83): view('table')
 6 SYSTEMPATH\CodeIgniter.php(919): App\Controllers\Home->table()
 7 SYSTEMPATH\CodeIgniter.php(494): CodeIgniter\CodeIgniter->runController(Object(App\Controllers\Home))
 8 SYSTEMPATH\CodeIgniter.php(353): CodeIgniter\CodeIgniter->handleRequest(null, Object(Config\Cache), false)
 9 FCPATH\index.php(79): CodeIgniter\CodeIgniter->run()
CRITICAL - 2023-10-05 05:40:58 --> Undefined array key "tatile"
in APPPATH\Views\table.php on line 81.
 1 APPPATH\Views\table.php(81): CodeIgniter\Debug\Exceptions->errorHandler(2, 'Undefined array key "tatile"', 'C:\\xampp\\new xampp\\htdocs\\livedarshan\\app\\Views\\table.php', 81)
 2 SYSTEMPATH\View\View.php(226): include('C:\\xampp\\new xampp\\htdocs\\livedarshan\\app\\Views\\table.php')
 3 SYSTEMPATH\View\View.php(229): CodeIgniter\View\View->CodeIgniter\View\{closure}()
 4 SYSTEMPATH\Common.php(1188): CodeIgniter\View\View->render('table', [], true)
 5 APPPATH\Controllers\Home.php(86): view('table', [...])
 6 SYSTEMPATH\CodeIgniter.php(919): App\Controllers\Home->table()
 7 SYSTEMPATH\CodeIgniter.php(494): CodeIgniter\CodeIgniter->runController(Object(App\Controllers\Home))
 8 SYSTEMPATH\CodeIgniter.php(353): CodeIgniter\CodeIgniter->handleRequest(null, Object(Config\Cache), false)
 9 FCPATH\index.php(79): CodeIgniter\CodeIgniter->run()
CRITICAL - 2023-10-05 05:42:00 --> Undefined array key "tatile"
in APPPATH\Views\table.php on line 81.
 1 APPPATH\Views\table.php(81): CodeIgniter\Debug\Exceptions->errorHandler(2, 'Undefined array key "tatile"', 'C:\\xampp\\new xampp\\htdocs\\livedarshan\\app\\Views\\table.php', 81)
 2 SYSTEMPATH\View\View.php(226): include('C:\\xampp\\new xampp\\htdocs\\livedarshan\\app\\Views\\table.php')
 3 SYSTEMPATH\View\View.php(229): CodeIgniter\View\View->CodeIgniter\View\{closure}()
 4 SYSTEMPATH\Common.php(1188): CodeIgniter\View\View->render('table', [], true)
 5 APPPATH\Controllers\Home.php(86): view('table', [...])
 6 SYSTEMPATH\CodeIgniter.php(919): App\Controllers\Home->table()
 7 SYSTEMPATH\CodeIgniter.php(494): CodeIgniter\CodeIgniter->runController(Object(App\Controllers\Home))
 8 SYSTEMPATH\CodeIgniter.php(353): CodeIgniter\CodeIgniter->handleRequest(null, Object(Config\Cache), false)
 9 FCPATH\index.php(79): CodeIgniter\CodeIgniter->run()
CRITICAL - 2023-10-05 05:42:04 --> Undefined array key "tatile"
in APPPATH\Views\table.php on line 81.
 1 APPPATH\Views\table.php(81): CodeIgniter\Debug\Exceptions->errorHandler(2, 'Undefined array key "tatile"', 'C:\\xampp\\new xampp\\htdocs\\livedarshan\\app\\Views\\table.php', 81)
 2 SYSTEMPATH\View\View.php(226): include('C:\\xampp\\new xampp\\htdocs\\livedarshan\\app\\Views\\table.php')
 3 SYSTEMPATH\View\View.php(229): CodeIgniter\View\View->CodeIgniter\View\{closure}()
 4 SYSTEMPATH\Common.php(1188): CodeIgniter\View\View->render('table', [], true)
 5 APPPATH\Controllers\Home.php(86): view('table', [...])
 6 SYSTEMPATH\CodeIgniter.php(919): App\Controllers\Home->table()
 7 SYSTEMPATH\CodeIgniter.php(494): CodeIgniter\CodeIgniter->runController(Object(App\Controllers\Home))
 8 SYSTEMPATH\CodeIgniter.php(353): CodeIgniter\CodeIgniter->handleRequest(null, Object(Config\Cache), false)
 9 FCPATH\index.php(79): CodeIgniter\CodeIgniter->run()
CRITICAL - 2023-10-05 05:42:35 --> Undefined array key "desce"
in APPPATH\Views\table.php on line 82.
 1 APPPATH\Views\table.php(82): CodeIgniter\Debug\Exceptions->errorHandler(2, 'Undefined array key "desce"', 'C:\\xampp\\new xampp\\htdocs\\livedarshan\\app\\Views\\table.php', 82)
 2 SYSTEMPATH\View\View.php(226): include('C:\\xampp\\new xampp\\htdocs\\livedarshan\\app\\Views\\table.php')
 3 SYSTEMPATH\View\View.php(229): CodeIgniter\View\View->CodeIgniter\View\{closure}()
 4 SYSTEMPATH\Common.php(1188): CodeIgniter\View\View->render('table', [], true)
 5 APPPATH\Controllers\Home.php(86): view('table', [...])
 6 SYSTEMPATH\CodeIgniter.php(919): App\Controllers\Home->table()
 7 SYSTEMPATH\CodeIgniter.php(494): CodeIgniter\CodeIgniter->runController(Object(App\Controllers\Home))
 8 SYSTEMPATH\CodeIgniter.php(353): CodeIgniter\CodeIgniter->handleRequest(null, Object(Config\Cache), false)
 9 FCPATH\index.php(79): CodeIgniter\CodeIgniter->run()
CRITICAL - 2023-10-05 05:42:51 --> Undefined array key "img"
in APPPATH\Views\table.php on line 85.
 1 APPPATH\Views\table.php(85): CodeIgniter\Debug\Exceptions->errorHandler(2, 'Undefined array key "img"', 'C:\\xampp\\new xampp\\htdocs\\livedarshan\\app\\Views\\table.php', 85)
 2 SYSTEMPATH\View\View.php(226): include('C:\\xampp\\new xampp\\htdocs\\livedarshan\\app\\Views\\table.php')
 3 SYSTEMPATH\View\View.php(229): CodeIgniter\View\View->CodeIgniter\View\{closure}()
 4 SYSTEMPATH\Common.php(1188): CodeIgniter\View\View->render('table', [], true)
 5 APPPATH\Controllers\Home.php(86): view('table', [...])
 6 SYSTEMPATH\CodeIgniter.php(919): App\Controllers\Home->table()
 7 SYSTEMPATH\CodeIgniter.php(494): CodeIgniter\CodeIgniter->runController(Object(App\Controllers\Home))
 8 SYSTEMPATH\CodeIgniter.php(353): CodeIgniter\CodeIgniter->handleRequest(null, Object(Config\Cache), false)
 9 FCPATH\index.php(79): CodeIgniter\CodeIgniter->run()
ERROR - 2023-10-05 05:53:25 --> mysqli_sql_exception: Column 'url' cannot be null in C:\xampp\new xampp\htdocs\livedarshan\system\Database\MySQLi\Connection.php:306
Stack trace:
#0 C:\xampp\new xampp\htdocs\livedarshan\system\Database\MySQLi\Connection.php(306): mysqli->query('INSERT INTO `da...', 0)
#1 C:\xampp\new xampp\htdocs\livedarshan\system\Database\BaseConnection.php(692): CodeIgniter\Database\MySQLi\Connection->execute('INSERT INTO `da...')
#2 C:\xampp\new xampp\htdocs\livedarshan\system\Database\BaseConnection.php(606): CodeIgniter\Database\BaseConnection->simpleQuery('INSERT INTO `da...')
#3 C:\xampp\new xampp\htdocs\livedarshan\system\Database\BaseBuilder.php(2308): CodeIgniter\Database\BaseConnection->query('INSERT INTO `da...', Array, false)
#4 C:\xampp\new xampp\htdocs\livedarshan\system\Model.php(319): CodeIgniter\Database\BaseBuilder->insert()
#5 C:\xampp\new xampp\htdocs\livedarshan\system\BaseModel.php(788): CodeIgniter\Model->doInsert(Array)
#6 C:\xampp\new xampp\htdocs\livedarshan\system\Model.php(715): CodeIgniter\BaseModel->insert(Array, true)
#7 C:\xampp\new xampp\htdocs\livedarshan\app\Controllers\Home.php(72): CodeIgniter\Model->insert(Array)
#8 C:\xampp\new xampp\htdocs\livedarshan\system\CodeIgniter.php(919): App\Controllers\Home->Darshan_Data_Insert()
#9 C:\xampp\new xampp\htdocs\livedarshan\system\CodeIgniter.php(494): CodeIgniter\CodeIgniter->runController(Object(App\Controllers\Home))
#10 C:\xampp\new xampp\htdocs\livedarshan\system\CodeIgniter.php(353): CodeIgniter\CodeIgniter->handleRequest(NULL, Object(Config\Cache), false)
#11 C:\xampp\new xampp\htdocs\livedarshan\index.php(79): CodeIgniter\CodeIgniter->run()
#12 {main}
CRITICAL - 2023-10-05 05:53:25 --> Column 'url' cannot be null
in SYSTEMPATH\Database\BaseConnection.php on line 646.
 1 SYSTEMPATH\Database\BaseBuilder.php(2308): CodeIgniter\Database\BaseConnection->query('INSERT INTO `darshan` (`image`, `url`, `status`) VALUES (:image:, :url:, :status:)', [...], false)
 2 SYSTEMPATH\Model.php(319): CodeIgniter\Database\BaseBuilder->insert()
 3 SYSTEMPATH\BaseModel.php(788): CodeIgniter\Model->doInsert([...])
 4 SYSTEMPATH\Model.php(715): CodeIgniter\BaseModel->insert([...], true)
 5 APPPATH\Controllers\Home.php(72): CodeIgniter\Model->insert([...])
 6 SYSTEMPATH\CodeIgniter.php(919): App\Controllers\Home->Darshan_Data_Insert()
 7 SYSTEMPATH\CodeIgniter.php(494): CodeIgniter\CodeIgniter->runController(Object(App\Controllers\Home))
 8 SYSTEMPATH\CodeIgniter.php(353): CodeIgniter\CodeIgniter->handleRequest(null, Object(Config\Cache), false)
 9 FCPATH\index.php(79): CodeIgniter\CodeIgniter->run()
ERROR - 2023-10-05 05:53:49 --> mysqli_sql_exception: Column 'url' cannot be null in C:\xampp\new xampp\htdocs\livedarshan\system\Database\MySQLi\Connection.php:306
Stack trace:
#0 C:\xampp\new xampp\htdocs\livedarshan\system\Database\MySQLi\Connection.php(306): mysqli->query('INSERT INTO `da...', 0)
#1 C:\xampp\new xampp\htdocs\livedarshan\system\Database\BaseConnection.php(692): CodeIgniter\Database\MySQLi\Connection->execute('INSERT INTO `da...')
#2 C:\xampp\new xampp\htdocs\livedarshan\system\Database\BaseConnection.php(606): CodeIgniter\Database\BaseConnection->simpleQuery('INSERT INTO `da...')
#3 C:\xampp\new xampp\htdocs\livedarshan\system\Database\BaseBuilder.php(2308): CodeIgniter\Database\BaseConnection->query('INSERT INTO `da...', Array, false)
#4 C:\xampp\new xampp\htdocs\livedarshan\system\Model.php(319): CodeIgniter\Database\BaseBuilder->insert()
#5 C:\xampp\new xampp\htdocs\livedarshan\system\BaseModel.php(788): CodeIgniter\Model->doInsert(Array)
#6 C:\xampp\new xampp\htdocs\livedarshan\system\Model.php(715): CodeIgniter\BaseModel->insert(Array, true)
#7 C:\xampp\new xampp\htdocs\livedarshan\app\Controllers\Home.php(72): CodeIgniter\Model->insert(Array)
#8 C:\xampp\new xampp\htdocs\livedarshan\system\CodeIgniter.php(919): App\Controllers\Home->Darshan_Data_Insert()
#9 C:\xampp\new xampp\htdocs\livedarshan\system\CodeIgniter.php(494): CodeIgniter\CodeIgniter->runController(Object(App\Controllers\Home))
#10 C:\xampp\new xampp\htdocs\livedarshan\system\CodeIgniter.php(353): CodeIgniter\CodeIgniter->handleRequest(NULL, Object(Config\Cache), false)
#11 C:\xampp\new xampp\htdocs\livedarshan\index.php(79): CodeIgniter\CodeIgniter->run()
#12 {main}
CRITICAL - 2023-10-05 05:53:49 --> Column 'url' cannot be null
in SYSTEMPATH\Database\BaseConnection.php on line 646.
 1 SYSTEMPATH\Database\BaseBuilder.php(2308): CodeIgniter\Database\BaseConnection->query('INSERT INTO `darshan` (`image`, `url`, `status`) VALUES (:image:, :url:, :status:)', [...], false)
 2 SYSTEMPATH\Model.php(319): CodeIgniter\Database\BaseBuilder->insert()
 3 SYSTEMPATH\BaseModel.php(788): CodeIgniter\Model->doInsert([...])
 4 SYSTEMPATH\Model.php(715): CodeIgniter\BaseModel->insert([...], true)
 5 APPPATH\Controllers\Home.php(72): CodeIgniter\Model->insert([...])
 6 SYSTEMPATH\CodeIgniter.php(919): App\Controllers\Home->Darshan_Data_Insert()
 7 SYSTEMPATH\CodeIgniter.php(494): CodeIgniter\CodeIgniter->runController(Object(App\Controllers\Home))
 8 SYSTEMPATH\CodeIgniter.php(353): CodeIgniter\CodeIgniter->handleRequest(null, Object(Config\Cache), false)
 9 FCPATH\index.php(79): CodeIgniter\CodeIgniter->run()
ERROR - 2023-10-05 05:57:23 --> mysqli_sql_exception: Column 'url' cannot be null in C:\xampp\new xampp\htdocs\livedarshan\system\Database\MySQLi\Connection.php:306
Stack trace:
#0 C:\xampp\new xampp\htdocs\livedarshan\system\Database\MySQLi\Connection.php(306): mysqli->query('INSERT INTO `da...', 0)
#1 C:\xampp\new xampp\htdocs\livedarshan\system\Database\BaseConnection.php(692): CodeIgniter\Database\MySQLi\Connection->execute('INSERT INTO `da...')
#2 C:\xampp\new xampp\htdocs\livedarshan\system\Database\BaseConnection.php(606): CodeIgniter\Database\BaseConnection->simpleQuery('INSERT INTO `da...')
#3 C:\xampp\new xampp\htdocs\livedarshan\system\Database\BaseBuilder.php(2308): CodeIgniter\Database\BaseConnection->query('INSERT INTO `da...', Array, false)
#4 C:\xampp\new xampp\htdocs\livedarshan\system\Model.php(319): CodeIgniter\Database\BaseBuilder->insert()
#5 C:\xampp\new xampp\htdocs\livedarshan\system\BaseModel.php(788): CodeIgniter\Model->doInsert(Array)
#6 C:\xampp\new xampp\htdocs\livedarshan\system\Model.php(715): CodeIgniter\BaseModel->insert(Array, true)
#7 C:\xampp\new xampp\htdocs\livedarshan\app\Controllers\Home.php(72): CodeIgniter\Model->insert(Array)
#8 C:\xampp\new xampp\htdocs\livedarshan\system\CodeIgniter.php(919): App\Controllers\Home->Darshan_Data_Insert()
#9 C:\xampp\new xampp\htdocs\livedarshan\system\CodeIgniter.php(494): CodeIgniter\CodeIgniter->runController(Object(App\Controllers\Home))
#10 C:\xampp\new xampp\htdocs\livedarshan\system\CodeIgniter.php(353): CodeIgniter\CodeIgniter->handleRequest(NULL, Object(Config\Cache), false)
#11 C:\xampp\new xampp\htdocs\livedarshan\index.php(79): CodeIgniter\CodeIgniter->run()
#12 {main}
CRITICAL - 2023-10-05 05:57:23 --> Column 'url' cannot be null
in SYSTEMPATH\Database\BaseConnection.php on line 646.
 1 SYSTEMPATH\Database\BaseBuilder.php(2308): CodeIgniter\Database\BaseConnection->query('INSERT INTO `darshan` (`image`, `url`, `status`) VALUES (:image:, :url:, :status:)', [...], false)
 2 SYSTEMPATH\Model.php(319): CodeIgniter\Database\BaseBuilder->insert()
 3 SYSTEMPATH\BaseModel.php(788): CodeIgniter\Model->doInsert([...])
 4 SYSTEMPATH\Model.php(715): CodeIgniter\BaseModel->insert([...], true)
 5 APPPATH\Controllers\Home.php(72): CodeIgniter\Model->insert([...])
 6 SYSTEMPATH\CodeIgniter.php(919): App\Controllers\Home->Darshan_Data_Insert()
 7 SYSTEMPATH\CodeIgniter.php(494): CodeIgniter\CodeIgniter->runController(Object(App\Controllers\Home))
 8 SYSTEMPATH\CodeIgniter.php(353): CodeIgniter\CodeIgniter->handleRequest(null, Object(Config\Cache), false)
 9 FCPATH\index.php(79): CodeIgniter\CodeIgniter->run()
CRITICAL - 2023-10-05 06:13:52 --> Undefined variable $product
in APPPATH\Views\table.php on line 87.
 1 APPPATH\Views\table.php(87): CodeIgniter\Debug\Exceptions->errorHandler(2, 'Undefined variable $product', 'C:\\xampp\\new xampp\\htdocs\\livedarshan\\app\\Views\\table.php', 87)
 2 SYSTEMPATH\View\View.php(226): include('C:\\xampp\\new xampp\\htdocs\\livedarshan\\app\\Views\\table.php')
 3 SYSTEMPATH\View\View.php(229): CodeIgniter\View\View->CodeIgniter\View\{closure}()
 4 SYSTEMPATH\Common.php(1188): CodeIgniter\View\View->render('table', [], true)
 5 APPPATH\Controllers\Home.php(87): view('table', [...])
 6 SYSTEMPATH\CodeIgniter.php(919): App\Controllers\Home->table()
 7 SYSTEMPATH\CodeIgniter.php(494): CodeIgniter\CodeIgniter->runController(Object(App\Controllers\Home))
 8 SYSTEMPATH\CodeIgniter.php(353): CodeIgniter\CodeIgniter->handleRequest(null, Object(Config\Cache), false)
 9 FCPATH\index.php(79): CodeIgniter\CodeIgniter->run()
CRITICAL - 2023-10-05 06:14:47 --> Undefined array key "name"
in APPPATH\Views\table.php on line 87.
 1 APPPATH\Views\table.php(87): CodeIgniter\Debug\Exceptions->errorHandler(2, 'Undefined array key "name"', 'C:\\xampp\\new xampp\\htdocs\\livedarshan\\app\\Views\\table.php', 87)
 2 SYSTEMPATH\View\View.php(226): include('C:\\xampp\\new xampp\\htdocs\\livedarshan\\app\\Views\\table.php')
 3 SYSTEMPATH\View\View.php(229): CodeIgniter\View\View->CodeIgniter\View\{closure}()
 4 SYSTEMPATH\Common.php(1188): CodeIgniter\View\View->render('table', [], true)
 5 APPPATH\Controllers\Home.php(87): view('table', [...])
 6 SYSTEMPATH\CodeIgniter.php(919): App\Controllers\Home->table()
 7 SYSTEMPATH\CodeIgniter.php(494): CodeIgniter\CodeIgniter->runController(Object(App\Controllers\Home))
 8 SYSTEMPATH\CodeIgniter.php(353): CodeIgniter\CodeIgniter->handleRequest(null, Object(Config\Cache), false)
 9 FCPATH\index.php(79): CodeIgniter\CodeIgniter->run()
CRITICAL - 2023-10-05 06:20:14 --> Undefined variable $id
in APPPATH\Controllers\Home.php on line 96.
 1 APPPATH\Controllers\Home.php(96): CodeIgniter\Debug\Exceptions->errorHandler(2, 'Undefined variable $id', 'C:\\xampp\\new xampp\\htdocs\\livedarshan\\app\\Controllers\\Home.php', 96)
 2 SYSTEMPATH\CodeIgniter.php(919): App\Controllers\Home->Delete('9')
 3 SYSTEMPATH\CodeIgniter.php(494): CodeIgniter\CodeIgniter->runController(Object(App\Controllers\Home))
 4 SYSTEMPATH\CodeIgniter.php(353): CodeIgniter\CodeIgniter->handleRequest(null, Object(Config\Cache), false)
 5 FCPATH\index.php(79): CodeIgniter\CodeIgniter->run()
CRITICAL - 2023-10-05 06:21:30 --> Undefined variable $id
in APPPATH\Controllers\Home.php on line 96.
 1 APPPATH\Controllers\Home.php(96): CodeIgniter\Debug\Exceptions->errorHandler(2, 'Undefined variable $id', 'C:\\xampp\\new xampp\\htdocs\\livedarshan\\app\\Controllers\\Home.php', 96)
 2 SYSTEMPATH\CodeIgniter.php(919): App\Controllers\Home->Delete()
 3 SYSTEMPATH\CodeIgniter.php(494): CodeIgniter\CodeIgniter->runController(Object(App\Controllers\Home))
 4 SYSTEMPATH\CodeIgniter.php(353): CodeIgniter\CodeIgniter->handleRequest(null, Object(Config\Cache), false)
 5 FCPATH\index.php(79): CodeIgniter\CodeIgniter->run()
CRITICAL - 2023-10-05 06:27:12 --> Too few arguments to function App\Controllers\Home::Delete(), 0 passed in C:\xampp\new xampp\htdocs\livedarshan\system\CodeIgniter.php on line 919 and exactly 1 expected
in APPPATH\Controllers\Home.php on line 92.
 1 SYSTEMPATH\CodeIgniter.php(919): App\Controllers\Home->Delete()
 2 SYSTEMPATH\CodeIgniter.php(494): CodeIgniter\CodeIgniter->runController(Object(App\Controllers\Home))
 3 SYSTEMPATH\CodeIgniter.php(353): CodeIgniter\CodeIgniter->handleRequest(null, Object(Config\Cache), false)
 4 FCPATH\index.php(79): CodeIgniter\CodeIgniter->run()
CRITICAL - 2023-10-05 06:37:32 --> Undefined variable $user
in APPPATH\Views\table.php on line 90.
 1 APPPATH\Views\table.php(90): CodeIgniter\Debug\Exceptions->errorHandler(2, 'Undefined variable $user', 'C:\\xampp\\new xampp\\htdocs\\livedarshan\\app\\Views\\table.php', 90)
 2 SYSTEMPATH\View\View.php(226): include('C:\\xampp\\new xampp\\htdocs\\livedarshan\\app\\Views\\table.php')
 3 SYSTEMPATH\View\View.php(229): CodeIgniter\View\View->CodeIgniter\View\{closure}()
 4 SYSTEMPATH\Common.php(1188): CodeIgniter\View\View->render('table', [], true)
 5 APPPATH\Controllers\Home.php(87): view('table', [...])
 6 SYSTEMPATH\CodeIgniter.php(919): App\Controllers\Home->table()
 7 SYSTEMPATH\CodeIgniter.php(494): CodeIgniter\CodeIgniter->runController(Object(App\Controllers\Home))
 8 SYSTEMPATH\CodeIgniter.php(353): CodeIgniter\CodeIgniter->handleRequest(null, Object(Config\Cache), false)
 9 FCPATH\index.php(79): CodeIgniter\CodeIgniter->run()
CRITICAL - 2023-10-05 06:37:35 --> Undefined variable $user
in APPPATH\Views\table.php on line 90.
 1 APPPATH\Views\table.php(90): CodeIgniter\Debug\Exceptions->errorHandler(2, 'Undefined variable $user', 'C:\\xampp\\new xampp\\htdocs\\livedarshan\\app\\Views\\table.php', 90)
 2 SYSTEMPATH\View\View.php(226): include('C:\\xampp\\new xampp\\htdocs\\livedarshan\\app\\Views\\table.php')
 3 SYSTEMPATH\View\View.php(229): CodeIgniter\View\View->CodeIgniter\View\{closure}()
 4 SYSTEMPATH\Common.php(1188): CodeIgniter\View\View->render('table', [], true)
 5 APPPATH\Controllers\Home.php(87): view('table', [...])
 6 SYSTEMPATH\CodeIgniter.php(919): App\Controllers\Home->table()
 7 SYSTEMPATH\CodeIgniter.php(494): CodeIgniter\CodeIgniter->runController(Object(App\Controllers\Home))
 8 SYSTEMPATH\CodeIgniter.php(353): CodeIgniter\CodeIgniter->handleRequest(null, Object(Config\Cache), false)
 9 FCPATH\index.php(79): CodeIgniter\CodeIgniter->run()
CRITICAL - 2023-10-05 06:38:08 --> Attempt to read property "id" on array
in APPPATH\Views\table.php on line 90.
 1 APPPATH\Views\table.php(90): CodeIgniter\Debug\Exceptions->errorHandler(2, 'Attempt to read property "id" on array', 'C:\\xampp\\new xampp\\htdocs\\livedarshan\\app\\Views\\table.php', 90)
 2 SYSTEMPATH\View\View.php(226): include('C:\\xampp\\new xampp\\htdocs\\livedarshan\\app\\Views\\table.php')
 3 SYSTEMPATH\View\View.php(229): CodeIgniter\View\View->CodeIgniter\View\{closure}()
 4 SYSTEMPATH\Common.php(1188): CodeIgniter\View\View->render('table', [], true)
 5 APPPATH\Controllers\Home.php(87): view('table', [...])
 6 SYSTEMPATH\CodeIgniter.php(919): App\Controllers\Home->table()
 7 SYSTEMPATH\CodeIgniter.php(494): CodeIgniter\CodeIgniter->runController(Object(App\Controllers\Home))
 8 SYSTEMPATH\CodeIgniter.php(353): CodeIgniter\CodeIgniter->handleRequest(null, Object(Config\Cache), false)
 9 FCPATH\index.php(79): CodeIgniter\CodeIgniter->run()
CRITICAL - 2023-10-05 06:59:24 --> Undefined variable $user
in APPPATH\Views\edite.php on line 69.
 1 APPPATH\Views\edite.php(69): CodeIgniter\Debug\Exceptions->errorHandler(2, 'Undefined variable $user', 'C:\\xampp\\new xampp\\htdocs\\livedarshan\\app\\Views\\edite.php', 69)
 2 SYSTEMPATH\View\View.php(226): include('C:\\xampp\\new xampp\\htdocs\\livedarshan\\app\\Views\\edite.php')
 3 SYSTEMPATH\View\View.php(229): CodeIgniter\View\View->CodeIgniter\View\{closure}()
 4 SYSTEMPATH\Common.php(1188): CodeIgniter\View\View->render('edite', [], true)
 5 APPPATH\Controllers\Home.php(119): view('edite')
 6 SYSTEMPATH\CodeIgniter.php(919): App\Controllers\Home->edite('7')
 7 SYSTEMPATH\CodeIgniter.php(494): CodeIgniter\CodeIgniter->runController(Object(App\Controllers\Home))
 8 SYSTEMPATH\CodeIgniter.php(353): CodeIgniter\CodeIgniter->handleRequest(null, Object(Config\Cache), false)
 9 FCPATH\index.php(79): CodeIgniter\CodeIgniter->run()
CRITICAL - 2023-10-05 07:00:28 --> Undefined variable $itam
in APPPATH\Views\edite.php on line 69.
 1 APPPATH\Views\edite.php(69): CodeIgniter\Debug\Exceptions->errorHandler(2, 'Undefined variable $itam', 'C:\\xampp\\new xampp\\htdocs\\livedarshan\\app\\Views\\edite.php', 69)
 2 SYSTEMPATH\View\View.php(226): include('C:\\xampp\\new xampp\\htdocs\\livedarshan\\app\\Views\\edite.php')
 3 SYSTEMPATH\View\View.php(229): CodeIgniter\View\View->CodeIgniter\View\{closure}()
 4 SYSTEMPATH\Common.php(1188): CodeIgniter\View\View->render('edite', [], true)
 5 APPPATH\Controllers\Home.php(119): view('edite')
 6 SYSTEMPATH\CodeIgniter.php(919): App\Controllers\Home->edite('7')
 7 SYSTEMPATH\CodeIgniter.php(494): CodeIgniter\CodeIgniter->runController(Object(App\Controllers\Home))
 8 SYSTEMPATH\CodeIgniter.php(353): CodeIgniter\CodeIgniter->handleRequest(null, Object(Config\Cache), false)
 9 FCPATH\index.php(79): CodeIgniter\CodeIgniter->run()
CRITICAL - 2023-10-05 07:00:30 --> Undefined variable $itam
in APPPATH\Views\edite.php on line 69.
 1 APPPATH\Views\edite.php(69): CodeIgniter\Debug\Exceptions->errorHandler(2, 'Undefined variable $itam', 'C:\\xampp\\new xampp\\htdocs\\livedarshan\\app\\Views\\edite.php', 69)
 2 SYSTEMPATH\View\View.php(226): include('C:\\xampp\\new xampp\\htdocs\\livedarshan\\app\\Views\\edite.php')
 3 SYSTEMPATH\View\View.php(229): CodeIgniter\View\View->CodeIgniter\View\{closure}()
 4 SYSTEMPATH\Common.php(1188): CodeIgniter\View\View->render('edite', [], true)
 5 APPPATH\Controllers\Home.php(119): view('edite')
 6 SYSTEMPATH\CodeIgniter.php(919): App\Controllers\Home->edite('7')
 7 SYSTEMPATH\CodeIgniter.php(494): CodeIgniter\CodeIgniter->runController(Object(App\Controllers\Home))
 8 SYSTEMPATH\CodeIgniter.php(353): CodeIgniter\CodeIgniter->handleRequest(null, Object(Config\Cache), false)
 9 FCPATH\index.php(79): CodeIgniter\CodeIgniter->run()
CRITICAL - 2023-10-05 07:00:37 --> Undefined variable $itam
in APPPATH\Views\edite.php on line 69.
 1 APPPATH\Views\edite.php(69): CodeIgniter\Debug\Exceptions->errorHandler(2, 'Undefined variable $itam', 'C:\\xampp\\new xampp\\htdocs\\livedarshan\\app\\Views\\edite.php', 69)
 2 SYSTEMPATH\View\View.php(226): include('C:\\xampp\\new xampp\\htdocs\\livedarshan\\app\\Views\\edite.php')
 3 SYSTEMPATH\View\View.php(229): CodeIgniter\View\View->CodeIgniter\View\{closure}()
 4 SYSTEMPATH\Common.php(1188): CodeIgniter\View\View->render('edite', [], true)
 5 APPPATH\Controllers\Home.php(119): view('edite')
 6 SYSTEMPATH\CodeIgniter.php(919): App\Controllers\Home->edite('7')
 7 SYSTEMPATH\CodeIgniter.php(494): CodeIgniter\CodeIgniter->runController(Object(App\Controllers\Home))
 8 SYSTEMPATH\CodeIgniter.php(353): CodeIgniter\CodeIgniter->handleRequest(null, Object(Config\Cache), false)
 9 FCPATH\index.php(79): CodeIgniter\CodeIgniter->run()
CRITICAL - 2023-10-05 07:05:12 --> Undefined variable $itam
in APPPATH\Views\edite.php on line 69.
 1 APPPATH\Views\edite.php(69): CodeIgniter\Debug\Exceptions->errorHandler(2, 'Undefined variable $itam', 'C:\\xampp\\new xampp\\htdocs\\livedarshan\\app\\Views\\edite.php', 69)
 2 SYSTEMPATH\View\View.php(226): include('C:\\xampp\\new xampp\\htdocs\\livedarshan\\app\\Views\\edite.php')
 3 SYSTEMPATH\View\View.php(229): CodeIgniter\View\View->CodeIgniter\View\{closure}()
 4 SYSTEMPATH\Common.php(1188): CodeIgniter\View\View->render('edite', [], true)
 5 APPPATH\Controllers\Home.php(121): view('edite', [...])
 6 SYSTEMPATH\CodeIgniter.php(919): App\Controllers\Home->edite('7')
 7 SYSTEMPATH\CodeIgniter.php(494): CodeIgniter\CodeIgniter->runController(Object(App\Controllers\Home))
 8 SYSTEMPATH\CodeIgniter.php(353): CodeIgniter\CodeIgniter->handleRequest(null, Object(Config\Cache), false)
 9 FCPATH\index.php(79): CodeIgniter\CodeIgniter->run()
CRITICAL - 2023-10-05 07:05:13 --> Undefined variable $itam
in APPPATH\Views\edite.php on line 69.
 1 APPPATH\Views\edite.php(69): CodeIgniter\Debug\Exceptions->errorHandler(2, 'Undefined variable $itam', 'C:\\xampp\\new xampp\\htdocs\\livedarshan\\app\\Views\\edite.php', 69)
 2 SYSTEMPATH\View\View.php(226): include('C:\\xampp\\new xampp\\htdocs\\livedarshan\\app\\Views\\edite.php')
 3 SYSTEMPATH\View\View.php(229): CodeIgniter\View\View->CodeIgniter\View\{closure}()
 4 SYSTEMPATH\Common.php(1188): CodeIgniter\View\View->render('edite', [], true)
 5 APPPATH\Controllers\Home.php(121): view('edite', [...])
 6 SYSTEMPATH\CodeIgniter.php(919): App\Controllers\Home->edite('7')
 7 SYSTEMPATH\CodeIgniter.php(494): CodeIgniter\CodeIgniter->runController(Object(App\Controllers\Home))
 8 SYSTEMPATH\CodeIgniter.php(353): CodeIgniter\CodeIgniter->handleRequest(null, Object(Config\Cache), false)
 9 FCPATH\index.php(79): CodeIgniter\CodeIgniter->run()
CRITICAL - 2023-10-05 07:05:40 --> Undefined array key "id"
in APPPATH\Views\edite.php on line 69.
 1 APPPATH\Views\edite.php(69): CodeIgniter\Debug\Exceptions->errorHandler(2, 'Undefined array key "id"', 'C:\\xampp\\new xampp\\htdocs\\livedarshan\\app\\Views\\edite.php', 69)
 2 SYSTEMPATH\View\View.php(226): include('C:\\xampp\\new xampp\\htdocs\\livedarshan\\app\\Views\\edite.php')
 3 SYSTEMPATH\View\View.php(229): CodeIgniter\View\View->CodeIgniter\View\{closure}()
 4 SYSTEMPATH\Common.php(1188): CodeIgniter\View\View->render('edite', [], true)
 5 APPPATH\Controllers\Home.php(121): view('edite', [...])
 6 SYSTEMPATH\CodeIgniter.php(919): App\Controllers\Home->edite('7')
 7 SYSTEMPATH\CodeIgniter.php(494): CodeIgniter\CodeIgniter->runController(Object(App\Controllers\Home))
 8 SYSTEMPATH\CodeIgniter.php(353): CodeIgniter\CodeIgniter->handleRequest(null, Object(Config\Cache), false)
 9 FCPATH\index.php(79): CodeIgniter\CodeIgniter->run()
CRITICAL - 2023-10-05 07:05:42 --> Undefined array key "id"
in APPPATH\Views\edite.php on line 69.
 1 APPPATH\Views\edite.php(69): CodeIgniter\Debug\Exceptions->errorHandler(2, 'Undefined array key "id"', 'C:\\xampp\\new xampp\\htdocs\\livedarshan\\app\\Views\\edite.php', 69)
 2 SYSTEMPATH\View\View.php(226): include('C:\\xampp\\new xampp\\htdocs\\livedarshan\\app\\Views\\edite.php')
 3 SYSTEMPATH\View\View.php(229): CodeIgniter\View\View->CodeIgniter\View\{closure}()
 4 SYSTEMPATH\Common.php(1188): CodeIgniter\View\View->render('edite', [], true)
 5 APPPATH\Controllers\Home.php(121): view('edite', [...])
 6 SYSTEMPATH\CodeIgniter.php(919): App\Controllers\Home->edite('7')
 7 SYSTEMPATH\CodeIgniter.php(494): CodeIgniter\CodeIgniter->runController(Object(App\Controllers\Home))
 8 SYSTEMPATH\CodeIgniter.php(353): CodeIgniter\CodeIgniter->handleRequest(null, Object(Config\Cache), false)
 9 FCPATH\index.php(79): CodeIgniter\CodeIgniter->run()
CRITICAL - 2023-10-05 07:16:32 --> Undefined variable $data
in APPPATH\Controllers\Home.php on line 45.
 1 APPPATH\Controllers\Home.php(45): CodeIgniter\Debug\Exceptions->errorHandler(2, 'Undefined variable $data', 'C:\\xampp\\new xampp\\htdocs\\livedarshan\\app\\Controllers\\Home.php', 45)
 2 SYSTEMPATH\CodeIgniter.php(919): App\Controllers\Home->Darshan()
 3 SYSTEMPATH\CodeIgniter.php(494): CodeIgniter\CodeIgniter->runController(Object(App\Controllers\Home))
 4 SYSTEMPATH\CodeIgniter.php(353): CodeIgniter\CodeIgniter->handleRequest(null, Object(Config\Cache), false)
 5 FCPATH\index.php(79): CodeIgniter\CodeIgniter->run()
