CRITICAL - 2024-01-10 04:29:07 --> Undefined property: App\Controllers\Admin::$userRow
in APPPATH\Controllers\Admin.php on line 34.
 1 APPPATH\Controllers\Admin.php(34): CodeIgniter\Debug\Exceptions->errorHandler(2, 'Undefined property: App\\Controllers\\Admin::$userRow', 'C:\\xampp\\new xampp\\htdocs\\gst\\app\\Controllers\\Admin.php', 34)
 2 APPPATH\Controllers\Admin.php(118): App\Controllers\Admin->header('Add product')
 3 SYSTEMPATH\CodeIgniter.php(919): App\Controllers\Admin->bill()
 4 SYSTEMPATH\CodeIgniter.php(494): CodeIgniter\CodeIgniter->runController(Object(App\Controllers\Admin))
 5 SYSTEMPATH\CodeIgniter.php(353): CodeIgniter\CodeIgniter->handleRequest(null, Object(Config\Cache), false)
 6 FCPATH\index.php(79): CodeIgniter\CodeIgniter->run()
CRITICAL - 2024-01-10 04:42:07 --> Undefined variable $conn
in APPPATH\Controllers\Admin.php on line 123.
 1 APPPATH\Controllers\Admin.php(123): CodeIgniter\Debug\Exceptions->errorHandler(2, 'Undefined variable $conn', 'C:\\xampp\\new xampp\\htdocs\\gst\\app\\Controllers\\Admin.php', 123)
 2 SYSTEMPATH\CodeIgniter.php(919): App\Controllers\Admin->findprice()
 3 SYSTEMPATH\CodeIgniter.php(494): CodeIgniter\CodeIgniter->runController(Object(App\Controllers\Admin))
 4 SYSTEMPATH\CodeIgniter.php(353): CodeIgniter\CodeIgniter->handleRequest(null, Object(Config\Cache), false)
 5 FCPATH\index.php(79): CodeIgniter\CodeIgniter->run()
CRITICAL - 2024-01-10 04:42:10 --> Undefined variable $conn
in APPPATH\Controllers\Admin.php on line 123.
 1 APPPATH\Controllers\Admin.php(123): CodeIgniter\Debug\Exceptions->errorHandler(2, 'Undefined variable $conn', 'C:\\xampp\\new xampp\\htdocs\\gst\\app\\Controllers\\Admin.php', 123)
 2 SYSTEMPATH\CodeIgniter.php(919): App\Controllers\Admin->findprice()
 3 SYSTEMPATH\CodeIgniter.php(494): CodeIgniter\CodeIgniter->runController(Object(App\Controllers\Admin))
 4 SYSTEMPATH\CodeIgniter.php(353): CodeIgniter\CodeIgniter->handleRequest(null, Object(Config\Cache), false)
 5 FCPATH\index.php(79): CodeIgniter\CodeIgniter->run()
CRITICAL - 2024-01-10 05:02:22 --> include(db.php): Failed to open stream: No such file or directory
in APPPATH\Views\bill\bill.php on line 2.
 1 APPPATH\Views\bill\bill.php(2): CodeIgniter\Debug\Exceptions->errorHandler(2, 'include(db.php): Failed to open stream: No such file or directory', 'C:\\xampp\\new xampp\\htdocs\\gst\\app\\Views\\bill\\bill.php', 2)
 2 APPPATH\Views\bill\bill.php(2): include()
 3 SYSTEMPATH\View\View.php(226): include('C:\\xampp\\new xampp\\htdocs\\gst\\app\\Views\\bill\\bill.php')
 4 SYSTEMPATH\View\View.php(229): CodeIgniter\View\View->CodeIgniter\View\{closure}()
 5 SYSTEMPATH\Common.php(1188): CodeIgniter\View\View->render('bill/bill', [], true)
 6 APPPATH\Controllers\Admin.php(118): view('bill/bill', [...])
 7 SYSTEMPATH\CodeIgniter.php(919): App\Controllers\Admin->bill()
 8 SYSTEMPATH\CodeIgniter.php(494): CodeIgniter\CodeIgniter->runController(Object(App\Controllers\Admin))
 9 SYSTEMPATH\CodeIgniter.php(353): CodeIgniter\CodeIgniter->handleRequest(null, Object(Config\Cache), false)
10 FCPATH\index.php(79): CodeIgniter\CodeIgniter->run()
CRITICAL - 2024-01-10 05:24:14 --> Unknown database 'product'
in APPPATH\Views\bill\db.php on line 2.
 1 APPPATH\Views\bill\db.php(2): mysqli_connect('localhost', 'root', '', 'product')
 2 APPPATH\Views\bill\bill.php(2): include('C:\\xampp\\new xampp\\htdocs\\gst\\app\\Views\\bill\\db.php')
 3 SYSTEMPATH\View\View.php(226): include('C:\\xampp\\new xampp\\htdocs\\gst\\app\\Views\\bill\\bill.php')
 4 SYSTEMPATH\View\View.php(229): CodeIgniter\View\View->CodeIgniter\View\{closure}()
 5 SYSTEMPATH\Common.php(1188): CodeIgniter\View\View->render('bill/bill', [], true)
 6 APPPATH\Controllers\Admin.php(118): view('bill/bill', [...])
 7 SYSTEMPATH\CodeIgniter.php(919): App\Controllers\Admin->bill()
 8 SYSTEMPATH\CodeIgniter.php(494): CodeIgniter\CodeIgniter->runController(Object(App\Controllers\Admin))
 9 SYSTEMPATH\CodeIgniter.php(353): CodeIgniter\CodeIgniter->handleRequest(null, Object(Config\Cache), false)
10 FCPATH\index.php(79): CodeIgniter\CodeIgniter->run()
CRITICAL - 2024-01-10 05:24:20 --> Unknown database 'product'
in APPPATH\Views\bill\db.php on line 2.
 1 APPPATH\Views\bill\db.php(2): mysqli_connect('localhost', 'root', '', 'product')
 2 APPPATH\Views\bill\bill.php(2): include('C:\\xampp\\new xampp\\htdocs\\gst\\app\\Views\\bill\\db.php')
 3 SYSTEMPATH\View\View.php(226): include('C:\\xampp\\new xampp\\htdocs\\gst\\app\\Views\\bill\\bill.php')
 4 SYSTEMPATH\View\View.php(229): CodeIgniter\View\View->CodeIgniter\View\{closure}()
 5 SYSTEMPATH\Common.php(1188): CodeIgniter\View\View->render('bill/bill', [], true)
 6 APPPATH\Controllers\Admin.php(118): view('bill/bill', [...])
 7 SYSTEMPATH\CodeIgniter.php(919): App\Controllers\Admin->bill()
 8 SYSTEMPATH\CodeIgniter.php(494): CodeIgniter\CodeIgniter->runController(Object(App\Controllers\Admin))
 9 SYSTEMPATH\CodeIgniter.php(353): CodeIgniter\CodeIgniter->handleRequest(null, Object(Config\Cache), false)
10 FCPATH\index.php(79): CodeIgniter\CodeIgniter->run()
CRITICAL - 2024-01-10 10:18:39 --> Undefined property: App\Controllers\Admin::$userRow
in APPPATH\Controllers\Admin.php on line 34.
 1 APPPATH\Controllers\Admin.php(34): CodeIgniter\Debug\Exceptions->errorHandler(2, 'Undefined property: App\\Controllers\\Admin::$userRow', 'C:\\xampp\\new xampp\\htdocs\\gst\\app\\Controllers\\Admin.php', 34)
 2 APPPATH\Controllers\Admin.php(26): App\Controllers\Admin->header('Dashboard')
 3 SYSTEMPATH\CodeIgniter.php(919): App\Controllers\Admin->index()
 4 SYSTEMPATH\CodeIgniter.php(494): CodeIgniter\CodeIgniter->runController(Object(App\Controllers\Admin))
 5 SYSTEMPATH\CodeIgniter.php(353): CodeIgniter\CodeIgniter->handleRequest(null, Object(Config\Cache), false)
 6 FCPATH\index.php(79): CodeIgniter\CodeIgniter->run()
CRITICAL - 2024-01-10 10:20:50 --> Undefined property: App\Controllers\Admin::$categoryModel
in APPPATH\Controllers\Admin.php on line 138.
 1 APPPATH\Controllers\Admin.php(138): CodeIgniter\Debug\Exceptions->errorHandler(2, 'Undefined property: App\\Controllers\\Admin::$categoryModel', 'C:\\xampp\\new xampp\\htdocs\\gst\\app\\Controllers\\Admin.php', 138)
 2 SYSTEMPATH\CodeIgniter.php(919): App\Controllers\Admin->addcategory()
 3 SYSTEMPATH\CodeIgniter.php(494): CodeIgniter\CodeIgniter->runController(Object(App\Controllers\Admin))
 4 SYSTEMPATH\CodeIgniter.php(353): CodeIgniter\CodeIgniter->handleRequest(null, Object(Config\Cache), false)
 5 FCPATH\index.php(79): CodeIgniter\CodeIgniter->run()
CRITICAL - 2024-01-10 10:23:18 --> Undefined property: App\Controllers\Admin::$categoryModel
in APPPATH\Controllers\Admin.php on line 138.
 1 APPPATH\Controllers\Admin.php(138): CodeIgniter\Debug\Exceptions->errorHandler(2, 'Undefined property: App\\Controllers\\Admin::$categoryModel', 'C:\\xampp\\new xampp\\htdocs\\gst\\app\\Controllers\\Admin.php', 138)
 2 SYSTEMPATH\CodeIgniter.php(919): App\Controllers\Admin->addcategory()
 3 SYSTEMPATH\CodeIgniter.php(494): CodeIgniter\CodeIgniter->runController(Object(App\Controllers\Admin))
 4 SYSTEMPATH\CodeIgniter.php(353): CodeIgniter\CodeIgniter->handleRequest(null, Object(Config\Cache), false)
 5 FCPATH\index.php(79): CodeIgniter\CodeIgniter->run()
CRITICAL - 2024-01-10 10:23:25 --> Undefined property: App\Controllers\Admin::$categoryModel
in APPPATH\Controllers\Admin.php on line 138.
 1 APPPATH\Controllers\Admin.php(138): CodeIgniter\Debug\Exceptions->errorHandler(2, 'Undefined property: App\\Controllers\\Admin::$categoryModel', 'C:\\xampp\\new xampp\\htdocs\\gst\\app\\Controllers\\Admin.php', 138)
 2 SYSTEMPATH\CodeIgniter.php(919): App\Controllers\Admin->addcategory()
 3 SYSTEMPATH\CodeIgniter.php(494): CodeIgniter\CodeIgniter->runController(Object(App\Controllers\Admin))
 4 SYSTEMPATH\CodeIgniter.php(353): CodeIgniter\CodeIgniter->handleRequest(null, Object(Config\Cache), false)
 5 FCPATH\index.php(79): CodeIgniter\CodeIgniter->run()
ERROR - 2024-01-10 10:24:04 --> mysqli_sql_exception: Unknown column 'user' in 'field list' in C:\xampp\new xampp\htdocs\gst\system\Database\MySQLi\Connection.php:306
Stack trace:
#0 C:\xampp\new xampp\htdocs\gst\system\Database\MySQLi\Connection.php(306): mysqli->query('INSERT INTO `ca...', 0)
#1 C:\xampp\new xampp\htdocs\gst\system\Database\BaseConnection.php(692): CodeIgniter\Database\MySQLi\Connection->execute('INSERT INTO `ca...')
#2 C:\xampp\new xampp\htdocs\gst\system\Database\BaseConnection.php(606): CodeIgniter\Database\BaseConnection->simpleQuery('INSERT INTO `ca...')
#3 C:\xampp\new xampp\htdocs\gst\system\Database\BaseBuilder.php(2308): CodeIgniter\Database\BaseConnection->query('INSERT INTO `ca...', Array, false)
#4 C:\xampp\new xampp\htdocs\gst\system\Model.php(319): CodeIgniter\Database\BaseBuilder->insert()
#5 C:\xampp\new xampp\htdocs\gst\system\BaseModel.php(788): CodeIgniter\Model->doInsert(Array)
#6 C:\xampp\new xampp\htdocs\gst\system\Model.php(715): CodeIgniter\BaseModel->insert(Array, true)
#7 C:\xampp\new xampp\htdocs\gst\app\Controllers\Admin.php(140): CodeIgniter\Model->insert(Array)
#8 C:\xampp\new xampp\htdocs\gst\system\CodeIgniter.php(919): App\Controllers\Admin->addcategory()
#9 C:\xampp\new xampp\htdocs\gst\system\CodeIgniter.php(494): CodeIgniter\CodeIgniter->runController(Object(App\Controllers\Admin))
#10 C:\xampp\new xampp\htdocs\gst\system\CodeIgniter.php(353): CodeIgniter\CodeIgniter->handleRequest(NULL, Object(Config\Cache), false)
#11 C:\xampp\new xampp\htdocs\gst\index.php(79): CodeIgniter\CodeIgniter->run()
#12 {main}
CRITICAL - 2024-01-10 10:24:04 --> Unknown column 'user' in 'field list'
in SYSTEMPATH\Database\BaseConnection.php on line 646.
 1 SYSTEMPATH\Database\BaseBuilder.php(2308): CodeIgniter\Database\BaseConnection->query('INSERT INTO `category` (`iddate`, `name`, `status`, `user`) VALUES (:iddate:, :name:, :status:, :user:)', [...], false)
 2 SYSTEMPATH\Model.php(319): CodeIgniter\Database\BaseBuilder->insert()
 3 SYSTEMPATH\BaseModel.php(788): CodeIgniter\Model->doInsert([...])
 4 SYSTEMPATH\Model.php(715): CodeIgniter\BaseModel->insert([...], true)
 5 APPPATH\Controllers\Admin.php(140): CodeIgniter\Model->insert([...])
 6 SYSTEMPATH\CodeIgniter.php(919): App\Controllers\Admin->addcategory()
 7 SYSTEMPATH\CodeIgniter.php(494): CodeIgniter\CodeIgniter->runController(Object(App\Controllers\Admin))
 8 SYSTEMPATH\CodeIgniter.php(353): CodeIgniter\CodeIgniter->handleRequest(null, Object(Config\Cache), false)
 9 FCPATH\index.php(79): CodeIgniter\CodeIgniter->run()
CRITICAL - 2024-01-10 10:24:39 --> Undefined variable $productlist
in APPPATH\Views\category\categorylist.php on line 19.
 1 APPPATH\Views\category\categorylist.php(19): CodeIgniter\Debug\Exceptions->errorHandler(2, 'Undefined variable $productlist', 'C:\\xampp\\new xampp\\htdocs\\gst\\app\\Views\\category\\categorylist.php', 19)
 2 SYSTEMPATH\View\View.php(226): include('C:\\xampp\\new xampp\\htdocs\\gst\\app\\Views\\category\\categorylist.php')
 3 SYSTEMPATH\View\View.php(229): CodeIgniter\View\View->CodeIgniter\View\{closure}()
 4 SYSTEMPATH\Common.php(1188): CodeIgniter\View\View->render('category/categorylist', [], true)
 5 APPPATH\Controllers\Admin.php(188): view('category/categorylist', [...])
 6 SYSTEMPATH\CodeIgniter.php(919): App\Controllers\Admin->categorylist()
 7 SYSTEMPATH\CodeIgniter.php(494): CodeIgniter\CodeIgniter->runController(Object(App\Controllers\Admin))
 8 SYSTEMPATH\CodeIgniter.php(353): CodeIgniter\CodeIgniter->handleRequest(null, Object(Config\Cache), false)
 9 FCPATH\index.php(79): CodeIgniter\CodeIgniter->run()
ERROR - 2024-01-10 10:48:01 --> mysqli_sql_exception: Table 'gst.gst' doesn't exist in C:\xampp\new xampp\htdocs\gst\system\Database\MySQLi\Connection.php:306
Stack trace:
#0 C:\xampp\new xampp\htdocs\gst\system\Database\MySQLi\Connection.php(306): mysqli->query('INSERT INTO `gs...', 0)
#1 C:\xampp\new xampp\htdocs\gst\system\Database\BaseConnection.php(692): CodeIgniter\Database\MySQLi\Connection->execute('INSERT INTO `gs...')
#2 C:\xampp\new xampp\htdocs\gst\system\Database\BaseConnection.php(606): CodeIgniter\Database\BaseConnection->simpleQuery('INSERT INTO `gs...')
#3 C:\xampp\new xampp\htdocs\gst\system\Database\BaseBuilder.php(2308): CodeIgniter\Database\BaseConnection->query('INSERT INTO `gs...', Array, false)
#4 C:\xampp\new xampp\htdocs\gst\system\Model.php(319): CodeIgniter\Database\BaseBuilder->insert()
#5 C:\xampp\new xampp\htdocs\gst\system\BaseModel.php(788): CodeIgniter\Model->doInsert(Array)
#6 C:\xampp\new xampp\htdocs\gst\system\Model.php(715): CodeIgniter\BaseModel->insert(Array, true)
#7 C:\xampp\new xampp\htdocs\gst\app\Controllers\Admin.php(216): CodeIgniter\Model->insert(Array)
#8 C:\xampp\new xampp\htdocs\gst\system\CodeIgniter.php(919): App\Controllers\Admin->addgst()
#9 C:\xampp\new xampp\htdocs\gst\system\CodeIgniter.php(494): CodeIgniter\CodeIgniter->runController(Object(App\Controllers\Admin))
#10 C:\xampp\new xampp\htdocs\gst\system\CodeIgniter.php(353): CodeIgniter\CodeIgniter->handleRequest(NULL, Object(Config\Cache), false)
#11 C:\xampp\new xampp\htdocs\gst\index.php(79): CodeIgniter\CodeIgniter->run()
#12 {main}
CRITICAL - 2024-01-10 10:48:01 --> Table 'gst.gst' doesn't exist
in SYSTEMPATH\Database\BaseConnection.php on line 646.
 1 SYSTEMPATH\Database\BaseBuilder.php(2308): CodeIgniter\Database\BaseConnection->query('INSERT INTO `gst` (`iddate`, `tax_name`, `parcentage`, `user`) VALUES (:iddate:, :tax_name:, :parcentage:, :user:)', [...], false)
 2 SYSTEMPATH\Model.php(319): CodeIgniter\Database\BaseBuilder->insert()
 3 SYSTEMPATH\BaseModel.php(788): CodeIgniter\Model->doInsert([...])
 4 SYSTEMPATH\Model.php(715): CodeIgniter\BaseModel->insert([...], true)
 5 APPPATH\Controllers\Admin.php(216): CodeIgniter\Model->insert([...])
 6 SYSTEMPATH\CodeIgniter.php(919): App\Controllers\Admin->addgst()
 7 SYSTEMPATH\CodeIgniter.php(494): CodeIgniter\CodeIgniter->runController(Object(App\Controllers\Admin))
 8 SYSTEMPATH\CodeIgniter.php(353): CodeIgniter\CodeIgniter->handleRequest(null, Object(Config\Cache), false)
 9 FCPATH\index.php(79): CodeIgniter\CodeIgniter->run()
ERROR - 2024-01-10 10:49:45 --> mysqli_sql_exception: Unknown column 'user' in 'field list' in C:\xampp\new xampp\htdocs\gst\system\Database\MySQLi\Connection.php:306
Stack trace:
#0 C:\xampp\new xampp\htdocs\gst\system\Database\MySQLi\Connection.php(306): mysqli->query('INSERT INTO `gs...', 0)
#1 C:\xampp\new xampp\htdocs\gst\system\Database\BaseConnection.php(692): CodeIgniter\Database\MySQLi\Connection->execute('INSERT INTO `gs...')
#2 C:\xampp\new xampp\htdocs\gst\system\Database\BaseConnection.php(606): CodeIgniter\Database\BaseConnection->simpleQuery('INSERT INTO `gs...')
#3 C:\xampp\new xampp\htdocs\gst\system\Database\BaseBuilder.php(2308): CodeIgniter\Database\BaseConnection->query('INSERT INTO `gs...', Array, false)
#4 C:\xampp\new xampp\htdocs\gst\system\Model.php(319): CodeIgniter\Database\BaseBuilder->insert()
#5 C:\xampp\new xampp\htdocs\gst\system\BaseModel.php(788): CodeIgniter\Model->doInsert(Array)
#6 C:\xampp\new xampp\htdocs\gst\system\Model.php(715): CodeIgniter\BaseModel->insert(Array, true)
#7 C:\xampp\new xampp\htdocs\gst\app\Controllers\Admin.php(216): CodeIgniter\Model->insert(Array)
#8 C:\xampp\new xampp\htdocs\gst\system\CodeIgniter.php(919): App\Controllers\Admin->addgst()
#9 C:\xampp\new xampp\htdocs\gst\system\CodeIgniter.php(494): CodeIgniter\CodeIgniter->runController(Object(App\Controllers\Admin))
#10 C:\xampp\new xampp\htdocs\gst\system\CodeIgniter.php(353): CodeIgniter\CodeIgniter->handleRequest(NULL, Object(Config\Cache), false)
#11 C:\xampp\new xampp\htdocs\gst\index.php(79): CodeIgniter\CodeIgniter->run()
#12 {main}
CRITICAL - 2024-01-10 10:49:45 --> Unknown column 'user' in 'field list'
in SYSTEMPATH\Database\BaseConnection.php on line 646.
 1 SYSTEMPATH\Database\BaseBuilder.php(2308): CodeIgniter\Database\BaseConnection->query('INSERT INTO `gst` (`iddate`, `tax_name`, `parcentage`, `user`) VALUES (:iddate:, :tax_name:, :parcentage:, :user:)', [...], false)
 2 SYSTEMPATH\Model.php(319): CodeIgniter\Database\BaseBuilder->insert()
 3 SYSTEMPATH\BaseModel.php(788): CodeIgniter\Model->doInsert([...])
 4 SYSTEMPATH\Model.php(715): CodeIgniter\BaseModel->insert([...], true)
 5 APPPATH\Controllers\Admin.php(216): CodeIgniter\Model->insert([...])
 6 SYSTEMPATH\CodeIgniter.php(919): App\Controllers\Admin->addgst()
 7 SYSTEMPATH\CodeIgniter.php(494): CodeIgniter\CodeIgniter->runController(Object(App\Controllers\Admin))
 8 SYSTEMPATH\CodeIgniter.php(353): CodeIgniter\CodeIgniter->handleRequest(null, Object(Config\Cache), false)
 9 FCPATH\index.php(79): CodeIgniter\CodeIgniter->run()
CRITICAL - 2024-01-10 15:16:20 --> Undefined property: App\Controllers\Admin::$userRow
in APPPATH\Controllers\Admin.php on line 42.
 1 APPPATH\Controllers\Admin.php(42): CodeIgniter\Debug\Exceptions->errorHandler(2, 'Undefined property: App\\Controllers\\Admin::$userRow', 'C:\\xampp\\new xampp\\htdocs\\gst\\app\\Controllers\\Admin.php', 42)
 2 APPPATH\Controllers\Admin.php(269): App\Controllers\Admin->header('GST List')
 3 SYSTEMPATH\CodeIgniter.php(919): App\Controllers\Admin->gstlist()
 4 SYSTEMPATH\CodeIgniter.php(494): CodeIgniter\CodeIgniter->runController(Object(App\Controllers\Admin))
 5 SYSTEMPATH\CodeIgniter.php(353): CodeIgniter\CodeIgniter->handleRequest(null, Object(Config\Cache), false)
 6 FCPATH\index.php(79): CodeIgniter\CodeIgniter->run()
