CRITICAL - 2023-12-04 09:39:05 --> Object of class stdClass could not be converted to string
in SYSTEMPATH\Database\Query.php on line 327.
 1 SYSTEMPATH\Database\Query.php(327): implode(',', [...])
 2 SYSTEMPATH\Database\Query.php(308): CodeIgniter\Database\Query->matchNamedBinds('INSERT INTO `inspection` (`iddate`, `parameters`, `value`, `entryid`) VALUES (:iddate:, :parameters:, :value:, :entryid:)', [...])
 3 SYSTEMPATH\Database\Query.php(159): CodeIgniter\Database\Query->compileBinds()
 4 SYSTEMPATH\Database\BaseConnection.php(606): CodeIgniter\Database\Query->getQuery()
 5 SYSTEMPATH\Database\BaseBuilder.php(2308): CodeIgniter\Database\BaseConnection->query('INSERT INTO `inspection` (`iddate`, `parameters`, `value`, `entryid`) VALUES (:iddate:, :parameters:, :value:, :entryid:)', [...], false)
 6 SYSTEMPATH\Model.php(319): CodeIgniter\Database\BaseBuilder->insert()
 7 SYSTEMPATH\BaseModel.php(788): CodeIgniter\Model->doInsert([...])
 8 SYSTEMPATH\Model.php(715): CodeIgniter\BaseModel->insert([...], true)
 9 APPPATH\Controllers\Admin.php(552): CodeIgniter\Model->insert([...])
10 SYSTEMPATH\CodeIgniter.php(919): App\Controllers\Admin->addinspection()
11 SYSTEMPATH\CodeIgniter.php(494): CodeIgniter\CodeIgniter->runController(Object(App\Controllers\Admin))
12 SYSTEMPATH\CodeIgniter.php(353): CodeIgniter\CodeIgniter->handleRequest(null, Object(Config\Cache), false)
13 FCPATH\index.php(79): CodeIgniter\CodeIgniter->run()
CRITICAL - 2023-12-04 09:39:24 --> Object of class stdClass could not be converted to string
in SYSTEMPATH\Database\Query.php on line 327.
 1 SYSTEMPATH\Database\Query.php(327): implode(',', [...])
 2 SYSTEMPATH\Database\Query.php(308): CodeIgniter\Database\Query->matchNamedBinds('INSERT INTO `inspection` (`iddate`, `parameters`, `value`, `entryid`) VALUES (:iddate:, :parameters:, :value:, :entryid:)', [...])
 3 SYSTEMPATH\Database\Query.php(159): CodeIgniter\Database\Query->compileBinds()
 4 SYSTEMPATH\Database\BaseConnection.php(606): CodeIgniter\Database\Query->getQuery()
 5 SYSTEMPATH\Database\BaseBuilder.php(2308): CodeIgniter\Database\BaseConnection->query('INSERT INTO `inspection` (`iddate`, `parameters`, `value`, `entryid`) VALUES (:iddate:, :parameters:, :value:, :entryid:)', [...], false)
 6 SYSTEMPATH\Model.php(319): CodeIgniter\Database\BaseBuilder->insert()
 7 SYSTEMPATH\BaseModel.php(788): CodeIgniter\Model->doInsert([...])
 8 SYSTEMPATH\Model.php(715): CodeIgniter\BaseModel->insert([...], true)
 9 APPPATH\Controllers\Admin.php(552): CodeIgniter\Model->insert([...])
10 SYSTEMPATH\CodeIgniter.php(919): App\Controllers\Admin->addinspection()
11 SYSTEMPATH\CodeIgniter.php(494): CodeIgniter\CodeIgniter->runController(Object(App\Controllers\Admin))
12 SYSTEMPATH\CodeIgniter.php(353): CodeIgniter\CodeIgniter->handleRequest(null, Object(Config\Cache), false)
13 FCPATH\index.php(79): CodeIgniter\CodeIgniter->run()
CRITICAL - 2023-12-04 09:39:54 --> Object of class stdClass could not be converted to string
in SYSTEMPATH\Database\Query.php on line 327.
 1 SYSTEMPATH\Database\Query.php(327): implode(',', [...])
 2 SYSTEMPATH\Database\Query.php(308): CodeIgniter\Database\Query->matchNamedBinds('INSERT INTO `inspection` (`iddate`, `parameters`, `value`, `entryid`) VALUES (:iddate:, :parameters:, :value:, :entryid:)', [...])
 3 SYSTEMPATH\Database\Query.php(159): CodeIgniter\Database\Query->compileBinds()
 4 SYSTEMPATH\Database\BaseConnection.php(606): CodeIgniter\Database\Query->getQuery()
 5 SYSTEMPATH\Database\BaseBuilder.php(2308): CodeIgniter\Database\BaseConnection->query('INSERT INTO `inspection` (`iddate`, `parameters`, `value`, `entryid`) VALUES (:iddate:, :parameters:, :value:, :entryid:)', [...], false)
 6 SYSTEMPATH\Model.php(319): CodeIgniter\Database\BaseBuilder->insert()
 7 SYSTEMPATH\BaseModel.php(788): CodeIgniter\Model->doInsert([...])
 8 SYSTEMPATH\Model.php(715): CodeIgniter\BaseModel->insert([...], true)
 9 APPPATH\Controllers\Admin.php(552): CodeIgniter\Model->insert([...])
10 SYSTEMPATH\CodeIgniter.php(919): App\Controllers\Admin->addinspection()
11 SYSTEMPATH\CodeIgniter.php(494): CodeIgniter\CodeIgniter->runController(Object(App\Controllers\Admin))
12 SYSTEMPATH\CodeIgniter.php(353): CodeIgniter\CodeIgniter->handleRequest(null, Object(Config\Cache), false)
13 FCPATH\index.php(79): CodeIgniter\CodeIgniter->run()
CRITICAL - 2023-12-04 09:55:47 --> Array to string conversion
in SYSTEMPATH\Database\Query.php on line 327.
 1 [internal function]: CodeIgniter\Debug\Exceptions->errorHandler(2, 'Array to string conversion', 'C:\\xampp\\new xampp\\htdocs\\lmv1\\system\\Database\\Query.php', 327)
 2 SYSTEMPATH\Database\Query.php(327): implode(',', [...])
 3 SYSTEMPATH\Database\Query.php(308): CodeIgniter\Database\Query->matchNamedBinds('INSERT INTO `inspection` (`iddate`, `parameters`, `value`, `entryid`) VALUES (:iddate:, :parameters:, :value:, :entryid:)', [...])
 4 SYSTEMPATH\Database\Query.php(159): CodeIgniter\Database\Query->compileBinds()
 5 SYSTEMPATH\Database\BaseConnection.php(606): CodeIgniter\Database\Query->getQuery()
 6 SYSTEMPATH\Database\BaseBuilder.php(2308): CodeIgniter\Database\BaseConnection->query('INSERT INTO `inspection` (`iddate`, `parameters`, `value`, `entryid`) VALUES (:iddate:, :parameters:, :value:, :entryid:)', [...], false)
 7 SYSTEMPATH\Model.php(319): CodeIgniter\Database\BaseBuilder->insert()
 8 SYSTEMPATH\BaseModel.php(788): CodeIgniter\Model->doInsert([...])
 9 SYSTEMPATH\Model.php(715): CodeIgniter\BaseModel->insert([...], true)
10 APPPATH\Controllers\Admin.php(552): CodeIgniter\Model->insert([...])
11 SYSTEMPATH\CodeIgniter.php(919): App\Controllers\Admin->addinspection()
12 SYSTEMPATH\CodeIgniter.php(494): CodeIgniter\CodeIgniter->runController(Object(App\Controllers\Admin))
13 SYSTEMPATH\CodeIgniter.php(353): CodeIgniter\CodeIgniter->handleRequest(null, Object(Config\Cache), false)
14 FCPATH\index.php(79): CodeIgniter\CodeIgniter->run()
CRITICAL - 2023-12-04 09:55:54 --> Array to string conversion
in SYSTEMPATH\Database\Query.php on line 327.
 1 [internal function]: CodeIgniter\Debug\Exceptions->errorHandler(2, 'Array to string conversion', 'C:\\xampp\\new xampp\\htdocs\\lmv1\\system\\Database\\Query.php', 327)
 2 SYSTEMPATH\Database\Query.php(327): implode(',', [...])
 3 SYSTEMPATH\Database\Query.php(308): CodeIgniter\Database\Query->matchNamedBinds('INSERT INTO `inspection` (`iddate`, `parameters`, `value`, `entryid`) VALUES (:iddate:, :parameters:, :value:, :entryid:)', [...])
 4 SYSTEMPATH\Database\Query.php(159): CodeIgniter\Database\Query->compileBinds()
 5 SYSTEMPATH\Database\BaseConnection.php(606): CodeIgniter\Database\Query->getQuery()
 6 SYSTEMPATH\Database\BaseBuilder.php(2308): CodeIgniter\Database\BaseConnection->query('INSERT INTO `inspection` (`iddate`, `parameters`, `value`, `entryid`) VALUES (:iddate:, :parameters:, :value:, :entryid:)', [...], false)
 7 SYSTEMPATH\Model.php(319): CodeIgniter\Database\BaseBuilder->insert()
 8 SYSTEMPATH\BaseModel.php(788): CodeIgniter\Model->doInsert([...])
 9 SYSTEMPATH\Model.php(715): CodeIgniter\BaseModel->insert([...], true)
10 APPPATH\Controllers\Admin.php(552): CodeIgniter\Model->insert([...])
11 SYSTEMPATH\CodeIgniter.php(919): App\Controllers\Admin->addinspection()
12 SYSTEMPATH\CodeIgniter.php(494): CodeIgniter\CodeIgniter->runController(Object(App\Controllers\Admin))
13 SYSTEMPATH\CodeIgniter.php(353): CodeIgniter\CodeIgniter->handleRequest(null, Object(Config\Cache), false)
14 FCPATH\index.php(79): CodeIgniter\CodeIgniter->run()
CRITICAL - 2023-12-04 09:58:48 --> Array to string conversion
in SYSTEMPATH\Database\Query.php on line 327.
 1 [internal function]: CodeIgniter\Debug\Exceptions->errorHandler(2, 'Array to string conversion', 'C:\\xampp\\new xampp\\htdocs\\lmv1\\system\\Database\\Query.php', 327)
 2 SYSTEMPATH\Database\Query.php(327): implode(',', [...])
 3 SYSTEMPATH\Database\Query.php(308): CodeIgniter\Database\Query->matchNamedBinds('INSERT INTO `inspection` (`iddate`, `parameters`, `value`, `entryid`) VALUES (:iddate:, :parameters:, :value:, :entryid:)', [...])
 4 SYSTEMPATH\Database\Query.php(159): CodeIgniter\Database\Query->compileBinds()
 5 SYSTEMPATH\Database\BaseConnection.php(606): CodeIgniter\Database\Query->getQuery()
 6 SYSTEMPATH\Database\BaseBuilder.php(2308): CodeIgniter\Database\BaseConnection->query('INSERT INTO `inspection` (`iddate`, `parameters`, `value`, `entryid`) VALUES (:iddate:, :parameters:, :value:, :entryid:)', [...], false)
 7 SYSTEMPATH\Model.php(319): CodeIgniter\Database\BaseBuilder->insert()
 8 SYSTEMPATH\BaseModel.php(788): CodeIgniter\Model->doInsert([...])
 9 SYSTEMPATH\Model.php(715): CodeIgniter\BaseModel->insert([...], true)
10 APPPATH\Controllers\Admin.php(552): CodeIgniter\Model->insert([...])
11 SYSTEMPATH\CodeIgniter.php(919): App\Controllers\Admin->addinspection()
12 SYSTEMPATH\CodeIgniter.php(494): CodeIgniter\CodeIgniter->runController(Object(App\Controllers\Admin))
13 SYSTEMPATH\CodeIgniter.php(353): CodeIgniter\CodeIgniter->handleRequest(null, Object(Config\Cache), false)
14 FCPATH\index.php(79): CodeIgniter\CodeIgniter->run()
CRITICAL - 2023-12-04 09:59:51 --> Array to string conversion
in SYSTEMPATH\Database\Query.php on line 327.
 1 [internal function]: CodeIgniter\Debug\Exceptions->errorHandler(2, 'Array to string conversion', 'C:\\xampp\\new xampp\\htdocs\\lmv1\\system\\Database\\Query.php', 327)
 2 SYSTEMPATH\Database\Query.php(327): implode(',', [...])
 3 SYSTEMPATH\Database\Query.php(308): CodeIgniter\Database\Query->matchNamedBinds('INSERT INTO `inspection` (`iddate`, `parameters`, `value`, `entryid`) VALUES (:iddate:, :parameters:, :value:, :entryid:)', [...])
 4 SYSTEMPATH\Database\Query.php(159): CodeIgniter\Database\Query->compileBinds()
 5 SYSTEMPATH\Database\BaseConnection.php(606): CodeIgniter\Database\Query->getQuery()
 6 SYSTEMPATH\Database\BaseBuilder.php(2308): CodeIgniter\Database\BaseConnection->query('INSERT INTO `inspection` (`iddate`, `parameters`, `value`, `entryid`) VALUES (:iddate:, :parameters:, :value:, :entryid:)', [...], false)
 7 SYSTEMPATH\Model.php(319): CodeIgniter\Database\BaseBuilder->insert()
 8 SYSTEMPATH\BaseModel.php(788): CodeIgniter\Model->doInsert([...])
 9 SYSTEMPATH\Model.php(715): CodeIgniter\BaseModel->insert([...], true)
10 APPPATH\Controllers\Admin.php(552): CodeIgniter\Model->insert([...])
11 SYSTEMPATH\CodeIgniter.php(919): App\Controllers\Admin->addinspection()
12 SYSTEMPATH\CodeIgniter.php(494): CodeIgniter\CodeIgniter->runController(Object(App\Controllers\Admin))
13 SYSTEMPATH\CodeIgniter.php(353): CodeIgniter\CodeIgniter->handleRequest(null, Object(Config\Cache), false)
14 FCPATH\index.php(79): CodeIgniter\CodeIgniter->run()
