CRITICAL - 2023-12-13 05:58:25 --> Undefined property: App\Controllers\Home::$userModel
in APPPATH\Controllers\Home.php on line 26.
 1 APPPATH\Controllers\Home.php(26): CodeIgniter\Debug\Exceptions->errorHandler(2, 'Undefined property: App\\Controllers\\Home::$userModel', 'C:\\xampp\\new xampp\\htdocs\\b2b\\app\\Controllers\\Home.php', 26)
 2 SYSTEMPATH\CodeIgniter.php(919): App\Controllers\Home->login()
 3 SYSTEMPATH\CodeIgniter.php(494): CodeIgniter\CodeIgniter->runController(Object(App\Controllers\Home))
 4 SYSTEMPATH\CodeIgniter.php(353): CodeIgniter\CodeIgniter->handleRequest(null, Object(Config\Cache), false)
 5 FCPATH\index.php(79): CodeIgniter\CodeIgniter->run()
CRITICAL - 2023-12-13 05:59:19 --> Undefined property: App\Controllers\Home::$userModel
in APPPATH\Controllers\Home.php on line 26.
 1 APPPATH\Controllers\Home.php(26): CodeIgniter\Debug\Exceptions->errorHandler(2, 'Undefined property: App\\Controllers\\Home::$userModel', 'C:\\xampp\\new xampp\\htdocs\\b2b\\app\\Controllers\\Home.php', 26)
 2 SYSTEMPATH\CodeIgniter.php(919): App\Controllers\Home->login()
 3 SYSTEMPATH\CodeIgniter.php(494): CodeIgniter\CodeIgniter->runController(Object(App\Controllers\Home))
 4 SYSTEMPATH\CodeIgniter.php(353): CodeIgniter\CodeIgniter->handleRequest(null, Object(Config\Cache), false)
 5 FCPATH\index.php(79): CodeIgniter\CodeIgniter->run()
CRITICAL - 2023-12-13 05:59:46 --> Undefined property: App\Controllers\Home::$userModel
in APPPATH\Controllers\Home.php on line 26.
 1 APPPATH\Controllers\Home.php(26): CodeIgniter\Debug\Exceptions->errorHandler(2, 'Undefined property: App\\Controllers\\Home::$userModel', 'C:\\xampp\\new xampp\\htdocs\\b2b\\app\\Controllers\\Home.php', 26)
 2 SYSTEMPATH\CodeIgniter.php(919): App\Controllers\Home->login()
 3 SYSTEMPATH\CodeIgniter.php(494): CodeIgniter\CodeIgniter->runController(Object(App\Controllers\Home))
 4 SYSTEMPATH\CodeIgniter.php(353): CodeIgniter\CodeIgniter->handleRequest(null, Object(Config\Cache), false)
 5 FCPATH\index.php(79): CodeIgniter\CodeIgniter->run()
CRITICAL - 2023-12-13 05:59:54 --> Undefined property: App\Controllers\Home::$userModel
in APPPATH\Controllers\Home.php on line 26.
 1 APPPATH\Controllers\Home.php(26): CodeIgniter\Debug\Exceptions->errorHandler(2, 'Undefined property: App\\Controllers\\Home::$userModel', 'C:\\xampp\\new xampp\\htdocs\\b2b\\app\\Controllers\\Home.php', 26)
 2 SYSTEMPATH\CodeIgniter.php(919): App\Controllers\Home->login()
 3 SYSTEMPATH\CodeIgniter.php(494): CodeIgniter\CodeIgniter->runController(Object(App\Controllers\Home))
 4 SYSTEMPATH\CodeIgniter.php(353): CodeIgniter\CodeIgniter->handleRequest(null, Object(Config\Cache), false)
 5 FCPATH\index.php(79): CodeIgniter\CodeIgniter->run()
ERROR - 2023-12-13 06:00:55 --> mysqli_sql_exception: Table 'b2b.user' doesn't exist in C:\xampp\new xampp\htdocs\b2b\system\Database\MySQLi\Connection.php:306
Stack trace:
#0 C:\xampp\new xampp\htdocs\b2b\system\Database\MySQLi\Connection.php(306): mysqli->query('UPDATE `user` S...', 0)
#1 C:\xampp\new xampp\htdocs\b2b\system\Database\BaseConnection.php(692): CodeIgniter\Database\MySQLi\Connection->execute('UPDATE `user` S...')
#2 C:\xampp\new xampp\htdocs\b2b\system\Database\BaseConnection.php(606): CodeIgniter\Database\BaseConnection->simpleQuery('UPDATE `user` S...')
#3 C:\xampp\new xampp\htdocs\b2b\system\Database\BaseBuilder.php(2475): CodeIgniter\Database\BaseConnection->query('UPDATE `user` S...', Array, false)
#4 C:\xampp\new xampp\htdocs\b2b\app\Models\usersModel.php(40): CodeIgniter\Database\BaseBuilder->update()
#5 C:\xampp\new xampp\htdocs\b2b\app\Controllers\Home.php(30): App\Models\usersModel->set_user_token('c4ca4238a0b9238...', '1')
#6 C:\xampp\new xampp\htdocs\b2b\system\CodeIgniter.php(919): App\Controllers\Home->login()
#7 C:\xampp\new xampp\htdocs\b2b\system\CodeIgniter.php(494): CodeIgniter\CodeIgniter->runController(Object(App\Controllers\Home))
#8 C:\xampp\new xampp\htdocs\b2b\system\CodeIgniter.php(353): CodeIgniter\CodeIgniter->handleRequest(NULL, Object(Config\Cache), false)
#9 C:\xampp\new xampp\htdocs\b2b\index.php(79): CodeIgniter\CodeIgniter->run()
#10 {main}
CRITICAL - 2023-12-13 06:00:55 --> Table 'b2b.user' doesn't exist
in SYSTEMPATH\Database\BaseConnection.php on line 646.
 1 SYSTEMPATH\Database\BaseBuilder.php(2475): CodeIgniter\Database\BaseConnection->query('UPDATE `user` SET `authtoken` = :authtoken:
WHERE `id` = :id:', [...], false)
 2 APPPATH\Models\usersModel.php(40): CodeIgniter\Database\BaseBuilder->update()
 3 APPPATH\Controllers\Home.php(30): App\Models\usersModel->set_user_token('c4ca4238a0b923820dcc509a6f75849b', '1')
 4 SYSTEMPATH\CodeIgniter.php(919): App\Controllers\Home->login()
 5 SYSTEMPATH\CodeIgniter.php(494): CodeIgniter\CodeIgniter->runController(Object(App\Controllers\Home))
 6 SYSTEMPATH\CodeIgniter.php(353): CodeIgniter\CodeIgniter->handleRequest(null, Object(Config\Cache), false)
 7 FCPATH\index.php(79): CodeIgniter\CodeIgniter->run()
ERROR - 2023-12-13 06:03:12 --> mysqli_sql_exception: Unknown column 'authtoken' in 'field list' in C:\xampp\new xampp\htdocs\b2b\system\Database\MySQLi\Connection.php:306
Stack trace:
#0 C:\xampp\new xampp\htdocs\b2b\system\Database\MySQLi\Connection.php(306): mysqli->query('UPDATE `users` ...', 0)
#1 C:\xampp\new xampp\htdocs\b2b\system\Database\BaseConnection.php(692): CodeIgniter\Database\MySQLi\Connection->execute('UPDATE `users` ...')
#2 C:\xampp\new xampp\htdocs\b2b\system\Database\BaseConnection.php(606): CodeIgniter\Database\BaseConnection->simpleQuery('UPDATE `users` ...')
#3 C:\xampp\new xampp\htdocs\b2b\system\Database\BaseBuilder.php(2475): CodeIgniter\Database\BaseConnection->query('UPDATE `users` ...', Array, false)
#4 C:\xampp\new xampp\htdocs\b2b\app\Models\usersModel.php(40): CodeIgniter\Database\BaseBuilder->update()
#5 C:\xampp\new xampp\htdocs\b2b\app\Controllers\Home.php(30): App\Models\usersModel->set_user_token('c4ca4238a0b9238...', '1')
#6 C:\xampp\new xampp\htdocs\b2b\system\CodeIgniter.php(919): App\Controllers\Home->login()
#7 C:\xampp\new xampp\htdocs\b2b\system\CodeIgniter.php(494): CodeIgniter\CodeIgniter->runController(Object(App\Controllers\Home))
#8 C:\xampp\new xampp\htdocs\b2b\system\CodeIgniter.php(353): CodeIgniter\CodeIgniter->handleRequest(NULL, Object(Config\Cache), false)
#9 C:\xampp\new xampp\htdocs\b2b\index.php(79): CodeIgniter\CodeIgniter->run()
#10 {main}
CRITICAL - 2023-12-13 06:03:12 --> Unknown column 'authtoken' in 'field list'
in SYSTEMPATH\Database\BaseConnection.php on line 646.
 1 SYSTEMPATH\Database\BaseBuilder.php(2475): CodeIgniter\Database\BaseConnection->query('UPDATE `users` SET `authtoken` = :authtoken:
WHERE `id` = :id:', [...], false)
 2 APPPATH\Models\usersModel.php(40): CodeIgniter\Database\BaseBuilder->update()
 3 APPPATH\Controllers\Home.php(30): App\Models\usersModel->set_user_token('c4ca4238a0b923820dcc509a6f75849b', '1')
 4 SYSTEMPATH\CodeIgniter.php(919): App\Controllers\Home->login()
 5 SYSTEMPATH\CodeIgniter.php(494): CodeIgniter\CodeIgniter->runController(Object(App\Controllers\Home))
 6 SYSTEMPATH\CodeIgniter.php(353): CodeIgniter\CodeIgniter->handleRequest(null, Object(Config\Cache), false)
 7 FCPATH\index.php(79): CodeIgniter\CodeIgniter->run()
CRITICAL - 2023-12-13 06:04:09 --> Class "App\Models\userModel" not found
in APPPATH\Controllers\Admin.php on line 29.
 1 SYSTEMPATH\CodeIgniter.php(891): App\Controllers\Admin->__construct()
 2 SYSTEMPATH\CodeIgniter.php(485): CodeIgniter\CodeIgniter->createController()
 3 SYSTEMPATH\CodeIgniter.php(353): CodeIgniter\CodeIgniter->handleRequest(null, Object(Config\Cache), false)
 4 FCPATH\index.php(79): CodeIgniter\CodeIgniter->run()
CRITICAL - 2023-12-13 06:04:46 --> Class "App\Models\parameterModel" not found
in APPPATH\Controllers\Admin.php on line 30.
 1 SYSTEMPATH\CodeIgniter.php(891): App\Controllers\Admin->__construct()
 2 SYSTEMPATH\CodeIgniter.php(485): CodeIgniter\CodeIgniter->createController()
 3 SYSTEMPATH\CodeIgniter.php(353): CodeIgniter\CodeIgniter->handleRequest(null, Object(Config\Cache), false)
 4 FCPATH\index.php(79): CodeIgniter\CodeIgniter->run()
CRITICAL - 2023-12-13 06:04:48 --> Class "App\Models\parameterModel" not found
in APPPATH\Controllers\Admin.php on line 30.
 1 SYSTEMPATH\CodeIgniter.php(891): App\Controllers\Admin->__construct()
 2 SYSTEMPATH\CodeIgniter.php(485): CodeIgniter\CodeIgniter->createController()
 3 SYSTEMPATH\CodeIgniter.php(353): CodeIgniter\CodeIgniter->handleRequest(null, Object(Config\Cache), false)
 4 FCPATH\index.php(79): CodeIgniter\CodeIgniter->run()
CRITICAL - 2023-12-13 06:05:21 --> Undefined property: App\Controllers\Admin::$productionModel
in APPPATH\Controllers\Admin.php on line 43.
 1 APPPATH\Controllers\Admin.php(43): CodeIgniter\Debug\Exceptions->errorHandler(2, 'Undefined property: App\\Controllers\\Admin::$productionModel', 'C:\\xampp\\new xampp\\htdocs\\b2b\\app\\Controllers\\Admin.php', 43)
 2 SYSTEMPATH\CodeIgniter.php(919): App\Controllers\Admin->index()
 3 SYSTEMPATH\CodeIgniter.php(494): CodeIgniter\CodeIgniter->runController(Object(App\Controllers\Admin))
 4 SYSTEMPATH\CodeIgniter.php(353): CodeIgniter\CodeIgniter->handleRequest(null, Object(Config\Cache), false)
 5 FCPATH\index.php(79): CodeIgniter\CodeIgniter->run()
CRITICAL - 2023-12-13 06:13:57 --> Invalid file: "include/header.php"
in SYSTEMPATH\Exceptions\FrameworkException.php on line 39.
 1 SYSTEMPATH\View\View.php(214): CodeIgniter\Exceptions\FrameworkException::forInvalidFile('include/header.php')
 2 SYSTEMPATH\Common.php(1188): CodeIgniter\View\View->render('include/header', [], true)
 3 APPPATH\Controllers\Home.php(43): view('include/header', [...])
 4 SYSTEMPATH\CodeIgniter.php(919): App\Controllers\Home->login()
 5 SYSTEMPATH\CodeIgniter.php(494): CodeIgniter\CodeIgniter->runController(Object(App\Controllers\Home))
 6 SYSTEMPATH\CodeIgniter.php(353): CodeIgniter\CodeIgniter->handleRequest(null, Object(Config\Cache), false)
 7 FCPATH\index.php(79): CodeIgniter\CodeIgniter->run()
CRITICAL - 2023-12-13 06:15:11 --> Undefined property: App\Controllers\Admin::$userRow
in APPPATH\Controllers\Admin.php on line 38.
 1 APPPATH\Controllers\Admin.php(38): CodeIgniter\Debug\Exceptions->errorHandler(2, 'Undefined property: App\\Controllers\\Admin::$userRow', 'C:\\xampp\\new xampp\\htdocs\\b2b\\app\\Controllers\\Admin.php', 38)
 2 APPPATH\Controllers\Admin.php(29): App\Controllers\Admin->header('Dashboard')
 3 SYSTEMPATH\CodeIgniter.php(919): App\Controllers\Admin->index()
 4 SYSTEMPATH\CodeIgniter.php(494): CodeIgniter\CodeIgniter->runController(Object(App\Controllers\Admin))
 5 SYSTEMPATH\CodeIgniter.php(353): CodeIgniter\CodeIgniter->handleRequest(null, Object(Config\Cache), false)
 6 FCPATH\index.php(79): CodeIgniter\CodeIgniter->run()
CRITICAL - 2023-12-13 08:08:01 --> Invalid file: "include/sidebar.php"
in SYSTEMPATH\Exceptions\FrameworkException.php on line 39.
 1 SYSTEMPATH\View\View.php(214): CodeIgniter\Exceptions\FrameworkException::forInvalidFile('include/sidebar.php')
 2 SYSTEMPATH\Common.php(1188): CodeIgniter\View\View->render('include/sidebar', [], true)
 3 APPPATH\Controllers\Admin.php(48): view('include/sidebar')
 4 APPPATH\Controllers\Admin.php(37): App\Controllers\Admin->header('Dashboard')
 5 SYSTEMPATH\CodeIgniter.php(919): App\Controllers\Admin->index()
 6 SYSTEMPATH\CodeIgniter.php(494): CodeIgniter\CodeIgniter->runController(Object(App\Controllers\Admin))
 7 SYSTEMPATH\CodeIgniter.php(353): CodeIgniter\CodeIgniter->handleRequest(null, Object(Config\Cache), false)
 8 FCPATH\index.php(79): CodeIgniter\CodeIgniter->run()
CRITICAL - 2023-12-13 10:28:06 --> Class "App\Models\auto_fill_rateMoled" not found
in APPPATH\Controllers\Admin.php on line 25.
 1 SYSTEMPATH\CodeIgniter.php(891): App\Controllers\Admin->__construct()
 2 SYSTEMPATH\CodeIgniter.php(485): CodeIgniter\CodeIgniter->createController()
 3 SYSTEMPATH\CodeIgniter.php(353): CodeIgniter\CodeIgniter->handleRequest(null, Object(Config\Cache), false)
 4 FCPATH\index.php(79): CodeIgniter\CodeIgniter->run()
CRITICAL - 2023-12-13 10:28:53 --> Class "App\Models\auto_fill_rateMoled" not found
in APPPATH\Controllers\Admin.php on line 25.
 1 SYSTEMPATH\CodeIgniter.php(891): App\Controllers\Admin->__construct()
 2 SYSTEMPATH\CodeIgniter.php(485): CodeIgniter\CodeIgniter->createController()
 3 SYSTEMPATH\CodeIgniter.php(353): CodeIgniter\CodeIgniter->handleRequest(null, Object(Config\Cache), false)
 4 FCPATH\index.php(79): CodeIgniter\CodeIgniter->run()
