CRITICAL - 2024-01-06 06:05:44 --> Undefined array key "loding_point"
in APPPATH\Views\vehicles_list\running_list.php on line 26.
 1 APPPATH\Views\vehicles_list\running_list.php(26): CodeIgniter\Debug\Exceptions->errorHandler(2, 'Undefined array key "loding_point"', 'C:\\xampp\\new xampp\\htdocs\\b2b\\app\\Views\\vehicles_list\\running_list.php', 26)
 2 SYSTEMPATH\View\View.php(226): include('C:\\xampp\\new xampp\\htdocs\\b2b\\app\\Views\\vehicles_list\\running_list.php')
 3 SYSTEMPATH\View\View.php(229): CodeIgniter\View\View->CodeIgniter\View\{closure}()
 4 SYSTEMPATH\Common.php(1188): CodeIgniter\View\View->render('vehicles_list/running_list', [], true)
 5 APPPATH\Controllers\Admin.php(1235): view('vehicles_list/running_list', [...])
 6 SYSTEMPATH\CodeIgniter.php(919): App\Controllers\Admin->running_vehicles()
 7 SYSTEMPATH\CodeIgniter.php(494): CodeIgniter\CodeIgniter->runController(Object(App\Controllers\Admin))
 8 SYSTEMPATH\CodeIgniter.php(353): CodeIgniter\CodeIgniter->handleRequest(null, Object(Config\Cache), false)
 9 FCPATH\index.php(79): CodeIgniter\CodeIgniter->run()
CRITICAL - 2024-01-06 06:36:38 --> Undefined array key "loding_point"
in APPPATH\Views\vehicles_list\running_list.php on line 26.
 1 APPPATH\Views\vehicles_list\running_list.php(26): CodeIgniter\Debug\Exceptions->errorHandler(2, 'Undefined array key "loding_point"', 'C:\\xampp\\new xampp\\htdocs\\b2b\\app\\Views\\vehicles_list\\running_list.php', 26)
 2 SYSTEMPATH\View\View.php(226): include('C:\\xampp\\new xampp\\htdocs\\b2b\\app\\Views\\vehicles_list\\running_list.php')
 3 SYSTEMPATH\View\View.php(229): CodeIgniter\View\View->CodeIgniter\View\{closure}()
 4 SYSTEMPATH\Common.php(1188): CodeIgniter\View\View->render('vehicles_list/running_list', [], true)
 5 APPPATH\Controllers\Admin.php(1235): view('vehicles_list/running_list', [...])
 6 SYSTEMPATH\CodeIgniter.php(919): App\Controllers\Admin->running_vehicles()
 7 SYSTEMPATH\CodeIgniter.php(494): CodeIgniter\CodeIgniter->runController(Object(App\Controllers\Admin))
 8 SYSTEMPATH\CodeIgniter.php(353): CodeIgniter\CodeIgniter->handleRequest(null, Object(Config\Cache), false)
 9 FCPATH\index.php(79): CodeIgniter\CodeIgniter->run()
CRITICAL - 2024-01-06 06:44:15 --> Undefined array key "loding_point"
in APPPATH\Views\vehicles_list\running_list.php on line 26.
 1 APPPATH\Views\vehicles_list\running_list.php(26): CodeIgniter\Debug\Exceptions->errorHandler(2, 'Undefined array key "loding_point"', 'C:\\xampp\\new xampp\\htdocs\\b2b\\app\\Views\\vehicles_list\\running_list.php', 26)
 2 SYSTEMPATH\View\View.php(226): include('C:\\xampp\\new xampp\\htdocs\\b2b\\app\\Views\\vehicles_list\\running_list.php')
 3 SYSTEMPATH\View\View.php(229): CodeIgniter\View\View->CodeIgniter\View\{closure}()
 4 SYSTEMPATH\Common.php(1188): CodeIgniter\View\View->render('vehicles_list/running_list', [], true)
 5 APPPATH\Controllers\Admin.php(1235): view('vehicles_list/running_list', [...])
 6 SYSTEMPATH\CodeIgniter.php(919): App\Controllers\Admin->running_vehicles()
 7 SYSTEMPATH\CodeIgniter.php(494): CodeIgniter\CodeIgniter->runController(Object(App\Controllers\Admin))
 8 SYSTEMPATH\CodeIgniter.php(353): CodeIgniter\CodeIgniter->handleRequest(null, Object(Config\Cache), false)
 9 FCPATH\index.php(79): CodeIgniter\CodeIgniter->run()
CRITICAL - 2024-01-06 06:44:19 --> Undefined array key "loding_point"
in APPPATH\Views\vehicles_list\running_list.php on line 26.
 1 APPPATH\Views\vehicles_list\running_list.php(26): CodeIgniter\Debug\Exceptions->errorHandler(2, 'Undefined array key "loding_point"', 'C:\\xampp\\new xampp\\htdocs\\b2b\\app\\Views\\vehicles_list\\running_list.php', 26)
 2 SYSTEMPATH\View\View.php(226): include('C:\\xampp\\new xampp\\htdocs\\b2b\\app\\Views\\vehicles_list\\running_list.php')
 3 SYSTEMPATH\View\View.php(229): CodeIgniter\View\View->CodeIgniter\View\{closure}()
 4 SYSTEMPATH\Common.php(1188): CodeIgniter\View\View->render('vehicles_list/running_list', [], true)
 5 APPPATH\Controllers\Admin.php(1235): view('vehicles_list/running_list', [...])
 6 SYSTEMPATH\CodeIgniter.php(919): App\Controllers\Admin->running_vehicles()
 7 SYSTEMPATH\CodeIgniter.php(494): CodeIgniter\CodeIgniter->runController(Object(App\Controllers\Admin))
 8 SYSTEMPATH\CodeIgniter.php(353): CodeIgniter\CodeIgniter->handleRequest(null, Object(Config\Cache), false)
 9 FCPATH\index.php(79): CodeIgniter\CodeIgniter->run()
CRITICAL - 2024-01-06 06:44:22 --> Undefined array key "loding_point"
in APPPATH\Views\vehicles_list\running_list.php on line 26.
 1 APPPATH\Views\vehicles_list\running_list.php(26): CodeIgniter\Debug\Exceptions->errorHandler(2, 'Undefined array key "loding_point"', 'C:\\xampp\\new xampp\\htdocs\\b2b\\app\\Views\\vehicles_list\\running_list.php', 26)
 2 SYSTEMPATH\View\View.php(226): include('C:\\xampp\\new xampp\\htdocs\\b2b\\app\\Views\\vehicles_list\\running_list.php')
 3 SYSTEMPATH\View\View.php(229): CodeIgniter\View\View->CodeIgniter\View\{closure}()
 4 SYSTEMPATH\Common.php(1188): CodeIgniter\View\View->render('vehicles_list/running_list', [], true)
 5 APPPATH\Controllers\Admin.php(1235): view('vehicles_list/running_list', [...])
 6 SYSTEMPATH\CodeIgniter.php(919): App\Controllers\Admin->running_vehicles()
 7 SYSTEMPATH\CodeIgniter.php(494): CodeIgniter\CodeIgniter->runController(Object(App\Controllers\Admin))
 8 SYSTEMPATH\CodeIgniter.php(353): CodeIgniter\CodeIgniter->handleRequest(null, Object(Config\Cache), false)
 9 FCPATH\index.php(79): CodeIgniter\CodeIgniter->run()
CRITICAL - 2024-01-06 06:44:28 --> Undefined variable $pending
in APPPATH\Views\vendar\pendiniglist.php on line 18.
 1 APPPATH\Views\vendar\pendiniglist.php(18): CodeIgniter\Debug\Exceptions->errorHandler(2, 'Undefined variable $pending', 'C:\\xampp\\new xampp\\htdocs\\b2b\\app\\Views\\vendar\\pendiniglist.php', 18)
 2 SYSTEMPATH\View\View.php(226): include('C:\\xampp\\new xampp\\htdocs\\b2b\\app\\Views\\vendar\\pendiniglist.php')
 3 SYSTEMPATH\View\View.php(229): CodeIgniter\View\View->CodeIgniter\View\{closure}()
 4 SYSTEMPATH\Common.php(1188): CodeIgniter\View\View->render('vendar/pendiniglist', [], true)
 5 APPPATH\Controllers\Admin.php(1737): view('vendar/pendiniglist', [...])
 6 SYSTEMPATH\CodeIgniter.php(919): App\Controllers\Admin->pendiniglist()
 7 SYSTEMPATH\CodeIgniter.php(494): CodeIgniter\CodeIgniter->runController(Object(App\Controllers\Admin))
 8 SYSTEMPATH\CodeIgniter.php(353): CodeIgniter\CodeIgniter->handleRequest(null, Object(Config\Cache), false)
 9 FCPATH\index.php(79): CodeIgniter\CodeIgniter->run()
CRITICAL - 2024-01-06 06:44:42 --> Undefined variable $pending
in APPPATH\Views\vendar\pendiniglist.php on line 18.
 1 APPPATH\Views\vendar\pendiniglist.php(18): CodeIgniter\Debug\Exceptions->errorHandler(2, 'Undefined variable $pending', 'C:\\xampp\\new xampp\\htdocs\\b2b\\app\\Views\\vendar\\pendiniglist.php', 18)
 2 SYSTEMPATH\View\View.php(226): include('C:\\xampp\\new xampp\\htdocs\\b2b\\app\\Views\\vendar\\pendiniglist.php')
 3 SYSTEMPATH\View\View.php(229): CodeIgniter\View\View->CodeIgniter\View\{closure}()
 4 SYSTEMPATH\Common.php(1188): CodeIgniter\View\View->render('vendar/pendiniglist', [], true)
 5 APPPATH\Controllers\Admin.php(1737): view('vendar/pendiniglist', [...])
 6 SYSTEMPATH\CodeIgniter.php(919): App\Controllers\Admin->pendiniglist()
 7 SYSTEMPATH\CodeIgniter.php(494): CodeIgniter\CodeIgniter->runController(Object(App\Controllers\Admin))
 8 SYSTEMPATH\CodeIgniter.php(353): CodeIgniter\CodeIgniter->handleRequest(null, Object(Config\Cache), false)
 9 FCPATH\index.php(79): CodeIgniter\CodeIgniter->run()
CRITICAL - 2024-01-06 07:44:11 --> Undefined variable $din
in APPPATH\Views\vendar\bill.php on line 15.
 1 APPPATH\Views\vendar\bill.php(15): CodeIgniter\Debug\Exceptions->errorHandler(2, 'Undefined variable $din', 'C:\\xampp\\new xampp\\htdocs\\b2b\\app\\Views\\vendar\\bill.php', 15)
 2 SYSTEMPATH\View\View.php(226): include('C:\\xampp\\new xampp\\htdocs\\b2b\\app\\Views\\vendar\\bill.php')
 3 SYSTEMPATH\View\View.php(229): CodeIgniter\View\View->CodeIgniter\View\{closure}()
 4 SYSTEMPATH\Common.php(1188): CodeIgniter\View\View->render('vendar/bill', [], true)
 5 APPPATH\Controllers\Admin.php(1767): view('vendar/bill', [...])
 6 SYSTEMPATH\CodeIgniter.php(919): App\Controllers\Admin->billcreation()
 7 SYSTEMPATH\CodeIgniter.php(494): CodeIgniter\CodeIgniter->runController(Object(App\Controllers\Admin))
 8 SYSTEMPATH\CodeIgniter.php(353): CodeIgniter\CodeIgniter->handleRequest(null, Object(Config\Cache), false)
 9 FCPATH\index.php(79): CodeIgniter\CodeIgniter->run()
CRITICAL - 2024-01-06 07:48:34 --> Attempt to read property "id" on null
in APPPATH\Controllers\Admin.php on line 1758.
 1 APPPATH\Controllers\Admin.php(1758): CodeIgniter\Debug\Exceptions->errorHandler(2, 'Attempt to read property "id" on null', 'C:\\xampp\\new xampp\\htdocs\\b2b\\app\\Controllers\\Admin.php', 1758)
 2 SYSTEMPATH\CodeIgniter.php(919): App\Controllers\Admin->billcreation()
 3 SYSTEMPATH\CodeIgniter.php(494): CodeIgniter\CodeIgniter->runController(Object(App\Controllers\Admin))
 4 SYSTEMPATH\CodeIgniter.php(353): CodeIgniter\CodeIgniter->handleRequest(null, Object(Config\Cache), false)
 5 FCPATH\index.php(79): CodeIgniter\CodeIgniter->run()
CRITICAL - 2024-01-06 07:49:01 --> Attempt to read property "id" on null
in APPPATH\Controllers\Admin.php on line 1758.
 1 APPPATH\Controllers\Admin.php(1758): CodeIgniter\Debug\Exceptions->errorHandler(2, 'Attempt to read property "id" on null', 'C:\\xampp\\new xampp\\htdocs\\b2b\\app\\Controllers\\Admin.php', 1758)
 2 SYSTEMPATH\CodeIgniter.php(919): App\Controllers\Admin->billcreation()
 3 SYSTEMPATH\CodeIgniter.php(494): CodeIgniter\CodeIgniter->runController(Object(App\Controllers\Admin))
 4 SYSTEMPATH\CodeIgniter.php(353): CodeIgniter\CodeIgniter->handleRequest(null, Object(Config\Cache), false)
 5 FCPATH\index.php(79): CodeIgniter\CodeIgniter->run()
CRITICAL - 2024-01-06 10:39:17 --> Undefined variable $pending
in APPPATH\Views\vendar\pendiniglist.php on line 19.
 1 APPPATH\Views\vendar\pendiniglist.php(19): CodeIgniter\Debug\Exceptions->errorHandler(2, 'Undefined variable $pending', 'C:\\xampp\\new xampp\\htdocs\\b2b\\app\\Views\\vendar\\pendiniglist.php', 19)
 2 SYSTEMPATH\View\View.php(226): include('C:\\xampp\\new xampp\\htdocs\\b2b\\app\\Views\\vendar\\pendiniglist.php')
 3 SYSTEMPATH\View\View.php(229): CodeIgniter\View\View->CodeIgniter\View\{closure}()
 4 SYSTEMPATH\Common.php(1188): CodeIgniter\View\View->render('vendar/pendiniglist', [], true)
 5 APPPATH\Controllers\Admin.php(1785): view('vendar/pendiniglist', [...])
 6 SYSTEMPATH\CodeIgniter.php(919): App\Controllers\Admin->paidbill()
 7 SYSTEMPATH\CodeIgniter.php(494): CodeIgniter\CodeIgniter->runController(Object(App\Controllers\Admin))
 8 SYSTEMPATH\CodeIgniter.php(353): CodeIgniter\CodeIgniter->handleRequest(null, Object(Config\Cache), false)
 9 FCPATH\index.php(79): CodeIgniter\CodeIgniter->run()
CRITICAL - 2024-01-06 10:45:46 --> Undefined variable $pending
in APPPATH\Views\vendar\pendiniglist.php on line 2.
 1 APPPATH\Views\vendar\pendiniglist.php(2): CodeIgniter\Debug\Exceptions->errorHandler(2, 'Undefined variable $pending', 'C:\\xampp\\new xampp\\htdocs\\b2b\\app\\Views\\vendar\\pendiniglist.php', 2)
 2 SYSTEMPATH\View\View.php(226): include('C:\\xampp\\new xampp\\htdocs\\b2b\\app\\Views\\vendar\\pendiniglist.php')
 3 SYSTEMPATH\View\View.php(229): CodeIgniter\View\View->CodeIgniter\View\{closure}()
 4 SYSTEMPATH\Common.php(1188): CodeIgniter\View\View->render('vendar/pendiniglist', [], true)
 5 APPPATH\Controllers\Admin.php(1779): view('vendar/pendiniglist', [...])
 6 SYSTEMPATH\CodeIgniter.php(919): App\Controllers\Admin->apruvalbill()
 7 SYSTEMPATH\CodeIgniter.php(494): CodeIgniter\CodeIgniter->runController(Object(App\Controllers\Admin))
 8 SYSTEMPATH\CodeIgniter.php(353): CodeIgniter\CodeIgniter->handleRequest(null, Object(Config\Cache), false)
 9 FCPATH\index.php(79): CodeIgniter\CodeIgniter->run()
CRITICAL - 2024-01-06 11:00:24 --> Undefined variable $pending
in APPPATH\Views\vendar\pendiniglist.php on line 2.
 1 APPPATH\Views\vendar\pendiniglist.php(2): CodeIgniter\Debug\Exceptions->errorHandler(2, 'Undefined variable $pending', 'C:\\xampp\\new xampp\\htdocs\\b2b\\app\\Views\\vendar\\pendiniglist.php', 2)
 2 SYSTEMPATH\View\View.php(226): include('C:\\xampp\\new xampp\\htdocs\\b2b\\app\\Views\\vendar\\pendiniglist.php')
 3 SYSTEMPATH\View\View.php(229): CodeIgniter\View\View->CodeIgniter\View\{closure}()
 4 SYSTEMPATH\Common.php(1188): CodeIgniter\View\View->render('vendar/pendiniglist', [], true)
 5 APPPATH\Controllers\Admin.php(1773): view('vendar/pendiniglist', [...])
 6 SYSTEMPATH\CodeIgniter.php(919): App\Controllers\Admin->pendingbill()
 7 SYSTEMPATH\CodeIgniter.php(494): CodeIgniter\CodeIgniter->runController(Object(App\Controllers\Admin))
 8 SYSTEMPATH\CodeIgniter.php(353): CodeIgniter\CodeIgniter->handleRequest(null, Object(Config\Cache), false)
 9 FCPATH\index.php(79): CodeIgniter\CodeIgniter->run()
CRITICAL - 2024-01-06 11:38:23 --> Undefined variable $vendor
in APPPATH\Views\slip\addslip.php on line 54.
 1 APPPATH\Views\slip\addslip.php(54): CodeIgniter\Debug\Exceptions->errorHandler(2, 'Undefined variable $vendor', 'C:\\xampp\\new xampp\\htdocs\\b2b\\app\\Views\\slip\\addslip.php', 54)
 2 SYSTEMPATH\View\View.php(226): include('C:\\xampp\\new xampp\\htdocs\\b2b\\app\\Views\\slip\\addslip.php')
 3 SYSTEMPATH\View\View.php(229): CodeIgniter\View\View->CodeIgniter\View\{closure}()
 4 SYSTEMPATH\Common.php(1188): CodeIgniter\View\View->render('slip/addslip', [], true)
 5 APPPATH\Controllers\Admin.php(1817): view('slip/addslip', [...])
 6 SYSTEMPATH\CodeIgniter.php(919): App\Controllers\Admin->addslip()
 7 SYSTEMPATH\CodeIgniter.php(494): CodeIgniter\CodeIgniter->runController(Object(App\Controllers\Admin))
 8 SYSTEMPATH\CodeIgniter.php(353): CodeIgniter\CodeIgniter->handleRequest(null, Object(Config\Cache), false)
 9 FCPATH\index.php(79): CodeIgniter\CodeIgniter->run()
CRITICAL - 2024-01-06 15:25:57 --> Undefined array key "loding_point"
in APPPATH\Views\vehicles_list\running_list.php on line 26.
 1 APPPATH\Views\vehicles_list\running_list.php(26): CodeIgniter\Debug\Exceptions->errorHandler(2, 'Undefined array key "loding_point"', 'C:\\xampp\\new xampp\\htdocs\\b2b\\app\\Views\\vehicles_list\\running_list.php', 26)
 2 SYSTEMPATH\View\View.php(226): include('C:\\xampp\\new xampp\\htdocs\\b2b\\app\\Views\\vehicles_list\\running_list.php')
 3 SYSTEMPATH\View\View.php(229): CodeIgniter\View\View->CodeIgniter\View\{closure}()
 4 SYSTEMPATH\Common.php(1188): CodeIgniter\View\View->render('vehicles_list/running_list', [], true)
 5 APPPATH\Controllers\Admin.php(1235): view('vehicles_list/running_list', [...])
 6 SYSTEMPATH\CodeIgniter.php(919): App\Controllers\Admin->running_vehicles()
 7 SYSTEMPATH\CodeIgniter.php(494): CodeIgniter\CodeIgniter->runController(Object(App\Controllers\Admin))
 8 SYSTEMPATH\CodeIgniter.php(353): CodeIgniter\CodeIgniter->handleRequest(null, Object(Config\Cache), false)
 9 FCPATH\index.php(79): CodeIgniter\CodeIgniter->run()
CRITICAL - 2024-01-06 15:25:59 --> Undefined array key "loding_point"
in APPPATH\Views\vehicles_list\running_list.php on line 26.
 1 APPPATH\Views\vehicles_list\running_list.php(26): CodeIgniter\Debug\Exceptions->errorHandler(2, 'Undefined array key "loding_point"', 'C:\\xampp\\new xampp\\htdocs\\b2b\\app\\Views\\vehicles_list\\running_list.php', 26)
 2 SYSTEMPATH\View\View.php(226): include('C:\\xampp\\new xampp\\htdocs\\b2b\\app\\Views\\vehicles_list\\running_list.php')
 3 SYSTEMPATH\View\View.php(229): CodeIgniter\View\View->CodeIgniter\View\{closure}()
 4 SYSTEMPATH\Common.php(1188): CodeIgniter\View\View->render('vehicles_list/running_list', [], true)
 5 APPPATH\Controllers\Admin.php(1235): view('vehicles_list/running_list', [...])
 6 SYSTEMPATH\CodeIgniter.php(919): App\Controllers\Admin->running_vehicles()
 7 SYSTEMPATH\CodeIgniter.php(494): CodeIgniter\CodeIgniter->runController(Object(App\Controllers\Admin))
 8 SYSTEMPATH\CodeIgniter.php(353): CodeIgniter\CodeIgniter->handleRequest(null, Object(Config\Cache), false)
 9 FCPATH\index.php(79): CodeIgniter\CodeIgniter->run()
CRITICAL - 2024-01-06 15:26:00 --> Undefined array key "loding_point"
in APPPATH\Views\vehicles_list\running_list.php on line 26.
 1 APPPATH\Views\vehicles_list\running_list.php(26): CodeIgniter\Debug\Exceptions->errorHandler(2, 'Undefined array key "loding_point"', 'C:\\xampp\\new xampp\\htdocs\\b2b\\app\\Views\\vehicles_list\\running_list.php', 26)
 2 SYSTEMPATH\View\View.php(226): include('C:\\xampp\\new xampp\\htdocs\\b2b\\app\\Views\\vehicles_list\\running_list.php')
 3 SYSTEMPATH\View\View.php(229): CodeIgniter\View\View->CodeIgniter\View\{closure}()
 4 SYSTEMPATH\Common.php(1188): CodeIgniter\View\View->render('vehicles_list/running_list', [], true)
 5 APPPATH\Controllers\Admin.php(1235): view('vehicles_list/running_list', [...])
 6 SYSTEMPATH\CodeIgniter.php(919): App\Controllers\Admin->running_vehicles()
 7 SYSTEMPATH\CodeIgniter.php(494): CodeIgniter\CodeIgniter->runController(Object(App\Controllers\Admin))
 8 SYSTEMPATH\CodeIgniter.php(353): CodeIgniter\CodeIgniter->handleRequest(null, Object(Config\Cache), false)
 9 FCPATH\index.php(79): CodeIgniter\CodeIgniter->run()
CRITICAL - 2024-01-06 15:27:10 --> Undefined array key "loding_point"
in APPPATH\Views\vehicles_list\running_list.php on line 26.
 1 APPPATH\Views\vehicles_list\running_list.php(26): CodeIgniter\Debug\Exceptions->errorHandler(2, 'Undefined array key "loding_point"', 'C:\\xampp\\new xampp\\htdocs\\b2b\\app\\Views\\vehicles_list\\running_list.php', 26)
 2 SYSTEMPATH\View\View.php(226): include('C:\\xampp\\new xampp\\htdocs\\b2b\\app\\Views\\vehicles_list\\running_list.php')
 3 SYSTEMPATH\View\View.php(229): CodeIgniter\View\View->CodeIgniter\View\{closure}()
 4 SYSTEMPATH\Common.php(1188): CodeIgniter\View\View->render('vehicles_list/running_list', [], true)
 5 APPPATH\Controllers\Admin.php(1235): view('vehicles_list/running_list', [...])
 6 SYSTEMPATH\CodeIgniter.php(919): App\Controllers\Admin->running_vehicles()
 7 SYSTEMPATH\CodeIgniter.php(494): CodeIgniter\CodeIgniter->runController(Object(App\Controllers\Admin))
 8 SYSTEMPATH\CodeIgniter.php(353): CodeIgniter\CodeIgniter->handleRequest(null, Object(Config\Cache), false)
 9 FCPATH\index.php(79): CodeIgniter\CodeIgniter->run()
CRITICAL - 2024-01-06 15:33:36 --> Undefined variable $vendor
in APPPATH\Views\slip\addslip.php on line 54.
 1 APPPATH\Views\slip\addslip.php(54): CodeIgniter\Debug\Exceptions->errorHandler(2, 'Undefined variable $vendor', 'C:\\xampp\\new xampp\\htdocs\\b2b\\app\\Views\\slip\\addslip.php', 54)
 2 SYSTEMPATH\View\View.php(226): include('C:\\xampp\\new xampp\\htdocs\\b2b\\app\\Views\\slip\\addslip.php')
 3 SYSTEMPATH\View\View.php(229): CodeIgniter\View\View->CodeIgniter\View\{closure}()
 4 SYSTEMPATH\Common.php(1188): CodeIgniter\View\View->render('slip/addslip', [], true)
 5 APPPATH\Controllers\Admin.php(1817): view('slip/addslip', [...])
 6 SYSTEMPATH\CodeIgniter.php(919): App\Controllers\Admin->addslip()
 7 SYSTEMPATH\CodeIgniter.php(494): CodeIgniter\CodeIgniter->runController(Object(App\Controllers\Admin))
 8 SYSTEMPATH\CodeIgniter.php(353): CodeIgniter\CodeIgniter->handleRequest(null, Object(Config\Cache), false)
 9 FCPATH\index.php(79): CodeIgniter\CodeIgniter->run()
