ERROR - 2024-02-04 05:36:00 --> mysqli_sql_exception: Column 'cost' cannot be null in C:\xampp\new xampp\htdocs\event\system\Database\MySQLi\Connection.php:306
Stack trace:
#0 C:\xampp\new xampp\htdocs\event\system\Database\MySQLi\Connection.php(306): mysqli->query('INSERT INTO `bo...', 0)
#1 C:\xampp\new xampp\htdocs\event\system\Database\BaseConnection.php(692): CodeIgniter\Database\MySQLi\Connection->execute('INSERT INTO `bo...')
#2 C:\xampp\new xampp\htdocs\event\system\Database\BaseConnection.php(606): CodeIgniter\Database\BaseConnection->simpleQuery('INSERT INTO `bo...')
#3 C:\xampp\new xampp\htdocs\event\system\Database\BaseBuilder.php(2308): CodeIgniter\Database\BaseConnection->query('INSERT INTO `bo...', Array, false)
#4 C:\xampp\new xampp\htdocs\event\system\Model.php(319): CodeIgniter\Database\BaseBuilder->insert()
#5 C:\xampp\new xampp\htdocs\event\system\BaseModel.php(788): CodeIgniter\Model->doInsert(Array)
#6 C:\xampp\new xampp\htdocs\event\system\Model.php(715): CodeIgniter\BaseModel->insert(Array, true)
#7 C:\xampp\new xampp\htdocs\event\app\Controllers\Admin.php(330): CodeIgniter\Model->insert(Array)
#8 C:\xampp\new xampp\htdocs\event\system\CodeIgniter.php(919): App\Controllers\Admin->book()
#9 C:\xampp\new xampp\htdocs\event\system\CodeIgniter.php(494): CodeIgniter\CodeIgniter->runController(Object(App\Controllers\Admin))
#10 C:\xampp\new xampp\htdocs\event\system\CodeIgniter.php(353): CodeIgniter\CodeIgniter->handleRequest(NULL, Object(Config\Cache), false)
#11 C:\xampp\new xampp\htdocs\event\index.php(79): CodeIgniter\CodeIgniter->run()
#12 {main}
CRITICAL - 2024-02-04 05:36:00 --> Column 'cost' cannot be null
in SYSTEMPATH\Database\BaseConnection.php on line 646.
 1 SYSTEMPATH\Database\BaseBuilder.php(2308): CodeIgniter\Database\BaseConnection->query('INSERT INTO `booking` (`name`, `cost`, `qty`, `total`) VALUES (:name:, :cost:, :qty:, :total:)', [...], false)
 2 SYSTEMPATH\Model.php(319): CodeIgniter\Database\BaseBuilder->insert()
 3 SYSTEMPATH\BaseModel.php(788): CodeIgniter\Model->doInsert([...])
 4 SYSTEMPATH\Model.php(715): CodeIgniter\BaseModel->insert([...], true)
 5 APPPATH\Controllers\Admin.php(330): CodeIgniter\Model->insert([...])
 6 SYSTEMPATH\CodeIgniter.php(919): App\Controllers\Admin->book()
 7 SYSTEMPATH\CodeIgniter.php(494): CodeIgniter\CodeIgniter->runController(Object(App\Controllers\Admin))
 8 SYSTEMPATH\CodeIgniter.php(353): CodeIgniter\CodeIgniter->handleRequest(null, Object(Config\Cache), false)
 9 FCPATH\index.php(79): CodeIgniter\CodeIgniter->run()
CRITICAL - 2024-02-04 05:36:03 --> Undefined property: App\Controllers\Admin::$userRow
in APPPATH\Controllers\Admin.php on line 48.
 1 APPPATH\Controllers\Admin.php(48): CodeIgniter\Debug\Exceptions->errorHandler(2, 'Undefined property: App\\Controllers\\Admin::$userRow', 'C:\\xampp\\new xampp\\htdocs\\event\\app\\Controllers\\Admin.php', 48)
 2 APPPATH\Controllers\Admin.php(337): App\Controllers\Admin->header('BOOK')
 3 SYSTEMPATH\CodeIgniter.php(919): App\Controllers\Admin->book()
 4 SYSTEMPATH\CodeIgniter.php(494): CodeIgniter\CodeIgniter->runController(Object(App\Controllers\Admin))
 5 SYSTEMPATH\CodeIgniter.php(353): CodeIgniter\CodeIgniter->handleRequest(null, Object(Config\Cache), false)
 6 FCPATH\index.php(79): CodeIgniter\CodeIgniter->run()
CRITICAL - 2024-02-04 05:36:08 --> Undefined property: App\Controllers\Admin::$userRow
in APPPATH\Controllers\Admin.php on line 48.
 1 APPPATH\Controllers\Admin.php(48): CodeIgniter\Debug\Exceptions->errorHandler(2, 'Undefined property: App\\Controllers\\Admin::$userRow', 'C:\\xampp\\new xampp\\htdocs\\event\\app\\Controllers\\Admin.php', 48)
 2 APPPATH\Controllers\Admin.php(337): App\Controllers\Admin->header('BOOK')
 3 SYSTEMPATH\CodeIgniter.php(919): App\Controllers\Admin->book()
 4 SYSTEMPATH\CodeIgniter.php(494): CodeIgniter\CodeIgniter->runController(Object(App\Controllers\Admin))
 5 SYSTEMPATH\CodeIgniter.php(353): CodeIgniter\CodeIgniter->handleRequest(null, Object(Config\Cache), false)
 6 FCPATH\index.php(79): CodeIgniter\CodeIgniter->run()
ERROR - 2024-02-04 05:36:30 --> mysqli_sql_exception: Column 'cost' cannot be null in C:\xampp\new xampp\htdocs\event\system\Database\MySQLi\Connection.php:306
Stack trace:
#0 C:\xampp\new xampp\htdocs\event\system\Database\MySQLi\Connection.php(306): mysqli->query('INSERT INTO `bo...', 0)
#1 C:\xampp\new xampp\htdocs\event\system\Database\BaseConnection.php(692): CodeIgniter\Database\MySQLi\Connection->execute('INSERT INTO `bo...')
#2 C:\xampp\new xampp\htdocs\event\system\Database\BaseConnection.php(606): CodeIgniter\Database\BaseConnection->simpleQuery('INSERT INTO `bo...')
#3 C:\xampp\new xampp\htdocs\event\system\Database\BaseBuilder.php(2308): CodeIgniter\Database\BaseConnection->query('INSERT INTO `bo...', Array, false)
#4 C:\xampp\new xampp\htdocs\event\system\Model.php(319): CodeIgniter\Database\BaseBuilder->insert()
#5 C:\xampp\new xampp\htdocs\event\system\BaseModel.php(788): CodeIgniter\Model->doInsert(Array)
#6 C:\xampp\new xampp\htdocs\event\system\Model.php(715): CodeIgniter\BaseModel->insert(Array, true)
#7 C:\xampp\new xampp\htdocs\event\app\Controllers\Admin.php(330): CodeIgniter\Model->insert(Array)
#8 C:\xampp\new xampp\htdocs\event\system\CodeIgniter.php(919): App\Controllers\Admin->book()
#9 C:\xampp\new xampp\htdocs\event\system\CodeIgniter.php(494): CodeIgniter\CodeIgniter->runController(Object(App\Controllers\Admin))
#10 C:\xampp\new xampp\htdocs\event\system\CodeIgniter.php(353): CodeIgniter\CodeIgniter->handleRequest(NULL, Object(Config\Cache), false)
#11 C:\xampp\new xampp\htdocs\event\index.php(79): CodeIgniter\CodeIgniter->run()
#12 {main}
CRITICAL - 2024-02-04 05:36:30 --> Column 'cost' cannot be null
in SYSTEMPATH\Database\BaseConnection.php on line 646.
 1 SYSTEMPATH\Database\BaseBuilder.php(2308): CodeIgniter\Database\BaseConnection->query('INSERT INTO `booking` (`name`, `cost`, `qty`, `total`) VALUES (:name:, :cost:, :qty:, :total:)', [...], false)
 2 SYSTEMPATH\Model.php(319): CodeIgniter\Database\BaseBuilder->insert()
 3 SYSTEMPATH\BaseModel.php(788): CodeIgniter\Model->doInsert([...])
 4 SYSTEMPATH\Model.php(715): CodeIgniter\BaseModel->insert([...], true)
 5 APPPATH\Controllers\Admin.php(330): CodeIgniter\Model->insert([...])
 6 SYSTEMPATH\CodeIgniter.php(919): App\Controllers\Admin->book()
 7 SYSTEMPATH\CodeIgniter.php(494): CodeIgniter\CodeIgniter->runController(Object(App\Controllers\Admin))
 8 SYSTEMPATH\CodeIgniter.php(353): CodeIgniter\CodeIgniter->handleRequest(null, Object(Config\Cache), false)
 9 FCPATH\index.php(79): CodeIgniter\CodeIgniter->run()
ERROR - 2024-02-04 05:37:07 --> mysqli_sql_exception: Column 'cost' cannot be null in C:\xampp\new xampp\htdocs\event\system\Database\MySQLi\Connection.php:306
Stack trace:
#0 C:\xampp\new xampp\htdocs\event\system\Database\MySQLi\Connection.php(306): mysqli->query('INSERT INTO `bo...', 0)
#1 C:\xampp\new xampp\htdocs\event\system\Database\BaseConnection.php(692): CodeIgniter\Database\MySQLi\Connection->execute('INSERT INTO `bo...')
#2 C:\xampp\new xampp\htdocs\event\system\Database\BaseConnection.php(606): CodeIgniter\Database\BaseConnection->simpleQuery('INSERT INTO `bo...')
#3 C:\xampp\new xampp\htdocs\event\system\Database\BaseBuilder.php(2308): CodeIgniter\Database\BaseConnection->query('INSERT INTO `bo...', Array, false)
#4 C:\xampp\new xampp\htdocs\event\system\Model.php(319): CodeIgniter\Database\BaseBuilder->insert()
#5 C:\xampp\new xampp\htdocs\event\system\BaseModel.php(788): CodeIgniter\Model->doInsert(Array)
#6 C:\xampp\new xampp\htdocs\event\system\Model.php(715): CodeIgniter\BaseModel->insert(Array, true)
#7 C:\xampp\new xampp\htdocs\event\app\Controllers\Admin.php(330): CodeIgniter\Model->insert(Array)
#8 C:\xampp\new xampp\htdocs\event\system\CodeIgniter.php(919): App\Controllers\Admin->book()
#9 C:\xampp\new xampp\htdocs\event\system\CodeIgniter.php(494): CodeIgniter\CodeIgniter->runController(Object(App\Controllers\Admin))
#10 C:\xampp\new xampp\htdocs\event\system\CodeIgniter.php(353): CodeIgniter\CodeIgniter->handleRequest(NULL, Object(Config\Cache), false)
#11 C:\xampp\new xampp\htdocs\event\index.php(79): CodeIgniter\CodeIgniter->run()
#12 {main}
CRITICAL - 2024-02-04 05:37:07 --> Column 'cost' cannot be null
in SYSTEMPATH\Database\BaseConnection.php on line 646.
 1 SYSTEMPATH\Database\BaseBuilder.php(2308): CodeIgniter\Database\BaseConnection->query('INSERT INTO `booking` (`name`, `cost`, `qty`, `total`) VALUES (:name:, :cost:, :qty:, :total:)', [...], false)
 2 SYSTEMPATH\Model.php(319): CodeIgniter\Database\BaseBuilder->insert()
 3 SYSTEMPATH\BaseModel.php(788): CodeIgniter\Model->doInsert([...])
 4 SYSTEMPATH\Model.php(715): CodeIgniter\BaseModel->insert([...], true)
 5 APPPATH\Controllers\Admin.php(330): CodeIgniter\Model->insert([...])
 6 SYSTEMPATH\CodeIgniter.php(919): App\Controllers\Admin->book()
 7 SYSTEMPATH\CodeIgniter.php(494): CodeIgniter\CodeIgniter->runController(Object(App\Controllers\Admin))
 8 SYSTEMPATH\CodeIgniter.php(353): CodeIgniter\CodeIgniter->handleRequest(null, Object(Config\Cache), false)
 9 FCPATH\index.php(79): CodeIgniter\CodeIgniter->run()
ERROR - 2024-02-04 05:40:27 --> mysqli_sql_exception: Column 'cost' cannot be null in C:\xampp\new xampp\htdocs\event\system\Database\MySQLi\Connection.php:306
Stack trace:
#0 C:\xampp\new xampp\htdocs\event\system\Database\MySQLi\Connection.php(306): mysqli->query('INSERT INTO `bo...', 0)
#1 C:\xampp\new xampp\htdocs\event\system\Database\BaseConnection.php(692): CodeIgniter\Database\MySQLi\Connection->execute('INSERT INTO `bo...')
#2 C:\xampp\new xampp\htdocs\event\system\Database\BaseConnection.php(606): CodeIgniter\Database\BaseConnection->simpleQuery('INSERT INTO `bo...')
#3 C:\xampp\new xampp\htdocs\event\system\Database\BaseBuilder.php(2308): CodeIgniter\Database\BaseConnection->query('INSERT INTO `bo...', Array, false)
#4 C:\xampp\new xampp\htdocs\event\system\Model.php(319): CodeIgniter\Database\BaseBuilder->insert()
#5 C:\xampp\new xampp\htdocs\event\system\BaseModel.php(788): CodeIgniter\Model->doInsert(Array)
#6 C:\xampp\new xampp\htdocs\event\system\Model.php(715): CodeIgniter\BaseModel->insert(Array, true)
#7 C:\xampp\new xampp\htdocs\event\app\Controllers\Admin.php(330): CodeIgniter\Model->insert(Array)
#8 C:\xampp\new xampp\htdocs\event\system\CodeIgniter.php(919): App\Controllers\Admin->book()
#9 C:\xampp\new xampp\htdocs\event\system\CodeIgniter.php(494): CodeIgniter\CodeIgniter->runController(Object(App\Controllers\Admin))
#10 C:\xampp\new xampp\htdocs\event\system\CodeIgniter.php(353): CodeIgniter\CodeIgniter->handleRequest(NULL, Object(Config\Cache), false)
#11 C:\xampp\new xampp\htdocs\event\index.php(79): CodeIgniter\CodeIgniter->run()
#12 {main}
CRITICAL - 2024-02-04 05:40:27 --> Column 'cost' cannot be null
in SYSTEMPATH\Database\BaseConnection.php on line 646.
 1 SYSTEMPATH\Database\BaseBuilder.php(2308): CodeIgniter\Database\BaseConnection->query('INSERT INTO `booking` (`name`, `cost`, `qty`, `total`) VALUES (:name:, :cost:, :qty:, :total:)', [...], false)
 2 SYSTEMPATH\Model.php(319): CodeIgniter\Database\BaseBuilder->insert()
 3 SYSTEMPATH\BaseModel.php(788): CodeIgniter\Model->doInsert([...])
 4 SYSTEMPATH\Model.php(715): CodeIgniter\BaseModel->insert([...], true)
 5 APPPATH\Controllers\Admin.php(330): CodeIgniter\Model->insert([...])
 6 SYSTEMPATH\CodeIgniter.php(919): App\Controllers\Admin->book()
 7 SYSTEMPATH\CodeIgniter.php(494): CodeIgniter\CodeIgniter->runController(Object(App\Controllers\Admin))
 8 SYSTEMPATH\CodeIgniter.php(353): CodeIgniter\CodeIgniter->handleRequest(null, Object(Config\Cache), false)
 9 FCPATH\index.php(79): CodeIgniter\CodeIgniter->run()
CRITICAL - 2024-02-04 09:29:58 --> Undefined property: App\Controllers\Admin::$userRow
in APPPATH\Controllers\Admin.php on line 48.
 1 APPPATH\Controllers\Admin.php(48): CodeIgniter\Debug\Exceptions->errorHandler(2, 'Undefined property: App\\Controllers\\Admin::$userRow', 'C:\\xampp\\new xampp\\htdocs\\event\\app\\Controllers\\Admin.php', 48)
 2 APPPATH\Controllers\Admin.php(337): App\Controllers\Admin->header('BOOK')
 3 SYSTEMPATH\CodeIgniter.php(919): App\Controllers\Admin->book()
 4 SYSTEMPATH\CodeIgniter.php(494): CodeIgniter\CodeIgniter->runController(Object(App\Controllers\Admin))
 5 SYSTEMPATH\CodeIgniter.php(353): CodeIgniter\CodeIgniter->handleRequest(null, Object(Config\Cache), false)
 6 FCPATH\index.php(79): CodeIgniter\CodeIgniter->run()
CRITICAL - 2024-02-04 09:30:02 --> Undefined property: App\Controllers\Admin::$userRow
in APPPATH\Controllers\Admin.php on line 48.
 1 APPPATH\Controllers\Admin.php(48): CodeIgniter\Debug\Exceptions->errorHandler(2, 'Undefined property: App\\Controllers\\Admin::$userRow', 'C:\\xampp\\new xampp\\htdocs\\event\\app\\Controllers\\Admin.php', 48)
 2 APPPATH\Controllers\Admin.php(337): App\Controllers\Admin->header('BOOK')
 3 SYSTEMPATH\CodeIgniter.php(919): App\Controllers\Admin->book()
 4 SYSTEMPATH\CodeIgniter.php(494): CodeIgniter\CodeIgniter->runController(Object(App\Controllers\Admin))
 5 SYSTEMPATH\CodeIgniter.php(353): CodeIgniter\CodeIgniter->handleRequest(null, Object(Config\Cache), false)
 6 FCPATH\index.php(79): CodeIgniter\CodeIgniter->run()
