CRITICAL - 2024-01-07 10:47:26 --> Undefined variable $vendor
in APPPATH\Views\slip\addslip.php on line 54.
 1 APPPATH\Views\slip\addslip.php(54): CodeIgniter\Debug\Exceptions->errorHandler(2, 'Undefined variable $vendor', 'C:\\xampp\\new xampp\\htdocs\\b2b\\app\\Views\\slip\\addslip.php', 54)
 2 SYSTEMPATH\View\View.php(226): include('C:\\xampp\\new xampp\\htdocs\\b2b\\app\\Views\\slip\\addslip.php')
 3 SYSTEMPATH\View\View.php(229): CodeIgniter\View\View->CodeIgniter\View\{closure}()
 4 SYSTEMPATH\Common.php(1188): CodeIgniter\View\View->render('slip/addslip', [], true)
 5 APPPATH\Controllers\Admin.php(1847): view('slip/addslip')
 6 SYSTEMPATH\CodeIgniter.php(919): App\Controllers\Admin->addvendor()
 7 SYSTEMPATH\CodeIgniter.php(494): CodeIgniter\CodeIgniter->runController(Object(App\Controllers\Admin))
 8 SYSTEMPATH\CodeIgniter.php(353): CodeIgniter\CodeIgniter->handleRequest(null, Object(Config\Cache), false)
 9 FCPATH\index.php(79): CodeIgniter\CodeIgniter->run()
CRITICAL - 2024-01-07 10:48:33 --> Undefined variable $vendor
in APPPATH\Views\slip\addslip.php on line 54.
 1 APPPATH\Views\slip\addslip.php(54): CodeIgniter\Debug\Exceptions->errorHandler(2, 'Undefined variable $vendor', 'C:\\xampp\\new xampp\\htdocs\\b2b\\app\\Views\\slip\\addslip.php', 54)
 2 SYSTEMPATH\View\View.php(226): include('C:\\xampp\\new xampp\\htdocs\\b2b\\app\\Views\\slip\\addslip.php')
 3 SYSTEMPATH\View\View.php(229): CodeIgniter\View\View->CodeIgniter\View\{closure}()
 4 SYSTEMPATH\Common.php(1188): CodeIgniter\View\View->render('slip/addslip', [], true)
 5 APPPATH\Controllers\Admin.php(1847): view('slip/addslip')
 6 SYSTEMPATH\CodeIgniter.php(919): App\Controllers\Admin->addvendor()
 7 SYSTEMPATH\CodeIgniter.php(494): CodeIgniter\CodeIgniter->runController(Object(App\Controllers\Admin))
 8 SYSTEMPATH\CodeIgniter.php(353): CodeIgniter\CodeIgniter->handleRequest(null, Object(Config\Cache), false)
 9 FCPATH\index.php(79): CodeIgniter\CodeIgniter->run()
CRITICAL - 2024-01-07 10:48:47 --> Undefined variable $vendor
in APPPATH\Views\slip\addslip.php on line 54.
 1 APPPATH\Views\slip\addslip.php(54): CodeIgniter\Debug\Exceptions->errorHandler(2, 'Undefined variable $vendor', 'C:\\xampp\\new xampp\\htdocs\\b2b\\app\\Views\\slip\\addslip.php', 54)
 2 SYSTEMPATH\View\View.php(226): include('C:\\xampp\\new xampp\\htdocs\\b2b\\app\\Views\\slip\\addslip.php')
 3 SYSTEMPATH\View\View.php(229): CodeIgniter\View\View->CodeIgniter\View\{closure}()
 4 SYSTEMPATH\Common.php(1188): CodeIgniter\View\View->render('slip/addslip', [], true)
 5 APPPATH\Controllers\Admin.php(1847): view('slip/addslip')
 6 SYSTEMPATH\CodeIgniter.php(919): App\Controllers\Admin->addvendor()
 7 SYSTEMPATH\CodeIgniter.php(494): CodeIgniter\CodeIgniter->runController(Object(App\Controllers\Admin))
 8 SYSTEMPATH\CodeIgniter.php(353): CodeIgniter\CodeIgniter->handleRequest(null, Object(Config\Cache), false)
 9 FCPATH\index.php(79): CodeIgniter\CodeIgniter->run()
CRITICAL - 2024-01-07 10:53:20 --> Attempt to read property "id" on null
in APPPATH\Controllers\Admin.php on line 1839.
 1 APPPATH\Controllers\Admin.php(1839): CodeIgniter\Debug\Exceptions->errorHandler(2, 'Attempt to read property "id" on null', 'C:\\xampp\\new xampp\\htdocs\\b2b\\app\\Controllers\\Admin.php', 1839)
 2 SYSTEMPATH\CodeIgniter.php(919): App\Controllers\Admin->addvendor()
 3 SYSTEMPATH\CodeIgniter.php(494): CodeIgniter\CodeIgniter->runController(Object(App\Controllers\Admin))
 4 SYSTEMPATH\CodeIgniter.php(353): CodeIgniter\CodeIgniter->handleRequest(null, Object(Config\Cache), false)
 5 FCPATH\index.php(79): CodeIgniter\CodeIgniter->run()
CRITICAL - 2024-01-07 11:17:03 --> Undefined variable $din
in APPPATH\Views\vendar\addvendar.php on line 15.
 1 APPPATH\Views\vendar\addvendar.php(15): CodeIgniter\Debug\Exceptions->errorHandler(2, 'Undefined variable $din', 'C:\\xampp\\new xampp\\htdocs\\b2b\\app\\Views\\vendar\\addvendar.php', 15)
 2 SYSTEMPATH\View\View.php(226): include('C:\\xampp\\new xampp\\htdocs\\b2b\\app\\Views\\vendar\\addvendar.php')
 3 SYSTEMPATH\View\View.php(229): CodeIgniter\View\View->CodeIgniter\View\{closure}()
 4 SYSTEMPATH\Common.php(1188): CodeIgniter\View\View->render('vendar/addvendar', [], true)
 5 APPPATH\Controllers\Admin.php(1735): view('vendar/addvendar', [...])
 6 SYSTEMPATH\CodeIgniter.php(919): App\Controllers\Admin->vendarbil()
 7 SYSTEMPATH\CodeIgniter.php(494): CodeIgniter\CodeIgniter->runController(Object(App\Controllers\Admin))
 8 SYSTEMPATH\CodeIgniter.php(353): CodeIgniter\CodeIgniter->handleRequest(null, Object(Config\Cache), false)
 9 FCPATH\index.php(79): CodeIgniter\CodeIgniter->run()
ERROR - 2024-01-07 11:28:49 --> mysqli_sql_exception: Column 'name' cannot be null in C:\xampp\new xampp\htdocs\b2b\system\Database\MySQLi\Connection.php:306
Stack trace:
#0 C:\xampp\new xampp\htdocs\b2b\system\Database\MySQLi\Connection.php(306): mysqli->query('INSERT INTO `tr...', 0)
#1 C:\xampp\new xampp\htdocs\b2b\system\Database\BaseConnection.php(692): CodeIgniter\Database\MySQLi\Connection->execute('INSERT INTO `tr...')
#2 C:\xampp\new xampp\htdocs\b2b\system\Database\BaseConnection.php(606): CodeIgniter\Database\BaseConnection->simpleQuery('INSERT INTO `tr...')
#3 C:\xampp\new xampp\htdocs\b2b\system\Database\BaseBuilder.php(2308): CodeIgniter\Database\BaseConnection->query('INSERT INTO `tr...', Array, false)
#4 C:\xampp\new xampp\htdocs\b2b\system\Model.php(319): CodeIgniter\Database\BaseBuilder->insert()
#5 C:\xampp\new xampp\htdocs\b2b\system\BaseModel.php(788): CodeIgniter\Model->doInsert(Array)
#6 C:\xampp\new xampp\htdocs\b2b\system\Model.php(715): CodeIgniter\BaseModel->insert(Array, true)
#7 C:\xampp\new xampp\htdocs\b2b\app\Controllers\Admin.php(225): CodeIgniter\Model->insert(Array)
#8 C:\xampp\new xampp\htdocs\b2b\system\CodeIgniter.php(919): App\Controllers\Admin->addtransport()
#9 C:\xampp\new xampp\htdocs\b2b\system\CodeIgniter.php(494): CodeIgniter\CodeIgniter->runController(Object(App\Controllers\Admin))
#10 C:\xampp\new xampp\htdocs\b2b\system\CodeIgniter.php(353): CodeIgniter\CodeIgniter->handleRequest(NULL, Object(Config\Cache), false)
#11 C:\xampp\new xampp\htdocs\b2b\index.php(79): CodeIgniter\CodeIgniter->run()
#12 {main}
CRITICAL - 2024-01-07 11:28:49 --> Column 'name' cannot be null
in SYSTEMPATH\Database\BaseConnection.php on line 646.
 1 SYSTEMPATH\Database\BaseBuilder.php(2308): CodeIgniter\Database\BaseConnection->query('INSERT INTO `transport` (`name`, `account`, `iddate`, `contact`, `user`, `commission_f`, `commission_p`) VALUES (:name:, :account:, :iddate:, :contact:, :user:, :commission_f:, :commission_p:)', [...], false)
 2 SYSTEMPATH\Model.php(319): CodeIgniter\Database\BaseBuilder->insert()
 3 SYSTEMPATH\BaseModel.php(788): CodeIgniter\Model->doInsert([...])
 4 SYSTEMPATH\Model.php(715): CodeIgniter\BaseModel->insert([...], true)
 5 APPPATH\Controllers\Admin.php(225): CodeIgniter\Model->insert([...])
 6 SYSTEMPATH\CodeIgniter.php(919): App\Controllers\Admin->addtransport()
 7 SYSTEMPATH\CodeIgniter.php(494): CodeIgniter\CodeIgniter->runController(Object(App\Controllers\Admin))
 8 SYSTEMPATH\CodeIgniter.php(353): CodeIgniter\CodeIgniter->handleRequest(null, Object(Config\Cache), false)
 9 FCPATH\index.php(79): CodeIgniter\CodeIgniter->run()
ERROR - 2024-01-07 11:31:11 --> mysqli_sql_exception: Column 'totalamount' cannot be null in C:\xampp\new xampp\htdocs\b2b\system\Database\MySQLi\Connection.php:306
Stack trace:
#0 C:\xampp\new xampp\htdocs\b2b\system\Database\MySQLi\Connection.php(306): mysqli->query('INSERT INTO `ac...', 0)
#1 C:\xampp\new xampp\htdocs\b2b\system\Database\BaseConnection.php(692): CodeIgniter\Database\MySQLi\Connection->execute('INSERT INTO `ac...')
#2 C:\xampp\new xampp\htdocs\b2b\system\Database\BaseConnection.php(606): CodeIgniter\Database\BaseConnection->simpleQuery('INSERT INTO `ac...')
#3 C:\xampp\new xampp\htdocs\b2b\system\Database\BaseBuilder.php(2308): CodeIgniter\Database\BaseConnection->query('INSERT INTO `ac...', Array, false)
#4 C:\xampp\new xampp\htdocs\b2b\system\Model.php(319): CodeIgniter\Database\BaseBuilder->insert()
#5 C:\xampp\new xampp\htdocs\b2b\system\BaseModel.php(788): CodeIgniter\Model->doInsert(Array)
#6 C:\xampp\new xampp\htdocs\b2b\system\Model.php(715): CodeIgniter\BaseModel->insert(Array, true)
#7 C:\xampp\new xampp\htdocs\b2b\app\Controllers\Admin.php(1814): CodeIgniter\Model->insert(Array)
#8 C:\xampp\new xampp\htdocs\b2b\system\CodeIgniter.php(919): App\Controllers\Admin->addslip()
#9 C:\xampp\new xampp\htdocs\b2b\system\CodeIgniter.php(494): CodeIgniter\CodeIgniter->runController(Object(App\Controllers\Admin))
#10 C:\xampp\new xampp\htdocs\b2b\system\CodeIgniter.php(353): CodeIgniter\CodeIgniter->handleRequest(NULL, Object(Config\Cache), false)
#11 C:\xampp\new xampp\htdocs\b2b\index.php(79): CodeIgniter\CodeIgniter->run()
#12 {main}
CRITICAL - 2024-01-07 11:31:11 --> Column 'totalamount' cannot be null
in SYSTEMPATH\Database\BaseConnection.php on line 646.
 1 SYSTEMPATH\Database\BaseBuilder.php(2308): CodeIgniter\Database\BaseConnection->query('INSERT INTO `accounting` (`date`, `iddate`, `paidamount`, `totalamount`, `note`, `user`) VALUES (:date:, :iddate:, :paidamount:, :totalamount:, :note:, :user:)', [...], false)
 2 SYSTEMPATH\Model.php(319): CodeIgniter\Database\BaseBuilder->insert()
 3 SYSTEMPATH\BaseModel.php(788): CodeIgniter\Model->doInsert([...])
 4 SYSTEMPATH\Model.php(715): CodeIgniter\BaseModel->insert([...], true)
 5 APPPATH\Controllers\Admin.php(1814): CodeIgniter\Model->insert([...])
 6 SYSTEMPATH\CodeIgniter.php(919): App\Controllers\Admin->addslip()
 7 SYSTEMPATH\CodeIgniter.php(494): CodeIgniter\CodeIgniter->runController(Object(App\Controllers\Admin))
 8 SYSTEMPATH\CodeIgniter.php(353): CodeIgniter\CodeIgniter->handleRequest(null, Object(Config\Cache), false)
 9 FCPATH\index.php(79): CodeIgniter\CodeIgniter->run()
ERROR - 2024-01-07 11:31:54 --> mysqli_sql_exception: Column 'totalamount' cannot be null in C:\xampp\new xampp\htdocs\b2b\system\Database\MySQLi\Connection.php:306
Stack trace:
#0 C:\xampp\new xampp\htdocs\b2b\system\Database\MySQLi\Connection.php(306): mysqli->query('INSERT INTO `ac...', 0)
#1 C:\xampp\new xampp\htdocs\b2b\system\Database\BaseConnection.php(692): CodeIgniter\Database\MySQLi\Connection->execute('INSERT INTO `ac...')
#2 C:\xampp\new xampp\htdocs\b2b\system\Database\BaseConnection.php(606): CodeIgniter\Database\BaseConnection->simpleQuery('INSERT INTO `ac...')
#3 C:\xampp\new xampp\htdocs\b2b\system\Database\BaseBuilder.php(2308): CodeIgniter\Database\BaseConnection->query('INSERT INTO `ac...', Array, false)
#4 C:\xampp\new xampp\htdocs\b2b\system\Model.php(319): CodeIgniter\Database\BaseBuilder->insert()
#5 C:\xampp\new xampp\htdocs\b2b\system\BaseModel.php(788): CodeIgniter\Model->doInsert(Array)
#6 C:\xampp\new xampp\htdocs\b2b\system\Model.php(715): CodeIgniter\BaseModel->insert(Array, true)
#7 C:\xampp\new xampp\htdocs\b2b\app\Controllers\Admin.php(1814): CodeIgniter\Model->insert(Array)
#8 C:\xampp\new xampp\htdocs\b2b\system\CodeIgniter.php(919): App\Controllers\Admin->addslip()
#9 C:\xampp\new xampp\htdocs\b2b\system\CodeIgniter.php(494): CodeIgniter\CodeIgniter->runController(Object(App\Controllers\Admin))
#10 C:\xampp\new xampp\htdocs\b2b\system\CodeIgniter.php(353): CodeIgniter\CodeIgniter->handleRequest(NULL, Object(Config\Cache), false)
#11 C:\xampp\new xampp\htdocs\b2b\index.php(79): CodeIgniter\CodeIgniter->run()
#12 {main}
CRITICAL - 2024-01-07 11:31:54 --> Column 'totalamount' cannot be null
in SYSTEMPATH\Database\BaseConnection.php on line 646.
 1 SYSTEMPATH\Database\BaseBuilder.php(2308): CodeIgniter\Database\BaseConnection->query('INSERT INTO `accounting` (`date`, `iddate`, `paidamount`, `totalamount`, `note`, `user`) VALUES (:date:, :iddate:, :paidamount:, :totalamount:, :note:, :user:)', [...], false)
 2 SYSTEMPATH\Model.php(319): CodeIgniter\Database\BaseBuilder->insert()
 3 SYSTEMPATH\BaseModel.php(788): CodeIgniter\Model->doInsert([...])
 4 SYSTEMPATH\Model.php(715): CodeIgniter\BaseModel->insert([...], true)
 5 APPPATH\Controllers\Admin.php(1814): CodeIgniter\Model->insert([...])
 6 SYSTEMPATH\CodeIgniter.php(919): App\Controllers\Admin->addslip()
 7 SYSTEMPATH\CodeIgniter.php(494): CodeIgniter\CodeIgniter->runController(Object(App\Controllers\Admin))
 8 SYSTEMPATH\CodeIgniter.php(353): CodeIgniter\CodeIgniter->handleRequest(null, Object(Config\Cache), false)
 9 FCPATH\index.php(79): CodeIgniter\CodeIgniter->run()
CRITICAL - 2024-01-07 12:13:51 --> Undefined array key "vendor"
in APPPATH\Views\account\debitreport.php on line 18.
 1 APPPATH\Views\account\debitreport.php(18): CodeIgniter\Debug\Exceptions->errorHandler(2, 'Undefined array key "vendor"', 'C:\\xampp\\new xampp\\htdocs\\b2b\\app\\Views\\account\\debitreport.php', 18)
 2 SYSTEMPATH\View\View.php(226): include('C:\\xampp\\new xampp\\htdocs\\b2b\\app\\Views\\account\\debitreport.php')
 3 SYSTEMPATH\View\View.php(229): CodeIgniter\View\View->CodeIgniter\View\{closure}()
 4 SYSTEMPATH\Common.php(1188): CodeIgniter\View\View->render('account/debitreport', [], true)
 5 APPPATH\Controllers\Admin.php(1855): view('account/debitreport', [...])
 6 SYSTEMPATH\CodeIgniter.php(919): App\Controllers\Admin->accountreport()
 7 SYSTEMPATH\CodeIgniter.php(494): CodeIgniter\CodeIgniter->runController(Object(App\Controllers\Admin))
 8 SYSTEMPATH\CodeIgniter.php(353): CodeIgniter\CodeIgniter->handleRequest(null, Object(Config\Cache), false)
 9 FCPATH\index.php(79): CodeIgniter\CodeIgniter->run()
CRITICAL - 2024-01-07 12:15:14 --> Undefined array key "vendor"
in APPPATH\Views\account\debitreport.php on line 18.
 1 APPPATH\Views\account\debitreport.php(18): CodeIgniter\Debug\Exceptions->errorHandler(2, 'Undefined array key "vendor"', 'C:\\xampp\\new xampp\\htdocs\\b2b\\app\\Views\\account\\debitreport.php', 18)
 2 SYSTEMPATH\View\View.php(226): include('C:\\xampp\\new xampp\\htdocs\\b2b\\app\\Views\\account\\debitreport.php')
 3 SYSTEMPATH\View\View.php(229): CodeIgniter\View\View->CodeIgniter\View\{closure}()
 4 SYSTEMPATH\Common.php(1188): CodeIgniter\View\View->render('account/debitreport', [], true)
 5 APPPATH\Controllers\Admin.php(1855): view('account/debitreport', [...])
 6 SYSTEMPATH\CodeIgniter.php(919): App\Controllers\Admin->accountreport()
 7 SYSTEMPATH\CodeIgniter.php(494): CodeIgniter\CodeIgniter->runController(Object(App\Controllers\Admin))
 8 SYSTEMPATH\CodeIgniter.php(353): CodeIgniter\CodeIgniter->handleRequest(null, Object(Config\Cache), false)
 9 FCPATH\index.php(79): CodeIgniter\CodeIgniter->run()
ERROR - 2024-01-07 15:44:40 --> mysqli_sql_exception: Unknown column 'di-no' in 'where clause' in C:\xampp\new xampp\htdocs\b2b\system\Database\MySQLi\Connection.php:306
Stack trace:
#0 C:\xampp\new xampp\htdocs\b2b\system\Database\MySQLi\Connection.php(306): mysqli->query('SELECT SUM(`tot...', 0)
#1 C:\xampp\new xampp\htdocs\b2b\system\Database\BaseConnection.php(692): CodeIgniter\Database\MySQLi\Connection->execute('SELECT SUM(`tot...')
#2 C:\xampp\new xampp\htdocs\b2b\system\Database\BaseConnection.php(606): CodeIgniter\Database\BaseConnection->simpleQuery('SELECT SUM(`tot...')
#3 C:\xampp\new xampp\htdocs\b2b\system\Database\BaseBuilder.php(1615): CodeIgniter\Database\BaseConnection->query('SELECT SUM(`tot...', Array, false)
#4 C:\xampp\new xampp\htdocs\b2b\system\Model.php(237): CodeIgniter\Database\BaseBuilder->get()
#5 C:\xampp\new xampp\htdocs\b2b\system\BaseModel.php(624): CodeIgniter\Model->doFindAll(0, 0)
#6 C:\xampp\new xampp\htdocs\b2b\app\Controllers\Admin.php(1860): CodeIgniter\BaseModel->findAll()
#7 C:\xampp\new xampp\htdocs\b2b\system\CodeIgniter.php(919): App\Controllers\Admin->creditreport()
#8 C:\xampp\new xampp\htdocs\b2b\system\CodeIgniter.php(494): CodeIgniter\CodeIgniter->runController(Object(App\Controllers\Admin))
#9 C:\xampp\new xampp\htdocs\b2b\system\CodeIgniter.php(353): CodeIgniter\CodeIgniter->handleRequest(NULL, Object(Config\Cache), false)
#10 C:\xampp\new xampp\htdocs\b2b\index.php(79): CodeIgniter\CodeIgniter->run()
#11 {main}
CRITICAL - 2024-01-07 15:44:40 --> Unknown column 'di-no' in 'where clause'
in SYSTEMPATH\Database\BaseConnection.php on line 646.
 1 SYSTEMPATH\Database\BaseBuilder.php(1615): CodeIgniter\Database\BaseConnection->query('SELECT SUM(`totalamount`) AS `totalamount`
FROM `accounting`
WHERE `di-no` is not null
AND `vendor` is not null
GROUP BY `status`', [], false)
 2 SYSTEMPATH\Model.php(237): CodeIgniter\Database\BaseBuilder->get()
 3 SYSTEMPATH\BaseModel.php(624): CodeIgniter\Model->doFindAll(0, 0)
 4 APPPATH\Controllers\Admin.php(1860): CodeIgniter\BaseModel->findAll()
 5 SYSTEMPATH\CodeIgniter.php(919): App\Controllers\Admin->creditreport()
 6 SYSTEMPATH\CodeIgniter.php(494): CodeIgniter\CodeIgniter->runController(Object(App\Controllers\Admin))
 7 SYSTEMPATH\CodeIgniter.php(353): CodeIgniter\CodeIgniter->handleRequest(null, Object(Config\Cache), false)
 8 FCPATH\index.php(79): CodeIgniter\CodeIgniter->run()
CRITICAL - 2024-01-07 15:50:43 --> Undefined array key "di_no"
in APPPATH\Views\account\creditreport.php on line 18.
 1 APPPATH\Views\account\creditreport.php(18): CodeIgniter\Debug\Exceptions->errorHandler(2, 'Undefined array key "di_no"', 'C:\\xampp\\new xampp\\htdocs\\b2b\\app\\Views\\account\\creditreport.php', 18)
 2 SYSTEMPATH\View\View.php(226): include('C:\\xampp\\new xampp\\htdocs\\b2b\\app\\Views\\account\\creditreport.php')
 3 SYSTEMPATH\View\View.php(229): CodeIgniter\View\View->CodeIgniter\View\{closure}()
 4 SYSTEMPATH\Common.php(1188): CodeIgniter\View\View->render('account/creditreport', [], true)
 5 APPPATH\Controllers\Admin.php(1861): view('account/creditreport', [...])
 6 SYSTEMPATH\CodeIgniter.php(919): App\Controllers\Admin->creditreport()
 7 SYSTEMPATH\CodeIgniter.php(494): CodeIgniter\CodeIgniter->runController(Object(App\Controllers\Admin))
 8 SYSTEMPATH\CodeIgniter.php(353): CodeIgniter\CodeIgniter->handleRequest(null, Object(Config\Cache), false)
 9 FCPATH\index.php(79): CodeIgniter\CodeIgniter->run()
CRITICAL - 2024-01-07 15:51:04 --> Undefined array key "di_no"
in APPPATH\Views\account\creditreport.php on line 18.
 1 APPPATH\Views\account\creditreport.php(18): CodeIgniter\Debug\Exceptions->errorHandler(2, 'Undefined array key "di_no"', 'C:\\xampp\\new xampp\\htdocs\\b2b\\app\\Views\\account\\creditreport.php', 18)
 2 SYSTEMPATH\View\View.php(226): include('C:\\xampp\\new xampp\\htdocs\\b2b\\app\\Views\\account\\creditreport.php')
 3 SYSTEMPATH\View\View.php(229): CodeIgniter\View\View->CodeIgniter\View\{closure}()
 4 SYSTEMPATH\Common.php(1188): CodeIgniter\View\View->render('account/creditreport', [], true)
 5 APPPATH\Controllers\Admin.php(1861): view('account/creditreport', [...])
 6 SYSTEMPATH\CodeIgniter.php(919): App\Controllers\Admin->creditreport()
 7 SYSTEMPATH\CodeIgniter.php(494): CodeIgniter\CodeIgniter->runController(Object(App\Controllers\Admin))
 8 SYSTEMPATH\CodeIgniter.php(353): CodeIgniter\CodeIgniter->handleRequest(null, Object(Config\Cache), false)
 9 FCPATH\index.php(79): CodeIgniter\CodeIgniter->run()
CRITICAL - 2024-01-07 15:51:08 --> Undefined array key "di_no"
in APPPATH\Views\account\creditreport.php on line 18.
 1 APPPATH\Views\account\creditreport.php(18): CodeIgniter\Debug\Exceptions->errorHandler(2, 'Undefined array key "di_no"', 'C:\\xampp\\new xampp\\htdocs\\b2b\\app\\Views\\account\\creditreport.php', 18)
 2 SYSTEMPATH\View\View.php(226): include('C:\\xampp\\new xampp\\htdocs\\b2b\\app\\Views\\account\\creditreport.php')
 3 SYSTEMPATH\View\View.php(229): CodeIgniter\View\View->CodeIgniter\View\{closure}()
 4 SYSTEMPATH\Common.php(1188): CodeIgniter\View\View->render('account/creditreport', [], true)
 5 APPPATH\Controllers\Admin.php(1861): view('account/creditreport', [...])
 6 SYSTEMPATH\CodeIgniter.php(919): App\Controllers\Admin->creditreport()
 7 SYSTEMPATH\CodeIgniter.php(494): CodeIgniter\CodeIgniter->runController(Object(App\Controllers\Admin))
 8 SYSTEMPATH\CodeIgniter.php(353): CodeIgniter\CodeIgniter->handleRequest(null, Object(Config\Cache), false)
 9 FCPATH\index.php(79): CodeIgniter\CodeIgniter->run()
CRITICAL - 2024-01-07 15:51:29 --> Undefined array key "vehicle_no"
in APPPATH\Views\account\creditreport.php on line 18.
 1 APPPATH\Views\account\creditreport.php(18): CodeIgniter\Debug\Exceptions->errorHandler(2, 'Undefined array key "vehicle_no"', 'C:\\xampp\\new xampp\\htdocs\\b2b\\app\\Views\\account\\creditreport.php', 18)
 2 SYSTEMPATH\View\View.php(226): include('C:\\xampp\\new xampp\\htdocs\\b2b\\app\\Views\\account\\creditreport.php')
 3 SYSTEMPATH\View\View.php(229): CodeIgniter\View\View->CodeIgniter\View\{closure}()
 4 SYSTEMPATH\Common.php(1188): CodeIgniter\View\View->render('account/creditreport', [], true)
 5 APPPATH\Controllers\Admin.php(1861): view('account/creditreport', [...])
 6 SYSTEMPATH\CodeIgniter.php(919): App\Controllers\Admin->creditreport()
 7 SYSTEMPATH\CodeIgniter.php(494): CodeIgniter\CodeIgniter->runController(Object(App\Controllers\Admin))
 8 SYSTEMPATH\CodeIgniter.php(353): CodeIgniter\CodeIgniter->handleRequest(null, Object(Config\Cache), false)
 9 FCPATH\index.php(79): CodeIgniter\CodeIgniter->run()
CRITICAL - 2024-01-07 16:21:22 --> Attempt to read property "userName" on null
in APPPATH\Controllers\Admin.php on line 167.
 1 APPPATH\Controllers\Admin.php(167): CodeIgniter\Debug\Exceptions->errorHandler(2, 'Attempt to read property "userName" on null', 'C:\\xampp\\new xampp\\htdocs\\b2b\\app\\Controllers\\Admin.php', 167)
 2 SYSTEMPATH\CodeIgniter.php(919): App\Controllers\Admin->edit_vehicle('2')
 3 SYSTEMPATH\CodeIgniter.php(494): CodeIgniter\CodeIgniter->runController(Object(App\Controllers\Admin))
 4 SYSTEMPATH\CodeIgniter.php(353): CodeIgniter\CodeIgniter->handleRequest(null, Object(Config\Cache), false)
 5 FCPATH\index.php(79): CodeIgniter\CodeIgniter->run()
