CRITICAL - 2023-10-27 05:14:00 --> Undefined property: App\Controllers\Admin::$userRow
in APPPATH\Controllers\Admin.php on line 48.
 1 APPPATH\Controllers\Admin.php(48): CodeIgniter\Debug\Exceptions->errorHandler(2, 'Undefined property: App\\Controllers\\Admin::$userRow', 'C:\\xampp\\new xampp\\htdocs\\lmv1\\app\\Controllers\\Admin.php', 48)
 2 APPPATH\Controllers\Admin.php(368): App\Controllers\Admin->header('Filter Production ')
 3 SYSTEMPATH\CodeIgniter.php(919): App\Controllers\Admin->productionReport()
 4 SYSTEMPATH\CodeIgniter.php(494): CodeIgniter\CodeIgniter->runController(Object(App\Controllers\Admin))
 5 SYSTEMPATH\CodeIgniter.php(353): CodeIgniter\CodeIgniter->handleRequest(null, Object(Config\Cache), false)
 6 FCPATH\index.php(79): CodeIgniter\CodeIgniter->run()
CRITICAL - 2023-10-27 05:20:45 --> Undefined array key "product"
in APPPATH\Views\productionfilter.php on line 48.
 1 APPPATH\Views\productionfilter.php(48): CodeIgniter\Debug\Exceptions->errorHandler(2, 'Undefined array key "product"', 'C:\\xampp\\new xampp\\htdocs\\lmv1\\app\\Views\\productionfilter.php', 48)
 2 SYSTEMPATH\View\View.php(226): include('C:\\xampp\\new xampp\\htdocs\\lmv1\\app\\Views\\productionfilter.php')
 3 SYSTEMPATH\View\View.php(229): CodeIgniter\View\View->CodeIgniter\View\{closure}()
 4 SYSTEMPATH\Common.php(1188): CodeIgniter\View\View->render('productionfilter', [], true)
 5 APPPATH\Controllers\Admin.php(368): view('productionfilter', [...])
 6 SYSTEMPATH\CodeIgniter.php(919): App\Controllers\Admin->productionReport()
 7 SYSTEMPATH\CodeIgniter.php(494): CodeIgniter\CodeIgniter->runController(Object(App\Controllers\Admin))
 8 SYSTEMPATH\CodeIgniter.php(353): CodeIgniter\CodeIgniter->handleRequest(null, Object(Config\Cache), false)
 9 FCPATH\index.php(79): CodeIgniter\CodeIgniter->run()
CRITICAL - 2023-10-27 05:37:50 --> Cannot redeclare App\Controllers\Admin::productionReport()
in APPPATH\Controllers\Admin.php on line 386.
 1 [internal function]: CodeIgniter\Debug\Exceptions->shutdownHandler()
CRITICAL - 2023-10-27 05:38:49 --> Cannot redeclare App\Controllers\Admin::inpectionReport()
in APPPATH\Controllers\Admin.php on line 402.
 1 [internal function]: CodeIgniter\Debug\Exceptions->shutdownHandler()
CRITICAL - 2023-10-27 06:06:24 --> Invalid file: "inpection/productiontable.php"
in SYSTEMPATH\Exceptions\FrameworkException.php on line 39.
 1 SYSTEMPATH\View\View.php(214): CodeIgniter\Exceptions\FrameworkException::forInvalidFile('inpection/productiontable.php')
 2 SYSTEMPATH\Common.php(1188): CodeIgniter\View\View->render('inpection/productiontable', [], true)
 3 APPPATH\Controllers\Admin.php(495): view('inpection/productiontable', [...])
 4 SYSTEMPATH\CodeIgniter.php(919): App\Controllers\Admin->inpectionDetails()
 5 SYSTEMPATH\CodeIgniter.php(494): CodeIgniter\CodeIgniter->runController(Object(App\Controllers\Admin))
 6 SYSTEMPATH\CodeIgniter.php(353): CodeIgniter\CodeIgniter->handleRequest(null, Object(Config\Cache), false)
 7 FCPATH\index.php(79): CodeIgniter\CodeIgniter->run()
CRITICAL - 2023-10-27 06:10:32 --> Invalid file: "inpection/productiontable.php"
in SYSTEMPATH\Exceptions\FrameworkException.php on line 39.
 1 SYSTEMPATH\View\View.php(214): CodeIgniter\Exceptions\FrameworkException::forInvalidFile('inpection/productiontable.php')
 2 SYSTEMPATH\Common.php(1188): CodeIgniter\View\View->render('inpection/productiontable', [], true)
 3 APPPATH\Controllers\Admin.php(495): view('inpection/productiontable', [...])
 4 SYSTEMPATH\CodeIgniter.php(919): App\Controllers\Admin->inpectionDetails()
 5 SYSTEMPATH\CodeIgniter.php(494): CodeIgniter\CodeIgniter->runController(Object(App\Controllers\Admin))
 6 SYSTEMPATH\CodeIgniter.php(353): CodeIgniter\CodeIgniter->handleRequest(null, Object(Config\Cache), false)
 7 FCPATH\index.php(79): CodeIgniter\CodeIgniter->run()
CRITICAL - 2023-10-27 06:10:54 --> Call to undefined method App\Models\production_entryModel::getIdDetails
in SYSTEMPATH\Model.php on line 873.
 1 APPPATH\Controllers\Admin.php(478): CodeIgniter\Model->__call('getIdDetails', [...])
 2 SYSTEMPATH\CodeIgniter.php(919): App\Controllers\Admin->production_detail('1')
 3 SYSTEMPATH\CodeIgniter.php(494): CodeIgniter\CodeIgniter->runController(Object(App\Controllers\Admin))
 4 SYSTEMPATH\CodeIgniter.php(353): CodeIgniter\CodeIgniter->handleRequest(null, Object(Config\Cache), false)
 5 FCPATH\index.php(79): CodeIgniter\CodeIgniter->run()
CRITICAL - 2023-10-27 06:10:57 --> Call to undefined method App\Models\production_entryModel::getIdDetails
in SYSTEMPATH\Model.php on line 873.
 1 APPPATH\Controllers\Admin.php(478): CodeIgniter\Model->__call('getIdDetails', [...])
 2 SYSTEMPATH\CodeIgniter.php(919): App\Controllers\Admin->production_detail('1')
 3 SYSTEMPATH\CodeIgniter.php(494): CodeIgniter\CodeIgniter->runController(Object(App\Controllers\Admin))
 4 SYSTEMPATH\CodeIgniter.php(353): CodeIgniter\CodeIgniter->handleRequest(null, Object(Config\Cache), false)
 5 FCPATH\index.php(79): CodeIgniter\CodeIgniter->run()
CRITICAL - 2023-10-27 06:13:32 --> Call to undefined method App\Models\production_entryModel::getIdDetails
in SYSTEMPATH\Model.php on line 873.
 1 APPPATH\Controllers\Admin.php(478): CodeIgniter\Model->__call('getIdDetails', [...])
 2 SYSTEMPATH\CodeIgniter.php(919): App\Controllers\Admin->production_detail('1')
 3 SYSTEMPATH\CodeIgniter.php(494): CodeIgniter\CodeIgniter->runController(Object(App\Controllers\Admin))
 4 SYSTEMPATH\CodeIgniter.php(353): CodeIgniter\CodeIgniter->handleRequest(null, Object(Config\Cache), false)
 5 FCPATH\index.php(79): CodeIgniter\CodeIgniter->run()
CRITICAL - 2023-10-27 06:52:58 --> Call to undefined method App\Models\production_entryModel::getIdDetails
in SYSTEMPATH\Model.php on line 873.
 1 APPPATH\Controllers\Admin.php(478): CodeIgniter\Model->__call('getIdDetails', [...])
 2 SYSTEMPATH\CodeIgniter.php(919): App\Controllers\Admin->production_detail('7')
 3 SYSTEMPATH\CodeIgniter.php(494): CodeIgniter\CodeIgniter->runController(Object(App\Controllers\Admin))
 4 SYSTEMPATH\CodeIgniter.php(353): CodeIgniter\CodeIgniter->handleRequest(null, Object(Config\Cache), false)
 5 FCPATH\index.php(79): CodeIgniter\CodeIgniter->run()
CRITICAL - 2023-10-27 08:20:45 --> Undefined array key "product"
in APPPATH\Views\production\productiondetail.php on line 25.
 1 APPPATH\Views\production\productiondetail.php(25): CodeIgniter\Debug\Exceptions->errorHandler(2, 'Undefined array key "product"', 'C:\\xampp\\new xampp\\htdocs\\lmv1\\app\\Views\\production\\productiondetail.php', 25)
 2 SYSTEMPATH\View\View.php(226): include('C:\\xampp\\new xampp\\htdocs\\lmv1\\app\\Views\\production\\productiondetail.php')
 3 SYSTEMPATH\View\View.php(229): CodeIgniter\View\View->CodeIgniter\View\{closure}()
 4 SYSTEMPATH\Common.php(1188): CodeIgniter\View\View->render('production/productiondetail', [], true)
 5 APPPATH\Controllers\Admin.php(513): view('production/productiondetail', [...])
 6 SYSTEMPATH\CodeIgniter.php(919): App\Controllers\Admin->inspection_detail('7')
 7 SYSTEMPATH\CodeIgniter.php(494): CodeIgniter\CodeIgniter->runController(Object(App\Controllers\Admin))
 8 SYSTEMPATH\CodeIgniter.php(353): CodeIgniter\CodeIgniter->handleRequest(null, Object(Config\Cache), false)
 9 FCPATH\index.php(79): CodeIgniter\CodeIgniter->run()
CRITICAL - 2023-10-27 08:24:52 --> Invalid file: "inpection/inspectiondetail.php"
in SYSTEMPATH\Exceptions\FrameworkException.php on line 39.
 1 SYSTEMPATH\View\View.php(214): CodeIgniter\Exceptions\FrameworkException::forInvalidFile('inpection/inspectiondetail.php')
 2 SYSTEMPATH\Common.php(1188): CodeIgniter\View\View->render('inpection/inspectiondetail', [], true)
 3 APPPATH\Controllers\Admin.php(513): view('inpection/inspectiondetail', [...])
 4 SYSTEMPATH\CodeIgniter.php(919): App\Controllers\Admin->inspection_detail('7')
 5 SYSTEMPATH\CodeIgniter.php(494): CodeIgniter\CodeIgniter->runController(Object(App\Controllers\Admin))
 6 SYSTEMPATH\CodeIgniter.php(353): CodeIgniter\CodeIgniter->handleRequest(null, Object(Config\Cache), false)
 7 FCPATH\index.php(79): CodeIgniter\CodeIgniter->run()
CRITICAL - 2023-10-27 08:25:37 --> Undefined variable $model
in APPPATH\Views\inpection\inspectiontable.php on line 19.
 1 APPPATH\Views\inpection\inspectiontable.php(19): CodeIgniter\Debug\Exceptions->errorHandler(2, 'Undefined variable $model', 'C:\\xampp\\new xampp\\htdocs\\lmv1\\app\\Views\\inpection\\inspectiontable.php', 19)
 2 SYSTEMPATH\View\View.php(226): include('C:\\xampp\\new xampp\\htdocs\\lmv1\\app\\Views\\inpection\\inspectiontable.php')
 3 SYSTEMPATH\View\View.php(229): CodeIgniter\View\View->CodeIgniter\View\{closure}()
 4 SYSTEMPATH\Common.php(1188): CodeIgniter\View\View->render('inpection/inspectiontable', [], true)
 5 APPPATH\Controllers\Admin.php(513): view('inpection/inspectiontable', [...])
 6 SYSTEMPATH\CodeIgniter.php(919): App\Controllers\Admin->inspection_detail('7')
 7 SYSTEMPATH\CodeIgniter.php(494): CodeIgniter\CodeIgniter->runController(Object(App\Controllers\Admin))
 8 SYSTEMPATH\CodeIgniter.php(353): CodeIgniter\CodeIgniter->handleRequest(null, Object(Config\Cache), false)
 9 FCPATH\index.php(79): CodeIgniter\CodeIgniter->run()
CRITICAL - 2023-10-27 08:26:23 --> Undefined array key "byuser"
in APPPATH\Views\inpection\inspectiontable.php on line 22.
 1 APPPATH\Views\inpection\inspectiontable.php(22): CodeIgniter\Debug\Exceptions->errorHandler(2, 'Undefined array key "byuser"', 'C:\\xampp\\new xampp\\htdocs\\lmv1\\app\\Views\\inpection\\inspectiontable.php', 22)
 2 SYSTEMPATH\View\View.php(226): include('C:\\xampp\\new xampp\\htdocs\\lmv1\\app\\Views\\inpection\\inspectiontable.php')
 3 SYSTEMPATH\View\View.php(229): CodeIgniter\View\View->CodeIgniter\View\{closure}()
 4 SYSTEMPATH\Common.php(1188): CodeIgniter\View\View->render('inpection/inspectiontable', [], true)
 5 APPPATH\Controllers\Admin.php(513): view('inpection/inspectiontable', [...])
 6 SYSTEMPATH\CodeIgniter.php(919): App\Controllers\Admin->inspection_detail('7')
 7 SYSTEMPATH\CodeIgniter.php(494): CodeIgniter\CodeIgniter->runController(Object(App\Controllers\Admin))
 8 SYSTEMPATH\CodeIgniter.php(353): CodeIgniter\CodeIgniter->handleRequest(null, Object(Config\Cache), false)
 9 FCPATH\index.php(79): CodeIgniter\CodeIgniter->run()
CRITICAL - 2023-10-27 08:37:20 --> Undefined variable $productiionlist
in APPPATH\Views\inpection\inspectiontable.php on line 19.
 1 APPPATH\Views\inpection\inspectiontable.php(19): CodeIgniter\Debug\Exceptions->errorHandler(2, 'Undefined variable $productiionlist', 'C:\\xampp\\new xampp\\htdocs\\lmv1\\app\\Views\\inpection\\inspectiontable.php', 19)
 2 SYSTEMPATH\View\View.php(226): include('C:\\xampp\\new xampp\\htdocs\\lmv1\\app\\Views\\inpection\\inspectiontable.php')
 3 SYSTEMPATH\View\View.php(229): CodeIgniter\View\View->CodeIgniter\View\{closure}()
 4 SYSTEMPATH\Common.php(1188): CodeIgniter\View\View->render('inpection/inspectiontable', [], true)
 5 APPPATH\Controllers\Admin.php(495): view('inpection/inspectiontable', [...])
 6 SYSTEMPATH\CodeIgniter.php(919): App\Controllers\Admin->inpectionDetails()
 7 SYSTEMPATH\CodeIgniter.php(494): CodeIgniter\CodeIgniter->runController(Object(App\Controllers\Admin))
 8 SYSTEMPATH\CodeIgniter.php(353): CodeIgniter\CodeIgniter->handleRequest(null, Object(Config\Cache), false)
 9 FCPATH\index.php(79): CodeIgniter\CodeIgniter->run()
CRITICAL - 2023-10-27 08:37:24 --> Undefined variable $productiionlist
in APPPATH\Views\inpection\inspectiontable.php on line 19.
 1 APPPATH\Views\inpection\inspectiontable.php(19): CodeIgniter\Debug\Exceptions->errorHandler(2, 'Undefined variable $productiionlist', 'C:\\xampp\\new xampp\\htdocs\\lmv1\\app\\Views\\inpection\\inspectiontable.php', 19)
 2 SYSTEMPATH\View\View.php(226): include('C:\\xampp\\new xampp\\htdocs\\lmv1\\app\\Views\\inpection\\inspectiontable.php')
 3 SYSTEMPATH\View\View.php(229): CodeIgniter\View\View->CodeIgniter\View\{closure}()
 4 SYSTEMPATH\Common.php(1188): CodeIgniter\View\View->render('inpection/inspectiontable', [], true)
 5 APPPATH\Controllers\Admin.php(495): view('inpection/inspectiontable', [...])
 6 SYSTEMPATH\CodeIgniter.php(919): App\Controllers\Admin->inpectionDetails()
 7 SYSTEMPATH\CodeIgniter.php(494): CodeIgniter\CodeIgniter->runController(Object(App\Controllers\Admin))
 8 SYSTEMPATH\CodeIgniter.php(353): CodeIgniter\CodeIgniter->handleRequest(null, Object(Config\Cache), false)
 9 FCPATH\index.php(79): CodeIgniter\CodeIgniter->run()
CRITICAL - 2023-10-27 08:37:25 --> Undefined variable $productiionlist
in APPPATH\Views\inpection\inspectiontable.php on line 19.
 1 APPPATH\Views\inpection\inspectiontable.php(19): CodeIgniter\Debug\Exceptions->errorHandler(2, 'Undefined variable $productiionlist', 'C:\\xampp\\new xampp\\htdocs\\lmv1\\app\\Views\\inpection\\inspectiontable.php', 19)
 2 SYSTEMPATH\View\View.php(226): include('C:\\xampp\\new xampp\\htdocs\\lmv1\\app\\Views\\inpection\\inspectiontable.php')
 3 SYSTEMPATH\View\View.php(229): CodeIgniter\View\View->CodeIgniter\View\{closure}()
 4 SYSTEMPATH\Common.php(1188): CodeIgniter\View\View->render('inpection/inspectiontable', [], true)
 5 APPPATH\Controllers\Admin.php(495): view('inpection/inspectiontable', [...])
 6 SYSTEMPATH\CodeIgniter.php(919): App\Controllers\Admin->inpectionDetails()
 7 SYSTEMPATH\CodeIgniter.php(494): CodeIgniter\CodeIgniter->runController(Object(App\Controllers\Admin))
 8 SYSTEMPATH\CodeIgniter.php(353): CodeIgniter\CodeIgniter->handleRequest(null, Object(Config\Cache), false)
 9 FCPATH\index.php(79): CodeIgniter\CodeIgniter->run()
CRITICAL - 2023-10-27 08:58:24 --> Undefined variable $productiionlist
in APPPATH\Views\inpection\inspectiontable.php on line 19.
 1 APPPATH\Views\inpection\inspectiontable.php(19): CodeIgniter\Debug\Exceptions->errorHandler(2, 'Undefined variable $productiionlist', 'C:\\xampp\\new xampp\\htdocs\\lmv1\\app\\Views\\inpection\\inspectiontable.php', 19)
 2 SYSTEMPATH\View\View.php(226): include('C:\\xampp\\new xampp\\htdocs\\lmv1\\app\\Views\\inpection\\inspectiontable.php')
 3 SYSTEMPATH\View\View.php(229): CodeIgniter\View\View->CodeIgniter\View\{closure}()
 4 SYSTEMPATH\Common.php(1188): CodeIgniter\View\View->render('inpection/inspectiontable', [], true)
 5 APPPATH\Controllers\Admin.php(495): view('inpection/inspectiontable', [...])
 6 SYSTEMPATH\CodeIgniter.php(919): App\Controllers\Admin->inpectionDetails()
 7 SYSTEMPATH\CodeIgniter.php(494): CodeIgniter\CodeIgniter->runController(Object(App\Controllers\Admin))
 8 SYSTEMPATH\CodeIgniter.php(353): CodeIgniter\CodeIgniter->handleRequest(null, Object(Config\Cache), false)
 9 FCPATH\index.php(79): CodeIgniter\CodeIgniter->run()
CRITICAL - 2023-10-27 09:01:03 --> Undefined variable $inspectionlist
in APPPATH\Views\inpection\inspectiontable.php on line 19.
 1 APPPATH\Views\inpection\inspectiontable.php(19): CodeIgniter\Debug\Exceptions->errorHandler(2, 'Undefined variable $inspectionlist', 'C:\\xampp\\new xampp\\htdocs\\lmv1\\app\\Views\\inpection\\inspectiontable.php', 19)
 2 SYSTEMPATH\View\View.php(226): include('C:\\xampp\\new xampp\\htdocs\\lmv1\\app\\Views\\inpection\\inspectiontable.php')
 3 SYSTEMPATH\View\View.php(229): CodeIgniter\View\View->CodeIgniter\View\{closure}()
 4 SYSTEMPATH\Common.php(1188): CodeIgniter\View\View->render('inpection/inspectiontable', [], true)
 5 APPPATH\Controllers\Admin.php(495): view('inpection/inspectiontable', [...])
 6 SYSTEMPATH\CodeIgniter.php(919): App\Controllers\Admin->inpectionDetails()
 7 SYSTEMPATH\CodeIgniter.php(494): CodeIgniter\CodeIgniter->runController(Object(App\Controllers\Admin))
 8 SYSTEMPATH\CodeIgniter.php(353): CodeIgniter\CodeIgniter->handleRequest(null, Object(Config\Cache), false)
 9 FCPATH\index.php(79): CodeIgniter\CodeIgniter->run()
CRITICAL - 2023-10-27 09:01:05 --> Undefined variable $inspectionlist
in APPPATH\Views\inpection\inspectiontable.php on line 19.
 1 APPPATH\Views\inpection\inspectiontable.php(19): CodeIgniter\Debug\Exceptions->errorHandler(2, 'Undefined variable $inspectionlist', 'C:\\xampp\\new xampp\\htdocs\\lmv1\\app\\Views\\inpection\\inspectiontable.php', 19)
 2 SYSTEMPATH\View\View.php(226): include('C:\\xampp\\new xampp\\htdocs\\lmv1\\app\\Views\\inpection\\inspectiontable.php')
 3 SYSTEMPATH\View\View.php(229): CodeIgniter\View\View->CodeIgniter\View\{closure}()
 4 SYSTEMPATH\Common.php(1188): CodeIgniter\View\View->render('inpection/inspectiontable', [], true)
 5 APPPATH\Controllers\Admin.php(495): view('inpection/inspectiontable', [...])
 6 SYSTEMPATH\CodeIgniter.php(919): App\Controllers\Admin->inpectionDetails()
 7 SYSTEMPATH\CodeIgniter.php(494): CodeIgniter\CodeIgniter->runController(Object(App\Controllers\Admin))
 8 SYSTEMPATH\CodeIgniter.php(353): CodeIgniter\CodeIgniter->handleRequest(null, Object(Config\Cache), false)
 9 FCPATH\index.php(79): CodeIgniter\CodeIgniter->run()
CRITICAL - 2023-10-27 09:03:41 --> Undefined array key "parameters"
in APPPATH\Views\inpection\inspectiontable.php on line 22.
 1 APPPATH\Views\inpection\inspectiontable.php(22): CodeIgniter\Debug\Exceptions->errorHandler(2, 'Undefined array key "parameters"', 'C:\\xampp\\new xampp\\htdocs\\lmv1\\app\\Views\\inpection\\inspectiontable.php', 22)
 2 SYSTEMPATH\View\View.php(226): include('C:\\xampp\\new xampp\\htdocs\\lmv1\\app\\Views\\inpection\\inspectiontable.php')
 3 SYSTEMPATH\View\View.php(229): CodeIgniter\View\View->CodeIgniter\View\{closure}()
 4 SYSTEMPATH\Common.php(1188): CodeIgniter\View\View->render('inpection/inspectiontable', [], true)
 5 APPPATH\Controllers\Admin.php(495): view('inpection/inspectiontable', [...])
 6 SYSTEMPATH\CodeIgniter.php(919): App\Controllers\Admin->inpectionDetails()
 7 SYSTEMPATH\CodeIgniter.php(494): CodeIgniter\CodeIgniter->runController(Object(App\Controllers\Admin))
 8 SYSTEMPATH\CodeIgniter.php(353): CodeIgniter\CodeIgniter->handleRequest(null, Object(Config\Cache), false)
 9 FCPATH\index.php(79): CodeIgniter\CodeIgniter->run()
CRITICAL - 2023-10-27 09:25:06 --> Undefined variable $productiionlist
in APPPATH\Views\inpection\inspectiondetail.php on line 20.
 1 APPPATH\Views\inpection\inspectiondetail.php(20): CodeIgniter\Debug\Exceptions->errorHandler(2, 'Undefined variable $productiionlist', 'C:\\xampp\\new xampp\\htdocs\\lmv1\\app\\Views\\inpection\\inspectiondetail.php', 20)
 2 SYSTEMPATH\View\View.php(226): include('C:\\xampp\\new xampp\\htdocs\\lmv1\\app\\Views\\inpection\\inspectiondetail.php')
 3 SYSTEMPATH\View\View.php(229): CodeIgniter\View\View->CodeIgniter\View\{closure}()
 4 SYSTEMPATH\Common.php(1188): CodeIgniter\View\View->render('inpection/inspectiondetail', [], true)
 5 APPPATH\Controllers\Admin.php(513): view('inpection/inspectiondetail', [...])
 6 SYSTEMPATH\CodeIgniter.php(919): App\Controllers\Admin->inspection_detail('1')
 7 SYSTEMPATH\CodeIgniter.php(494): CodeIgniter\CodeIgniter->runController(Object(App\Controllers\Admin))
 8 SYSTEMPATH\CodeIgniter.php(353): CodeIgniter\CodeIgniter->handleRequest(null, Object(Config\Cache), false)
 9 FCPATH\index.php(79): CodeIgniter\CodeIgniter->run()
CRITICAL - 2023-10-27 10:18:44 --> syntax error, unexpected token "<"
in APPPATH\Views\inpection\addinpection.php on line 32.
 1 SYSTEMPATH\View\View.php(229): CodeIgniter\View\View->CodeIgniter\View\{closure}()
 2 SYSTEMPATH\Common.php(1188): CodeIgniter\View\View->render('inpection/addinpection', [], true)
 3 APPPATH\Controllers\Admin.php(349): view('inpection/addinpection', [...])
 4 SYSTEMPATH\CodeIgniter.php(919): App\Controllers\Admin->inpectionlist()
 5 SYSTEMPATH\CodeIgniter.php(494): CodeIgniter\CodeIgniter->runController(Object(App\Controllers\Admin))
 6 SYSTEMPATH\CodeIgniter.php(353): CodeIgniter\CodeIgniter->handleRequest(null, Object(Config\Cache), false)
 7 FCPATH\index.php(79): CodeIgniter\CodeIgniter->run()
CRITICAL - 2023-10-27 10:19:16 --> syntax error, unexpected token "<"
in APPPATH\Views\inpection\addinpection.php on line 32.
 1 SYSTEMPATH\View\View.php(229): CodeIgniter\View\View->CodeIgniter\View\{closure}()
 2 SYSTEMPATH\Common.php(1188): CodeIgniter\View\View->render('inpection/addinpection', [], true)
 3 APPPATH\Controllers\Admin.php(349): view('inpection/addinpection', [...])
 4 SYSTEMPATH\CodeIgniter.php(919): App\Controllers\Admin->inpectionlist()
 5 SYSTEMPATH\CodeIgniter.php(494): CodeIgniter\CodeIgniter->runController(Object(App\Controllers\Admin))
 6 SYSTEMPATH\CodeIgniter.php(353): CodeIgniter\CodeIgniter->handleRequest(null, Object(Config\Cache), false)
 7 FCPATH\index.php(79): CodeIgniter\CodeIgniter->run()
CRITICAL - 2023-10-27 10:20:24 --> syntax error, unexpected token ">"
in APPPATH\Views\inpection\addinpection.php on line 31.
 1 SYSTEMPATH\View\View.php(229): CodeIgniter\View\View->CodeIgniter\View\{closure}()
 2 SYSTEMPATH\Common.php(1188): CodeIgniter\View\View->render('inpection/addinpection', [], true)
 3 APPPATH\Controllers\Admin.php(349): view('inpection/addinpection', [...])
 4 SYSTEMPATH\CodeIgniter.php(919): App\Controllers\Admin->inpectionlist()
 5 SYSTEMPATH\CodeIgniter.php(494): CodeIgniter\CodeIgniter->runController(Object(App\Controllers\Admin))
 6 SYSTEMPATH\CodeIgniter.php(353): CodeIgniter\CodeIgniter->handleRequest(null, Object(Config\Cache), false)
 7 FCPATH\index.php(79): CodeIgniter\CodeIgniter->run()
ERROR - 2023-10-27 10:24:01 --> mysqli_sql_exception: Column 'parameters' cannot be null in C:\xampp\new xampp\htdocs\lmv1\system\Database\MySQLi\Connection.php:306
Stack trace:
#0 C:\xampp\new xampp\htdocs\lmv1\system\Database\MySQLi\Connection.php(306): mysqli->query('INSERT INTO `in...', 0)
#1 C:\xampp\new xampp\htdocs\lmv1\system\Database\BaseConnection.php(692): CodeIgniter\Database\MySQLi\Connection->execute('INSERT INTO `in...')
#2 C:\xampp\new xampp\htdocs\lmv1\system\Database\BaseConnection.php(606): CodeIgniter\Database\BaseConnection->simpleQuery('INSERT INTO `in...')
#3 C:\xampp\new xampp\htdocs\lmv1\system\Database\BaseBuilder.php(2308): CodeIgniter\Database\BaseConnection->query('INSERT INTO `in...', Array, false)
#4 C:\xampp\new xampp\htdocs\lmv1\system\Model.php(319): CodeIgniter\Database\BaseBuilder->insert()
#5 C:\xampp\new xampp\htdocs\lmv1\system\BaseModel.php(788): CodeIgniter\Model->doInsert(Array)
#6 C:\xampp\new xampp\htdocs\lmv1\system\Model.php(715): CodeIgniter\BaseModel->insert(Array, true)
#7 C:\xampp\new xampp\htdocs\lmv1\app\Controllers\Admin.php(447): CodeIgniter\Model->insert(Array)
#8 C:\xampp\new xampp\htdocs\lmv1\system\CodeIgniter.php(919): App\Controllers\Admin->addinspection()
#9 C:\xampp\new xampp\htdocs\lmv1\system\CodeIgniter.php(494): CodeIgniter\CodeIgniter->runController(Object(App\Controllers\Admin))
#10 C:\xampp\new xampp\htdocs\lmv1\system\CodeIgniter.php(353): CodeIgniter\CodeIgniter->handleRequest(NULL, Object(Config\Cache), false)
#11 C:\xampp\new xampp\htdocs\lmv1\index.php(79): CodeIgniter\CodeIgniter->run()
#12 {main}
CRITICAL - 2023-10-27 10:24:01 --> Column 'parameters' cannot be null
in SYSTEMPATH\Database\BaseConnection.php on line 646.
 1 SYSTEMPATH\Database\BaseBuilder.php(2308): CodeIgniter\Database\BaseConnection->query('INSERT INTO `inspection` (`iddate`, `parameters`, `value`, `entryid`) VALUES (:iddate:, :parameters:, :value:, :entryid:)', [...], false)
 2 SYSTEMPATH\Model.php(319): CodeIgniter\Database\BaseBuilder->insert()
 3 SYSTEMPATH\BaseModel.php(788): CodeIgniter\Model->doInsert([...])
 4 SYSTEMPATH\Model.php(715): CodeIgniter\BaseModel->insert([...], true)
 5 APPPATH\Controllers\Admin.php(447): CodeIgniter\Model->insert([...])
 6 SYSTEMPATH\CodeIgniter.php(919): App\Controllers\Admin->addinspection()
 7 SYSTEMPATH\CodeIgniter.php(494): CodeIgniter\CodeIgniter->runController(Object(App\Controllers\Admin))
 8 SYSTEMPATH\CodeIgniter.php(353): CodeIgniter\CodeIgniter->handleRequest(null, Object(Config\Cache), false)
 9 FCPATH\index.php(79): CodeIgniter\CodeIgniter->run()
ERROR - 2023-10-27 10:47:28 --> mysqli_sql_exception: Table 'lmrproject.users' doesn't exist in C:\xampp\new xampp\htdocs\lmv1\system\Database\MySQLi\Connection.php:306
Stack trace:
#0 C:\xampp\new xampp\htdocs\lmv1\system\Database\MySQLi\Connection.php(306): mysqli->query('SELECT *,(SELEC...', 0)
#1 C:\xampp\new xampp\htdocs\lmv1\system\Database\BaseConnection.php(692): CodeIgniter\Database\MySQLi\Connection->execute('SELECT *,(SELEC...')
#2 C:\xampp\new xampp\htdocs\lmv1\system\Database\BaseConnection.php(606): CodeIgniter\Database\BaseConnection->simpleQuery('SELECT *,(SELEC...')
#3 C:\xampp\new xampp\htdocs\lmv1\app\Models\inspection_entryModel.php(26): CodeIgniter\Database\BaseConnection->query('SELECT *,(SELEC...')
#4 C:\xampp\new xampp\htdocs\lmv1\app\Controllers\Admin.php(393): App\Models\inspection_entryModel->getDataBy_Date('2023-10-10', '2023-10-27')
#5 C:\xampp\new xampp\htdocs\lmv1\system\CodeIgniter.php(919): App\Controllers\Admin->inpectionReport()
#6 C:\xampp\new xampp\htdocs\lmv1\system\CodeIgniter.php(494): CodeIgniter\CodeIgniter->runController(Object(App\Controllers\Admin))
#7 C:\xampp\new xampp\htdocs\lmv1\system\CodeIgniter.php(353): CodeIgniter\CodeIgniter->handleRequest(NULL, Object(Config\Cache), false)
#8 C:\xampp\new xampp\htdocs\lmv1\index.php(79): CodeIgniter\CodeIgniter->run()
#9 {main}
CRITICAL - 2023-10-27 10:47:28 --> Table 'lmrproject.users' doesn't exist
in SYSTEMPATH\Database\BaseConnection.php on line 646.
 1 APPPATH\Models\inspection_entryModel.php(26): CodeIgniter\Database\BaseConnection->query('SELECT *,(SELECT name FROM users WHERE id=inspection_entry.byuser) as user_name FROM inspection_entry WHERE iddate>=\'2023-10-10\' AND iddate<=\'2023-10-27\' ')
 2 APPPATH\Controllers\Admin.php(393): App\Models\inspection_entryModel->getDataBy_Date('2023-10-10', '2023-10-27')
 3 SYSTEMPATH\CodeIgniter.php(919): App\Controllers\Admin->inpectionReport()
 4 SYSTEMPATH\CodeIgniter.php(494): CodeIgniter\CodeIgniter->runController(Object(App\Controllers\Admin))
 5 SYSTEMPATH\CodeIgniter.php(353): CodeIgniter\CodeIgniter->handleRequest(null, Object(Config\Cache), false)
 6 FCPATH\index.php(79): CodeIgniter\CodeIgniter->run()
