CRITICAL - 2023-10-09 06:18:04 --> Invalid file: "headr.php"
in SYSTEMPATH\Exceptions\FrameworkException.php on line 39.
 1 SYSTEMPATH\View\View.php(214): CodeIgniter\Exceptions\FrameworkException::forInvalidFile('headr.php')
 2 SYSTEMPATH\Common.php(1188): CodeIgniter\View\View->render('headr', [], true)
 3 APPPATH\Controllers\Home.php(21): view('headr')
 4 SYSTEMPATH\CodeIgniter.php(919): App\Controllers\Home->index()
 5 SYSTEMPATH\CodeIgniter.php(494): CodeIgniter\CodeIgniter->runController(Object(App\Controllers\Home))
 6 SYSTEMPATH\CodeIgniter.php(353): CodeIgniter\CodeIgniter->handleRequest(null, Object(Config\Cache), false)
 7 FCPATH\index.php(79): CodeIgniter\CodeIgniter->run()
CRITICAL - 2023-10-09 07:42:10 --> Call to a member function getRandomName() on null
in APPPATH\Controllers\Home.php on line 165.
 1 SYSTEMPATH\CodeIgniter.php(919): App\Controllers\Home->Status_Data_Insert()
 2 SYSTEMPATH\CodeIgniter.php(494): CodeIgniter\CodeIgniter->runController(Object(App\Controllers\Home))
 3 SYSTEMPATH\CodeIgniter.php(353): CodeIgniter\CodeIgniter->handleRequest(null, Object(Config\Cache), false)
 4 FCPATH\index.php(79): CodeIgniter\CodeIgniter->run()
CRITICAL - 2023-10-09 07:47:09 --> Call to a member function getRandomName() on null
in APPPATH\Controllers\Home.php on line 167.
 1 SYSTEMPATH\CodeIgniter.php(919): App\Controllers\Home->Status_Data_Insert()
 2 SYSTEMPATH\CodeIgniter.php(494): CodeIgniter\CodeIgniter->runController(Object(App\Controllers\Home))
 3 SYSTEMPATH\CodeIgniter.php(353): CodeIgniter\CodeIgniter->handleRequest(null, Object(Config\Cache), false)
 4 FCPATH\index.php(79): CodeIgniter\CodeIgniter->run()
CRITICAL - 2023-10-09 07:50:54 --> Call to a member function getRandomName() on null
in APPPATH\Controllers\Home.php on line 220.
 1 SYSTEMPATH\CodeIgniter.php(919): App\Controllers\Home->statusdata()
 2 SYSTEMPATH\CodeIgniter.php(494): CodeIgniter\CodeIgniter->runController(Object(App\Controllers\Home))
 3 SYSTEMPATH\CodeIgniter.php(353): CodeIgniter\CodeIgniter->handleRequest(null, Object(Config\Cache), false)
 4 FCPATH\index.php(79): CodeIgniter\CodeIgniter->run()
CRITICAL - 2023-10-09 07:53:12 --> Undefined variable $data
in APPPATH\Controllers\Home.php on line 236.
 1 APPPATH\Controllers\Home.php(236): CodeIgniter\Debug\Exceptions->errorHandler(2, 'Undefined variable $data', 'C:\\xampp\\new xampp\\htdocs\\livedarshan\\app\\Controllers\\Home.php', 236)
 2 SYSTEMPATH\CodeIgniter.php(919): App\Controllers\Home->statusdata()
 3 SYSTEMPATH\CodeIgniter.php(494): CodeIgniter\CodeIgniter->runController(Object(App\Controllers\Home))
 4 SYSTEMPATH\CodeIgniter.php(353): CodeIgniter\CodeIgniter->handleRequest(null, Object(Config\Cache), false)
 5 FCPATH\index.php(79): CodeIgniter\CodeIgniter->run()
CRITICAL - 2023-10-09 15:34:11 --> Call to a member function getRandomName() on null
in APPPATH\Controllers\Home.php on line 220.
 1 SYSTEMPATH\CodeIgniter.php(919): App\Controllers\Home->statusdata()
 2 SYSTEMPATH\CodeIgniter.php(494): CodeIgniter\CodeIgniter->runController(Object(App\Controllers\Home))
 3 SYSTEMPATH\CodeIgniter.php(353): CodeIgniter\CodeIgniter->handleRequest(null, Object(Config\Cache), false)
 4 FCPATH\index.php(79): CodeIgniter\CodeIgniter->run()
