ERROR - 2023-12-18 07:36:59 --> Error connecting to the database: mysqli_sql_exception: Access denied for user 'root'@'localhost' (using password: NO) in C:\xampp\new xampp\htdocs\b2b\system\Database\MySQLi\Connection.php:185
Stack trace:
#0 C:\xampp\new xampp\htdocs\b2b\system\Database\MySQLi\Connection.php(185): mysqli->real_connect('localhost', 'root', '', 'b2b', 3306, '', 0)
#1 C:\xampp\new xampp\htdocs\b2b\system\Database\BaseConnection.php(391): CodeIgniter\Database\MySQLi\Connection->connect(false)
#2 C:\xampp\new xampp\htdocs\b2b\system\Database\BaseConnection.php(574): CodeIgniter\Database\BaseConnection->initialize()
#3 C:\xampp\new xampp\htdocs\b2b\system\Database\BaseBuilder.php(1615): CodeIgniter\Database\BaseConnection->query('SELECT *\nFROM `...', Array, false)
#4 C:\xampp\new xampp\htdocs\b2b\app\Models\usersModel.php(20): CodeIgniter\Database\BaseBuilder->get()
#5 C:\xampp\new xampp\htdocs\b2b\app\Controllers\Home.php(26): App\Models\usersModel->isvalidate('1', '1')
#6 C:\xampp\new xampp\htdocs\b2b\system\CodeIgniter.php(919): App\Controllers\Home->login()
#7 C:\xampp\new xampp\htdocs\b2b\system\CodeIgniter.php(494): CodeIgniter\CodeIgniter->runController(Object(App\Controllers\Home))
#8 C:\xampp\new xampp\htdocs\b2b\system\CodeIgniter.php(353): CodeIgniter\CodeIgniter->handleRequest(NULL, Object(Config\Cache), false)
#9 C:\xampp\new xampp\htdocs\b2b\index.php(79): CodeIgniter\CodeIgniter->run()
#10 {main}

Next CodeIgniter\Database\Exceptions\DatabaseException: Access denied for user '****'@'localhost' (using password: NO) in C:\xampp\new xampp\htdocs\b2b\system\Database\MySQLi\Connection.php:229
Stack trace:
#0 C:\xampp\new xampp\htdocs\b2b\system\Database\BaseConnection.php(391): CodeIgniter\Database\MySQLi\Connection->connect(false)
#1 C:\xampp\new xampp\htdocs\b2b\system\Database\BaseConnection.php(574): CodeIgniter\Database\BaseConnection->initialize()
#2 C:\xampp\new xampp\htdocs\b2b\system\Database\BaseBuilder.php(1615): CodeIgniter\Database\BaseConnection->query('SELECT *\nFROM `...', Array, false)
#3 C:\xampp\new xampp\htdocs\b2b\app\Models\usersModel.php(20): CodeIgniter\Database\BaseBuilder->get()
#4 C:\xampp\new xampp\htdocs\b2b\app\Controllers\Home.php(26): App\Models\usersModel->isvalidate('1', '1')
#5 C:\xampp\new xampp\htdocs\b2b\system\CodeIgniter.php(919): App\Controllers\Home->login()
#6 C:\xampp\new xampp\htdocs\b2b\system\CodeIgniter.php(494): CodeIgniter\CodeIgniter->runController(Object(App\Controllers\Home))
#7 C:\xampp\new xampp\htdocs\b2b\system\CodeIgniter.php(353): CodeIgniter\CodeIgniter->handleRequest(NULL, Object(Config\Cache), false)
#8 C:\xampp\new xampp\htdocs\b2b\index.php(79): CodeIgniter\CodeIgniter->run()
#9 {main}
CRITICAL - 2023-12-18 07:36:59 --> Unable to connect to the database.
Main connection [MySQLi]: Access denied for user '****'@'localhost' (using password: NO)
in SYSTEMPATH\Database\BaseConnection.php on line 427.
 1 SYSTEMPATH\Database\BaseConnection.php(574): CodeIgniter\Database\BaseConnection->initialize()
 2 SYSTEMPATH\Database\BaseBuilder.php(1615): CodeIgniter\Database\BaseConnection->query('SELECT *
FROM `users`
WHERE `userName` = :userName:
AND `password` = :password:', [...], false)
 3 APPPATH\Models\usersModel.php(20): CodeIgniter\Database\BaseBuilder->get()
 4 APPPATH\Controllers\Home.php(26): App\Models\usersModel->isvalidate('1', '1')
 5 SYSTEMPATH\CodeIgniter.php(919): App\Controllers\Home->login()
 6 SYSTEMPATH\CodeIgniter.php(494): CodeIgniter\CodeIgniter->runController(Object(App\Controllers\Home))
 7 SYSTEMPATH\CodeIgniter.php(353): CodeIgniter\CodeIgniter->handleRequest(null, Object(Config\Cache), false)
 8 FCPATH\index.php(79): CodeIgniter\CodeIgniter->run()
CRITICAL - 2023-12-18 07:37:20 --> Undefined property: App\Controllers\Admin::$usersRow
in APPPATH\Controllers\Admin.php on line 49.
 1 APPPATH\Controllers\Admin.php(49): CodeIgniter\Debug\Exceptions->errorHandler(2, 'Undefined property: App\\Controllers\\Admin::$usersRow', 'C:\\xampp\\new xampp\\htdocs\\b2b\\app\\Controllers\\Admin.php', 49)
 2 APPPATH\Controllers\Admin.php(82): App\Controllers\Admin->header('Add addvehicle')
 3 SYSTEMPATH\CodeIgniter.php(919): App\Controllers\Admin->addvehicle()
 4 SYSTEMPATH\CodeIgniter.php(494): CodeIgniter\CodeIgniter->runController(Object(App\Controllers\Admin))
 5 SYSTEMPATH\CodeIgniter.php(353): CodeIgniter\CodeIgniter->handleRequest(null, Object(Config\Cache), false)
 6 FCPATH\index.php(79): CodeIgniter\CodeIgniter->run()
ERROR - 2023-12-18 07:37:36 --> Error connecting to the database: mysqli_sql_exception: Access denied for user 'root'@'localhost' (using password: NO) in C:\xampp\new xampp\htdocs\b2b\system\Database\MySQLi\Connection.php:185
Stack trace:
#0 C:\xampp\new xampp\htdocs\b2b\system\Database\MySQLi\Connection.php(185): mysqli->real_connect('localhost', 'root', '', 'b2b', 3306, '', 0)
#1 C:\xampp\new xampp\htdocs\b2b\system\Database\BaseConnection.php(391): CodeIgniter\Database\MySQLi\Connection->connect(false)
#2 C:\xampp\new xampp\htdocs\b2b\system\Database\BaseConnection.php(574): CodeIgniter\Database\BaseConnection->initialize()
#3 C:\xampp\new xampp\htdocs\b2b\system\Database\BaseBuilder.php(1615): CodeIgniter\Database\BaseConnection->query('SELECT *\nFROM `...', Array, false)
#4 C:\xampp\new xampp\htdocs\b2b\app\Models\usersModel.php(20): CodeIgniter\Database\BaseBuilder->get()
#5 C:\xampp\new xampp\htdocs\b2b\app\Controllers\Home.php(26): App\Models\usersModel->isvalidate('1', '1')
#6 C:\xampp\new xampp\htdocs\b2b\system\CodeIgniter.php(919): App\Controllers\Home->login()
#7 C:\xampp\new xampp\htdocs\b2b\system\CodeIgniter.php(494): CodeIgniter\CodeIgniter->runController(Object(App\Controllers\Home))
#8 C:\xampp\new xampp\htdocs\b2b\system\CodeIgniter.php(353): CodeIgniter\CodeIgniter->handleRequest(NULL, Object(Config\Cache), false)
#9 C:\xampp\new xampp\htdocs\b2b\index.php(79): CodeIgniter\CodeIgniter->run()
#10 {main}

Next CodeIgniter\Database\Exceptions\DatabaseException: Access denied for user '****'@'localhost' (using password: NO) in C:\xampp\new xampp\htdocs\b2b\system\Database\MySQLi\Connection.php:229
Stack trace:
#0 C:\xampp\new xampp\htdocs\b2b\system\Database\BaseConnection.php(391): CodeIgniter\Database\MySQLi\Connection->connect(false)
#1 C:\xampp\new xampp\htdocs\b2b\system\Database\BaseConnection.php(574): CodeIgniter\Database\BaseConnection->initialize()
#2 C:\xampp\new xampp\htdocs\b2b\system\Database\BaseBuilder.php(1615): CodeIgniter\Database\BaseConnection->query('SELECT *\nFROM `...', Array, false)
#3 C:\xampp\new xampp\htdocs\b2b\app\Models\usersModel.php(20): CodeIgniter\Database\BaseBuilder->get()
#4 C:\xampp\new xampp\htdocs\b2b\app\Controllers\Home.php(26): App\Models\usersModel->isvalidate('1', '1')
#5 C:\xampp\new xampp\htdocs\b2b\system\CodeIgniter.php(919): App\Controllers\Home->login()
#6 C:\xampp\new xampp\htdocs\b2b\system\CodeIgniter.php(494): CodeIgniter\CodeIgniter->runController(Object(App\Controllers\Home))
#7 C:\xampp\new xampp\htdocs\b2b\system\CodeIgniter.php(353): CodeIgniter\CodeIgniter->handleRequest(NULL, Object(Config\Cache), false)
#8 C:\xampp\new xampp\htdocs\b2b\index.php(79): CodeIgniter\CodeIgniter->run()
#9 {main}
CRITICAL - 2023-12-18 07:37:36 --> Unable to connect to the database.
Main connection [MySQLi]: Access denied for user '****'@'localhost' (using password: NO)
in SYSTEMPATH\Database\BaseConnection.php on line 427.
 1 SYSTEMPATH\Database\BaseConnection.php(574): CodeIgniter\Database\BaseConnection->initialize()
 2 SYSTEMPATH\Database\BaseBuilder.php(1615): CodeIgniter\Database\BaseConnection->query('SELECT *
FROM `users`
WHERE `userName` = :userName:
AND `password` = :password:', [...], false)
 3 APPPATH\Models\usersModel.php(20): CodeIgniter\Database\BaseBuilder->get()
 4 APPPATH\Controllers\Home.php(26): App\Models\usersModel->isvalidate('1', '1')
 5 SYSTEMPATH\CodeIgniter.php(919): App\Controllers\Home->login()
 6 SYSTEMPATH\CodeIgniter.php(494): CodeIgniter\CodeIgniter->runController(Object(App\Controllers\Home))
 7 SYSTEMPATH\CodeIgniter.php(353): CodeIgniter\CodeIgniter->handleRequest(null, Object(Config\Cache), false)
 8 FCPATH\index.php(79): CodeIgniter\CodeIgniter->run()
CRITICAL - 2023-12-18 08:47:51 --> Undefined array key 1
in APPPATH\Controllers\Admin.php on line 803.
 1 APPPATH\Controllers\Admin.php(803): CodeIgniter\Debug\Exceptions->errorHandler(2, 'Undefined array key 1', 'C:\\xampp\\new xampp\\htdocs\\b2b\\app\\Controllers\\Admin.php', 803)
 2 SYSTEMPATH\CodeIgniter.php(919): App\Controllers\Admin->addvehicalexcel()
 3 SYSTEMPATH\CodeIgniter.php(494): CodeIgniter\CodeIgniter->runController(Object(App\Controllers\Admin))
 4 SYSTEMPATH\CodeIgniter.php(353): CodeIgniter\CodeIgniter->handleRequest(null, Object(Config\Cache), false)
 5 FCPATH\index.php(79): CodeIgniter\CodeIgniter->run()
CRITICAL - 2023-12-18 08:48:31 --> Undefined array key 1
in APPPATH\Controllers\Admin.php on line 803.
 1 APPPATH\Controllers\Admin.php(803): CodeIgniter\Debug\Exceptions->errorHandler(2, 'Undefined array key 1', 'C:\\xampp\\new xampp\\htdocs\\b2b\\app\\Controllers\\Admin.php', 803)
 2 SYSTEMPATH\CodeIgniter.php(919): App\Controllers\Admin->addvehicalexcel()
 3 SYSTEMPATH\CodeIgniter.php(494): CodeIgniter\CodeIgniter->runController(Object(App\Controllers\Admin))
 4 SYSTEMPATH\CodeIgniter.php(353): CodeIgniter\CodeIgniter->handleRequest(null, Object(Config\Cache), false)
 5 FCPATH\index.php(79): CodeIgniter\CodeIgniter->run()
CRITICAL - 2023-12-18 08:49:11 --> Undefined array key 1
in APPPATH\Controllers\Admin.php on line 803.
 1 APPPATH\Controllers\Admin.php(803): CodeIgniter\Debug\Exceptions->errorHandler(2, 'Undefined array key 1', 'C:\\xampp\\new xampp\\htdocs\\b2b\\app\\Controllers\\Admin.php', 803)
 2 SYSTEMPATH\CodeIgniter.php(919): App\Controllers\Admin->addvehicalexcel()
 3 SYSTEMPATH\CodeIgniter.php(494): CodeIgniter\CodeIgniter->runController(Object(App\Controllers\Admin))
 4 SYSTEMPATH\CodeIgniter.php(353): CodeIgniter\CodeIgniter->handleRequest(null, Object(Config\Cache), false)
 5 FCPATH\index.php(79): CodeIgniter\CodeIgniter->run()
CRITICAL - 2023-12-18 09:24:01 --> Undefined array key 1
in APPPATH\Controllers\Admin.php on line 803.
 1 APPPATH\Controllers\Admin.php(803): CodeIgniter\Debug\Exceptions->errorHandler(2, 'Undefined array key 1', 'C:\\xampp\\new xampp\\htdocs\\b2b\\app\\Controllers\\Admin.php', 803)
 2 SYSTEMPATH\CodeIgniter.php(919): App\Controllers\Admin->addvehicalexcel()
 3 SYSTEMPATH\CodeIgniter.php(494): CodeIgniter\CodeIgniter->runController(Object(App\Controllers\Admin))
 4 SYSTEMPATH\CodeIgniter.php(353): CodeIgniter\CodeIgniter->handleRequest(null, Object(Config\Cache), false)
 5 FCPATH\index.php(79): CodeIgniter\CodeIgniter->run()
CRITICAL - 2023-12-18 09:24:47 --> Undefined array key 0
in APPPATH\Controllers\Admin.php on line 860.
 1 APPPATH\Controllers\Admin.php(860): CodeIgniter\Debug\Exceptions->errorHandler(2, 'Undefined array key 0', 'C:\\xampp\\new xampp\\htdocs\\b2b\\app\\Controllers\\Admin.php', 860)
 2 SYSTEMPATH\CodeIgniter.php(919): App\Controllers\Admin->pump2()
 3 SYSTEMPATH\CodeIgniter.php(494): CodeIgniter\CodeIgniter->runController(Object(App\Controllers\Admin))
 4 SYSTEMPATH\CodeIgniter.php(353): CodeIgniter\CodeIgniter->handleRequest(null, Object(Config\Cache), false)
 5 FCPATH\index.php(79): CodeIgniter\CodeIgniter->run()
CRITICAL - 2023-12-18 09:29:31 --> Undefined array key 0
in APPPATH\Controllers\Admin.php on line 860.
 1 APPPATH\Controllers\Admin.php(860): CodeIgniter\Debug\Exceptions->errorHandler(2, 'Undefined array key 0', 'C:\\xampp\\new xampp\\htdocs\\b2b\\app\\Controllers\\Admin.php', 860)
 2 SYSTEMPATH\CodeIgniter.php(919): App\Controllers\Admin->pump2()
 3 SYSTEMPATH\CodeIgniter.php(494): CodeIgniter\CodeIgniter->runController(Object(App\Controllers\Admin))
 4 SYSTEMPATH\CodeIgniter.php(353): CodeIgniter\CodeIgniter->handleRequest(null, Object(Config\Cache), false)
 5 FCPATH\index.php(79): CodeIgniter\CodeIgniter->run()
CRITICAL - 2023-12-18 09:38:19 --> Undefined array key 0
in APPPATH\Controllers\Admin.php on line 859.
 1 APPPATH\Controllers\Admin.php(859): CodeIgniter\Debug\Exceptions->errorHandler(2, 'Undefined array key 0', 'C:\\xampp\\new xampp\\htdocs\\b2b\\app\\Controllers\\Admin.php', 859)
 2 SYSTEMPATH\CodeIgniter.php(919): App\Controllers\Admin->pump2()
 3 SYSTEMPATH\CodeIgniter.php(494): CodeIgniter\CodeIgniter->runController(Object(App\Controllers\Admin))
 4 SYSTEMPATH\CodeIgniter.php(353): CodeIgniter\CodeIgniter->handleRequest(null, Object(Config\Cache), false)
 5 FCPATH\index.php(79): CodeIgniter\CodeIgniter->run()
CRITICAL - 2023-12-18 09:38:31 --> Undefined array key 1
in APPPATH\Controllers\Admin.php on line 860.
 1 APPPATH\Controllers\Admin.php(860): CodeIgniter\Debug\Exceptions->errorHandler(2, 'Undefined array key 1', 'C:\\xampp\\new xampp\\htdocs\\b2b\\app\\Controllers\\Admin.php', 860)
 2 SYSTEMPATH\CodeIgniter.php(919): App\Controllers\Admin->pump2()
 3 SYSTEMPATH\CodeIgniter.php(494): CodeIgniter\CodeIgniter->runController(Object(App\Controllers\Admin))
 4 SYSTEMPATH\CodeIgniter.php(353): CodeIgniter\CodeIgniter->handleRequest(null, Object(Config\Cache), false)
 5 FCPATH\index.php(79): CodeIgniter\CodeIgniter->run()
CRITICAL - 2023-12-18 09:38:44 --> Undefined array key 10
in APPPATH\Controllers\Admin.php on line 859.
 1 APPPATH\Controllers\Admin.php(859): CodeIgniter\Debug\Exceptions->errorHandler(2, 'Undefined array key 10', 'C:\\xampp\\new xampp\\htdocs\\b2b\\app\\Controllers\\Admin.php', 859)
 2 SYSTEMPATH\CodeIgniter.php(919): App\Controllers\Admin->pump2()
 3 SYSTEMPATH\CodeIgniter.php(494): CodeIgniter\CodeIgniter->runController(Object(App\Controllers\Admin))
 4 SYSTEMPATH\CodeIgniter.php(353): CodeIgniter\CodeIgniter->handleRequest(null, Object(Config\Cache), false)
 5 FCPATH\index.php(79): CodeIgniter\CodeIgniter->run()
CRITICAL - 2023-12-18 09:39:29 --> Undefined array key 0
in APPPATH\Controllers\Admin.php on line 859.
 1 APPPATH\Controllers\Admin.php(859): CodeIgniter\Debug\Exceptions->errorHandler(2, 'Undefined array key 0', 'C:\\xampp\\new xampp\\htdocs\\b2b\\app\\Controllers\\Admin.php', 859)
 2 SYSTEMPATH\CodeIgniter.php(919): App\Controllers\Admin->pump2()
 3 SYSTEMPATH\CodeIgniter.php(494): CodeIgniter\CodeIgniter->runController(Object(App\Controllers\Admin))
 4 SYSTEMPATH\CodeIgniter.php(353): CodeIgniter\CodeIgniter->handleRequest(null, Object(Config\Cache), false)
 5 FCPATH\index.php(79): CodeIgniter\CodeIgniter->run()
CRITICAL - 2023-12-18 09:39:52 --> Undefined array key "SR.NO."
in APPPATH\Controllers\Admin.php on line 859.
 1 APPPATH\Controllers\Admin.php(859): CodeIgniter\Debug\Exceptions->errorHandler(2, 'Undefined array key "SR.NO."', 'C:\\xampp\\new xampp\\htdocs\\b2b\\app\\Controllers\\Admin.php', 859)
 2 SYSTEMPATH\CodeIgniter.php(919): App\Controllers\Admin->pump2()
 3 SYSTEMPATH\CodeIgniter.php(494): CodeIgniter\CodeIgniter->runController(Object(App\Controllers\Admin))
 4 SYSTEMPATH\CodeIgniter.php(353): CodeIgniter\CodeIgniter->handleRequest(null, Object(Config\Cache), false)
 5 FCPATH\index.php(79): CodeIgniter\CodeIgniter->run()
CRITICAL - 2023-12-18 09:40:10 --> Array to string conversion
in APPPATH\Controllers\Admin.php on line 857.
 1 APPPATH\Controllers\Admin.php(857): CodeIgniter\Debug\Exceptions->errorHandler(2, 'Array to string conversion', 'C:\\xampp\\new xampp\\htdocs\\b2b\\app\\Controllers\\Admin.php', 857)
 2 SYSTEMPATH\CodeIgniter.php(919): App\Controllers\Admin->pump2()
 3 SYSTEMPATH\CodeIgniter.php(494): CodeIgniter\CodeIgniter->runController(Object(App\Controllers\Admin))
 4 SYSTEMPATH\CodeIgniter.php(353): CodeIgniter\CodeIgniter->handleRequest(null, Object(Config\Cache), false)
 5 FCPATH\index.php(79): CodeIgniter\CodeIgniter->run()
CRITICAL - 2023-12-18 09:40:25 --> Undefined array key 0
in APPPATH\Controllers\Admin.php on line 859.
 1 APPPATH\Controllers\Admin.php(859): CodeIgniter\Debug\Exceptions->errorHandler(2, 'Undefined array key 0', 'C:\\xampp\\new xampp\\htdocs\\b2b\\app\\Controllers\\Admin.php', 859)
 2 SYSTEMPATH\CodeIgniter.php(919): App\Controllers\Admin->pump2()
 3 SYSTEMPATH\CodeIgniter.php(494): CodeIgniter\CodeIgniter->runController(Object(App\Controllers\Admin))
 4 SYSTEMPATH\CodeIgniter.php(353): CodeIgniter\CodeIgniter->handleRequest(null, Object(Config\Cache), false)
 5 FCPATH\index.php(79): CodeIgniter\CodeIgniter->run()
CRITICAL - 2023-12-18 09:42:01 --> Undefined array key 0
in APPPATH\Controllers\Admin.php on line 859.
 1 APPPATH\Controllers\Admin.php(859): CodeIgniter\Debug\Exceptions->errorHandler(2, 'Undefined array key 0', 'C:\\xampp\\new xampp\\htdocs\\b2b\\app\\Controllers\\Admin.php', 859)
 2 SYSTEMPATH\CodeIgniter.php(919): App\Controllers\Admin->pump2()
 3 SYSTEMPATH\CodeIgniter.php(494): CodeIgniter\CodeIgniter->runController(Object(App\Controllers\Admin))
 4 SYSTEMPATH\CodeIgniter.php(353): CodeIgniter\CodeIgniter->handleRequest(null, Object(Config\Cache), false)
 5 FCPATH\index.php(79): CodeIgniter\CodeIgniter->run()
CRITICAL - 2023-12-18 09:42:27 --> Undefined variable $data
in APPPATH\Controllers\Admin.php on line 855.
 1 APPPATH\Controllers\Admin.php(855): CodeIgniter\Debug\Exceptions->errorHandler(2, 'Undefined variable $data', 'C:\\xampp\\new xampp\\htdocs\\b2b\\app\\Controllers\\Admin.php', 855)
 2 SYSTEMPATH\CodeIgniter.php(919): App\Controllers\Admin->pump2()
 3 SYSTEMPATH\CodeIgniter.php(494): CodeIgniter\CodeIgniter->runController(Object(App\Controllers\Admin))
 4 SYSTEMPATH\CodeIgniter.php(353): CodeIgniter\CodeIgniter->handleRequest(null, Object(Config\Cache), false)
 5 FCPATH\index.php(79): CodeIgniter\CodeIgniter->run()
CRITICAL - 2023-12-18 09:42:39 --> Undefined variable $data
in APPPATH\Controllers\Admin.php on line 860.
 1 APPPATH\Controllers\Admin.php(860): CodeIgniter\Debug\Exceptions->errorHandler(2, 'Undefined variable $data', 'C:\\xampp\\new xampp\\htdocs\\b2b\\app\\Controllers\\Admin.php', 860)
 2 SYSTEMPATH\CodeIgniter.php(919): App\Controllers\Admin->pump2()
 3 SYSTEMPATH\CodeIgniter.php(494): CodeIgniter\CodeIgniter->runController(Object(App\Controllers\Admin))
 4 SYSTEMPATH\CodeIgniter.php(353): CodeIgniter\CodeIgniter->handleRequest(null, Object(Config\Cache), false)
 5 FCPATH\index.php(79): CodeIgniter\CodeIgniter->run()
CRITICAL - 2023-12-18 09:58:51 --> Undefined array key 1
in APPPATH\Controllers\Admin.php on line 803.
 1 APPPATH\Controllers\Admin.php(803): CodeIgniter\Debug\Exceptions->errorHandler(2, 'Undefined array key 1', 'C:\\xampp\\new xampp\\htdocs\\b2b\\app\\Controllers\\Admin.php', 803)
 2 SYSTEMPATH\CodeIgniter.php(919): App\Controllers\Admin->addvehicalexcel()
 3 SYSTEMPATH\CodeIgniter.php(494): CodeIgniter\CodeIgniter->runController(Object(App\Controllers\Admin))
 4 SYSTEMPATH\CodeIgniter.php(353): CodeIgniter\CodeIgniter->handleRequest(null, Object(Config\Cache), false)
 5 FCPATH\index.php(79): CodeIgniter\CodeIgniter->run()
CRITICAL - 2023-12-18 10:05:58 --> Undefined variable $data
in APPPATH\Controllers\Admin.php on line 797.
 1 APPPATH\Controllers\Admin.php(797): CodeIgniter\Debug\Exceptions->errorHandler(2, 'Undefined variable $data', 'C:\\xampp\\new xampp\\htdocs\\b2b\\app\\Controllers\\Admin.php', 797)
 2 SYSTEMPATH\CodeIgniter.php(919): App\Controllers\Admin->addvehicalexcel()
 3 SYSTEMPATH\CodeIgniter.php(494): CodeIgniter\CodeIgniter->runController(Object(App\Controllers\Admin))
 4 SYSTEMPATH\CodeIgniter.php(353): CodeIgniter\CodeIgniter->handleRequest(null, Object(Config\Cache), false)
 5 FCPATH\index.php(79): CodeIgniter\CodeIgniter->run()
CRITICAL - 2023-12-18 10:06:36 --> Undefined array key 1
in APPPATH\Controllers\Admin.php on line 803.
 1 APPPATH\Controllers\Admin.php(803): CodeIgniter\Debug\Exceptions->errorHandler(2, 'Undefined array key 1', 'C:\\xampp\\new xampp\\htdocs\\b2b\\app\\Controllers\\Admin.php', 803)
 2 SYSTEMPATH\CodeIgniter.php(919): App\Controllers\Admin->addvehicalexcel()
 3 SYSTEMPATH\CodeIgniter.php(494): CodeIgniter\CodeIgniter->runController(Object(App\Controllers\Admin))
 4 SYSTEMPATH\CodeIgniter.php(353): CodeIgniter\CodeIgniter->handleRequest(null, Object(Config\Cache), false)
 5 FCPATH\index.php(79): CodeIgniter\CodeIgniter->run()
CRITICAL - 2023-12-18 10:08:47 --> Undefined array key 1
in APPPATH\Controllers\Admin.php on line 803.
 1 APPPATH\Controllers\Admin.php(803): CodeIgniter\Debug\Exceptions->errorHandler(2, 'Undefined array key 1', 'C:\\xampp\\new xampp\\htdocs\\b2b\\app\\Controllers\\Admin.php', 803)
 2 SYSTEMPATH\CodeIgniter.php(919): App\Controllers\Admin->addvehicalexcel()
 3 SYSTEMPATH\CodeIgniter.php(494): CodeIgniter\CodeIgniter->runController(Object(App\Controllers\Admin))
 4 SYSTEMPATH\CodeIgniter.php(353): CodeIgniter\CodeIgniter->handleRequest(null, Object(Config\Cache), false)
 5 FCPATH\index.php(79): CodeIgniter\CodeIgniter->run()
CRITICAL - 2023-12-18 10:08:52 --> Undefined array key 1
in APPPATH\Controllers\Admin.php on line 803.
 1 APPPATH\Controllers\Admin.php(803): CodeIgniter\Debug\Exceptions->errorHandler(2, 'Undefined array key 1', 'C:\\xampp\\new xampp\\htdocs\\b2b\\app\\Controllers\\Admin.php', 803)
 2 SYSTEMPATH\CodeIgniter.php(919): App\Controllers\Admin->addvehicalexcel()
 3 SYSTEMPATH\CodeIgniter.php(494): CodeIgniter\CodeIgniter->runController(Object(App\Controllers\Admin))
 4 SYSTEMPATH\CodeIgniter.php(353): CodeIgniter\CodeIgniter->handleRequest(null, Object(Config\Cache), false)
 5 FCPATH\index.php(79): CodeIgniter\CodeIgniter->run()
CRITICAL - 2023-12-18 10:09:39 --> Undefined array key 1
in APPPATH\Controllers\Admin.php on line 803.
 1 APPPATH\Controllers\Admin.php(803): CodeIgniter\Debug\Exceptions->errorHandler(2, 'Undefined array key 1', 'C:\\xampp\\new xampp\\htdocs\\b2b\\app\\Controllers\\Admin.php', 803)
 2 SYSTEMPATH\CodeIgniter.php(919): App\Controllers\Admin->addvehicalexcel()
 3 SYSTEMPATH\CodeIgniter.php(494): CodeIgniter\CodeIgniter->runController(Object(App\Controllers\Admin))
 4 SYSTEMPATH\CodeIgniter.php(353): CodeIgniter\CodeIgniter->handleRequest(null, Object(Config\Cache), false)
 5 FCPATH\index.php(79): CodeIgniter\CodeIgniter->run()
CRITICAL - 2023-12-18 10:21:45 --> Undefined array key 1
in APPPATH\Controllers\Admin.php on line 804.
 1 APPPATH\Controllers\Admin.php(804): CodeIgniter\Debug\Exceptions->errorHandler(2, 'Undefined array key 1', 'C:\\xampp\\new xampp\\htdocs\\b2b\\app\\Controllers\\Admin.php', 804)
 2 SYSTEMPATH\CodeIgniter.php(919): App\Controllers\Admin->addvehicalexcel()
 3 SYSTEMPATH\CodeIgniter.php(494): CodeIgniter\CodeIgniter->runController(Object(App\Controllers\Admin))
 4 SYSTEMPATH\CodeIgniter.php(353): CodeIgniter\CodeIgniter->handleRequest(null, Object(Config\Cache), false)
 5 FCPATH\index.php(79): CodeIgniter\CodeIgniter->run()
CRITICAL - 2023-12-18 10:21:57 --> Undefined array key 1
in APPPATH\Controllers\Admin.php on line 804.
 1 APPPATH\Controllers\Admin.php(804): CodeIgniter\Debug\Exceptions->errorHandler(2, 'Undefined array key 1', 'C:\\xampp\\new xampp\\htdocs\\b2b\\app\\Controllers\\Admin.php', 804)
 2 SYSTEMPATH\CodeIgniter.php(919): App\Controllers\Admin->addvehicalexcel()
 3 SYSTEMPATH\CodeIgniter.php(494): CodeIgniter\CodeIgniter->runController(Object(App\Controllers\Admin))
 4 SYSTEMPATH\CodeIgniter.php(353): CodeIgniter\CodeIgniter->handleRequest(null, Object(Config\Cache), false)
 5 FCPATH\index.php(79): CodeIgniter\CodeIgniter->run()
CRITICAL - 2023-12-18 10:23:27 --> Undefined array key 1
in APPPATH\Controllers\Admin.php on line 804.
 1 APPPATH\Controllers\Admin.php(804): CodeIgniter\Debug\Exceptions->errorHandler(2, 'Undefined array key 1', 'C:\\xampp\\new xampp\\htdocs\\b2b\\app\\Controllers\\Admin.php', 804)
 2 SYSTEMPATH\CodeIgniter.php(919): App\Controllers\Admin->addvehicalexcel()
 3 SYSTEMPATH\CodeIgniter.php(494): CodeIgniter\CodeIgniter->runController(Object(App\Controllers\Admin))
 4 SYSTEMPATH\CodeIgniter.php(353): CodeIgniter\CodeIgniter->handleRequest(null, Object(Config\Cache), false)
 5 FCPATH\index.php(79): CodeIgniter\CodeIgniter->run()
CRITICAL - 2023-12-18 10:23:39 --> Undefined array key 1
in APPPATH\Controllers\Admin.php on line 804.
 1 APPPATH\Controllers\Admin.php(804): CodeIgniter\Debug\Exceptions->errorHandler(2, 'Undefined array key 1', 'C:\\xampp\\new xampp\\htdocs\\b2b\\app\\Controllers\\Admin.php', 804)
 2 SYSTEMPATH\CodeIgniter.php(919): App\Controllers\Admin->addvehicalexcel()
 3 SYSTEMPATH\CodeIgniter.php(494): CodeIgniter\CodeIgniter->runController(Object(App\Controllers\Admin))
 4 SYSTEMPATH\CodeIgniter.php(353): CodeIgniter\CodeIgniter->handleRequest(null, Object(Config\Cache), false)
 5 FCPATH\index.php(79): CodeIgniter\CodeIgniter->run()
CRITICAL - 2023-12-18 10:53:05 --> Undefined array key 3
in APPPATH\Controllers\Admin.php on line 711.
 1 APPPATH\Controllers\Admin.php(711): CodeIgniter\Debug\Exceptions->errorHandler(2, 'Undefined array key 3', 'C:\\xampp\\new xampp\\htdocs\\b2b\\app\\Controllers\\Admin.php', 711)
 2 SYSTEMPATH\CodeIgniter.php(919): App\Controllers\Admin->frontupload()
 3 SYSTEMPATH\CodeIgniter.php(494): CodeIgniter\CodeIgniter->runController(Object(App\Controllers\Admin))
 4 SYSTEMPATH\CodeIgniter.php(353): CodeIgniter\CodeIgniter->handleRequest(null, Object(Config\Cache), false)
 5 FCPATH\index.php(79): CodeIgniter\CodeIgniter->run()
CRITICAL - 2023-12-18 10:53:21 --> Undefined array key 3
in APPPATH\Controllers\Admin.php on line 711.
 1 APPPATH\Controllers\Admin.php(711): CodeIgniter\Debug\Exceptions->errorHandler(2, 'Undefined array key 3', 'C:\\xampp\\new xampp\\htdocs\\b2b\\app\\Controllers\\Admin.php', 711)
 2 SYSTEMPATH\CodeIgniter.php(919): App\Controllers\Admin->frontupload()
 3 SYSTEMPATH\CodeIgniter.php(494): CodeIgniter\CodeIgniter->runController(Object(App\Controllers\Admin))
 4 SYSTEMPATH\CodeIgniter.php(353): CodeIgniter\CodeIgniter->handleRequest(null, Object(Config\Cache), false)
 5 FCPATH\index.php(79): CodeIgniter\CodeIgniter->run()
