CRITICAL - 2023-10-19 05:52:09 --> Unmatched '}'
in APPPATH\Controllers\Admin.php on line 341.
 1 SYSTEMPATH\Autoloader\Autoloader.php(285): CodeIgniter\Autoloader\Autoloader->includeFile('C:\\xampp\\new xampp\\htdocs\\LMRPROJECT\\app\\Controllers\\Admin.php')
 2 SYSTEMPATH\Autoloader\Autoloader.php(263): CodeIgniter\Autoloader\Autoloader->loadInNamespace('App\\Controllers\\Admin')
 3 [internal function]: CodeIgniter\Autoloader\Autoloader->loadClass('App\\Controllers\\Admin')
 4 SYSTEMPATH\CodeIgniter.php(877): class_exists('\\App\\Controllers\\Admin', true)
 5 SYSTEMPATH\CodeIgniter.php(481): CodeIgniter\CodeIgniter->startController()
 6 SYSTEMPATH\CodeIgniter.php(353): CodeIgniter\CodeIgniter->handleRequest(null, Object(Config\Cache), false)
 7 FCPATH\index.php(79): CodeIgniter\CodeIgniter->run()
CRITICAL - 2023-10-19 05:52:47 --> Undefined array key "prd_id"
in APPPATH\Controllers\Admin.php on line 318.
 1 APPPATH\Controllers\Admin.php(318): CodeIgniter\Debug\Exceptions->errorHandler(2, 'Undefined array key "prd_id"', 'C:\\xampp\\new xampp\\htdocs\\LMRPROJECT\\app\\Controllers\\Admin.php', 318)
 2 SYSTEMPATH\CodeIgniter.php(919): App\Controllers\Admin->addinpection()
 3 SYSTEMPATH\CodeIgniter.php(494): CodeIgniter\CodeIgniter->runController(Object(App\Controllers\Admin))
 4 SYSTEMPATH\CodeIgniter.php(353): CodeIgniter\CodeIgniter->handleRequest(null, Object(Config\Cache), false)
 5 FCPATH\index.php(79): CodeIgniter\CodeIgniter->run()
CRITICAL - 2023-10-19 05:55:27 --> Undefined array key "prd_id"
in APPPATH\Controllers\Admin.php on line 318.
 1 APPPATH\Controllers\Admin.php(318): CodeIgniter\Debug\Exceptions->errorHandler(2, 'Undefined array key "prd_id"', 'C:\\xampp\\new xampp\\htdocs\\LMRPROJECT\\app\\Controllers\\Admin.php', 318)
 2 SYSTEMPATH\CodeIgniter.php(919): App\Controllers\Admin->addinpection()
 3 SYSTEMPATH\CodeIgniter.php(494): CodeIgniter\CodeIgniter->runController(Object(App\Controllers\Admin))
 4 SYSTEMPATH\CodeIgniter.php(353): CodeIgniter\CodeIgniter->handleRequest(null, Object(Config\Cache), false)
 5 FCPATH\index.php(79): CodeIgniter\CodeIgniter->run()
