CRITICAL - 2023-11-07 08:22:10 --> Undefined constant "App\Controllers\redirect"
in APPPATH\Controllers\Admin.php on line 728.
 1 SYSTEMPATH\CodeIgniter.php(919): App\Controllers\Admin->addParty()
 2 SYSTEMPATH\CodeIgniter.php(494): CodeIgniter\CodeIgniter->runController(Object(App\Controllers\Admin))
 3 SYSTEMPATH\CodeIgniter.php(353): CodeIgniter\CodeIgniter->handleRequest(null, Object(Config\Cache), false)
 4 FCPATH\index.php(79): CodeIgniter\CodeIgniter->run()
CRITICAL - 2023-11-07 08:27:02 --> Call to undefined method CodeIgniter\Router\RouteCollection::ppartydeleteost()
in SYSTEMPATH\Router\RouteCollection.php on line 1000.
 1 APPPATH\Config\Routes.php(31): CodeIgniter\Router\RouteCollection->match([...], 'productionfilter', 'Admin::productionfilter')
 2 SYSTEMPATH\Router\RouteCollection.php(339): require('C:\\xampp\\new xampp\\htdocs\\lmv1\\app\\Config\\Routes.php')
 3 SYSTEMPATH\CodeIgniter.php(787): CodeIgniter\Router\RouteCollection->loadRoutes()
 4 SYSTEMPATH\CodeIgniter.php(442): CodeIgniter\CodeIgniter->tryToRouteIt(null)
 5 SYSTEMPATH\CodeIgniter.php(353): CodeIgniter\CodeIgniter->handleRequest(null, Object(Config\Cache), false)
 6 FCPATH\index.php(79): CodeIgniter\CodeIgniter->run()
CRITICAL - 2023-11-07 08:27:09 --> Call to undefined method CodeIgniter\Router\RouteCollection::ppartydeleteost()
in SYSTEMPATH\Router\RouteCollection.php on line 1000.
 1 APPPATH\Config\Routes.php(31): CodeIgniter\Router\RouteCollection->match([...], 'productionfilter', 'Admin::productionfilter')
 2 SYSTEMPATH\Router\RouteCollection.php(339): require('C:\\xampp\\new xampp\\htdocs\\lmv1\\app\\Config\\Routes.php')
 3 SYSTEMPATH\CodeIgniter.php(787): CodeIgniter\Router\RouteCollection->loadRoutes()
 4 SYSTEMPATH\CodeIgniter.php(442): CodeIgniter\CodeIgniter->tryToRouteIt(null)
 5 SYSTEMPATH\CodeIgniter.php(353): CodeIgniter\CodeIgniter->handleRequest(null, Object(Config\Cache), false)
 6 FCPATH\index.php(79): CodeIgniter\CodeIgniter->run()
CRITICAL - 2023-11-07 08:27:12 --> Call to undefined method CodeIgniter\Router\RouteCollection::ppartydeleteost()
in SYSTEMPATH\Router\RouteCollection.php on line 1000.
 1 APPPATH\Config\Routes.php(31): CodeIgniter\Router\RouteCollection->match([...], 'productionfilter', 'Admin::productionfilter')
 2 SYSTEMPATH\Router\RouteCollection.php(339): require('C:\\xampp\\new xampp\\htdocs\\lmv1\\app\\Config\\Routes.php')
 3 SYSTEMPATH\CodeIgniter.php(787): CodeIgniter\Router\RouteCollection->loadRoutes()
 4 SYSTEMPATH\CodeIgniter.php(442): CodeIgniter\CodeIgniter->tryToRouteIt(null)
 5 SYSTEMPATH\CodeIgniter.php(353): CodeIgniter\CodeIgniter->handleRequest(null, Object(Config\Cache), false)
 6 FCPATH\index.php(79): CodeIgniter\CodeIgniter->run()
CRITICAL - 2023-11-07 08:31:01 --> Invalid file: "accounting/partylist.php"
in SYSTEMPATH\Exceptions\FrameworkException.php on line 39.
 1 SYSTEMPATH\View\View.php(214): CodeIgniter\Exceptions\FrameworkException::forInvalidFile('accounting/partylist.php')
 2 SYSTEMPATH\Common.php(1188): CodeIgniter\View\View->render('accounting/partylist', [], true)
 3 APPPATH\Controllers\Admin.php(798): view('accounting/partylist', [...])
 4 SYSTEMPATH\CodeIgniter.php(919): App\Controllers\Admin->partylist()
 5 SYSTEMPATH\CodeIgniter.php(494): CodeIgniter\CodeIgniter->runController(Object(App\Controllers\Admin))
 6 SYSTEMPATH\CodeIgniter.php(353): CodeIgniter\CodeIgniter->handleRequest(null, Object(Config\Cache), false)
 7 FCPATH\index.php(79): CodeIgniter\CodeIgniter->run()
CRITICAL - 2023-11-07 09:54:32 --> Undefined variable $list
in APPPATH\Views\category\categorylist.php on line 25.
 1 APPPATH\Views\category\categorylist.php(25): CodeIgniter\Debug\Exceptions->errorHandler(2, 'Undefined variable $list', 'C:\\xampp\\new xampp\\htdocs\\lmv1\\app\\Views\\category\\categorylist.php', 25)
 2 SYSTEMPATH\View\View.php(226): include('C:\\xampp\\new xampp\\htdocs\\lmv1\\app\\Views\\category\\categorylist.php')
 3 SYSTEMPATH\View\View.php(229): CodeIgniter\View\View->CodeIgniter\View\{closure}()
 4 SYSTEMPATH\Common.php(1188): CodeIgniter\View\View->render('category/categorylist', [], true)
 5 APPPATH\Controllers\Admin.php(810): view('category/categorylist', [...])
 6 SYSTEMPATH\CodeIgniter.php(919): App\Controllers\Admin->categorylist()
 7 SYSTEMPATH\CodeIgniter.php(494): CodeIgniter\CodeIgniter->runController(Object(App\Controllers\Admin))
 8 SYSTEMPATH\CodeIgniter.php(353): CodeIgniter\CodeIgniter->handleRequest(null, Object(Config\Cache), false)
 9 FCPATH\index.php(79): CodeIgniter\CodeIgniter->run()
CRITICAL - 2023-11-07 09:55:03 --> Undefined variable $itam
in APPPATH\Views\category\categorylist.php on line 26.
 1 APPPATH\Views\category\categorylist.php(26): CodeIgniter\Debug\Exceptions->errorHandler(2, 'Undefined variable $itam', 'C:\\xampp\\new xampp\\htdocs\\lmv1\\app\\Views\\category\\categorylist.php', 26)
 2 SYSTEMPATH\View\View.php(226): include('C:\\xampp\\new xampp\\htdocs\\lmv1\\app\\Views\\category\\categorylist.php')
 3 SYSTEMPATH\View\View.php(229): CodeIgniter\View\View->CodeIgniter\View\{closure}()
 4 SYSTEMPATH\Common.php(1188): CodeIgniter\View\View->render('category/categorylist', [], true)
 5 APPPATH\Controllers\Admin.php(810): view('category/categorylist', [...])
 6 SYSTEMPATH\CodeIgniter.php(919): App\Controllers\Admin->categorylist()
 7 SYSTEMPATH\CodeIgniter.php(494): CodeIgniter\CodeIgniter->runController(Object(App\Controllers\Admin))
 8 SYSTEMPATH\CodeIgniter.php(353): CodeIgniter\CodeIgniter->handleRequest(null, Object(Config\Cache), false)
 9 FCPATH\index.php(79): CodeIgniter\CodeIgniter->run()
CRITICAL - 2023-11-07 09:55:32 --> Undefined variable $itam
in APPPATH\Views\category\categorylist.php on line 26.
 1 APPPATH\Views\category\categorylist.php(26): CodeIgniter\Debug\Exceptions->errorHandler(2, 'Undefined variable $itam', 'C:\\xampp\\new xampp\\htdocs\\lmv1\\app\\Views\\category\\categorylist.php', 26)
 2 SYSTEMPATH\View\View.php(226): include('C:\\xampp\\new xampp\\htdocs\\lmv1\\app\\Views\\category\\categorylist.php')
 3 SYSTEMPATH\View\View.php(229): CodeIgniter\View\View->CodeIgniter\View\{closure}()
 4 SYSTEMPATH\Common.php(1188): CodeIgniter\View\View->render('category/categorylist', [], true)
 5 APPPATH\Controllers\Admin.php(810): view('category/categorylist', [...])
 6 SYSTEMPATH\CodeIgniter.php(919): App\Controllers\Admin->categorylist()
 7 SYSTEMPATH\CodeIgniter.php(494): CodeIgniter\CodeIgniter->runController(Object(App\Controllers\Admin))
 8 SYSTEMPATH\CodeIgniter.php(353): CodeIgniter\CodeIgniter->handleRequest(null, Object(Config\Cache), false)
 9 FCPATH\index.php(79): CodeIgniter\CodeIgniter->run()
CRITICAL - 2023-11-07 09:55:36 --> Undefined variable $itam
in APPPATH\Views\category\categorylist.php on line 26.
 1 APPPATH\Views\category\categorylist.php(26): CodeIgniter\Debug\Exceptions->errorHandler(2, 'Undefined variable $itam', 'C:\\xampp\\new xampp\\htdocs\\lmv1\\app\\Views\\category\\categorylist.php', 26)
 2 SYSTEMPATH\View\View.php(226): include('C:\\xampp\\new xampp\\htdocs\\lmv1\\app\\Views\\category\\categorylist.php')
 3 SYSTEMPATH\View\View.php(229): CodeIgniter\View\View->CodeIgniter\View\{closure}()
 4 SYSTEMPATH\Common.php(1188): CodeIgniter\View\View->render('category/categorylist', [], true)
 5 APPPATH\Controllers\Admin.php(810): view('category/categorylist', [...])
 6 SYSTEMPATH\CodeIgniter.php(919): App\Controllers\Admin->categorylist()
 7 SYSTEMPATH\CodeIgniter.php(494): CodeIgniter\CodeIgniter->runController(Object(App\Controllers\Admin))
 8 SYSTEMPATH\CodeIgniter.php(353): CodeIgniter\CodeIgniter->handleRequest(null, Object(Config\Cache), false)
 9 FCPATH\index.php(79): CodeIgniter\CodeIgniter->run()
CRITICAL - 2023-11-07 09:56:19 --> Undefined variable $itam
in APPPATH\Views\category\categorylist.php on line 26.
 1 APPPATH\Views\category\categorylist.php(26): CodeIgniter\Debug\Exceptions->errorHandler(2, 'Undefined variable $itam', 'C:\\xampp\\new xampp\\htdocs\\lmv1\\app\\Views\\category\\categorylist.php', 26)
 2 SYSTEMPATH\View\View.php(226): include('C:\\xampp\\new xampp\\htdocs\\lmv1\\app\\Views\\category\\categorylist.php')
 3 SYSTEMPATH\View\View.php(229): CodeIgniter\View\View->CodeIgniter\View\{closure}()
 4 SYSTEMPATH\Common.php(1188): CodeIgniter\View\View->render('category/categorylist', [], true)
 5 APPPATH\Controllers\Admin.php(810): view('category/categorylist', [...])
 6 SYSTEMPATH\CodeIgniter.php(919): App\Controllers\Admin->categorylist()
 7 SYSTEMPATH\CodeIgniter.php(494): CodeIgniter\CodeIgniter->runController(Object(App\Controllers\Admin))
 8 SYSTEMPATH\CodeIgniter.php(353): CodeIgniter\CodeIgniter->handleRequest(null, Object(Config\Cache), false)
 9 FCPATH\index.php(79): CodeIgniter\CodeIgniter->run()
CRITICAL - 2023-11-07 09:59:07 --> syntax error, unexpected end of file
in APPPATH\Views\category\categorylist.php on line 57.
 1 SYSTEMPATH\View\View.php(229): CodeIgniter\View\View->CodeIgniter\View\{closure}()
 2 SYSTEMPATH\Common.php(1188): CodeIgniter\View\View->render('category/categorylist', [], true)
 3 APPPATH\Controllers\Admin.php(810): view('category/categorylist', [...])
 4 SYSTEMPATH\CodeIgniter.php(919): App\Controllers\Admin->categorylist()
 5 SYSTEMPATH\CodeIgniter.php(494): CodeIgniter\CodeIgniter->runController(Object(App\Controllers\Admin))
 6 SYSTEMPATH\CodeIgniter.php(353): CodeIgniter\CodeIgniter->handleRequest(null, Object(Config\Cache), false)
 7 FCPATH\index.php(79): CodeIgniter\CodeIgniter->run()
CRITICAL - 2023-11-07 10:05:25 --> Undefined variable $categorylist
in APPPATH\Views\party\partylist.php on line 28.
 1 APPPATH\Views\party\partylist.php(28): CodeIgniter\Debug\Exceptions->errorHandler(2, 'Undefined variable $categorylist', 'C:\\xampp\\new xampp\\htdocs\\lmv1\\app\\Views\\party\\partylist.php', 28)
 2 SYSTEMPATH\View\View.php(226): include('C:\\xampp\\new xampp\\htdocs\\lmv1\\app\\Views\\party\\partylist.php')
 3 SYSTEMPATH\View\View.php(229): CodeIgniter\View\View->CodeIgniter\View\{closure}()
 4 SYSTEMPATH\Common.php(1188): CodeIgniter\View\View->render('party/partylist', [], true)
 5 APPPATH\Controllers\Admin.php(803): view('party/partylist', [...])
 6 SYSTEMPATH\CodeIgniter.php(919): App\Controllers\Admin->partylist()
 7 SYSTEMPATH\CodeIgniter.php(494): CodeIgniter\CodeIgniter->runController(Object(App\Controllers\Admin))
 8 SYSTEMPATH\CodeIgniter.php(353): CodeIgniter\CodeIgniter->handleRequest(null, Object(Config\Cache), false)
 9 FCPATH\index.php(79): CodeIgniter\CodeIgniter->run()
CRITICAL - 2023-11-07 10:05:58 --> Undefined variable $itam
in APPPATH\Views\party\partylist.php on line 31.
 1 APPPATH\Views\party\partylist.php(31): CodeIgniter\Debug\Exceptions->errorHandler(2, 'Undefined variable $itam', 'C:\\xampp\\new xampp\\htdocs\\lmv1\\app\\Views\\party\\partylist.php', 31)
 2 SYSTEMPATH\View\View.php(226): include('C:\\xampp\\new xampp\\htdocs\\lmv1\\app\\Views\\party\\partylist.php')
 3 SYSTEMPATH\View\View.php(229): CodeIgniter\View\View->CodeIgniter\View\{closure}()
 4 SYSTEMPATH\Common.php(1188): CodeIgniter\View\View->render('party/partylist', [], true)
 5 APPPATH\Controllers\Admin.php(803): view('party/partylist', [...])
 6 SYSTEMPATH\CodeIgniter.php(919): App\Controllers\Admin->partylist()
 7 SYSTEMPATH\CodeIgniter.php(494): CodeIgniter\CodeIgniter->runController(Object(App\Controllers\Admin))
 8 SYSTEMPATH\CodeIgniter.php(353): CodeIgniter\CodeIgniter->handleRequest(null, Object(Config\Cache), false)
 9 FCPATH\index.php(79): CodeIgniter\CodeIgniter->run()
