CRITICAL - 2023-11-21 04:32:35 --> Undefined property: App\Controllers\Admin::$userRow
in APPPATH\Controllers\Admin.php on line 67.
 1 APPPATH\Controllers\Admin.php(67): CodeIgniter\Debug\Exceptions->errorHandler(2, 'Undefined property: App\\Controllers\\Admin::$userRow', 'C:\\xampp\\new xampp\\htdocs\\lmv1\\app\\Controllers\\Admin.php', 67)
 2 APPPATH\Controllers\Admin.php(696): App\Controllers\Admin->header('Add Accounting')
 3 SYSTEMPATH\CodeIgniter.php(919): App\Controllers\Admin->addLeadger()
 4 SYSTEMPATH\CodeIgniter.php(494): CodeIgniter\CodeIgniter->runController(Object(App\Controllers\Admin))
 5 SYSTEMPATH\CodeIgniter.php(353): CodeIgniter\CodeIgniter->handleRequest(null, Object(Config\Cache), false)
 6 FCPATH\index.php(79): CodeIgniter\CodeIgniter->run()
CRITICAL - 2023-11-21 07:48:09 --> Undefined property: App\Controllers\Admin::$userRow
in APPPATH\Controllers\Admin.php on line 67.
 1 APPPATH\Controllers\Admin.php(67): CodeIgniter\Debug\Exceptions->errorHandler(2, 'Undefined property: App\\Controllers\\Admin::$userRow', 'C:\\xampp\\new xampp\\htdocs\\lmv1\\app\\Controllers\\Admin.php', 67)
 2 APPPATH\Controllers\Admin.php(58): App\Controllers\Admin->header('Dashboard')
 3 SYSTEMPATH\CodeIgniter.php(919): App\Controllers\Admin->index()
 4 SYSTEMPATH\CodeIgniter.php(494): CodeIgniter\CodeIgniter->runController(Object(App\Controllers\Admin))
 5 SYSTEMPATH\CodeIgniter.php(353): CodeIgniter\CodeIgniter->handleRequest(null, Object(Config\Cache), false)
 6 FCPATH\index.php(79): CodeIgniter\CodeIgniter->run()
CRITICAL - 2023-11-21 08:21:53 --> Cannot redeclare App\Controllers\Admin::inpectionlist()
in APPPATH\Controllers\Admin.php on line 589.
 1 [internal function]: CodeIgniter\Debug\Exceptions->shutdownHandler()
CRITICAL - 2023-11-21 08:24:23 --> Undefined array key "byuser"
in APPPATH\Views\inpection\inspectiontable.php on line 22.
 1 APPPATH\Views\inpection\inspectiontable.php(22): CodeIgniter\Debug\Exceptions->errorHandler(2, 'Undefined array key "byuser"', 'C:\\xampp\\new xampp\\htdocs\\lmv1\\app\\Views\\inpection\\inspectiontable.php', 22)
 2 SYSTEMPATH\View\View.php(226): include('C:\\xampp\\new xampp\\htdocs\\lmv1\\app\\Views\\inpection\\inspectiontable.php')
 3 SYSTEMPATH\View\View.php(229): CodeIgniter\View\View->CodeIgniter\View\{closure}()
 4 SYSTEMPATH\Common.php(1188): CodeIgniter\View\View->render('inpection/inspectiontable', [], true)
 5 APPPATH\Controllers\Admin.php(592): view('inpection/inspectiontable', [...])
 6 SYSTEMPATH\CodeIgniter.php(919): App\Controllers\Admin->inpection()
 7 SYSTEMPATH\CodeIgniter.php(494): CodeIgniter\CodeIgniter->runController(Object(App\Controllers\Admin))
 8 SYSTEMPATH\CodeIgniter.php(353): CodeIgniter\CodeIgniter->handleRequest(null, Object(Config\Cache), false)
 9 FCPATH\index.php(79): CodeIgniter\CodeIgniter->run()
CRITICAL - 2023-11-21 08:26:05 --> Undefined array key "byuser"
in APPPATH\Views\inpection\inspectiontable.php on line 22.
 1 APPPATH\Views\inpection\inspectiontable.php(22): CodeIgniter\Debug\Exceptions->errorHandler(2, 'Undefined array key "byuser"', 'C:\\xampp\\new xampp\\htdocs\\lmv1\\app\\Views\\inpection\\inspectiontable.php', 22)
 2 SYSTEMPATH\View\View.php(226): include('C:\\xampp\\new xampp\\htdocs\\lmv1\\app\\Views\\inpection\\inspectiontable.php')
 3 SYSTEMPATH\View\View.php(229): CodeIgniter\View\View->CodeIgniter\View\{closure}()
 4 SYSTEMPATH\Common.php(1188): CodeIgniter\View\View->render('inpection/inspectiontable', [], true)
 5 APPPATH\Controllers\Admin.php(592): view('inpection/inspectiontable', [...])
 6 SYSTEMPATH\CodeIgniter.php(919): App\Controllers\Admin->inpection()
 7 SYSTEMPATH\CodeIgniter.php(494): CodeIgniter\CodeIgniter->runController(Object(App\Controllers\Admin))
 8 SYSTEMPATH\CodeIgniter.php(353): CodeIgniter\CodeIgniter->handleRequest(null, Object(Config\Cache), false)
 9 FCPATH\index.php(79): CodeIgniter\CodeIgniter->run()
CRITICAL - 2023-11-21 08:29:13 --> Undefined array key "$this->userRow->name"
in APPPATH\Views\inpection\inspectiontable.php on line 22.
 1 APPPATH\Views\inpection\inspectiontable.php(22): CodeIgniter\Debug\Exceptions->errorHandler(2, 'Undefined array key "$this->userRow->name"', 'C:\\xampp\\new xampp\\htdocs\\lmv1\\app\\Views\\inpection\\inspectiontable.php', 22)
 2 SYSTEMPATH\View\View.php(226): include('C:\\xampp\\new xampp\\htdocs\\lmv1\\app\\Views\\inpection\\inspectiontable.php')
 3 SYSTEMPATH\View\View.php(229): CodeIgniter\View\View->CodeIgniter\View\{closure}()
 4 SYSTEMPATH\Common.php(1188): CodeIgniter\View\View->render('inpection/inspectiontable', [], true)
 5 APPPATH\Controllers\Admin.php(592): view('inpection/inspectiontable', [...])
 6 SYSTEMPATH\CodeIgniter.php(919): App\Controllers\Admin->inpection()
 7 SYSTEMPATH\CodeIgniter.php(494): CodeIgniter\CodeIgniter->runController(Object(App\Controllers\Admin))
 8 SYSTEMPATH\CodeIgniter.php(353): CodeIgniter\CodeIgniter->handleRequest(null, Object(Config\Cache), false)
 9 FCPATH\index.php(79): CodeIgniter\CodeIgniter->run()
CRITICAL - 2023-11-21 08:29:33 --> Undefined array key "this->userRow->name"
in APPPATH\Views\inpection\inspectiontable.php on line 22.
 1 APPPATH\Views\inpection\inspectiontable.php(22): CodeIgniter\Debug\Exceptions->errorHandler(2, 'Undefined array key "this->userRow->name"', 'C:\\xampp\\new xampp\\htdocs\\lmv1\\app\\Views\\inpection\\inspectiontable.php', 22)
 2 SYSTEMPATH\View\View.php(226): include('C:\\xampp\\new xampp\\htdocs\\lmv1\\app\\Views\\inpection\\inspectiontable.php')
 3 SYSTEMPATH\View\View.php(229): CodeIgniter\View\View->CodeIgniter\View\{closure}()
 4 SYSTEMPATH\Common.php(1188): CodeIgniter\View\View->render('inpection/inspectiontable', [], true)
 5 APPPATH\Controllers\Admin.php(592): view('inpection/inspectiontable', [...])
 6 SYSTEMPATH\CodeIgniter.php(919): App\Controllers\Admin->inpection()
 7 SYSTEMPATH\CodeIgniter.php(494): CodeIgniter\CodeIgniter->runController(Object(App\Controllers\Admin))
 8 SYSTEMPATH\CodeIgniter.php(353): CodeIgniter\CodeIgniter->handleRequest(null, Object(Config\Cache), false)
 9 FCPATH\index.php(79): CodeIgniter\CodeIgniter->run()
CRITICAL - 2023-11-21 08:29:35 --> Undefined array key "this->userRow->name"
in APPPATH\Views\inpection\inspectiontable.php on line 22.
 1 APPPATH\Views\inpection\inspectiontable.php(22): CodeIgniter\Debug\Exceptions->errorHandler(2, 'Undefined array key "this->userRow->name"', 'C:\\xampp\\new xampp\\htdocs\\lmv1\\app\\Views\\inpection\\inspectiontable.php', 22)
 2 SYSTEMPATH\View\View.php(226): include('C:\\xampp\\new xampp\\htdocs\\lmv1\\app\\Views\\inpection\\inspectiontable.php')
 3 SYSTEMPATH\View\View.php(229): CodeIgniter\View\View->CodeIgniter\View\{closure}()
 4 SYSTEMPATH\Common.php(1188): CodeIgniter\View\View->render('inpection/inspectiontable', [], true)
 5 APPPATH\Controllers\Admin.php(592): view('inpection/inspectiontable', [...])
 6 SYSTEMPATH\CodeIgniter.php(919): App\Controllers\Admin->inpection()
 7 SYSTEMPATH\CodeIgniter.php(494): CodeIgniter\CodeIgniter->runController(Object(App\Controllers\Admin))
 8 SYSTEMPATH\CodeIgniter.php(353): CodeIgniter\CodeIgniter->handleRequest(null, Object(Config\Cache), false)
 9 FCPATH\index.php(79): CodeIgniter\CodeIgniter->run()
CRITICAL - 2023-11-21 08:31:41 --> Undefined array key "$user_details->role"
in APPPATH\Views\inpection\inspectiontable.php on line 22.
 1 APPPATH\Views\inpection\inspectiontable.php(22): CodeIgniter\Debug\Exceptions->errorHandler(2, 'Undefined array key "$user_details->role"', 'C:\\xampp\\new xampp\\htdocs\\lmv1\\app\\Views\\inpection\\inspectiontable.php', 22)
 2 SYSTEMPATH\View\View.php(226): include('C:\\xampp\\new xampp\\htdocs\\lmv1\\app\\Views\\inpection\\inspectiontable.php')
 3 SYSTEMPATH\View\View.php(229): CodeIgniter\View\View->CodeIgniter\View\{closure}()
 4 SYSTEMPATH\Common.php(1188): CodeIgniter\View\View->render('inpection/inspectiontable', [], true)
 5 APPPATH\Controllers\Admin.php(592): view('inpection/inspectiontable', [...])
 6 SYSTEMPATH\CodeIgniter.php(919): App\Controllers\Admin->inpection()
 7 SYSTEMPATH\CodeIgniter.php(494): CodeIgniter\CodeIgniter->runController(Object(App\Controllers\Admin))
 8 SYSTEMPATH\CodeIgniter.php(353): CodeIgniter\CodeIgniter->handleRequest(null, Object(Config\Cache), false)
 9 FCPATH\index.php(79): CodeIgniter\CodeIgniter->run()
ERROR - 2023-11-21 09:05:50 --> mysqli_sql_exception: Column 'value' cannot be null in C:\xampp\new xampp\htdocs\lmv1\system\Database\MySQLi\Connection.php:306
Stack trace:
#0 C:\xampp\new xampp\htdocs\lmv1\system\Database\MySQLi\Connection.php(306): mysqli->query('INSERT INTO `in...', 0)
#1 C:\xampp\new xampp\htdocs\lmv1\system\Database\BaseConnection.php(692): CodeIgniter\Database\MySQLi\Connection->execute('INSERT INTO `in...')
#2 C:\xampp\new xampp\htdocs\lmv1\system\Database\BaseConnection.php(606): CodeIgniter\Database\BaseConnection->simpleQuery('INSERT INTO `in...')
#3 C:\xampp\new xampp\htdocs\lmv1\system\Database\BaseBuilder.php(2308): CodeIgniter\Database\BaseConnection->query('INSERT INTO `in...', Array, false)
#4 C:\xampp\new xampp\htdocs\lmv1\system\Model.php(319): CodeIgniter\Database\BaseBuilder->insert()
#5 C:\xampp\new xampp\htdocs\lmv1\system\BaseModel.php(788): CodeIgniter\Model->doInsert(Array)
#6 C:\xampp\new xampp\htdocs\lmv1\system\Model.php(715): CodeIgniter\BaseModel->insert(Array, true)
#7 C:\xampp\new xampp\htdocs\lmv1\app\Controllers\Admin.php(553): CodeIgniter\Model->insert(Array)
#8 C:\xampp\new xampp\htdocs\lmv1\system\CodeIgniter.php(919): App\Controllers\Admin->addinspection()
#9 C:\xampp\new xampp\htdocs\lmv1\system\CodeIgniter.php(494): CodeIgniter\CodeIgniter->runController(Object(App\Controllers\Admin))
#10 C:\xampp\new xampp\htdocs\lmv1\system\CodeIgniter.php(353): CodeIgniter\CodeIgniter->handleRequest(NULL, Object(Config\Cache), false)
#11 C:\xampp\new xampp\htdocs\lmv1\index.php(79): CodeIgniter\CodeIgniter->run()
#12 {main}
CRITICAL - 2023-11-21 09:05:50 --> Column 'value' cannot be null
in SYSTEMPATH\Database\BaseConnection.php on line 646.
 1 SYSTEMPATH\Database\BaseBuilder.php(2308): CodeIgniter\Database\BaseConnection->query('INSERT INTO `inspection` (`iddate`, `parameters`, `value`, `entryid`) VALUES (:iddate:, :parameters:, :value:, :entryid:)', [...], false)
 2 SYSTEMPATH\Model.php(319): CodeIgniter\Database\BaseBuilder->insert()
 3 SYSTEMPATH\BaseModel.php(788): CodeIgniter\Model->doInsert([...])
 4 SYSTEMPATH\Model.php(715): CodeIgniter\BaseModel->insert([...], true)
 5 APPPATH\Controllers\Admin.php(553): CodeIgniter\Model->insert([...])
 6 SYSTEMPATH\CodeIgniter.php(919): App\Controllers\Admin->addinspection()
 7 SYSTEMPATH\CodeIgniter.php(494): CodeIgniter\CodeIgniter->runController(Object(App\Controllers\Admin))
 8 SYSTEMPATH\CodeIgniter.php(353): CodeIgniter\CodeIgniter->handleRequest(null, Object(Config\Cache), false)
 9 FCPATH\index.php(79): CodeIgniter\CodeIgniter->run()
ERROR - 2023-11-21 09:06:00 --> mysqli_sql_exception: Column 'value' cannot be null in C:\xampp\new xampp\htdocs\lmv1\system\Database\MySQLi\Connection.php:306
Stack trace:
#0 C:\xampp\new xampp\htdocs\lmv1\system\Database\MySQLi\Connection.php(306): mysqli->query('INSERT INTO `in...', 0)
#1 C:\xampp\new xampp\htdocs\lmv1\system\Database\BaseConnection.php(692): CodeIgniter\Database\MySQLi\Connection->execute('INSERT INTO `in...')
#2 C:\xampp\new xampp\htdocs\lmv1\system\Database\BaseConnection.php(606): CodeIgniter\Database\BaseConnection->simpleQuery('INSERT INTO `in...')
#3 C:\xampp\new xampp\htdocs\lmv1\system\Database\BaseBuilder.php(2308): CodeIgniter\Database\BaseConnection->query('INSERT INTO `in...', Array, false)
#4 C:\xampp\new xampp\htdocs\lmv1\system\Model.php(319): CodeIgniter\Database\BaseBuilder->insert()
#5 C:\xampp\new xampp\htdocs\lmv1\system\BaseModel.php(788): CodeIgniter\Model->doInsert(Array)
#6 C:\xampp\new xampp\htdocs\lmv1\system\Model.php(715): CodeIgniter\BaseModel->insert(Array, true)
#7 C:\xampp\new xampp\htdocs\lmv1\app\Controllers\Admin.php(553): CodeIgniter\Model->insert(Array)
#8 C:\xampp\new xampp\htdocs\lmv1\system\CodeIgniter.php(919): App\Controllers\Admin->addinspection()
#9 C:\xampp\new xampp\htdocs\lmv1\system\CodeIgniter.php(494): CodeIgniter\CodeIgniter->runController(Object(App\Controllers\Admin))
#10 C:\xampp\new xampp\htdocs\lmv1\system\CodeIgniter.php(353): CodeIgniter\CodeIgniter->handleRequest(NULL, Object(Config\Cache), false)
#11 C:\xampp\new xampp\htdocs\lmv1\index.php(79): CodeIgniter\CodeIgniter->run()
#12 {main}
CRITICAL - 2023-11-21 09:06:00 --> Column 'value' cannot be null
in SYSTEMPATH\Database\BaseConnection.php on line 646.
 1 SYSTEMPATH\Database\BaseBuilder.php(2308): CodeIgniter\Database\BaseConnection->query('INSERT INTO `inspection` (`iddate`, `parameters`, `value`, `entryid`) VALUES (:iddate:, :parameters:, :value:, :entryid:)', [...], false)
 2 SYSTEMPATH\Model.php(319): CodeIgniter\Database\BaseBuilder->insert()
 3 SYSTEMPATH\BaseModel.php(788): CodeIgniter\Model->doInsert([...])
 4 SYSTEMPATH\Model.php(715): CodeIgniter\BaseModel->insert([...], true)
 5 APPPATH\Controllers\Admin.php(553): CodeIgniter\Model->insert([...])
 6 SYSTEMPATH\CodeIgniter.php(919): App\Controllers\Admin->addinspection()
 7 SYSTEMPATH\CodeIgniter.php(494): CodeIgniter\CodeIgniter->runController(Object(App\Controllers\Admin))
 8 SYSTEMPATH\CodeIgniter.php(353): CodeIgniter\CodeIgniter->handleRequest(null, Object(Config\Cache), false)
 9 FCPATH\index.php(79): CodeIgniter\CodeIgniter->run()
CRITICAL - 2023-11-21 09:13:10 --> Undefined variable $partylist
in APPPATH\Views\inpection\inspectiontable.php on line 12.
 1 APPPATH\Views\inpection\inspectiontable.php(12): CodeIgniter\Debug\Exceptions->errorHandler(2, 'Undefined variable $partylist', 'C:\\xampp\\new xampp\\htdocs\\lmv1\\app\\Views\\inpection\\inspectiontable.php', 12)
 2 SYSTEMPATH\View\View.php(226): include('C:\\xampp\\new xampp\\htdocs\\lmv1\\app\\Views\\inpection\\inspectiontable.php')
 3 SYSTEMPATH\View\View.php(229): CodeIgniter\View\View->CodeIgniter\View\{closure}()
 4 SYSTEMPATH\Common.php(1188): CodeIgniter\View\View->render('inpection/inspectiontable', [], true)
 5 APPPATH\Controllers\Admin.php(592): view('inpection/inspectiontable', [...])
 6 SYSTEMPATH\CodeIgniter.php(919): App\Controllers\Admin->inpection()
 7 SYSTEMPATH\CodeIgniter.php(494): CodeIgniter\CodeIgniter->runController(Object(App\Controllers\Admin))
 8 SYSTEMPATH\CodeIgniter.php(353): CodeIgniter\CodeIgniter->handleRequest(null, Object(Config\Cache), false)
 9 FCPATH\index.php(79): CodeIgniter\CodeIgniter->run()
CRITICAL - 2023-11-21 09:13:40 --> Undefined variable $itam
in APPPATH\Views\inpection\inspectiontable.php on line 20.
 1 APPPATH\Views\inpection\inspectiontable.php(20): CodeIgniter\Debug\Exceptions->errorHandler(2, 'Undefined variable $itam', 'C:\\xampp\\new xampp\\htdocs\\lmv1\\app\\Views\\inpection\\inspectiontable.php', 20)
 2 SYSTEMPATH\View\View.php(226): include('C:\\xampp\\new xampp\\htdocs\\lmv1\\app\\Views\\inpection\\inspectiontable.php')
 3 SYSTEMPATH\View\View.php(229): CodeIgniter\View\View->CodeIgniter\View\{closure}()
 4 SYSTEMPATH\Common.php(1188): CodeIgniter\View\View->render('inpection/inspectiontable', [], true)
 5 APPPATH\Controllers\Admin.php(592): view('inpection/inspectiontable', [...])
 6 SYSTEMPATH\CodeIgniter.php(919): App\Controllers\Admin->inpection()
 7 SYSTEMPATH\CodeIgniter.php(494): CodeIgniter\CodeIgniter->runController(Object(App\Controllers\Admin))
 8 SYSTEMPATH\CodeIgniter.php(353): CodeIgniter\CodeIgniter->handleRequest(null, Object(Config\Cache), false)
 9 FCPATH\index.php(79): CodeIgniter\CodeIgniter->run()
CRITICAL - 2023-11-21 09:14:04 --> Undefined variable $itam
in APPPATH\Views\inpection\inspectiontable.php on line 20.
 1 APPPATH\Views\inpection\inspectiontable.php(20): CodeIgniter\Debug\Exceptions->errorHandler(2, 'Undefined variable $itam', 'C:\\xampp\\new xampp\\htdocs\\lmv1\\app\\Views\\inpection\\inspectiontable.php', 20)
 2 SYSTEMPATH\View\View.php(226): include('C:\\xampp\\new xampp\\htdocs\\lmv1\\app\\Views\\inpection\\inspectiontable.php')
 3 SYSTEMPATH\View\View.php(229): CodeIgniter\View\View->CodeIgniter\View\{closure}()
 4 SYSTEMPATH\Common.php(1188): CodeIgniter\View\View->render('inpection/inspectiontable', [], true)
 5 APPPATH\Controllers\Admin.php(592): view('inpection/inspectiontable', [...])
 6 SYSTEMPATH\CodeIgniter.php(919): App\Controllers\Admin->inpection()
 7 SYSTEMPATH\CodeIgniter.php(494): CodeIgniter\CodeIgniter->runController(Object(App\Controllers\Admin))
 8 SYSTEMPATH\CodeIgniter.php(353): CodeIgniter\CodeIgniter->handleRequest(null, Object(Config\Cache), false)
 9 FCPATH\index.php(79): CodeIgniter\CodeIgniter->run()
CRITICAL - 2023-11-21 09:49:46 --> Undefined variable $users
in APPPATH\Views\accounting\addAccounting.php on line 32.
 1 APPPATH\Views\accounting\addAccounting.php(32): CodeIgniter\Debug\Exceptions->errorHandler(2, 'Undefined variable $users', 'C:\\xampp\\new xampp\\htdocs\\lmv1\\app\\Views\\accounting\\addAccounting.php', 32)
 2 SYSTEMPATH\View\View.php(226): include('C:\\xampp\\new xampp\\htdocs\\lmv1\\app\\Views\\accounting\\addAccounting.php')
 3 SYSTEMPATH\View\View.php(229): CodeIgniter\View\View->CodeIgniter\View\{closure}()
 4 SYSTEMPATH\Common.php(1188): CodeIgniter\View\View->render('accounting/addAccounting', [], true)
 5 APPPATH\Controllers\Admin.php(798): view('accounting/addAccounting', [...])
 6 SYSTEMPATH\CodeIgniter.php(919): App\Controllers\Admin->editaccount('5')
 7 SYSTEMPATH\CodeIgniter.php(494): CodeIgniter\CodeIgniter->runController(Object(App\Controllers\Admin))
 8 SYSTEMPATH\CodeIgniter.php(353): CodeIgniter\CodeIgniter->handleRequest(null, Object(Config\Cache), false)
 9 FCPATH\index.php(79): CodeIgniter\CodeIgniter->run()
CRITICAL - 2023-11-21 09:50:31 --> Undefined variable $users
in APPPATH\Views\accounting\addAccounting.php on line 32.
 1 APPPATH\Views\accounting\addAccounting.php(32): CodeIgniter\Debug\Exceptions->errorHandler(2, 'Undefined variable $users', 'C:\\xampp\\new xampp\\htdocs\\lmv1\\app\\Views\\accounting\\addAccounting.php', 32)
 2 SYSTEMPATH\View\View.php(226): include('C:\\xampp\\new xampp\\htdocs\\lmv1\\app\\Views\\accounting\\addAccounting.php')
 3 SYSTEMPATH\View\View.php(229): CodeIgniter\View\View->CodeIgniter\View\{closure}()
 4 SYSTEMPATH\Common.php(1188): CodeIgniter\View\View->render('accounting/addAccounting', [], true)
 5 APPPATH\Controllers\Admin.php(798): view('accounting/addAccounting', [...])
 6 SYSTEMPATH\CodeIgniter.php(919): App\Controllers\Admin->editaccount('14')
 7 SYSTEMPATH\CodeIgniter.php(494): CodeIgniter\CodeIgniter->runController(Object(App\Controllers\Admin))
 8 SYSTEMPATH\CodeIgniter.php(353): CodeIgniter\CodeIgniter->handleRequest(null, Object(Config\Cache), false)
 9 FCPATH\index.php(79): CodeIgniter\CodeIgniter->run()
CRITICAL - 2023-11-21 09:51:59 --> Undefined variable $users
in APPPATH\Views\accounting\addAccounting.php on line 32.
 1 APPPATH\Views\accounting\addAccounting.php(32): CodeIgniter\Debug\Exceptions->errorHandler(2, 'Undefined variable $users', 'C:\\xampp\\new xampp\\htdocs\\lmv1\\app\\Views\\accounting\\addAccounting.php', 32)
 2 SYSTEMPATH\View\View.php(226): include('C:\\xampp\\new xampp\\htdocs\\lmv1\\app\\Views\\accounting\\addAccounting.php')
 3 SYSTEMPATH\View\View.php(229): CodeIgniter\View\View->CodeIgniter\View\{closure}()
 4 SYSTEMPATH\Common.php(1188): CodeIgniter\View\View->render('accounting/addAccounting', [], true)
 5 APPPATH\Controllers\Admin.php(798): view('accounting/addAccounting', [...])
 6 SYSTEMPATH\CodeIgniter.php(919): App\Controllers\Admin->editaccount('14')
 7 SYSTEMPATH\CodeIgniter.php(494): CodeIgniter\CodeIgniter->runController(Object(App\Controllers\Admin))
 8 SYSTEMPATH\CodeIgniter.php(353): CodeIgniter\CodeIgniter->handleRequest(null, Object(Config\Cache), false)
 9 FCPATH\index.php(79): CodeIgniter\CodeIgniter->run()
CRITICAL - 2023-11-21 09:52:01 --> Undefined variable $users
in APPPATH\Views\accounting\addAccounting.php on line 32.
 1 APPPATH\Views\accounting\addAccounting.php(32): CodeIgniter\Debug\Exceptions->errorHandler(2, 'Undefined variable $users', 'C:\\xampp\\new xampp\\htdocs\\lmv1\\app\\Views\\accounting\\addAccounting.php', 32)
 2 SYSTEMPATH\View\View.php(226): include('C:\\xampp\\new xampp\\htdocs\\lmv1\\app\\Views\\accounting\\addAccounting.php')
 3 SYSTEMPATH\View\View.php(229): CodeIgniter\View\View->CodeIgniter\View\{closure}()
 4 SYSTEMPATH\Common.php(1188): CodeIgniter\View\View->render('accounting/addAccounting', [], true)
 5 APPPATH\Controllers\Admin.php(798): view('accounting/addAccounting', [...])
 6 SYSTEMPATH\CodeIgniter.php(919): App\Controllers\Admin->editaccount('14')
 7 SYSTEMPATH\CodeIgniter.php(494): CodeIgniter\CodeIgniter->runController(Object(App\Controllers\Admin))
 8 SYSTEMPATH\CodeIgniter.php(353): CodeIgniter\CodeIgniter->handleRequest(null, Object(Config\Cache), false)
 9 FCPATH\index.php(79): CodeIgniter\CodeIgniter->run()
CRITICAL - 2023-11-21 09:55:16 --> Undefined variable $users
in APPPATH\Views\accounting\addAccounting.php on line 32.
 1 APPPATH\Views\accounting\addAccounting.php(32): CodeIgniter\Debug\Exceptions->errorHandler(2, 'Undefined variable $users', 'C:\\xampp\\new xampp\\htdocs\\lmv1\\app\\Views\\accounting\\addAccounting.php', 32)
 2 SYSTEMPATH\View\View.php(226): include('C:\\xampp\\new xampp\\htdocs\\lmv1\\app\\Views\\accounting\\addAccounting.php')
 3 SYSTEMPATH\View\View.php(229): CodeIgniter\View\View->CodeIgniter\View\{closure}()
 4 SYSTEMPATH\Common.php(1188): CodeIgniter\View\View->render('accounting/addAccounting', [], true)
 5 APPPATH\Controllers\Admin.php(798): view('accounting/addAccounting', [...])
 6 SYSTEMPATH\CodeIgniter.php(919): App\Controllers\Admin->editaccount('14')
 7 SYSTEMPATH\CodeIgniter.php(494): CodeIgniter\CodeIgniter->runController(Object(App\Controllers\Admin))
 8 SYSTEMPATH\CodeIgniter.php(353): CodeIgniter\CodeIgniter->handleRequest(null, Object(Config\Cache), false)
 9 FCPATH\index.php(79): CodeIgniter\CodeIgniter->run()
ERROR - 2023-11-21 09:57:44 --> mysqli_sql_exception: Column 'employee' cannot be null in C:\xampp\new xampp\htdocs\lmv1\system\Database\MySQLi\Connection.php:306
Stack trace:
#0 C:\xampp\new xampp\htdocs\lmv1\system\Database\MySQLi\Connection.php(306): mysqli->query('INSERT INTO `ac...', 0)
#1 C:\xampp\new xampp\htdocs\lmv1\system\Database\BaseConnection.php(692): CodeIgniter\Database\MySQLi\Connection->execute('INSERT INTO `ac...')
#2 C:\xampp\new xampp\htdocs\lmv1\system\Database\BaseConnection.php(606): CodeIgniter\Database\BaseConnection->simpleQuery('INSERT INTO `ac...')
#3 C:\xampp\new xampp\htdocs\lmv1\system\Database\BaseBuilder.php(2308): CodeIgniter\Database\BaseConnection->query('INSERT INTO `ac...', Array, false)
#4 C:\xampp\new xampp\htdocs\lmv1\system\Model.php(319): CodeIgniter\Database\BaseBuilder->insert()
#5 C:\xampp\new xampp\htdocs\lmv1\system\BaseModel.php(788): CodeIgniter\Model->doInsert(Array)
#6 C:\xampp\new xampp\htdocs\lmv1\system\Model.php(715): CodeIgniter\BaseModel->insert(Array, true)
#7 C:\xampp\new xampp\htdocs\lmv1\app\Controllers\Admin.php(744): CodeIgniter\Model->insert(Array)
#8 C:\xampp\new xampp\htdocs\lmv1\system\CodeIgniter.php(919): App\Controllers\Admin->addAccount()
#9 C:\xampp\new xampp\htdocs\lmv1\system\CodeIgniter.php(494): CodeIgniter\CodeIgniter->runController(Object(App\Controllers\Admin))
#10 C:\xampp\new xampp\htdocs\lmv1\system\CodeIgniter.php(353): CodeIgniter\CodeIgniter->handleRequest(NULL, Object(Config\Cache), false)
#11 C:\xampp\new xampp\htdocs\lmv1\index.php(79): CodeIgniter\CodeIgniter->run()
#12 {main}
CRITICAL - 2023-11-21 09:57:44 --> Column 'employee' cannot be null
in SYSTEMPATH\Database\BaseConnection.php on line 646.
 1 SYSTEMPATH\Database\BaseBuilder.php(2308): CodeIgniter\Database\BaseConnection->query('INSERT INTO `accounting` (`amount`, `note`, `byuser`, `iddate`, `leagelid`, `employee`) VALUES (:amount:, :note:, :byuser:, :iddate:, :leagelid:, :employee:)', [...], false)
 2 SYSTEMPATH\Model.php(319): CodeIgniter\Database\BaseBuilder->insert()
 3 SYSTEMPATH\BaseModel.php(788): CodeIgniter\Model->doInsert([...])
 4 SYSTEMPATH\Model.php(715): CodeIgniter\BaseModel->insert([...], true)
 5 APPPATH\Controllers\Admin.php(744): CodeIgniter\Model->insert([...])
 6 SYSTEMPATH\CodeIgniter.php(919): App\Controllers\Admin->addAccount()
 7 SYSTEMPATH\CodeIgniter.php(494): CodeIgniter\CodeIgniter->runController(Object(App\Controllers\Admin))
 8 SYSTEMPATH\CodeIgniter.php(353): CodeIgniter\CodeIgniter->handleRequest(null, Object(Config\Cache), false)
 9 FCPATH\index.php(79): CodeIgniter\CodeIgniter->run()
