CRITICAL - 2023-11-08 05:41:22 --> Undefined property: App\Controllers\Admin::$userRow
in APPPATH\Controllers\Admin.php on line 65.
 1 APPPATH\Controllers\Admin.php(65): CodeIgniter\Debug\Exceptions->errorHandler(2, 'Undefined property: App\\Controllers\\Admin::$userRow', 'C:\\xampp\\new xampp\\htdocs\\lmv1\\app\\Controllers\\Admin.php', 65)
 2 APPPATH\Controllers\Admin.php(462): App\Controllers\Admin->header('Master')
 3 SYSTEMPATH\CodeIgniter.php(919): App\Controllers\Admin->master()
 4 SYSTEMPATH\CodeIgniter.php(494): CodeIgniter\CodeIgniter->runController(Object(App\Controllers\Admin))
 5 SYSTEMPATH\CodeIgniter.php(353): CodeIgniter\CodeIgniter->handleRequest(null, Object(Config\Cache), false)
 6 FCPATH\index.php(79): CodeIgniter\CodeIgniter->run()
CRITICAL - 2023-11-08 06:50:22 --> Unclosed '{' on line 24
in APPPATH\Controllers\Admin.php on line 941.
 1 SYSTEMPATH\Autoloader\Autoloader.php(285): CodeIgniter\Autoloader\Autoloader->includeFile('C:\\xampp\\new xampp\\htdocs\\lmv1\\app\\Controllers\\Admin.php')
 2 SYSTEMPATH\Autoloader\Autoloader.php(263): CodeIgniter\Autoloader\Autoloader->loadInNamespace('App\\Controllers\\Admin')
 3 [internal function]: CodeIgniter\Autoloader\Autoloader->loadClass('App\\Controllers\\Admin')
 4 SYSTEMPATH\CodeIgniter.php(877): class_exists('\\App\\Controllers\\Admin', true)
 5 SYSTEMPATH\CodeIgniter.php(481): CodeIgniter\CodeIgniter->startController()
 6 SYSTEMPATH\CodeIgniter.php(353): CodeIgniter\CodeIgniter->handleRequest(null, Object(Config\Cache), false)
 7 FCPATH\index.php(79): CodeIgniter\CodeIgniter->run()
CRITICAL - 2023-11-08 07:17:41 --> Cannot use object of type stdClass as array
in APPPATH\Views\accounting\accountlist.php on line 35.
 1 SYSTEMPATH\View\View.php(226): include()
 2 SYSTEMPATH\View\View.php(229): CodeIgniter\View\View->CodeIgniter\View\{closure}()
 3 SYSTEMPATH\Common.php(1188): CodeIgniter\View\View->render('accounting/Accountlist', [], true)
 4 APPPATH\Controllers\Admin.php(736): view('accounting/Accountlist', [...])
 5 SYSTEMPATH\CodeIgniter.php(919): App\Controllers\Admin->accountlist()
 6 SYSTEMPATH\CodeIgniter.php(494): CodeIgniter\CodeIgniter->runController(Object(App\Controllers\Admin))
 7 SYSTEMPATH\CodeIgniter.php(353): CodeIgniter\CodeIgniter->handleRequest(null, Object(Config\Cache), false)
 8 FCPATH\index.php(79): CodeIgniter\CodeIgniter->run()
CRITICAL - 2023-11-08 07:31:28 --> Undefined array key "byuser_name"
in APPPATH\Views\accounting\accountlist.php on line 35.
 1 APPPATH\Views\accounting\accountlist.php(35): CodeIgniter\Debug\Exceptions->errorHandler(2, 'Undefined array key "byuser_name"', 'C:\\xampp\\new xampp\\htdocs\\lmv1\\app\\Views\\accounting\\accountlist.php', 35)
 2 SYSTEMPATH\View\View.php(226): include('C:\\xampp\\new xampp\\htdocs\\lmv1\\app\\Views\\accounting\\accountlist.php')
 3 SYSTEMPATH\View\View.php(229): CodeIgniter\View\View->CodeIgniter\View\{closure}()
 4 SYSTEMPATH\Common.php(1188): CodeIgniter\View\View->render('accounting/Accountlist', [], true)
 5 APPPATH\Controllers\Admin.php(736): view('accounting/Accountlist', [...])
 6 SYSTEMPATH\CodeIgniter.php(919): App\Controllers\Admin->accountlist()
 7 SYSTEMPATH\CodeIgniter.php(494): CodeIgniter\CodeIgniter->runController(Object(App\Controllers\Admin))
 8 SYSTEMPATH\CodeIgniter.php(353): CodeIgniter\CodeIgniter->handleRequest(null, Object(Config\Cache), false)
 9 FCPATH\index.php(79): CodeIgniter\CodeIgniter->run()
CRITICAL - 2023-11-08 07:31:46 --> Undefined array key "byuser_name"
in APPPATH\Views\accounting\accountlist.php on line 35.
 1 APPPATH\Views\accounting\accountlist.php(35): CodeIgniter\Debug\Exceptions->errorHandler(2, 'Undefined array key "byuser_name"', 'C:\\xampp\\new xampp\\htdocs\\lmv1\\app\\Views\\accounting\\accountlist.php', 35)
 2 SYSTEMPATH\View\View.php(226): include('C:\\xampp\\new xampp\\htdocs\\lmv1\\app\\Views\\accounting\\accountlist.php')
 3 SYSTEMPATH\View\View.php(229): CodeIgniter\View\View->CodeIgniter\View\{closure}()
 4 SYSTEMPATH\Common.php(1188): CodeIgniter\View\View->render('accounting/Accountlist', [], true)
 5 APPPATH\Controllers\Admin.php(736): view('accounting/Accountlist', [...])
 6 SYSTEMPATH\CodeIgniter.php(919): App\Controllers\Admin->accountlist()
 7 SYSTEMPATH\CodeIgniter.php(494): CodeIgniter\CodeIgniter->runController(Object(App\Controllers\Admin))
 8 SYSTEMPATH\CodeIgniter.php(353): CodeIgniter\CodeIgniter->handleRequest(null, Object(Config\Cache), false)
 9 FCPATH\index.php(79): CodeIgniter\CodeIgniter->run()
CRITICAL - 2023-11-08 07:32:09 --> Undefined array key "byuser_name"
in APPPATH\Views\accounting\accountlist.php on line 35.
 1 APPPATH\Views\accounting\accountlist.php(35): CodeIgniter\Debug\Exceptions->errorHandler(2, 'Undefined array key "byuser_name"', 'C:\\xampp\\new xampp\\htdocs\\lmv1\\app\\Views\\accounting\\accountlist.php', 35)
 2 SYSTEMPATH\View\View.php(226): include('C:\\xampp\\new xampp\\htdocs\\lmv1\\app\\Views\\accounting\\accountlist.php')
 3 SYSTEMPATH\View\View.php(229): CodeIgniter\View\View->CodeIgniter\View\{closure}()
 4 SYSTEMPATH\Common.php(1188): CodeIgniter\View\View->render('accounting/Accountlist', [], true)
 5 APPPATH\Controllers\Admin.php(736): view('accounting/Accountlist', [...])
 6 SYSTEMPATH\CodeIgniter.php(919): App\Controllers\Admin->accountlist()
 7 SYSTEMPATH\CodeIgniter.php(494): CodeIgniter\CodeIgniter->runController(Object(App\Controllers\Admin))
 8 SYSTEMPATH\CodeIgniter.php(353): CodeIgniter\CodeIgniter->handleRequest(null, Object(Config\Cache), false)
 9 FCPATH\index.php(79): CodeIgniter\CodeIgniter->run()
CRITICAL - 2023-11-08 07:32:31 --> Undefined array key "byuser_name"
in APPPATH\Views\accounting\accountlist.php on line 35.
 1 APPPATH\Views\accounting\accountlist.php(35): CodeIgniter\Debug\Exceptions->errorHandler(2, 'Undefined array key "byuser_name"', 'C:\\xampp\\new xampp\\htdocs\\lmv1\\app\\Views\\accounting\\accountlist.php', 35)
 2 SYSTEMPATH\View\View.php(226): include('C:\\xampp\\new xampp\\htdocs\\lmv1\\app\\Views\\accounting\\accountlist.php')
 3 SYSTEMPATH\View\View.php(229): CodeIgniter\View\View->CodeIgniter\View\{closure}()
 4 SYSTEMPATH\Common.php(1188): CodeIgniter\View\View->render('accounting/Accountlist', [], true)
 5 APPPATH\Controllers\Admin.php(736): view('accounting/Accountlist', [...])
 6 SYSTEMPATH\CodeIgniter.php(919): App\Controllers\Admin->accountlist()
 7 SYSTEMPATH\CodeIgniter.php(494): CodeIgniter\CodeIgniter->runController(Object(App\Controllers\Admin))
 8 SYSTEMPATH\CodeIgniter.php(353): CodeIgniter\CodeIgniter->handleRequest(null, Object(Config\Cache), false)
 9 FCPATH\index.php(79): CodeIgniter\CodeIgniter->run()
CRITICAL - 2023-11-08 07:34:33 --> Undefined array key "byuser_name"
in APPPATH\Views\accounting\accountlist.php on line 35.
 1 APPPATH\Views\accounting\accountlist.php(35): CodeIgniter\Debug\Exceptions->errorHandler(2, 'Undefined array key "byuser_name"', 'C:\\xampp\\new xampp\\htdocs\\lmv1\\app\\Views\\accounting\\accountlist.php', 35)
 2 SYSTEMPATH\View\View.php(226): include('C:\\xampp\\new xampp\\htdocs\\lmv1\\app\\Views\\accounting\\accountlist.php')
 3 SYSTEMPATH\View\View.php(229): CodeIgniter\View\View->CodeIgniter\View\{closure}()
 4 SYSTEMPATH\Common.php(1188): CodeIgniter\View\View->render('accounting/Accountlist', [], true)
 5 APPPATH\Controllers\Admin.php(736): view('accounting/Accountlist', [...])
 6 SYSTEMPATH\CodeIgniter.php(919): App\Controllers\Admin->accountlist()
 7 SYSTEMPATH\CodeIgniter.php(494): CodeIgniter\CodeIgniter->runController(Object(App\Controllers\Admin))
 8 SYSTEMPATH\CodeIgniter.php(353): CodeIgniter\CodeIgniter->handleRequest(null, Object(Config\Cache), false)
 9 FCPATH\index.php(79): CodeIgniter\CodeIgniter->run()
CRITICAL - 2023-11-08 07:34:34 --> Undefined array key "byuser_name"
in APPPATH\Views\accounting\accountlist.php on line 35.
 1 APPPATH\Views\accounting\accountlist.php(35): CodeIgniter\Debug\Exceptions->errorHandler(2, 'Undefined array key "byuser_name"', 'C:\\xampp\\new xampp\\htdocs\\lmv1\\app\\Views\\accounting\\accountlist.php', 35)
 2 SYSTEMPATH\View\View.php(226): include('C:\\xampp\\new xampp\\htdocs\\lmv1\\app\\Views\\accounting\\accountlist.php')
 3 SYSTEMPATH\View\View.php(229): CodeIgniter\View\View->CodeIgniter\View\{closure}()
 4 SYSTEMPATH\Common.php(1188): CodeIgniter\View\View->render('accounting/Accountlist', [], true)
 5 APPPATH\Controllers\Admin.php(736): view('accounting/Accountlist', [...])
 6 SYSTEMPATH\CodeIgniter.php(919): App\Controllers\Admin->accountlist()
 7 SYSTEMPATH\CodeIgniter.php(494): CodeIgniter\CodeIgniter->runController(Object(App\Controllers\Admin))
 8 SYSTEMPATH\CodeIgniter.php(353): CodeIgniter\CodeIgniter->handleRequest(null, Object(Config\Cache), false)
 9 FCPATH\index.php(79): CodeIgniter\CodeIgniter->run()
CRITICAL - 2023-11-08 07:34:35 --> Undefined array key "byuser_name"
in APPPATH\Views\accounting\accountlist.php on line 35.
 1 APPPATH\Views\accounting\accountlist.php(35): CodeIgniter\Debug\Exceptions->errorHandler(2, 'Undefined array key "byuser_name"', 'C:\\xampp\\new xampp\\htdocs\\lmv1\\app\\Views\\accounting\\accountlist.php', 35)
 2 SYSTEMPATH\View\View.php(226): include('C:\\xampp\\new xampp\\htdocs\\lmv1\\app\\Views\\accounting\\accountlist.php')
 3 SYSTEMPATH\View\View.php(229): CodeIgniter\View\View->CodeIgniter\View\{closure}()
 4 SYSTEMPATH\Common.php(1188): CodeIgniter\View\View->render('accounting/Accountlist', [], true)
 5 APPPATH\Controllers\Admin.php(736): view('accounting/Accountlist', [...])
 6 SYSTEMPATH\CodeIgniter.php(919): App\Controllers\Admin->accountlist()
 7 SYSTEMPATH\CodeIgniter.php(494): CodeIgniter\CodeIgniter->runController(Object(App\Controllers\Admin))
 8 SYSTEMPATH\CodeIgniter.php(353): CodeIgniter\CodeIgniter->handleRequest(null, Object(Config\Cache), false)
 9 FCPATH\index.php(79): CodeIgniter\CodeIgniter->run()
CRITICAL - 2023-11-08 07:34:36 --> Undefined array key "byuser_name"
in APPPATH\Views\accounting\accountlist.php on line 35.
 1 APPPATH\Views\accounting\accountlist.php(35): CodeIgniter\Debug\Exceptions->errorHandler(2, 'Undefined array key "byuser_name"', 'C:\\xampp\\new xampp\\htdocs\\lmv1\\app\\Views\\accounting\\accountlist.php', 35)
 2 SYSTEMPATH\View\View.php(226): include('C:\\xampp\\new xampp\\htdocs\\lmv1\\app\\Views\\accounting\\accountlist.php')
 3 SYSTEMPATH\View\View.php(229): CodeIgniter\View\View->CodeIgniter\View\{closure}()
 4 SYSTEMPATH\Common.php(1188): CodeIgniter\View\View->render('accounting/Accountlist', [], true)
 5 APPPATH\Controllers\Admin.php(736): view('accounting/Accountlist', [...])
 6 SYSTEMPATH\CodeIgniter.php(919): App\Controllers\Admin->accountlist()
 7 SYSTEMPATH\CodeIgniter.php(494): CodeIgniter\CodeIgniter->runController(Object(App\Controllers\Admin))
 8 SYSTEMPATH\CodeIgniter.php(353): CodeIgniter\CodeIgniter->handleRequest(null, Object(Config\Cache), false)
 9 FCPATH\index.php(79): CodeIgniter\CodeIgniter->run()
CRITICAL - 2023-11-08 07:44:26 --> Undefined array key "byuser_name"
in APPPATH\Views\accounting\accountlist.php on line 35.
 1 APPPATH\Views\accounting\accountlist.php(35): CodeIgniter\Debug\Exceptions->errorHandler(2, 'Undefined array key "byuser_name"', 'C:\\xampp\\new xampp\\htdocs\\lmv1\\app\\Views\\accounting\\accountlist.php', 35)
 2 SYSTEMPATH\View\View.php(226): include('C:\\xampp\\new xampp\\htdocs\\lmv1\\app\\Views\\accounting\\accountlist.php')
 3 SYSTEMPATH\View\View.php(229): CodeIgniter\View\View->CodeIgniter\View\{closure}()
 4 SYSTEMPATH\Common.php(1188): CodeIgniter\View\View->render('accounting/Accountlist', [], true)
 5 APPPATH\Controllers\Admin.php(736): view('accounting/Accountlist', [...])
 6 SYSTEMPATH\CodeIgniter.php(919): App\Controllers\Admin->accountlist()
 7 SYSTEMPATH\CodeIgniter.php(494): CodeIgniter\CodeIgniter->runController(Object(App\Controllers\Admin))
 8 SYSTEMPATH\CodeIgniter.php(353): CodeIgniter\CodeIgniter->handleRequest(null, Object(Config\Cache), false)
 9 FCPATH\index.php(79): CodeIgniter\CodeIgniter->run()
CRITICAL - 2023-11-08 07:55:12 --> Undefined array key ""
in APPPATH\Views\accounting\accountlist.php on line 35.
 1 APPPATH\Views\accounting\accountlist.php(35): CodeIgniter\Debug\Exceptions->errorHandler(2, 'Undefined array key ""', 'C:\\xampp\\new xampp\\htdocs\\lmv1\\app\\Views\\accounting\\accountlist.php', 35)
 2 SYSTEMPATH\View\View.php(226): include('C:\\xampp\\new xampp\\htdocs\\lmv1\\app\\Views\\accounting\\accountlist.php')
 3 SYSTEMPATH\View\View.php(229): CodeIgniter\View\View->CodeIgniter\View\{closure}()
 4 SYSTEMPATH\Common.php(1188): CodeIgniter\View\View->render('accounting/Accountlist', [], true)
 5 APPPATH\Controllers\Admin.php(736): view('accounting/Accountlist', [...])
 6 SYSTEMPATH\CodeIgniter.php(919): App\Controllers\Admin->accountlist()
 7 SYSTEMPATH\CodeIgniter.php(494): CodeIgniter\CodeIgniter->runController(Object(App\Controllers\Admin))
 8 SYSTEMPATH\CodeIgniter.php(353): CodeIgniter\CodeIgniter->handleRequest(null, Object(Config\Cache), false)
 9 FCPATH\index.php(79): CodeIgniter\CodeIgniter->run()
ERROR - 2023-11-08 08:15:51 --> mysqli_sql_exception: Column 'value' cannot be null in C:\xampp\new xampp\htdocs\lmv1\system\Database\MySQLi\Connection.php:306
Stack trace:
#0 C:\xampp\new xampp\htdocs\lmv1\system\Database\MySQLi\Connection.php(306): mysqli->query('INSERT INTO `in...', 0)
#1 C:\xampp\new xampp\htdocs\lmv1\system\Database\BaseConnection.php(692): CodeIgniter\Database\MySQLi\Connection->execute('INSERT INTO `in...')
#2 C:\xampp\new xampp\htdocs\lmv1\system\Database\BaseConnection.php(606): CodeIgniter\Database\BaseConnection->simpleQuery('INSERT INTO `in...')
#3 C:\xampp\new xampp\htdocs\lmv1\system\Database\BaseBuilder.php(2308): CodeIgniter\Database\BaseConnection->query('INSERT INTO `in...', Array, false)
#4 C:\xampp\new xampp\htdocs\lmv1\system\Model.php(319): CodeIgniter\Database\BaseBuilder->insert()
#5 C:\xampp\new xampp\htdocs\lmv1\system\BaseModel.php(788): CodeIgniter\Model->doInsert(Array)
#6 C:\xampp\new xampp\htdocs\lmv1\system\Model.php(715): CodeIgniter\BaseModel->insert(Array, true)
#7 C:\xampp\new xampp\htdocs\lmv1\app\Controllers\Admin.php(551): CodeIgniter\Model->insert(Array)
#8 C:\xampp\new xampp\htdocs\lmv1\system\CodeIgniter.php(919): App\Controllers\Admin->addinspection()
#9 C:\xampp\new xampp\htdocs\lmv1\system\CodeIgniter.php(494): CodeIgniter\CodeIgniter->runController(Object(App\Controllers\Admin))
#10 C:\xampp\new xampp\htdocs\lmv1\system\CodeIgniter.php(353): CodeIgniter\CodeIgniter->handleRequest(NULL, Object(Config\Cache), false)
#11 C:\xampp\new xampp\htdocs\lmv1\index.php(79): CodeIgniter\CodeIgniter->run()
#12 {main}
CRITICAL - 2023-11-08 08:15:51 --> Column 'value' cannot be null
in SYSTEMPATH\Database\BaseConnection.php on line 646.
 1 SYSTEMPATH\Database\BaseBuilder.php(2308): CodeIgniter\Database\BaseConnection->query('INSERT INTO `inspection` (`iddate`, `parameters`, `value`, `entryid`) VALUES (:iddate:, :parameters:, :value:, :entryid:)', [...], false)
 2 SYSTEMPATH\Model.php(319): CodeIgniter\Database\BaseBuilder->insert()
 3 SYSTEMPATH\BaseModel.php(788): CodeIgniter\Model->doInsert([...])
 4 SYSTEMPATH\Model.php(715): CodeIgniter\BaseModel->insert([...], true)
 5 APPPATH\Controllers\Admin.php(551): CodeIgniter\Model->insert([...])
 6 SYSTEMPATH\CodeIgniter.php(919): App\Controllers\Admin->addinspection()
 7 SYSTEMPATH\CodeIgniter.php(494): CodeIgniter\CodeIgniter->runController(Object(App\Controllers\Admin))
 8 SYSTEMPATH\CodeIgniter.php(353): CodeIgniter\CodeIgniter->handleRequest(null, Object(Config\Cache), false)
 9 FCPATH\index.php(79): CodeIgniter\CodeIgniter->run()
CRITICAL - 2023-11-08 09:11:31 --> Unmatched '}'
in APPPATH\Views\inpection\inpectionReportfilter.php on line 71.
 1 SYSTEMPATH\View\View.php(229): CodeIgniter\View\View->CodeIgniter\View\{closure}()
 2 SYSTEMPATH\Common.php(1188): CodeIgniter\View\View->render('inpection/inpectionReportfilter', [], true)
 3 APPPATH\Controllers\Admin.php(504): view('inpection/inpectionReportfilter', [...])
 4 SYSTEMPATH\CodeIgniter.php(919): App\Controllers\Admin->inpectionReport()
 5 SYSTEMPATH\CodeIgniter.php(494): CodeIgniter\CodeIgniter->runController(Object(App\Controllers\Admin))
 6 SYSTEMPATH\CodeIgniter.php(353): CodeIgniter\CodeIgniter->handleRequest(null, Object(Config\Cache), false)
 7 FCPATH\index.php(79): CodeIgniter\CodeIgniter->run()
CRITICAL - 2023-11-08 09:15:29 --> Undefined variable $result
in APPPATH\Views\inpection\inpectionReportfilter.php on line 50.
 1 APPPATH\Views\inpection\inpectionReportfilter.php(50): CodeIgniter\Debug\Exceptions->errorHandler(2, 'Undefined variable $result', 'C:\\xampp\\new xampp\\htdocs\\lmv1\\app\\Views\\inpection\\inpectionReportfilter.php', 50)
 2 SYSTEMPATH\View\View.php(226): include('C:\\xampp\\new xampp\\htdocs\\lmv1\\app\\Views\\inpection\\inpectionReportfilter.php')
 3 SYSTEMPATH\View\View.php(229): CodeIgniter\View\View->CodeIgniter\View\{closure}()
 4 SYSTEMPATH\Common.php(1188): CodeIgniter\View\View->render('inpection/inpectionReportfilter', [], true)
 5 APPPATH\Controllers\Admin.php(510): view('inpection/inpectionReportfilter')
 6 SYSTEMPATH\CodeIgniter.php(919): App\Controllers\Admin->inpectionReport()
 7 SYSTEMPATH\CodeIgniter.php(494): CodeIgniter\CodeIgniter->runController(Object(App\Controllers\Admin))
 8 SYSTEMPATH\CodeIgniter.php(353): CodeIgniter\CodeIgniter->handleRequest(null, Object(Config\Cache), false)
 9 FCPATH\index.php(79): CodeIgniter\CodeIgniter->run()
CRITICAL - 2023-11-08 09:42:31 --> Undefined variable $result
in APPPATH\Views\production\productiondetail.php on line 20.
 1 APPPATH\Views\production\productiondetail.php(20): CodeIgniter\Debug\Exceptions->errorHandler(2, 'Undefined variable $result', 'C:\\xampp\\new xampp\\htdocs\\lmv1\\app\\Views\\production\\productiondetail.php', 20)
 2 SYSTEMPATH\View\View.php(226): include('C:\\xampp\\new xampp\\htdocs\\lmv1\\app\\Views\\production\\productiondetail.php')
 3 SYSTEMPATH\View\View.php(229): CodeIgniter\View\View->CodeIgniter\View\{closure}()
 4 SYSTEMPATH\Common.php(1188): CodeIgniter\View\View->render('production/productiondetail', [], true)
 5 APPPATH\Controllers\Admin.php(464): view('production/productiondetail', [...])
 6 SYSTEMPATH\CodeIgniter.php(919): App\Controllers\Admin->productionReport()
 7 SYSTEMPATH\CodeIgniter.php(494): CodeIgniter\CodeIgniter->runController(Object(App\Controllers\Admin))
 8 SYSTEMPATH\CodeIgniter.php(353): CodeIgniter\CodeIgniter->handleRequest(null, Object(Config\Cache), false)
 9 FCPATH\index.php(79): CodeIgniter\CodeIgniter->run()
CRITICAL - 2023-11-08 10:09:06 --> syntax error, unexpected end of file, expecting "elseif" or "else" or "endif"
in APPPATH\Views\productionfilter.php on line 106.
 1 SYSTEMPATH\View\View.php(229): CodeIgniter\View\View->CodeIgniter\View\{closure}()
 2 SYSTEMPATH\Common.php(1188): CodeIgniter\View\View->render('productionfilter', [], true)
 3 APPPATH\Controllers\Admin.php(470): view('productionfilter', [...])
 4 SYSTEMPATH\CodeIgniter.php(919): App\Controllers\Admin->productionReport()
 5 SYSTEMPATH\CodeIgniter.php(494): CodeIgniter\CodeIgniter->runController(Object(App\Controllers\Admin))
 6 SYSTEMPATH\CodeIgniter.php(353): CodeIgniter\CodeIgniter->handleRequest(null, Object(Config\Cache), false)
 7 FCPATH\index.php(79): CodeIgniter\CodeIgniter->run()
CRITICAL - 2023-11-08 10:11:17 --> syntax error, unexpected end of file, expecting "elseif" or "else" or "endif"
in APPPATH\Views\productionfilter.php on line 95.
 1 SYSTEMPATH\View\View.php(229): CodeIgniter\View\View->CodeIgniter\View\{closure}()
 2 SYSTEMPATH\Common.php(1188): CodeIgniter\View\View->render('productionfilter', [], true)
 3 APPPATH\Controllers\Admin.php(470): view('productionfilter', [...])
 4 SYSTEMPATH\CodeIgniter.php(919): App\Controllers\Admin->productionReport()
 5 SYSTEMPATH\CodeIgniter.php(494): CodeIgniter\CodeIgniter->runController(Object(App\Controllers\Admin))
 6 SYSTEMPATH\CodeIgniter.php(353): CodeIgniter\CodeIgniter->handleRequest(null, Object(Config\Cache), false)
 7 FCPATH\index.php(79): CodeIgniter\CodeIgniter->run()
CRITICAL - 2023-11-08 10:24:15 --> Invalid file: "inpection/inspectiondetail.php"
in SYSTEMPATH\Exceptions\FrameworkException.php on line 39.
 1 SYSTEMPATH\View\View.php(214): CodeIgniter\Exceptions\FrameworkException::forInvalidFile('inpection/inspectiondetail.php')
 2 SYSTEMPATH\Common.php(1188): CodeIgniter\View\View->render('inpection/inspectiondetail', [], true)
 3 APPPATH\Controllers\Admin.php(617): view('inpection/inspectiondetail', [...])
 4 SYSTEMPATH\CodeIgniter.php(919): App\Controllers\Admin->inspection_detail('17')
 5 SYSTEMPATH\CodeIgniter.php(494): CodeIgniter\CodeIgniter->runController(Object(App\Controllers\Admin))
 6 SYSTEMPATH\CodeIgniter.php(353): CodeIgniter\CodeIgniter->handleRequest(null, Object(Config\Cache), false)
 7 FCPATH\index.php(79): CodeIgniter\CodeIgniter->run()
CRITICAL - 2023-11-08 10:27:32 --> Undefined variable $result
in APPPATH\Views\inpection\inpectionReportfilter.php on line 56.
 1 APPPATH\Views\inpection\inpectionReportfilter.php(56): CodeIgniter\Debug\Exceptions->errorHandler(2, 'Undefined variable $result', 'C:\\xampp\\new xampp\\htdocs\\lmv1\\app\\Views\\inpection\\inpectionReportfilter.php', 56)
 2 SYSTEMPATH\View\View.php(226): include('C:\\xampp\\new xampp\\htdocs\\lmv1\\app\\Views\\inpection\\inpectionReportfilter.php')
 3 SYSTEMPATH\View\View.php(229): CodeIgniter\View\View->CodeIgniter\View\{closure}()
 4 SYSTEMPATH\Common.php(1188): CodeIgniter\View\View->render('inpection/inpectionReportfilter', [], true)
 5 APPPATH\Controllers\Admin.php(498): view('inpection/inpectionReportfilter', [...])
 6 SYSTEMPATH\CodeIgniter.php(919): App\Controllers\Admin->inpectionReport()
 7 SYSTEMPATH\CodeIgniter.php(494): CodeIgniter\CodeIgniter->runController(Object(App\Controllers\Admin))
 8 SYSTEMPATH\CodeIgniter.php(353): CodeIgniter\CodeIgniter->handleRequest(null, Object(Config\Cache), false)
 9 FCPATH\index.php(79): CodeIgniter\CodeIgniter->run()
CRITICAL - 2023-11-08 10:29:19 --> Invalid file: "inpection/inspectiondetail.php"
in SYSTEMPATH\Exceptions\FrameworkException.php on line 39.
 1 SYSTEMPATH\View\View.php(214): CodeIgniter\Exceptions\FrameworkException::forInvalidFile('inpection/inspectiondetail.php')
 2 SYSTEMPATH\Common.php(1188): CodeIgniter\View\View->render('inpection/inspectiondetail', [], true)
 3 APPPATH\Controllers\Admin.php(617): view('inpection/inspectiondetail', [...])
 4 SYSTEMPATH\CodeIgniter.php(919): App\Controllers\Admin->inspection_detail('16')
 5 SYSTEMPATH\CodeIgniter.php(494): CodeIgniter\CodeIgniter->runController(Object(App\Controllers\Admin))
 6 SYSTEMPATH\CodeIgniter.php(353): CodeIgniter\CodeIgniter->handleRequest(null, Object(Config\Cache), false)
 7 FCPATH\index.php(79): CodeIgniter\CodeIgniter->run()
CRITICAL - 2023-11-08 10:45:50 --> Undefined variable $result
in APPPATH\Views\productionfilter.php on line 56.
 1 APPPATH\Views\productionfilter.php(56): CodeIgniter\Debug\Exceptions->errorHandler(2, 'Undefined variable $result', 'C:\\xampp\\new xampp\\htdocs\\lmv1\\app\\Views\\productionfilter.php', 56)
 2 SYSTEMPATH\View\View.php(226): include('C:\\xampp\\new xampp\\htdocs\\lmv1\\app\\Views\\productionfilter.php')
 3 SYSTEMPATH\View\View.php(229): CodeIgniter\View\View->CodeIgniter\View\{closure}()
 4 SYSTEMPATH\Common.php(1188): CodeIgniter\View\View->render('productionfilter', [], true)
 5 APPPATH\Controllers\Admin.php(464): view('productionfilter', [...])
 6 SYSTEMPATH\CodeIgniter.php(919): App\Controllers\Admin->productionReport()
 7 SYSTEMPATH\CodeIgniter.php(494): CodeIgniter\CodeIgniter->runController(Object(App\Controllers\Admin))
 8 SYSTEMPATH\CodeIgniter.php(353): CodeIgniter\CodeIgniter->handleRequest(null, Object(Config\Cache), false)
 9 FCPATH\index.php(79): CodeIgniter\CodeIgniter->run()
CRITICAL - 2023-11-08 10:46:26 --> Undefined variable $result
in APPPATH\Views\productionfilter.php on line 56.
 1 APPPATH\Views\productionfilter.php(56): CodeIgniter\Debug\Exceptions->errorHandler(2, 'Undefined variable $result', 'C:\\xampp\\new xampp\\htdocs\\lmv1\\app\\Views\\productionfilter.php', 56)
 2 SYSTEMPATH\View\View.php(226): include('C:\\xampp\\new xampp\\htdocs\\lmv1\\app\\Views\\productionfilter.php')
 3 SYSTEMPATH\View\View.php(229): CodeIgniter\View\View->CodeIgniter\View\{closure}()
 4 SYSTEMPATH\Common.php(1188): CodeIgniter\View\View->render('productionfilter', [], true)
 5 APPPATH\Controllers\Admin.php(464): view('productionfilter', [...])
 6 SYSTEMPATH\CodeIgniter.php(919): App\Controllers\Admin->productionReport()
 7 SYSTEMPATH\CodeIgniter.php(494): CodeIgniter\CodeIgniter->runController(Object(App\Controllers\Admin))
 8 SYSTEMPATH\CodeIgniter.php(353): CodeIgniter\CodeIgniter->handleRequest(null, Object(Config\Cache), false)
 9 FCPATH\index.php(79): CodeIgniter\CodeIgniter->run()
CRITICAL - 2023-11-08 10:46:47 --> Undefined array key "iddate"
in APPPATH\Views\productionfilter.php on line 58.
 1 APPPATH\Views\productionfilter.php(58): CodeIgniter\Debug\Exceptions->errorHandler(2, 'Undefined array key "iddate"', 'C:\\xampp\\new xampp\\htdocs\\lmv1\\app\\Views\\productionfilter.php', 58)
 2 SYSTEMPATH\View\View.php(226): include('C:\\xampp\\new xampp\\htdocs\\lmv1\\app\\Views\\productionfilter.php')
 3 SYSTEMPATH\View\View.php(229): CodeIgniter\View\View->CodeIgniter\View\{closure}()
 4 SYSTEMPATH\Common.php(1188): CodeIgniter\View\View->render('productionfilter', [], true)
 5 APPPATH\Controllers\Admin.php(464): view('productionfilter', [...])
 6 SYSTEMPATH\CodeIgniter.php(919): App\Controllers\Admin->productionReport()
 7 SYSTEMPATH\CodeIgniter.php(494): CodeIgniter\CodeIgniter->runController(Object(App\Controllers\Admin))
 8 SYSTEMPATH\CodeIgniter.php(353): CodeIgniter\CodeIgniter->handleRequest(null, Object(Config\Cache), false)
 9 FCPATH\index.php(79): CodeIgniter\CodeIgniter->run()
CRITICAL - 2023-11-08 10:50:22 --> Undefined array key "iddate"
in APPPATH\Views\productionfilter.php on line 58.
 1 APPPATH\Views\productionfilter.php(58): CodeIgniter\Debug\Exceptions->errorHandler(2, 'Undefined array key "iddate"', 'C:\\xampp\\new xampp\\htdocs\\lmv1\\app\\Views\\productionfilter.php', 58)
 2 SYSTEMPATH\View\View.php(226): include('C:\\xampp\\new xampp\\htdocs\\lmv1\\app\\Views\\productionfilter.php')
 3 SYSTEMPATH\View\View.php(229): CodeIgniter\View\View->CodeIgniter\View\{closure}()
 4 SYSTEMPATH\Common.php(1188): CodeIgniter\View\View->render('productionfilter', [], true)
 5 APPPATH\Controllers\Admin.php(464): view('productionfilter', [...])
 6 SYSTEMPATH\CodeIgniter.php(919): App\Controllers\Admin->productionReport()
 7 SYSTEMPATH\CodeIgniter.php(494): CodeIgniter\CodeIgniter->runController(Object(App\Controllers\Admin))
 8 SYSTEMPATH\CodeIgniter.php(353): CodeIgniter\CodeIgniter->handleRequest(null, Object(Config\Cache), false)
 9 FCPATH\index.php(79): CodeIgniter\CodeIgniter->run()
