CRITICAL - 2023-09-26 07:09:14 --> Invalid file: "Homepage.php"
in SYSTEMPATH\Exceptions\FrameworkException.php on line 39.
 1 SYSTEMPATH\View\View.php(214): CodeIgniter\Exceptions\FrameworkException::forInvalidFile('Homepage.php')
 2 SYSTEMPATH\Common.php(1188): CodeIgniter\View\View->render('Homepage', [], true)
 3 APPPATH\Controllers\Home.php(10): view('Homepage')
 4 SYSTEMPATH\CodeIgniter.php(919): App\Controllers\Home->index()
 5 SYSTEMPATH\CodeIgniter.php(494): CodeIgniter\CodeIgniter->runController(Object(App\Controllers\Home))
 6 SYSTEMPATH\CodeIgniter.php(353): CodeIgniter\CodeIgniter->handleRequest(null, Object(Config\Cache), false)
 7 FCPATH\index.php(79): CodeIgniter\CodeIgniter->run()
CRITICAL - 2023-09-26 08:49:11 --> Invalid file: "auth/upload.php"
in SYSTEMPATH\Exceptions\FrameworkException.php on line 39.
 1 SYSTEMPATH\View\View.php(214): CodeIgniter\Exceptions\FrameworkException::forInvalidFile('auth/upload.php')
 2 SYSTEMPATH\Common.php(1188): CodeIgniter\View\View->render('auth/upload', [], true)
 3 APPPATH\Controllers\Home.php(20): view('auth/upload')
 4 SYSTEMPATH\CodeIgniter.php(919): App\Controllers\Home->upload()
 5 SYSTEMPATH\CodeIgniter.php(494): CodeIgniter\CodeIgniter->runController(Object(App\Controllers\Home))
 6 SYSTEMPATH\CodeIgniter.php(353): CodeIgniter\CodeIgniter->handleRequest(null, Object(Config\Cache), false)
 7 FCPATH\index.php(79): CodeIgniter\CodeIgniter->run()
CRITICAL - 2023-09-26 08:49:41 --> Invalid file: "auth/uploade.php"
in SYSTEMPATH\Exceptions\FrameworkException.php on line 39.
 1 SYSTEMPATH\View\View.php(214): CodeIgniter\Exceptions\FrameworkException::forInvalidFile('auth/uploade.php')
 2 SYSTEMPATH\Common.php(1188): CodeIgniter\View\View->render('auth/uploade', [], true)
 3 APPPATH\Controllers\Home.php(20): view('auth/uploade')
 4 SYSTEMPATH\CodeIgniter.php(919): App\Controllers\Home->upload()
 5 SYSTEMPATH\CodeIgniter.php(494): CodeIgniter\CodeIgniter->runController(Object(App\Controllers\Home))
 6 SYSTEMPATH\CodeIgniter.php(353): CodeIgniter\CodeIgniter->handleRequest(null, Object(Config\Cache), false)
 7 FCPATH\index.php(79): CodeIgniter\CodeIgniter->run()
CRITICAL - 2023-09-26 08:49:51 --> Invalid file: "auth/uploade.php"
in SYSTEMPATH\Exceptions\FrameworkException.php on line 39.
 1 SYSTEMPATH\View\View.php(214): CodeIgniter\Exceptions\FrameworkException::forInvalidFile('auth/uploade.php')
 2 SYSTEMPATH\Common.php(1188): CodeIgniter\View\View->render('auth/uploade', [], true)
 3 APPPATH\Controllers\Home.php(20): view('auth/uploade')
 4 SYSTEMPATH\CodeIgniter.php(919): App\Controllers\Home->upload()
 5 SYSTEMPATH\CodeIgniter.php(494): CodeIgniter\CodeIgniter->runController(Object(App\Controllers\Home))
 6 SYSTEMPATH\CodeIgniter.php(353): CodeIgniter\CodeIgniter->handleRequest(null, Object(Config\Cache), false)
 7 FCPATH\index.php(79): CodeIgniter\CodeIgniter->run()
CRITICAL - 2023-09-26 08:50:14 --> move_uploaded_file(admin_images/shetkari.png): Failed to open stream: No such file or directory
in APPPATH\Views\auth\uplode.php on line 43.
 1 [internal function]: CodeIgniter\Debug\Exceptions->errorHandler(2, 'move_uploaded_file(admin_images/shetkari.png): Failed to open stream: No such file or directory', 'C:\\xampp\\new xampp\\htdocs\\patil\\app\\Views\\auth\\uplode.php', 43)
 2 APPPATH\Views\auth\uplode.php(43): move_uploaded_file('C:\\xampp\\new xampp\\tmp\\phpFD69.tmp', 'admin_images/shetkari.png')
 3 SYSTEMPATH\View\View.php(226): include('C:\\xampp\\new xampp\\htdocs\\patil\\app\\Views\\auth\\uplode.php')
 4 SYSTEMPATH\View\View.php(229): CodeIgniter\View\View->CodeIgniter\View\{closure}()
 5 SYSTEMPATH\Common.php(1188): CodeIgniter\View\View->render('auth/uplode', [], true)
 6 APPPATH\Controllers\Home.php(20): view('auth/uplode')
 7 SYSTEMPATH\CodeIgniter.php(919): App\Controllers\Home->upload()
 8 SYSTEMPATH\CodeIgniter.php(494): CodeIgniter\CodeIgniter->runController(Object(App\Controllers\Home))
 9 SYSTEMPATH\CodeIgniter.php(353): CodeIgniter\CodeIgniter->handleRequest(null, Object(Config\Cache), false)
10 FCPATH\index.php(79): CodeIgniter\CodeIgniter->run()
CRITICAL - 2023-09-26 08:53:50 --> move_uploaded_file(admin_images/shetkari.png): Failed to open stream: No such file or directory
in APPPATH\Views\auth\uplode.php on line 43.
 1 [internal function]: CodeIgniter\Debug\Exceptions->errorHandler(2, 'move_uploaded_file(admin_images/shetkari.png): Failed to open stream: No such file or directory', 'C:\\xampp\\new xampp\\htdocs\\patil\\app\\Views\\auth\\uplode.php', 43)
 2 APPPATH\Views\auth\uplode.php(43): move_uploaded_file('C:\\xampp\\new xampp\\tmp\\php470F.tmp', 'admin_images/shetkari.png')
 3 SYSTEMPATH\View\View.php(226): include('C:\\xampp\\new xampp\\htdocs\\patil\\app\\Views\\auth\\uplode.php')
 4 SYSTEMPATH\View\View.php(229): CodeIgniter\View\View->CodeIgniter\View\{closure}()
 5 SYSTEMPATH\Common.php(1188): CodeIgniter\View\View->render('auth/uplode', [], true)
 6 APPPATH\Controllers\Home.php(20): view('auth/uplode')
 7 SYSTEMPATH\CodeIgniter.php(919): App\Controllers\Home->upload()
 8 SYSTEMPATH\CodeIgniter.php(494): CodeIgniter\CodeIgniter->runController(Object(App\Controllers\Home))
 9 SYSTEMPATH\CodeIgniter.php(353): CodeIgniter\CodeIgniter->handleRequest(null, Object(Config\Cache), false)
10 FCPATH\index.php(79): CodeIgniter\CodeIgniter->run()
CRITICAL - 2023-09-26 09:08:56 --> move_uploaded_file(admin_images/shetkari.png): Failed to open stream: No such file or directory
in APPPATH\Views\auth\uplode.php on line 43.
 1 [internal function]: CodeIgniter\Debug\Exceptions->errorHandler(2, 'move_uploaded_file(admin_images/shetkari.png): Failed to open stream: No such file or directory', 'C:\\xampp\\new xampp\\htdocs\\patil\\app\\Views\\auth\\uplode.php', 43)
 2 APPPATH\Views\auth\uplode.php(43): move_uploaded_file('C:\\xampp\\new xampp\\tmp\\php1CA0.tmp', 'admin_images/shetkari.png')
 3 SYSTEMPATH\View\View.php(226): include('C:\\xampp\\new xampp\\htdocs\\patil\\app\\Views\\auth\\uplode.php')
 4 SYSTEMPATH\View\View.php(229): CodeIgniter\View\View->CodeIgniter\View\{closure}()
 5 SYSTEMPATH\Common.php(1188): CodeIgniter\View\View->render('auth/uplode', [], true)
 6 APPPATH\Controllers\Home.php(20): view('auth/uplode')
 7 SYSTEMPATH\CodeIgniter.php(919): App\Controllers\Home->upload()
 8 SYSTEMPATH\CodeIgniter.php(494): CodeIgniter\CodeIgniter->runController(Object(App\Controllers\Home))
 9 SYSTEMPATH\CodeIgniter.php(353): CodeIgniter\CodeIgniter->handleRequest(null, Object(Config\Cache), false)
10 FCPATH\index.php(79): CodeIgniter\CodeIgniter->run()
CRITICAL - 2023-09-26 09:13:19 --> move_uploaded_file(admin_images/6 BA Solvent.jpg): Failed to open stream: No such file or directory
in APPPATH\Views\auth\uplode.php on line 43.
 1 [internal function]: CodeIgniter\Debug\Exceptions->errorHandler(2, 'move_uploaded_file(admin_images/6 BA Solvent.jpg): Failed to open stream: No such file or directory', 'C:\\xampp\\new xampp\\htdocs\\patil\\app\\Views\\auth\\uplode.php', 43)
 2 APPPATH\Views\auth\uplode.php(43): move_uploaded_file('C:\\xampp\\new xampp\\tmp\\php1D6A.tmp', 'admin_images/6 BA Solvent.jpg')
 3 SYSTEMPATH\View\View.php(226): include('C:\\xampp\\new xampp\\htdocs\\patil\\app\\Views\\auth\\uplode.php')
 4 SYSTEMPATH\View\View.php(229): CodeIgniter\View\View->CodeIgniter\View\{closure}()
 5 SYSTEMPATH\Common.php(1188): CodeIgniter\View\View->render('auth/uplode', [], true)
 6 APPPATH\Controllers\Home.php(20): view('auth/uplode')
 7 SYSTEMPATH\CodeIgniter.php(919): App\Controllers\Home->upload()
 8 SYSTEMPATH\CodeIgniter.php(494): CodeIgniter\CodeIgniter->runController(Object(App\Controllers\Home))
 9 SYSTEMPATH\CodeIgniter.php(353): CodeIgniter\CodeIgniter->handleRequest(null, Object(Config\Cache), false)
10 FCPATH\index.php(79): CodeIgniter\CodeIgniter->run()
CRITICAL - 2023-09-26 09:14:03 --> move_uploaded_file(admin_images/Eco-Stim.jpg): Failed to open stream: No such file or directory
in APPPATH\Views\auth\uplode.php on line 43.
 1 [internal function]: CodeIgniter\Debug\Exceptions->errorHandler(2, 'move_uploaded_file(admin_images/Eco-Stim.jpg): Failed to open stream: No such file or directory', 'C:\\xampp\\new xampp\\htdocs\\patil\\app\\Views\\auth\\uplode.php', 43)
 2 APPPATH\Views\auth\uplode.php(43): move_uploaded_file('C:\\xampp\\new xampp\\tmp\\phpCC2B.tmp', 'admin_images/Eco-Stim.jpg')
 3 SYSTEMPATH\View\View.php(226): include('C:\\xampp\\new xampp\\htdocs\\patil\\app\\Views\\auth\\uplode.php')
 4 SYSTEMPATH\View\View.php(229): CodeIgniter\View\View->CodeIgniter\View\{closure}()
 5 SYSTEMPATH\Common.php(1188): CodeIgniter\View\View->render('auth/uplode', [], true)
 6 APPPATH\Controllers\Home.php(20): view('auth/uplode')
 7 SYSTEMPATH\CodeIgniter.php(919): App\Controllers\Home->upload()
 8 SYSTEMPATH\CodeIgniter.php(494): CodeIgniter\CodeIgniter->runController(Object(App\Controllers\Home))
 9 SYSTEMPATH\CodeIgniter.php(353): CodeIgniter\CodeIgniter->handleRequest(null, Object(Config\Cache), false)
10 FCPATH\index.php(79): CodeIgniter\CodeIgniter->run()
CRITICAL - 2023-09-26 09:14:50 --> move_uploaded_file(admin_images/Fighto.jpg): Failed to open stream: No such file or directory
in APPPATH\Views\auth\uplode.php on line 40.
 1 [internal function]: CodeIgniter\Debug\Exceptions->errorHandler(2, 'move_uploaded_file(admin_images/Fighto.jpg): Failed to open stream: No such file or directory', 'C:\\xampp\\new xampp\\htdocs\\patil\\app\\Views\\auth\\uplode.php', 40)
 2 APPPATH\Views\auth\uplode.php(40): move_uploaded_file('C:\\xampp\\new xampp\\tmp\\php8451.tmp', 'admin_images/Fighto.jpg')
 3 SYSTEMPATH\View\View.php(226): include('C:\\xampp\\new xampp\\htdocs\\patil\\app\\Views\\auth\\uplode.php')
 4 SYSTEMPATH\View\View.php(229): CodeIgniter\View\View->CodeIgniter\View\{closure}()
 5 SYSTEMPATH\Common.php(1188): CodeIgniter\View\View->render('auth/uplode', [], true)
 6 APPPATH\Controllers\Home.php(20): view('auth/uplode')
 7 SYSTEMPATH\CodeIgniter.php(919): App\Controllers\Home->upload()
 8 SYSTEMPATH\CodeIgniter.php(494): CodeIgniter\CodeIgniter->runController(Object(App\Controllers\Home))
 9 SYSTEMPATH\CodeIgniter.php(353): CodeIgniter\CodeIgniter->handleRequest(null, Object(Config\Cache), false)
10 FCPATH\index.php(79): CodeIgniter\CodeIgniter->run()
CRITICAL - 2023-09-26 09:16:02 --> move_uploaded_file(admin_images/shetkari.png): Failed to open stream: No such file or directory
in APPPATH\Views\auth\uplode.php on line 40.
 1 [internal function]: CodeIgniter\Debug\Exceptions->errorHandler(2, 'move_uploaded_file(admin_images/shetkari.png): Failed to open stream: No such file or directory', 'C:\\xampp\\new xampp\\htdocs\\patil\\app\\Views\\auth\\uplode.php', 40)
 2 APPPATH\Views\auth\uplode.php(40): move_uploaded_file('C:\\xampp\\new xampp\\tmp\\php9DB3.tmp', 'admin_images/shetkari.png')
 3 SYSTEMPATH\View\View.php(226): include('C:\\xampp\\new xampp\\htdocs\\patil\\app\\Views\\auth\\uplode.php')
 4 SYSTEMPATH\View\View.php(229): CodeIgniter\View\View->CodeIgniter\View\{closure}()
 5 SYSTEMPATH\Common.php(1188): CodeIgniter\View\View->render('auth/uplode', [], true)
 6 APPPATH\Controllers\Home.php(20): view('auth/uplode')
 7 SYSTEMPATH\CodeIgniter.php(919): App\Controllers\Home->upload()
 8 SYSTEMPATH\CodeIgniter.php(494): CodeIgniter\CodeIgniter->runController(Object(App\Controllers\Home))
 9 SYSTEMPATH\CodeIgniter.php(353): CodeIgniter\CodeIgniter->handleRequest(null, Object(Config\Cache), false)
10 FCPATH\index.php(79): CodeIgniter\CodeIgniter->run()
CRITICAL - 2023-09-26 10:34:18 --> Invalid file: "uplode_image.php"
in SYSTEMPATH\Exceptions\FrameworkException.php on line 39.
 1 SYSTEMPATH\View\View.php(214): CodeIgniter\Exceptions\FrameworkException::forInvalidFile('uplode_image.php')
 2 SYSTEMPATH\Common.php(1188): CodeIgniter\View\View->render('uplode_image', [], true)
 3 APPPATH\Controllers\Home.php(10): view('uplode_image')
 4 SYSTEMPATH\CodeIgniter.php(919): App\Controllers\Home->index()
 5 SYSTEMPATH\CodeIgniter.php(494): CodeIgniter\CodeIgniter->runController(Object(App\Controllers\Home))
 6 SYSTEMPATH\CodeIgniter.php(353): CodeIgniter\CodeIgniter->handleRequest(null, Object(Config\Cache), false)
 7 FCPATH\index.php(79): CodeIgniter\CodeIgniter->run()
CRITICAL - 2023-09-26 11:08:38 --> syntax error, unexpected token ";", expecting "]"
in APPPATH\Controllers\Home.php on line 33.
 1 SYSTEMPATH\Autoloader\Autoloader.php(285): CodeIgniter\Autoloader\Autoloader->includeFile('C:\\xampp\\new xampp\\htdocs\\patil\\app\\Controllers\\Home.php')
 2 SYSTEMPATH\Autoloader\Autoloader.php(263): CodeIgniter\Autoloader\Autoloader->loadInNamespace('App\\Controllers\\Home')
 3 [internal function]: CodeIgniter\Autoloader\Autoloader->loadClass('App\\Controllers\\Home')
 4 SYSTEMPATH\CodeIgniter.php(877): class_exists('\\App\\Controllers\\Home', true)
 5 SYSTEMPATH\CodeIgniter.php(481): CodeIgniter\CodeIgniter->startController()
 6 SYSTEMPATH\CodeIgniter.php(353): CodeIgniter\CodeIgniter->handleRequest(null, Object(Config\Cache), false)
 7 FCPATH\index.php(79): CodeIgniter\CodeIgniter->run()
CRITICAL - 2023-09-26 11:09:46 --> syntax error, unexpected token "."
in APPPATH\Controllers\Home.php on line 38.
 1 SYSTEMPATH\Autoloader\Autoloader.php(285): CodeIgniter\Autoloader\Autoloader->includeFile('C:\\xampp\\new xampp\\htdocs\\patil\\app\\Controllers\\Home.php')
 2 SYSTEMPATH\Autoloader\Autoloader.php(263): CodeIgniter\Autoloader\Autoloader->loadInNamespace('App\\Controllers\\Home')
 3 [internal function]: CodeIgniter\Autoloader\Autoloader->loadClass('App\\Controllers\\Home')
 4 SYSTEMPATH\CodeIgniter.php(877): class_exists('\\App\\Controllers\\Home', true)
 5 SYSTEMPATH\CodeIgniter.php(481): CodeIgniter\CodeIgniter->startController()
 6 SYSTEMPATH\CodeIgniter.php(353): CodeIgniter\CodeIgniter->handleRequest(null, Object(Config\Cache), false)
 7 FCPATH\index.php(79): CodeIgniter\CodeIgniter->run()
CRITICAL - 2023-09-26 11:09:47 --> syntax error, unexpected token "."
in APPPATH\Controllers\Home.php on line 38.
 1 SYSTEMPATH\Autoloader\Autoloader.php(285): CodeIgniter\Autoloader\Autoloader->includeFile('C:\\xampp\\new xampp\\htdocs\\patil\\app\\Controllers\\Home.php')
 2 SYSTEMPATH\Autoloader\Autoloader.php(263): CodeIgniter\Autoloader\Autoloader->loadInNamespace('App\\Controllers\\Home')
 3 [internal function]: CodeIgniter\Autoloader\Autoloader->loadClass('App\\Controllers\\Home')
 4 SYSTEMPATH\CodeIgniter.php(877): class_exists('\\App\\Controllers\\Home', true)
 5 SYSTEMPATH\CodeIgniter.php(481): CodeIgniter\CodeIgniter->startController()
 6 SYSTEMPATH\CodeIgniter.php(353): CodeIgniter\CodeIgniter->handleRequest(null, Object(Config\Cache), false)
 7 FCPATH\index.php(79): CodeIgniter\CodeIgniter->run()
CRITICAL - 2023-09-26 11:11:51 --> Invalid file: "uplode_form.php"
in SYSTEMPATH\Exceptions\FrameworkException.php on line 39.
 1 SYSTEMPATH\View\View.php(214): CodeIgniter\Exceptions\FrameworkException::forInvalidFile('uplode_form.php')
 2 SYSTEMPATH\Common.php(1188): CodeIgniter\View\View->render('uplode_form', [], true)
 3 APPPATH\Controllers\Home.php(10): view('uplode_form', [...])
 4 SYSTEMPATH\CodeIgniter.php(919): App\Controllers\Home->index()
 5 SYSTEMPATH\CodeIgniter.php(494): CodeIgniter\CodeIgniter->runController(Object(App\Controllers\Home))
 6 SYSTEMPATH\CodeIgniter.php(353): CodeIgniter\CodeIgniter->handleRequest(null, Object(Config\Cache), false)
 7 FCPATH\index.php(79): CodeIgniter\CodeIgniter->run()
CRITICAL - 2023-09-26 11:38:25 --> Undefined constant "foreachend"
in APPPATH\Views\uplode_form.php on line 7.
 1 SYSTEMPATH\View\View.php(226): include()
 2 SYSTEMPATH\View\View.php(229): CodeIgniter\View\View->CodeIgniter\View\{closure}()
 3 SYSTEMPATH\Common.php(1188): CodeIgniter\View\View->render('uplode_form', [], true)
 4 APPPATH\Controllers\Home.php(34): view('uplode_form', [...])
 5 SYSTEMPATH\CodeIgniter.php(919): App\Controllers\Home->upload()
 6 SYSTEMPATH\CodeIgniter.php(494): CodeIgniter\CodeIgniter->runController(Object(App\Controllers\Home))
 7 SYSTEMPATH\CodeIgniter.php(353): CodeIgniter\CodeIgniter->handleRequest(null, Object(Config\Cache), false)
 8 FCPATH\index.php(79): CodeIgniter\CodeIgniter->run()
