CRITICAL - 2023-09-30 06:53:48 --> Undefined variable $search
in APPPATH\Views\search.php on line 5.
 1 APPPATH\Views\search.php(5): CodeIgniter\Debug\Exceptions->errorHandler(2, 'Undefined variable $search', 'C:\\xampp\\new xampp\\htdocs\\patil\\app\\Views\\search.php', 5)
 2 SYSTEMPATH\View\View.php(226): include('C:\\xampp\\new xampp\\htdocs\\patil\\app\\Views\\search.php')
 3 SYSTEMPATH\View\View.php(229): CodeIgniter\View\View->CodeIgniter\View\{closure}()
 4 SYSTEMPATH\Common.php(1188): CodeIgniter\View\View->render('search', [], true)
 5 APPPATH\Controllers\Home.php(11): view('search')
 6 SYSTEMPATH\CodeIgniter.php(919): App\Controllers\Home->index()
 7 SYSTEMPATH\CodeIgniter.php(494): CodeIgniter\CodeIgniter->runController(Object(App\Controllers\Home))
 8 SYSTEMPATH\CodeIgniter.php(353): CodeIgniter\CodeIgniter->handleRequest(null, Object(Config\Cache), false)
 9 FCPATH\index.php(79): CodeIgniter\CodeIgniter->run()
CRITICAL - 2023-09-30 06:55:21 --> Undefined variable $search
in APPPATH\Views\search.php on line 5.
 1 APPPATH\Views\search.php(5): CodeIgniter\Debug\Exceptions->errorHandler(2, 'Undefined variable $search', 'C:\\xampp\\new xampp\\htdocs\\patil\\app\\Views\\search.php', 5)
 2 SYSTEMPATH\View\View.php(226): include('C:\\xampp\\new xampp\\htdocs\\patil\\app\\Views\\search.php')
 3 SYSTEMPATH\View\View.php(229): CodeIgniter\View\View->CodeIgniter\View\{closure}()
 4 SYSTEMPATH\Common.php(1188): CodeIgniter\View\View->render('search', [], true)
 5 APPPATH\Controllers\Home.php(11): view('search')
 6 SYSTEMPATH\CodeIgniter.php(919): App\Controllers\Home->index()
 7 SYSTEMPATH\CodeIgniter.php(494): CodeIgniter\CodeIgniter->runController(Object(App\Controllers\Home))
 8 SYSTEMPATH\CodeIgniter.php(353): CodeIgniter\CodeIgniter->handleRequest(null, Object(Config\Cache), false)
 9 FCPATH\index.php(79): CodeIgniter\CodeIgniter->run()
CRITICAL - 2023-09-30 06:55:23 --> Undefined variable $search
in APPPATH\Views\search.php on line 5.
 1 APPPATH\Views\search.php(5): CodeIgniter\Debug\Exceptions->errorHandler(2, 'Undefined variable $search', 'C:\\xampp\\new xampp\\htdocs\\patil\\app\\Views\\search.php', 5)
 2 SYSTEMPATH\View\View.php(226): include('C:\\xampp\\new xampp\\htdocs\\patil\\app\\Views\\search.php')
 3 SYSTEMPATH\View\View.php(229): CodeIgniter\View\View->CodeIgniter\View\{closure}()
 4 SYSTEMPATH\Common.php(1188): CodeIgniter\View\View->render('search', [], true)
 5 APPPATH\Controllers\Home.php(11): view('search')
 6 SYSTEMPATH\CodeIgniter.php(919): App\Controllers\Home->index()
 7 SYSTEMPATH\CodeIgniter.php(494): CodeIgniter\CodeIgniter->runController(Object(App\Controllers\Home))
 8 SYSTEMPATH\CodeIgniter.php(353): CodeIgniter\CodeIgniter->handleRequest(null, Object(Config\Cache), false)
 9 FCPATH\index.php(79): CodeIgniter\CodeIgniter->run()
CRITICAL - 2023-09-30 06:56:12 --> Undefined variable $search
in APPPATH\Views\search.php on line 5.
 1 APPPATH\Views\search.php(5): CodeIgniter\Debug\Exceptions->errorHandler(2, 'Undefined variable $search', 'C:\\xampp\\new xampp\\htdocs\\patil\\app\\Views\\search.php', 5)
 2 SYSTEMPATH\View\View.php(226): include('C:\\xampp\\new xampp\\htdocs\\patil\\app\\Views\\search.php')
 3 SYSTEMPATH\View\View.php(229): CodeIgniter\View\View->CodeIgniter\View\{closure}()
 4 SYSTEMPATH\Common.php(1188): CodeIgniter\View\View->render('search', [], true)
 5 APPPATH\Controllers\Home.php(11): view('search')
 6 SYSTEMPATH\CodeIgniter.php(919): App\Controllers\Home->index()
 7 SYSTEMPATH\CodeIgniter.php(494): CodeIgniter\CodeIgniter->runController(Object(App\Controllers\Home))
 8 SYSTEMPATH\CodeIgniter.php(353): CodeIgniter\CodeIgniter->handleRequest(null, Object(Config\Cache), false)
 9 FCPATH\index.php(79): CodeIgniter\CodeIgniter->run()
CRITICAL - 2023-09-30 06:56:14 --> Undefined variable $search
in APPPATH\Views\search.php on line 5.
 1 APPPATH\Views\search.php(5): CodeIgniter\Debug\Exceptions->errorHandler(2, 'Undefined variable $search', 'C:\\xampp\\new xampp\\htdocs\\patil\\app\\Views\\search.php', 5)
 2 SYSTEMPATH\View\View.php(226): include('C:\\xampp\\new xampp\\htdocs\\patil\\app\\Views\\search.php')
 3 SYSTEMPATH\View\View.php(229): CodeIgniter\View\View->CodeIgniter\View\{closure}()
 4 SYSTEMPATH\Common.php(1188): CodeIgniter\View\View->render('search', [], true)
 5 APPPATH\Controllers\Home.php(11): view('search')
 6 SYSTEMPATH\CodeIgniter.php(919): App\Controllers\Home->index()
 7 SYSTEMPATH\CodeIgniter.php(494): CodeIgniter\CodeIgniter->runController(Object(App\Controllers\Home))
 8 SYSTEMPATH\CodeIgniter.php(353): CodeIgniter\CodeIgniter->handleRequest(null, Object(Config\Cache), false)
 9 FCPATH\index.php(79): CodeIgniter\CodeIgniter->run()
CRITICAL - 2023-09-30 06:56:14 --> Undefined variable $search
in APPPATH\Views\search.php on line 5.
 1 APPPATH\Views\search.php(5): CodeIgniter\Debug\Exceptions->errorHandler(2, 'Undefined variable $search', 'C:\\xampp\\new xampp\\htdocs\\patil\\app\\Views\\search.php', 5)
 2 SYSTEMPATH\View\View.php(226): include('C:\\xampp\\new xampp\\htdocs\\patil\\app\\Views\\search.php')
 3 SYSTEMPATH\View\View.php(229): CodeIgniter\View\View->CodeIgniter\View\{closure}()
 4 SYSTEMPATH\Common.php(1188): CodeIgniter\View\View->render('search', [], true)
 5 APPPATH\Controllers\Home.php(11): view('search')
 6 SYSTEMPATH\CodeIgniter.php(919): App\Controllers\Home->index()
 7 SYSTEMPATH\CodeIgniter.php(494): CodeIgniter\CodeIgniter->runController(Object(App\Controllers\Home))
 8 SYSTEMPATH\CodeIgniter.php(353): CodeIgniter\CodeIgniter->handleRequest(null, Object(Config\Cache), false)
 9 FCPATH\index.php(79): CodeIgniter\CodeIgniter->run()
CRITICAL - 2023-09-30 06:56:15 --> Undefined variable $search
in APPPATH\Views\search.php on line 5.
 1 APPPATH\Views\search.php(5): CodeIgniter\Debug\Exceptions->errorHandler(2, 'Undefined variable $search', 'C:\\xampp\\new xampp\\htdocs\\patil\\app\\Views\\search.php', 5)
 2 SYSTEMPATH\View\View.php(226): include('C:\\xampp\\new xampp\\htdocs\\patil\\app\\Views\\search.php')
 3 SYSTEMPATH\View\View.php(229): CodeIgniter\View\View->CodeIgniter\View\{closure}()
 4 SYSTEMPATH\Common.php(1188): CodeIgniter\View\View->render('search', [], true)
 5 APPPATH\Controllers\Home.php(11): view('search')
 6 SYSTEMPATH\CodeIgniter.php(919): App\Controllers\Home->index()
 7 SYSTEMPATH\CodeIgniter.php(494): CodeIgniter\CodeIgniter->runController(Object(App\Controllers\Home))
 8 SYSTEMPATH\CodeIgniter.php(353): CodeIgniter\CodeIgniter->handleRequest(null, Object(Config\Cache), false)
 9 FCPATH\index.php(79): CodeIgniter\CodeIgniter->run()
CRITICAL - 2023-09-30 06:56:15 --> Undefined variable $search
in APPPATH\Views\search.php on line 5.
 1 APPPATH\Views\search.php(5): CodeIgniter\Debug\Exceptions->errorHandler(2, 'Undefined variable $search', 'C:\\xampp\\new xampp\\htdocs\\patil\\app\\Views\\search.php', 5)
 2 SYSTEMPATH\View\View.php(226): include('C:\\xampp\\new xampp\\htdocs\\patil\\app\\Views\\search.php')
 3 SYSTEMPATH\View\View.php(229): CodeIgniter\View\View->CodeIgniter\View\{closure}()
 4 SYSTEMPATH\Common.php(1188): CodeIgniter\View\View->render('search', [], true)
 5 APPPATH\Controllers\Home.php(11): view('search')
 6 SYSTEMPATH\CodeIgniter.php(919): App\Controllers\Home->index()
 7 SYSTEMPATH\CodeIgniter.php(494): CodeIgniter\CodeIgniter->runController(Object(App\Controllers\Home))
 8 SYSTEMPATH\CodeIgniter.php(353): CodeIgniter\CodeIgniter->handleRequest(null, Object(Config\Cache), false)
 9 FCPATH\index.php(79): CodeIgniter\CodeIgniter->run()
CRITICAL - 2023-09-30 06:56:15 --> Undefined variable $search
in APPPATH\Views\search.php on line 5.
 1 APPPATH\Views\search.php(5): CodeIgniter\Debug\Exceptions->errorHandler(2, 'Undefined variable $search', 'C:\\xampp\\new xampp\\htdocs\\patil\\app\\Views\\search.php', 5)
 2 SYSTEMPATH\View\View.php(226): include('C:\\xampp\\new xampp\\htdocs\\patil\\app\\Views\\search.php')
 3 SYSTEMPATH\View\View.php(229): CodeIgniter\View\View->CodeIgniter\View\{closure}()
 4 SYSTEMPATH\Common.php(1188): CodeIgniter\View\View->render('search', [], true)
 5 APPPATH\Controllers\Home.php(11): view('search')
 6 SYSTEMPATH\CodeIgniter.php(919): App\Controllers\Home->index()
 7 SYSTEMPATH\CodeIgniter.php(494): CodeIgniter\CodeIgniter->runController(Object(App\Controllers\Home))
 8 SYSTEMPATH\CodeIgniter.php(353): CodeIgniter\CodeIgniter->handleRequest(null, Object(Config\Cache), false)
 9 FCPATH\index.php(79): CodeIgniter\CodeIgniter->run()
CRITICAL - 2023-09-30 06:56:16 --> Undefined variable $search
in APPPATH\Views\search.php on line 5.
 1 APPPATH\Views\search.php(5): CodeIgniter\Debug\Exceptions->errorHandler(2, 'Undefined variable $search', 'C:\\xampp\\new xampp\\htdocs\\patil\\app\\Views\\search.php', 5)
 2 SYSTEMPATH\View\View.php(226): include('C:\\xampp\\new xampp\\htdocs\\patil\\app\\Views\\search.php')
 3 SYSTEMPATH\View\View.php(229): CodeIgniter\View\View->CodeIgniter\View\{closure}()
 4 SYSTEMPATH\Common.php(1188): CodeIgniter\View\View->render('search', [], true)
 5 APPPATH\Controllers\Home.php(11): view('search')
 6 SYSTEMPATH\CodeIgniter.php(919): App\Controllers\Home->index()
 7 SYSTEMPATH\CodeIgniter.php(494): CodeIgniter\CodeIgniter->runController(Object(App\Controllers\Home))
 8 SYSTEMPATH\CodeIgniter.php(353): CodeIgniter\CodeIgniter->handleRequest(null, Object(Config\Cache), false)
 9 FCPATH\index.php(79): CodeIgniter\CodeIgniter->run()
CRITICAL - 2023-09-30 06:56:41 --> Undefined variable $search
in APPPATH\Views\search.php on line 5.
 1 APPPATH\Views\search.php(5): CodeIgniter\Debug\Exceptions->errorHandler(2, 'Undefined variable $search', 'C:\\xampp\\new xampp\\htdocs\\patil\\app\\Views\\search.php', 5)
 2 SYSTEMPATH\View\View.php(226): include('C:\\xampp\\new xampp\\htdocs\\patil\\app\\Views\\search.php')
 3 SYSTEMPATH\View\View.php(229): CodeIgniter\View\View->CodeIgniter\View\{closure}()
 4 SYSTEMPATH\Common.php(1188): CodeIgniter\View\View->render('search', [], true)
 5 APPPATH\Controllers\Home.php(11): view('search')
 6 SYSTEMPATH\CodeIgniter.php(919): App\Controllers\Home->index()
 7 SYSTEMPATH\CodeIgniter.php(494): CodeIgniter\CodeIgniter->runController(Object(App\Controllers\Home))
 8 SYSTEMPATH\CodeIgniter.php(353): CodeIgniter\CodeIgniter->handleRequest(null, Object(Config\Cache), false)
 9 FCPATH\index.php(79): CodeIgniter\CodeIgniter->run()
CRITICAL - 2023-09-30 06:56:42 --> Undefined variable $search
in APPPATH\Views\search.php on line 5.
 1 APPPATH\Views\search.php(5): CodeIgniter\Debug\Exceptions->errorHandler(2, 'Undefined variable $search', 'C:\\xampp\\new xampp\\htdocs\\patil\\app\\Views\\search.php', 5)
 2 SYSTEMPATH\View\View.php(226): include('C:\\xampp\\new xampp\\htdocs\\patil\\app\\Views\\search.php')
 3 SYSTEMPATH\View\View.php(229): CodeIgniter\View\View->CodeIgniter\View\{closure}()
 4 SYSTEMPATH\Common.php(1188): CodeIgniter\View\View->render('search', [], true)
 5 APPPATH\Controllers\Home.php(11): view('search')
 6 SYSTEMPATH\CodeIgniter.php(919): App\Controllers\Home->index()
 7 SYSTEMPATH\CodeIgniter.php(494): CodeIgniter\CodeIgniter->runController(Object(App\Controllers\Home))
 8 SYSTEMPATH\CodeIgniter.php(353): CodeIgniter\CodeIgniter->handleRequest(null, Object(Config\Cache), false)
 9 FCPATH\index.php(79): CodeIgniter\CodeIgniter->run()
CRITICAL - 2023-09-30 07:02:20 --> Undefined variable $search
in APPPATH\Views\search.php on line 5.
 1 APPPATH\Views\search.php(5): CodeIgniter\Debug\Exceptions->errorHandler(2, 'Undefined variable $search', 'C:\\xampp\\new xampp\\htdocs\\patil\\app\\Views\\search.php', 5)
 2 SYSTEMPATH\View\View.php(226): include('C:\\xampp\\new xampp\\htdocs\\patil\\app\\Views\\search.php')
 3 SYSTEMPATH\View\View.php(229): CodeIgniter\View\View->CodeIgniter\View\{closure}()
 4 SYSTEMPATH\Common.php(1188): CodeIgniter\View\View->render('search', [], true)
 5 APPPATH\Controllers\Home.php(11): view('search')
 6 SYSTEMPATH\CodeIgniter.php(919): App\Controllers\Home->index()
 7 SYSTEMPATH\CodeIgniter.php(494): CodeIgniter\CodeIgniter->runController(Object(App\Controllers\Home))
 8 SYSTEMPATH\CodeIgniter.php(353): CodeIgniter\CodeIgniter->handleRequest(null, Object(Config\Cache), false)
 9 FCPATH\index.php(79): CodeIgniter\CodeIgniter->run()
CRITICAL - 2023-09-30 07:02:21 --> Undefined variable $search
in APPPATH\Views\search.php on line 5.
 1 APPPATH\Views\search.php(5): CodeIgniter\Debug\Exceptions->errorHandler(2, 'Undefined variable $search', 'C:\\xampp\\new xampp\\htdocs\\patil\\app\\Views\\search.php', 5)
 2 SYSTEMPATH\View\View.php(226): include('C:\\xampp\\new xampp\\htdocs\\patil\\app\\Views\\search.php')
 3 SYSTEMPATH\View\View.php(229): CodeIgniter\View\View->CodeIgniter\View\{closure}()
 4 SYSTEMPATH\Common.php(1188): CodeIgniter\View\View->render('search', [], true)
 5 APPPATH\Controllers\Home.php(11): view('search')
 6 SYSTEMPATH\CodeIgniter.php(919): App\Controllers\Home->index()
 7 SYSTEMPATH\CodeIgniter.php(494): CodeIgniter\CodeIgniter->runController(Object(App\Controllers\Home))
 8 SYSTEMPATH\CodeIgniter.php(353): CodeIgniter\CodeIgniter->handleRequest(null, Object(Config\Cache), false)
 9 FCPATH\index.php(79): CodeIgniter\CodeIgniter->run()
