CRITICAL - 2024-02-05 06:27:55 --> Undefined array key "image"
in APPPATH\Controllers\Admin.php on line 77.
 1 APPPATH\Controllers\Admin.php(77): CodeIgniter\Debug\Exceptions->errorHandler(2, 'Undefined array key "image"', 'C:\\xampp\\new xampp\\htdocs\\event\\app\\Controllers\\Admin.php', 77)
 2 SYSTEMPATH\CodeIgniter.php(919): App\Controllers\Admin->addservice()
 3 SYSTEMPATH\CodeIgniter.php(494): CodeIgniter\CodeIgniter->runController(Object(App\Controllers\Admin))
 4 SYSTEMPATH\CodeIgniter.php(353): CodeIgniter\CodeIgniter->handleRequest(null, Object(Config\Cache), false)
 5 FCPATH\index.php(79): CodeIgniter\CodeIgniter->run()
CRITICAL - 2024-02-05 06:29:09 --> sizeof(): Argument #1 ($value) must be of type Countable|array, null given
in APPPATH\Controllers\Admin.php on line 78.
 1 APPPATH\Controllers\Admin.php(78): sizeof(null)
 2 SYSTEMPATH\CodeIgniter.php(919): App\Controllers\Admin->addservice()
 3 SYSTEMPATH\CodeIgniter.php(494): CodeIgniter\CodeIgniter->runController(Object(App\Controllers\Admin))
 4 SYSTEMPATH\CodeIgniter.php(353): CodeIgniter\CodeIgniter->handleRequest(null, Object(Config\Cache), false)
 5 FCPATH\index.php(79): CodeIgniter\CodeIgniter->run()
CRITICAL - 2024-02-05 06:29:27 --> Undefined array key 0
in APPPATH\Controllers\Admin.php on line 81.
 1 APPPATH\Controllers\Admin.php(81): CodeIgniter\Debug\Exceptions->errorHandler(2, 'Undefined array key 0', 'C:\\xampp\\new xampp\\htdocs\\event\\app\\Controllers\\Admin.php', 81)
 2 SYSTEMPATH\CodeIgniter.php(919): App\Controllers\Admin->addservice()
 3 SYSTEMPATH\CodeIgniter.php(494): CodeIgniter\CodeIgniter->runController(Object(App\Controllers\Admin))
 4 SYSTEMPATH\CodeIgniter.php(353): CodeIgniter\CodeIgniter->handleRequest(null, Object(Config\Cache), false)
 5 FCPATH\index.php(79): CodeIgniter\CodeIgniter->run()
CRITICAL - 2024-02-05 06:59:49 --> foreach() argument must be of type array|object, null given
in APPPATH\Controllers\Admin.php on line 76.
 1 APPPATH\Controllers\Admin.php(76): CodeIgniter\Debug\Exceptions->errorHandler(2, 'foreach() argument must be of type array|object, null given', 'C:\\xampp\\new xampp\\htdocs\\event\\app\\Controllers\\Admin.php', 76)
 2 SYSTEMPATH\CodeIgniter.php(919): App\Controllers\Admin->addservice()
 3 SYSTEMPATH\CodeIgniter.php(494): CodeIgniter\CodeIgniter->runController(Object(App\Controllers\Admin))
 4 SYSTEMPATH\CodeIgniter.php(353): CodeIgniter\CodeIgniter->handleRequest(null, Object(Config\Cache), false)
 5 FCPATH\index.php(79): CodeIgniter\CodeIgniter->run()
CRITICAL - 2024-02-05 07:10:59 --> Call to undefined method App\Models\imgtableModel::inset
in SYSTEMPATH\Model.php on line 873.
 1 APPPATH\Controllers\Admin.php(87): CodeIgniter\Model->__call('inset', [...])
 2 SYSTEMPATH\CodeIgniter.php(919): App\Controllers\Admin->addservice()
 3 SYSTEMPATH\CodeIgniter.php(494): CodeIgniter\CodeIgniter->runController(Object(App\Controllers\Admin))
 4 SYSTEMPATH\CodeIgniter.php(353): CodeIgniter\CodeIgniter->handleRequest(null, Object(Config\Cache), false)
 5 FCPATH\index.php(79): CodeIgniter\CodeIgniter->run()
CRITICAL - 2024-02-05 07:11:27 --> Call to undefined method App\Models\imgtableModel::inset
in SYSTEMPATH\Model.php on line 873.
 1 APPPATH\Controllers\Admin.php(86): CodeIgniter\Model->__call('inset', [...])
 2 SYSTEMPATH\CodeIgniter.php(919): App\Controllers\Admin->addservice()
 3 SYSTEMPATH\CodeIgniter.php(494): CodeIgniter\CodeIgniter->runController(Object(App\Controllers\Admin))
 4 SYSTEMPATH\CodeIgniter.php(353): CodeIgniter\CodeIgniter->handleRequest(null, Object(Config\Cache), false)
 5 FCPATH\index.php(79): CodeIgniter\CodeIgniter->run()
CRITICAL - 2024-02-05 07:12:26 --> Call to undefined method App\Models\imgtableModel::inset
in SYSTEMPATH\Model.php on line 873.
 1 APPPATH\Controllers\Admin.php(86): CodeIgniter\Model->__call('inset', [...])
 2 SYSTEMPATH\CodeIgniter.php(919): App\Controllers\Admin->addservice()
 3 SYSTEMPATH\CodeIgniter.php(494): CodeIgniter\CodeIgniter->runController(Object(App\Controllers\Admin))
 4 SYSTEMPATH\CodeIgniter.php(353): CodeIgniter\CodeIgniter->handleRequest(null, Object(Config\Cache), false)
 5 FCPATH\index.php(79): CodeIgniter\CodeIgniter->run()
CRITICAL - 2024-02-05 07:18:30 --> syntax error, unexpected token "<"
in APPPATH\Views\book\addbook.php on line 15.
 1 SYSTEMPATH\View\View.php(229): CodeIgniter\View\View->CodeIgniter\View\{closure}()
 2 SYSTEMPATH\Common.php(1188): CodeIgniter\View\View->render('book/addbook', [], true)
 3 APPPATH\Controllers\Admin.php(324): view('book/addbook', [...])
 4 SYSTEMPATH\CodeIgniter.php(919): App\Controllers\Admin->book()
 5 SYSTEMPATH\CodeIgniter.php(494): CodeIgniter\CodeIgniter->runController(Object(App\Controllers\Admin))
 6 SYSTEMPATH\CodeIgniter.php(353): CodeIgniter\CodeIgniter->handleRequest(null, Object(Config\Cache), false)
 7 FCPATH\index.php(79): CodeIgniter\CodeIgniter->run()
CRITICAL - 2024-02-05 08:48:55 --> Undefined property: App\Controllers\Admin::$studentModel
in APPPATH\Controllers\Admin.php on line 256.
 1 APPPATH\Controllers\Admin.php(256): CodeIgniter\Debug\Exceptions->errorHandler(2, 'Undefined property: App\\Controllers\\Admin::$studentModel', 'C:\\xampp\\new xampp\\htdocs\\event\\app\\Controllers\\Admin.php', 256)
 2 SYSTEMPATH\CodeIgniter.php(919): App\Controllers\Admin->client_save()
 3 SYSTEMPATH\CodeIgniter.php(494): CodeIgniter\CodeIgniter->runController(Object(App\Controllers\Admin))
 4 SYSTEMPATH\CodeIgniter.php(353): CodeIgniter\CodeIgniter->handleRequest(null, Object(Config\Cache), false)
 5 FCPATH\index.php(79): CodeIgniter\CodeIgniter->run()
CRITICAL - 2024-02-05 08:49:45 --> There is no data to insert.
in SYSTEMPATH\BaseModel.php on line 1724.
 1 SYSTEMPATH\BaseModel.php(1724): CodeIgniter\Database\Exceptions\DataException::forEmptyDataset('insert')
 2 SYSTEMPATH\BaseModel.php(748): CodeIgniter\BaseModel->transformDataToArray([], 'insert')
 3 SYSTEMPATH\Model.php(715): CodeIgniter\BaseModel->insert([], true)
 4 APPPATH\Controllers\Admin.php(256): CodeIgniter\Model->insert([])
 5 SYSTEMPATH\CodeIgniter.php(919): App\Controllers\Admin->client_save()
 6 SYSTEMPATH\CodeIgniter.php(494): CodeIgniter\CodeIgniter->runController(Object(App\Controllers\Admin))
 7 SYSTEMPATH\CodeIgniter.php(353): CodeIgniter\CodeIgniter->handleRequest(null, Object(Config\Cache), false)
 8 FCPATH\index.php(79): CodeIgniter\CodeIgniter->run()
CRITICAL - 2024-02-05 08:54:35 --> There is no data to insert.
in SYSTEMPATH\BaseModel.php on line 1724.
 1 SYSTEMPATH\BaseModel.php(1724): CodeIgniter\Database\Exceptions\DataException::forEmptyDataset('insert')
 2 SYSTEMPATH\BaseModel.php(748): CodeIgniter\BaseModel->transformDataToArray([], 'insert')
 3 SYSTEMPATH\Model.php(715): CodeIgniter\BaseModel->insert([], true)
 4 APPPATH\Controllers\Admin.php(256): CodeIgniter\Model->insert([])
 5 SYSTEMPATH\CodeIgniter.php(919): App\Controllers\Admin->client_save()
 6 SYSTEMPATH\CodeIgniter.php(494): CodeIgniter\CodeIgniter->runController(Object(App\Controllers\Admin))
 7 SYSTEMPATH\CodeIgniter.php(353): CodeIgniter\CodeIgniter->handleRequest(null, Object(Config\Cache), false)
 8 FCPATH\index.php(79): CodeIgniter\CodeIgniter->run()
CRITICAL - 2024-02-05 09:37:34 --> There is no data to insert.
in SYSTEMPATH\BaseModel.php on line 1724.
 1 SYSTEMPATH\BaseModel.php(1724): CodeIgniter\Database\Exceptions\DataException::forEmptyDataset('insert')
 2 SYSTEMPATH\BaseModel.php(748): CodeIgniter\BaseModel->transformDataToArray([], 'insert')
 3 SYSTEMPATH\Model.php(715): CodeIgniter\BaseModel->insert([], true)
 4 APPPATH\Controllers\Admin.php(256): CodeIgniter\Model->insert([])
 5 SYSTEMPATH\CodeIgniter.php(919): App\Controllers\Admin->client_save()
 6 SYSTEMPATH\CodeIgniter.php(494): CodeIgniter\CodeIgniter->runController(Object(App\Controllers\Admin))
 7 SYSTEMPATH\CodeIgniter.php(353): CodeIgniter\CodeIgniter->handleRequest(null, Object(Config\Cache), false)
 8 FCPATH\index.php(79): CodeIgniter\CodeIgniter->run()
CRITICAL - 2024-02-05 10:05:29 --> Undefined array key "ser_id"
in APPPATH\Controllers\Admin.php on line 321.
 1 APPPATH\Controllers\Admin.php(321): CodeIgniter\Debug\Exceptions->errorHandler(2, 'Undefined array key "ser_id"', 'C:\\xampp\\new xampp\\htdocs\\event\\app\\Controllers\\Admin.php', 321)
 2 SYSTEMPATH\CodeIgniter.php(919): App\Controllers\Admin->book()
 3 SYSTEMPATH\CodeIgniter.php(494): CodeIgniter\CodeIgniter->runController(Object(App\Controllers\Admin))
 4 SYSTEMPATH\CodeIgniter.php(353): CodeIgniter\CodeIgniter->handleRequest(null, Object(Config\Cache), false)
 5 FCPATH\index.php(79): CodeIgniter\CodeIgniter->run()
CRITICAL - 2024-02-05 10:05:40 --> Undefined array key "ser_id"
in APPPATH\Controllers\Admin.php on line 321.
 1 APPPATH\Controllers\Admin.php(321): CodeIgniter\Debug\Exceptions->errorHandler(2, 'Undefined array key "ser_id"', 'C:\\xampp\\new xampp\\htdocs\\event\\app\\Controllers\\Admin.php', 321)
 2 SYSTEMPATH\CodeIgniter.php(919): App\Controllers\Admin->book()
 3 SYSTEMPATH\CodeIgniter.php(494): CodeIgniter\CodeIgniter->runController(Object(App\Controllers\Admin))
 4 SYSTEMPATH\CodeIgniter.php(353): CodeIgniter\CodeIgniter->handleRequest(null, Object(Config\Cache), false)
 5 FCPATH\index.php(79): CodeIgniter\CodeIgniter->run()
CRITICAL - 2024-02-05 10:18:49 --> There is no data to insert.
in SYSTEMPATH\BaseModel.php on line 1724.
 1 SYSTEMPATH\BaseModel.php(1724): CodeIgniter\Database\Exceptions\DataException::forEmptyDataset('insert')
 2 SYSTEMPATH\BaseModel.php(748): CodeIgniter\BaseModel->transformDataToArray([], 'insert')
 3 SYSTEMPATH\Model.php(715): CodeIgniter\BaseModel->insert([], true)
 4 APPPATH\Controllers\Admin.php(259): CodeIgniter\Model->insert([])
 5 SYSTEMPATH\CodeIgniter.php(919): App\Controllers\Admin->client_save()
 6 SYSTEMPATH\CodeIgniter.php(494): CodeIgniter\CodeIgniter->runController(Object(App\Controllers\Admin))
 7 SYSTEMPATH\CodeIgniter.php(353): CodeIgniter\CodeIgniter->handleRequest(null, Object(Config\Cache), false)
 8 FCPATH\index.php(79): CodeIgniter\CodeIgniter->run()
ERROR - 2024-02-05 10:25:21 --> mysqli_sql_exception: Column 'name' cannot be null in C:\xampp\new xampp\htdocs\event\system\Database\MySQLi\Connection.php:306
Stack trace:
#0 C:\xampp\new xampp\htdocs\event\system\Database\MySQLi\Connection.php(306): mysqli->query('INSERT INTO `cl...', 0)
#1 C:\xampp\new xampp\htdocs\event\system\Database\BaseConnection.php(692): CodeIgniter\Database\MySQLi\Connection->execute('INSERT INTO `cl...')
#2 C:\xampp\new xampp\htdocs\event\system\Database\BaseConnection.php(606): CodeIgniter\Database\BaseConnection->simpleQuery('INSERT INTO `cl...')
#3 C:\xampp\new xampp\htdocs\event\system\Database\BaseBuilder.php(2308): CodeIgniter\Database\BaseConnection->query('INSERT INTO `cl...', Array, false)
#4 C:\xampp\new xampp\htdocs\event\system\Model.php(319): CodeIgniter\Database\BaseBuilder->insert()
#5 C:\xampp\new xampp\htdocs\event\system\BaseModel.php(788): CodeIgniter\Model->doInsert(Array)
#6 C:\xampp\new xampp\htdocs\event\system\Model.php(715): CodeIgniter\BaseModel->insert(Array, true)
#7 C:\xampp\new xampp\htdocs\event\app\Controllers\Admin.php(268): CodeIgniter\Model->insert(Array)
#8 C:\xampp\new xampp\htdocs\event\system\CodeIgniter.php(919): App\Controllers\Admin->client_save()
#9 C:\xampp\new xampp\htdocs\event\system\CodeIgniter.php(494): CodeIgniter\CodeIgniter->runController(Object(App\Controllers\Admin))
#10 C:\xampp\new xampp\htdocs\event\system\CodeIgniter.php(353): CodeIgniter\CodeIgniter->handleRequest(NULL, Object(Config\Cache), false)
#11 C:\xampp\new xampp\htdocs\event\index.php(79): CodeIgniter\CodeIgniter->run()
#12 {main}
CRITICAL - 2024-02-05 10:25:21 --> Column 'name' cannot be null
in SYSTEMPATH\Database\BaseConnection.php on line 646.
 1 SYSTEMPATH\Database\BaseBuilder.php(2308): CodeIgniter\Database\BaseConnection->query('INSERT INTO `client` (`name`, `number`, `address`, `user`) VALUES (:name:, :number:, :address:, :user:)', [...], false)
 2 SYSTEMPATH\Model.php(319): CodeIgniter\Database\BaseBuilder->insert()
 3 SYSTEMPATH\BaseModel.php(788): CodeIgniter\Model->doInsert([...])
 4 SYSTEMPATH\Model.php(715): CodeIgniter\BaseModel->insert([...], true)
 5 APPPATH\Controllers\Admin.php(268): CodeIgniter\Model->insert([...])
 6 SYSTEMPATH\CodeIgniter.php(919): App\Controllers\Admin->client_save()
 7 SYSTEMPATH\CodeIgniter.php(494): CodeIgniter\CodeIgniter->runController(Object(App\Controllers\Admin))
 8 SYSTEMPATH\CodeIgniter.php(353): CodeIgniter\CodeIgniter->handleRequest(null, Object(Config\Cache), false)
 9 FCPATH\index.php(79): CodeIgniter\CodeIgniter->run()
ERROR - 2024-02-05 10:26:17 --> mysqli_sql_exception: Column 'name' cannot be null in C:\xampp\new xampp\htdocs\event\system\Database\MySQLi\Connection.php:306
Stack trace:
#0 C:\xampp\new xampp\htdocs\event\system\Database\MySQLi\Connection.php(306): mysqli->query('INSERT INTO `cl...', 0)
#1 C:\xampp\new xampp\htdocs\event\system\Database\BaseConnection.php(692): CodeIgniter\Database\MySQLi\Connection->execute('INSERT INTO `cl...')
#2 C:\xampp\new xampp\htdocs\event\system\Database\BaseConnection.php(606): CodeIgniter\Database\BaseConnection->simpleQuery('INSERT INTO `cl...')
#3 C:\xampp\new xampp\htdocs\event\system\Database\BaseBuilder.php(2308): CodeIgniter\Database\BaseConnection->query('INSERT INTO `cl...', Array, false)
#4 C:\xampp\new xampp\htdocs\event\system\Model.php(319): CodeIgniter\Database\BaseBuilder->insert()
#5 C:\xampp\new xampp\htdocs\event\system\BaseModel.php(788): CodeIgniter\Model->doInsert(Array)
#6 C:\xampp\new xampp\htdocs\event\system\Model.php(715): CodeIgniter\BaseModel->insert(Array, true)
#7 C:\xampp\new xampp\htdocs\event\app\Controllers\Admin.php(268): CodeIgniter\Model->insert(Array)
#8 C:\xampp\new xampp\htdocs\event\system\CodeIgniter.php(919): App\Controllers\Admin->client_save()
#9 C:\xampp\new xampp\htdocs\event\system\CodeIgniter.php(494): CodeIgniter\CodeIgniter->runController(Object(App\Controllers\Admin))
#10 C:\xampp\new xampp\htdocs\event\system\CodeIgniter.php(353): CodeIgniter\CodeIgniter->handleRequest(NULL, Object(Config\Cache), false)
#11 C:\xampp\new xampp\htdocs\event\index.php(79): CodeIgniter\CodeIgniter->run()
#12 {main}
CRITICAL - 2024-02-05 10:26:17 --> Column 'name' cannot be null
in SYSTEMPATH\Database\BaseConnection.php on line 646.
 1 SYSTEMPATH\Database\BaseBuilder.php(2308): CodeIgniter\Database\BaseConnection->query('INSERT INTO `client` (`name`, `number`, `address`, `user`) VALUES (:name:, :number:, :address:, :user:)', [...], false)
 2 SYSTEMPATH\Model.php(319): CodeIgniter\Database\BaseBuilder->insert()
 3 SYSTEMPATH\BaseModel.php(788): CodeIgniter\Model->doInsert([...])
 4 SYSTEMPATH\Model.php(715): CodeIgniter\BaseModel->insert([...], true)
 5 APPPATH\Controllers\Admin.php(268): CodeIgniter\Model->insert([...])
 6 SYSTEMPATH\CodeIgniter.php(919): App\Controllers\Admin->client_save()
 7 SYSTEMPATH\CodeIgniter.php(494): CodeIgniter\CodeIgniter->runController(Object(App\Controllers\Admin))
 8 SYSTEMPATH\CodeIgniter.php(353): CodeIgniter\CodeIgniter->handleRequest(null, Object(Config\Cache), false)
 9 FCPATH\index.php(79): CodeIgniter\CodeIgniter->run()
ERROR - 2024-02-05 10:27:05 --> mysqli_sql_exception: Column 'name' cannot be null in C:\xampp\new xampp\htdocs\event\system\Database\MySQLi\Connection.php:306
Stack trace:
#0 C:\xampp\new xampp\htdocs\event\system\Database\MySQLi\Connection.php(306): mysqli->query('INSERT INTO `cl...', 0)
#1 C:\xampp\new xampp\htdocs\event\system\Database\BaseConnection.php(692): CodeIgniter\Database\MySQLi\Connection->execute('INSERT INTO `cl...')
#2 C:\xampp\new xampp\htdocs\event\system\Database\BaseConnection.php(606): CodeIgniter\Database\BaseConnection->simpleQuery('INSERT INTO `cl...')
#3 C:\xampp\new xampp\htdocs\event\system\Database\BaseBuilder.php(2308): CodeIgniter\Database\BaseConnection->query('INSERT INTO `cl...', Array, false)
#4 C:\xampp\new xampp\htdocs\event\system\Model.php(319): CodeIgniter\Database\BaseBuilder->insert()
#5 C:\xampp\new xampp\htdocs\event\system\BaseModel.php(788): CodeIgniter\Model->doInsert(Array)
#6 C:\xampp\new xampp\htdocs\event\system\Model.php(715): CodeIgniter\BaseModel->insert(Array, true)
#7 C:\xampp\new xampp\htdocs\event\app\Controllers\Admin.php(268): CodeIgniter\Model->insert(Array)
#8 C:\xampp\new xampp\htdocs\event\system\CodeIgniter.php(919): App\Controllers\Admin->client_save()
#9 C:\xampp\new xampp\htdocs\event\system\CodeIgniter.php(494): CodeIgniter\CodeIgniter->runController(Object(App\Controllers\Admin))
#10 C:\xampp\new xampp\htdocs\event\system\CodeIgniter.php(353): CodeIgniter\CodeIgniter->handleRequest(NULL, Object(Config\Cache), false)
#11 C:\xampp\new xampp\htdocs\event\index.php(79): CodeIgniter\CodeIgniter->run()
#12 {main}
CRITICAL - 2024-02-05 10:27:05 --> Column 'name' cannot be null
in SYSTEMPATH\Database\BaseConnection.php on line 646.
 1 SYSTEMPATH\Database\BaseBuilder.php(2308): CodeIgniter\Database\BaseConnection->query('INSERT INTO `client` (`name`, `number`, `address`, `user`) VALUES (:name:, :number:, :address:, :user:)', [...], false)
 2 SYSTEMPATH\Model.php(319): CodeIgniter\Database\BaseBuilder->insert()
 3 SYSTEMPATH\BaseModel.php(788): CodeIgniter\Model->doInsert([...])
 4 SYSTEMPATH\Model.php(715): CodeIgniter\BaseModel->insert([...], true)
 5 APPPATH\Controllers\Admin.php(268): CodeIgniter\Model->insert([...])
 6 SYSTEMPATH\CodeIgniter.php(919): App\Controllers\Admin->client_save()
 7 SYSTEMPATH\CodeIgniter.php(494): CodeIgniter\CodeIgniter->runController(Object(App\Controllers\Admin))
 8 SYSTEMPATH\CodeIgniter.php(353): CodeIgniter\CodeIgniter->handleRequest(null, Object(Config\Cache), false)
 9 FCPATH\index.php(79): CodeIgniter\CodeIgniter->run()
CRITICAL - 2024-02-05 10:29:45 --> syntax error, unexpected token ">", expecting end of file
in APPPATH\Views\include\header.php on line 19.
 1 SYSTEMPATH\View\View.php(229): CodeIgniter\View\View->CodeIgniter\View\{closure}()
 2 SYSTEMPATH\Common.php(1188): CodeIgniter\View\View->render('include/header', [], true)
 3 APPPATH\Controllers\Admin.php(56): view('include/header', [...])
 4 APPPATH\Controllers\Admin.php(353): App\Controllers\Admin->header('BOOK')
 5 SYSTEMPATH\CodeIgniter.php(919): App\Controllers\Admin->book()
 6 SYSTEMPATH\CodeIgniter.php(494): CodeIgniter\CodeIgniter->runController(Object(App\Controllers\Admin))
 7 SYSTEMPATH\CodeIgniter.php(353): CodeIgniter\CodeIgniter->handleRequest(null, Object(Config\Cache), false)
 8 FCPATH\index.php(79): CodeIgniter\CodeIgniter->run()
ERROR - 2024-02-05 10:47:26 --> mysqli_sql_exception: Table 'event.accounting' doesn't exist in C:\xampp\new xampp\htdocs\event\system\Database\MySQLi\Connection.php:306
Stack trace:
#0 C:\xampp\new xampp\htdocs\event\system\Database\MySQLi\Connection.php(306): mysqli->query('INSERT INTO `ac...', 0)
#1 C:\xampp\new xampp\htdocs\event\system\Database\BaseConnection.php(692): CodeIgniter\Database\MySQLi\Connection->execute('INSERT INTO `ac...')
#2 C:\xampp\new xampp\htdocs\event\system\Database\BaseConnection.php(606): CodeIgniter\Database\BaseConnection->simpleQuery('INSERT INTO `ac...')
#3 C:\xampp\new xampp\htdocs\event\system\Database\BaseBuilder.php(2308): CodeIgniter\Database\BaseConnection->query('INSERT INTO `ac...', Array, false)
#4 C:\xampp\new xampp\htdocs\event\system\Model.php(319): CodeIgniter\Database\BaseBuilder->insert()
#5 C:\xampp\new xampp\htdocs\event\system\BaseModel.php(788): CodeIgniter\Model->doInsert(Array)
#6 C:\xampp\new xampp\htdocs\event\system\Model.php(715): CodeIgniter\BaseModel->insert(Array, true)
#7 C:\xampp\new xampp\htdocs\event\app\Controllers\Admin.php(347): CodeIgniter\Model->insert(Array)
#8 C:\xampp\new xampp\htdocs\event\system\CodeIgniter.php(919): App\Controllers\Admin->book()
#9 C:\xampp\new xampp\htdocs\event\system\CodeIgniter.php(494): CodeIgniter\CodeIgniter->runController(Object(App\Controllers\Admin))
#10 C:\xampp\new xampp\htdocs\event\system\CodeIgniter.php(353): CodeIgniter\CodeIgniter->handleRequest(NULL, Object(Config\Cache), false)
#11 C:\xampp\new xampp\htdocs\event\index.php(79): CodeIgniter\CodeIgniter->run()
#12 {main}
CRITICAL - 2024-02-05 10:47:26 --> Table 'event.accounting' doesn't exist
in SYSTEMPATH\Database\BaseConnection.php on line 646.
 1 SYSTEMPATH\Database\BaseBuilder.php(2308): CodeIgniter\Database\BaseConnection->query('INSERT INTO `accounting` (`total`, `iddate`) VALUES (:total:, :iddate:)', [...], false)
 2 SYSTEMPATH\Model.php(319): CodeIgniter\Database\BaseBuilder->insert()
 3 SYSTEMPATH\BaseModel.php(788): CodeIgniter\Model->doInsert([...])
 4 SYSTEMPATH\Model.php(715): CodeIgniter\BaseModel->insert([...], true)
 5 APPPATH\Controllers\Admin.php(347): CodeIgniter\Model->insert([...])
 6 SYSTEMPATH\CodeIgniter.php(919): App\Controllers\Admin->book()
 7 SYSTEMPATH\CodeIgniter.php(494): CodeIgniter\CodeIgniter->runController(Object(App\Controllers\Admin))
 8 SYSTEMPATH\CodeIgniter.php(353): CodeIgniter\CodeIgniter->handleRequest(null, Object(Config\Cache), false)
 9 FCPATH\index.php(79): CodeIgniter\CodeIgniter->run()
ERROR - 2024-02-05 10:49:17 --> mysqli_sql_exception: Column 'total' cannot be null in C:\xampp\new xampp\htdocs\event\system\Database\MySQLi\Connection.php:306
Stack trace:
#0 C:\xampp\new xampp\htdocs\event\system\Database\MySQLi\Connection.php(306): mysqli->query('INSERT INTO `ac...', 0)
#1 C:\xampp\new xampp\htdocs\event\system\Database\BaseConnection.php(692): CodeIgniter\Database\MySQLi\Connection->execute('INSERT INTO `ac...')
#2 C:\xampp\new xampp\htdocs\event\system\Database\BaseConnection.php(606): CodeIgniter\Database\BaseConnection->simpleQuery('INSERT INTO `ac...')
#3 C:\xampp\new xampp\htdocs\event\system\Database\BaseBuilder.php(2308): CodeIgniter\Database\BaseConnection->query('INSERT INTO `ac...', Array, false)
#4 C:\xampp\new xampp\htdocs\event\system\Model.php(319): CodeIgniter\Database\BaseBuilder->insert()
#5 C:\xampp\new xampp\htdocs\event\system\BaseModel.php(788): CodeIgniter\Model->doInsert(Array)
#6 C:\xampp\new xampp\htdocs\event\system\Model.php(715): CodeIgniter\BaseModel->insert(Array, true)
#7 C:\xampp\new xampp\htdocs\event\app\Controllers\Admin.php(347): CodeIgniter\Model->insert(Array)
#8 C:\xampp\new xampp\htdocs\event\system\CodeIgniter.php(919): App\Controllers\Admin->book()
#9 C:\xampp\new xampp\htdocs\event\system\CodeIgniter.php(494): CodeIgniter\CodeIgniter->runController(Object(App\Controllers\Admin))
#10 C:\xampp\new xampp\htdocs\event\system\CodeIgniter.php(353): CodeIgniter\CodeIgniter->handleRequest(NULL, Object(Config\Cache), false)
#11 C:\xampp\new xampp\htdocs\event\index.php(79): CodeIgniter\CodeIgniter->run()
#12 {main}
CRITICAL - 2024-02-05 10:49:17 --> Column 'total' cannot be null
in SYSTEMPATH\Database\BaseConnection.php on line 646.
 1 SYSTEMPATH\Database\BaseBuilder.php(2308): CodeIgniter\Database\BaseConnection->query('INSERT INTO `accounting` (`total`, `iddate`) VALUES (:total:, :iddate:)', [...], false)
 2 SYSTEMPATH\Model.php(319): CodeIgniter\Database\BaseBuilder->insert()
 3 SYSTEMPATH\BaseModel.php(788): CodeIgniter\Model->doInsert([...])
 4 SYSTEMPATH\Model.php(715): CodeIgniter\BaseModel->insert([...], true)
 5 APPPATH\Controllers\Admin.php(347): CodeIgniter\Model->insert([...])
 6 SYSTEMPATH\CodeIgniter.php(919): App\Controllers\Admin->book()
 7 SYSTEMPATH\CodeIgniter.php(494): CodeIgniter\CodeIgniter->runController(Object(App\Controllers\Admin))
 8 SYSTEMPATH\CodeIgniter.php(353): CodeIgniter\CodeIgniter->handleRequest(null, Object(Config\Cache), false)
 9 FCPATH\index.php(79): CodeIgniter\CodeIgniter->run()
ERROR - 2024-02-05 10:50:08 --> mysqli_sql_exception: Column 'total' cannot be null in C:\xampp\new xampp\htdocs\event\system\Database\MySQLi\Connection.php:306
Stack trace:
#0 C:\xampp\new xampp\htdocs\event\system\Database\MySQLi\Connection.php(306): mysqli->query('INSERT INTO `ac...', 0)
#1 C:\xampp\new xampp\htdocs\event\system\Database\BaseConnection.php(692): CodeIgniter\Database\MySQLi\Connection->execute('INSERT INTO `ac...')
#2 C:\xampp\new xampp\htdocs\event\system\Database\BaseConnection.php(606): CodeIgniter\Database\BaseConnection->simpleQuery('INSERT INTO `ac...')
#3 C:\xampp\new xampp\htdocs\event\system\Database\BaseBuilder.php(2308): CodeIgniter\Database\BaseConnection->query('INSERT INTO `ac...', Array, false)
#4 C:\xampp\new xampp\htdocs\event\system\Model.php(319): CodeIgniter\Database\BaseBuilder->insert()
#5 C:\xampp\new xampp\htdocs\event\system\BaseModel.php(788): CodeIgniter\Model->doInsert(Array)
#6 C:\xampp\new xampp\htdocs\event\system\Model.php(715): CodeIgniter\BaseModel->insert(Array, true)
#7 C:\xampp\new xampp\htdocs\event\app\Controllers\Admin.php(347): CodeIgniter\Model->insert(Array)
#8 C:\xampp\new xampp\htdocs\event\system\CodeIgniter.php(919): App\Controllers\Admin->book()
#9 C:\xampp\new xampp\htdocs\event\system\CodeIgniter.php(494): CodeIgniter\CodeIgniter->runController(Object(App\Controllers\Admin))
#10 C:\xampp\new xampp\htdocs\event\system\CodeIgniter.php(353): CodeIgniter\CodeIgniter->handleRequest(NULL, Object(Config\Cache), false)
#11 C:\xampp\new xampp\htdocs\event\index.php(79): CodeIgniter\CodeIgniter->run()
#12 {main}
CRITICAL - 2024-02-05 10:50:08 --> Column 'total' cannot be null
in SYSTEMPATH\Database\BaseConnection.php on line 646.
 1 SYSTEMPATH\Database\BaseBuilder.php(2308): CodeIgniter\Database\BaseConnection->query('INSERT INTO `accounting` (`total`, `iddate`) VALUES (:total:, :iddate:)', [...], false)
 2 SYSTEMPATH\Model.php(319): CodeIgniter\Database\BaseBuilder->insert()
 3 SYSTEMPATH\BaseModel.php(788): CodeIgniter\Model->doInsert([...])
 4 SYSTEMPATH\Model.php(715): CodeIgniter\BaseModel->insert([...], true)
 5 APPPATH\Controllers\Admin.php(347): CodeIgniter\Model->insert([...])
 6 SYSTEMPATH\CodeIgniter.php(919): App\Controllers\Admin->book()
 7 SYSTEMPATH\CodeIgniter.php(494): CodeIgniter\CodeIgniter->runController(Object(App\Controllers\Admin))
 8 SYSTEMPATH\CodeIgniter.php(353): CodeIgniter\CodeIgniter->handleRequest(null, Object(Config\Cache), false)
 9 FCPATH\index.php(79): CodeIgniter\CodeIgniter->run()
ERROR - 2024-02-05 10:53:46 --> mysqli_sql_exception: Column 'total' cannot be null in C:\xampp\new xampp\htdocs\event\system\Database\MySQLi\Connection.php:306
Stack trace:
#0 C:\xampp\new xampp\htdocs\event\system\Database\MySQLi\Connection.php(306): mysqli->query('INSERT INTO `ac...', 0)
#1 C:\xampp\new xampp\htdocs\event\system\Database\BaseConnection.php(692): CodeIgniter\Database\MySQLi\Connection->execute('INSERT INTO `ac...')
#2 C:\xampp\new xampp\htdocs\event\system\Database\BaseConnection.php(606): CodeIgniter\Database\BaseConnection->simpleQuery('INSERT INTO `ac...')
#3 C:\xampp\new xampp\htdocs\event\system\Database\BaseBuilder.php(2308): CodeIgniter\Database\BaseConnection->query('INSERT INTO `ac...', Array, false)
#4 C:\xampp\new xampp\htdocs\event\system\Model.php(319): CodeIgniter\Database\BaseBuilder->insert()
#5 C:\xampp\new xampp\htdocs\event\system\BaseModel.php(788): CodeIgniter\Model->doInsert(Array)
#6 C:\xampp\new xampp\htdocs\event\system\Model.php(715): CodeIgniter\BaseModel->insert(Array, true)
#7 C:\xampp\new xampp\htdocs\event\app\Controllers\Admin.php(347): CodeIgniter\Model->insert(Array)
#8 C:\xampp\new xampp\htdocs\event\system\CodeIgniter.php(919): App\Controllers\Admin->book()
#9 C:\xampp\new xampp\htdocs\event\system\CodeIgniter.php(494): CodeIgniter\CodeIgniter->runController(Object(App\Controllers\Admin))
#10 C:\xampp\new xampp\htdocs\event\system\CodeIgniter.php(353): CodeIgniter\CodeIgniter->handleRequest(NULL, Object(Config\Cache), false)
#11 C:\xampp\new xampp\htdocs\event\index.php(79): CodeIgniter\CodeIgniter->run()
#12 {main}
CRITICAL - 2024-02-05 10:53:46 --> Column 'total' cannot be null
in SYSTEMPATH\Database\BaseConnection.php on line 646.
 1 SYSTEMPATH\Database\BaseBuilder.php(2308): CodeIgniter\Database\BaseConnection->query('INSERT INTO `accounting` (`total`, `iddate`) VALUES (:total:, :iddate:)', [...], false)
 2 SYSTEMPATH\Model.php(319): CodeIgniter\Database\BaseBuilder->insert()
 3 SYSTEMPATH\BaseModel.php(788): CodeIgniter\Model->doInsert([...])
 4 SYSTEMPATH\Model.php(715): CodeIgniter\BaseModel->insert([...], true)
 5 APPPATH\Controllers\Admin.php(347): CodeIgniter\Model->insert([...])
 6 SYSTEMPATH\CodeIgniter.php(919): App\Controllers\Admin->book()
 7 SYSTEMPATH\CodeIgniter.php(494): CodeIgniter\CodeIgniter->runController(Object(App\Controllers\Admin))
 8 SYSTEMPATH\CodeIgniter.php(353): CodeIgniter\CodeIgniter->handleRequest(null, Object(Config\Cache), false)
 9 FCPATH\index.php(79): CodeIgniter\CodeIgniter->run()
ERROR - 2024-02-05 10:54:34 --> mysqli_sql_exception: Column 'total' cannot be null in C:\xampp\new xampp\htdocs\event\system\Database\MySQLi\Connection.php:306
Stack trace:
#0 C:\xampp\new xampp\htdocs\event\system\Database\MySQLi\Connection.php(306): mysqli->query('INSERT INTO `ac...', 0)
#1 C:\xampp\new xampp\htdocs\event\system\Database\BaseConnection.php(692): CodeIgniter\Database\MySQLi\Connection->execute('INSERT INTO `ac...')
#2 C:\xampp\new xampp\htdocs\event\system\Database\BaseConnection.php(606): CodeIgniter\Database\BaseConnection->simpleQuery('INSERT INTO `ac...')
#3 C:\xampp\new xampp\htdocs\event\system\Database\BaseBuilder.php(2308): CodeIgniter\Database\BaseConnection->query('INSERT INTO `ac...', Array, false)
#4 C:\xampp\new xampp\htdocs\event\system\Model.php(319): CodeIgniter\Database\BaseBuilder->insert()
#5 C:\xampp\new xampp\htdocs\event\system\BaseModel.php(788): CodeIgniter\Model->doInsert(Array)
#6 C:\xampp\new xampp\htdocs\event\system\Model.php(715): CodeIgniter\BaseModel->insert(Array, true)
#7 C:\xampp\new xampp\htdocs\event\app\Controllers\Admin.php(347): CodeIgniter\Model->insert(Array)
#8 C:\xampp\new xampp\htdocs\event\system\CodeIgniter.php(919): App\Controllers\Admin->book()
#9 C:\xampp\new xampp\htdocs\event\system\CodeIgniter.php(494): CodeIgniter\CodeIgniter->runController(Object(App\Controllers\Admin))
#10 C:\xampp\new xampp\htdocs\event\system\CodeIgniter.php(353): CodeIgniter\CodeIgniter->handleRequest(NULL, Object(Config\Cache), false)
#11 C:\xampp\new xampp\htdocs\event\index.php(79): CodeIgniter\CodeIgniter->run()
#12 {main}
CRITICAL - 2024-02-05 10:54:34 --> Column 'total' cannot be null
in SYSTEMPATH\Database\BaseConnection.php on line 646.
 1 SYSTEMPATH\Database\BaseBuilder.php(2308): CodeIgniter\Database\BaseConnection->query('INSERT INTO `accounting` (`total`, `iddate`) VALUES (:total:, :iddate:)', [...], false)
 2 SYSTEMPATH\Model.php(319): CodeIgniter\Database\BaseBuilder->insert()
 3 SYSTEMPATH\BaseModel.php(788): CodeIgniter\Model->doInsert([...])
 4 SYSTEMPATH\Model.php(715): CodeIgniter\BaseModel->insert([...], true)
 5 APPPATH\Controllers\Admin.php(347): CodeIgniter\Model->insert([...])
 6 SYSTEMPATH\CodeIgniter.php(919): App\Controllers\Admin->book()
 7 SYSTEMPATH\CodeIgniter.php(494): CodeIgniter\CodeIgniter->runController(Object(App\Controllers\Admin))
 8 SYSTEMPATH\CodeIgniter.php(353): CodeIgniter\CodeIgniter->handleRequest(null, Object(Config\Cache), false)
 9 FCPATH\index.php(79): CodeIgniter\CodeIgniter->run()
ERROR - 2024-02-05 10:55:04 --> mysqli_sql_exception: Column 'total' cannot be null in C:\xampp\new xampp\htdocs\event\system\Database\MySQLi\Connection.php:306
Stack trace:
#0 C:\xampp\new xampp\htdocs\event\system\Database\MySQLi\Connection.php(306): mysqli->query('INSERT INTO `ac...', 0)
#1 C:\xampp\new xampp\htdocs\event\system\Database\BaseConnection.php(692): CodeIgniter\Database\MySQLi\Connection->execute('INSERT INTO `ac...')
#2 C:\xampp\new xampp\htdocs\event\system\Database\BaseConnection.php(606): CodeIgniter\Database\BaseConnection->simpleQuery('INSERT INTO `ac...')
#3 C:\xampp\new xampp\htdocs\event\system\Database\BaseBuilder.php(2308): CodeIgniter\Database\BaseConnection->query('INSERT INTO `ac...', Array, false)
#4 C:\xampp\new xampp\htdocs\event\system\Model.php(319): CodeIgniter\Database\BaseBuilder->insert()
#5 C:\xampp\new xampp\htdocs\event\system\BaseModel.php(788): CodeIgniter\Model->doInsert(Array)
#6 C:\xampp\new xampp\htdocs\event\system\Model.php(715): CodeIgniter\BaseModel->insert(Array, true)
#7 C:\xampp\new xampp\htdocs\event\app\Controllers\Admin.php(347): CodeIgniter\Model->insert(Array)
#8 C:\xampp\new xampp\htdocs\event\system\CodeIgniter.php(919): App\Controllers\Admin->book()
#9 C:\xampp\new xampp\htdocs\event\system\CodeIgniter.php(494): CodeIgniter\CodeIgniter->runController(Object(App\Controllers\Admin))
#10 C:\xampp\new xampp\htdocs\event\system\CodeIgniter.php(353): CodeIgniter\CodeIgniter->handleRequest(NULL, Object(Config\Cache), false)
#11 C:\xampp\new xampp\htdocs\event\index.php(79): CodeIgniter\CodeIgniter->run()
#12 {main}
CRITICAL - 2024-02-05 10:55:04 --> Column 'total' cannot be null
in SYSTEMPATH\Database\BaseConnection.php on line 646.
 1 SYSTEMPATH\Database\BaseBuilder.php(2308): CodeIgniter\Database\BaseConnection->query('INSERT INTO `accounting` (`total`, `iddate`) VALUES (:total:, :iddate:)', [...], false)
 2 SYSTEMPATH\Model.php(319): CodeIgniter\Database\BaseBuilder->insert()
 3 SYSTEMPATH\BaseModel.php(788): CodeIgniter\Model->doInsert([...])
 4 SYSTEMPATH\Model.php(715): CodeIgniter\BaseModel->insert([...], true)
 5 APPPATH\Controllers\Admin.php(347): CodeIgniter\Model->insert([...])
 6 SYSTEMPATH\CodeIgniter.php(919): App\Controllers\Admin->book()
 7 SYSTEMPATH\CodeIgniter.php(494): CodeIgniter\CodeIgniter->runController(Object(App\Controllers\Admin))
 8 SYSTEMPATH\CodeIgniter.php(353): CodeIgniter\CodeIgniter->handleRequest(null, Object(Config\Cache), false)
 9 FCPATH\index.php(79): CodeIgniter\CodeIgniter->run()
ERROR - 2024-02-05 11:00:59 --> mysqli_sql_exception: Column 'total' cannot be null in C:\xampp\new xampp\htdocs\event\system\Database\MySQLi\Connection.php:306
Stack trace:
#0 C:\xampp\new xampp\htdocs\event\system\Database\MySQLi\Connection.php(306): mysqli->query('INSERT INTO `ac...', 0)
#1 C:\xampp\new xampp\htdocs\event\system\Database\BaseConnection.php(692): CodeIgniter\Database\MySQLi\Connection->execute('INSERT INTO `ac...')
#2 C:\xampp\new xampp\htdocs\event\system\Database\BaseConnection.php(606): CodeIgniter\Database\BaseConnection->simpleQuery('INSERT INTO `ac...')
#3 C:\xampp\new xampp\htdocs\event\system\Database\BaseBuilder.php(2308): CodeIgniter\Database\BaseConnection->query('INSERT INTO `ac...', Array, false)
#4 C:\xampp\new xampp\htdocs\event\system\Model.php(319): CodeIgniter\Database\BaseBuilder->insert()
#5 C:\xampp\new xampp\htdocs\event\system\BaseModel.php(788): CodeIgniter\Model->doInsert(Array)
#6 C:\xampp\new xampp\htdocs\event\system\Model.php(715): CodeIgniter\BaseModel->insert(Array, true)
#7 C:\xampp\new xampp\htdocs\event\app\Controllers\Admin.php(347): CodeIgniter\Model->insert(Array)
#8 C:\xampp\new xampp\htdocs\event\system\CodeIgniter.php(919): App\Controllers\Admin->book()
#9 C:\xampp\new xampp\htdocs\event\system\CodeIgniter.php(494): CodeIgniter\CodeIgniter->runController(Object(App\Controllers\Admin))
#10 C:\xampp\new xampp\htdocs\event\system\CodeIgniter.php(353): CodeIgniter\CodeIgniter->handleRequest(NULL, Object(Config\Cache), false)
#11 C:\xampp\new xampp\htdocs\event\index.php(79): CodeIgniter\CodeIgniter->run()
#12 {main}
CRITICAL - 2024-02-05 11:00:59 --> Column 'total' cannot be null
in SYSTEMPATH\Database\BaseConnection.php on line 646.
 1 SYSTEMPATH\Database\BaseBuilder.php(2308): CodeIgniter\Database\BaseConnection->query('INSERT INTO `accounting` (`total`, `iddate`) VALUES (:total:, :iddate:)', [...], false)
 2 SYSTEMPATH\Model.php(319): CodeIgniter\Database\BaseBuilder->insert()
 3 SYSTEMPATH\BaseModel.php(788): CodeIgniter\Model->doInsert([...])
 4 SYSTEMPATH\Model.php(715): CodeIgniter\BaseModel->insert([...], true)
 5 APPPATH\Controllers\Admin.php(347): CodeIgniter\Model->insert([...])
 6 SYSTEMPATH\CodeIgniter.php(919): App\Controllers\Admin->book()
 7 SYSTEMPATH\CodeIgniter.php(494): CodeIgniter\CodeIgniter->runController(Object(App\Controllers\Admin))
 8 SYSTEMPATH\CodeIgniter.php(353): CodeIgniter\CodeIgniter->handleRequest(null, Object(Config\Cache), false)
 9 FCPATH\index.php(79): CodeIgniter\CodeIgniter->run()
ERROR - 2024-02-05 11:01:44 --> mysqli_sql_exception: Column 'total' cannot be null in C:\xampp\new xampp\htdocs\event\system\Database\MySQLi\Connection.php:306
Stack trace:
#0 C:\xampp\new xampp\htdocs\event\system\Database\MySQLi\Connection.php(306): mysqli->query('INSERT INTO `ac...', 0)
#1 C:\xampp\new xampp\htdocs\event\system\Database\BaseConnection.php(692): CodeIgniter\Database\MySQLi\Connection->execute('INSERT INTO `ac...')
#2 C:\xampp\new xampp\htdocs\event\system\Database\BaseConnection.php(606): CodeIgniter\Database\BaseConnection->simpleQuery('INSERT INTO `ac...')
#3 C:\xampp\new xampp\htdocs\event\system\Database\BaseBuilder.php(2308): CodeIgniter\Database\BaseConnection->query('INSERT INTO `ac...', Array, false)
#4 C:\xampp\new xampp\htdocs\event\system\Model.php(319): CodeIgniter\Database\BaseBuilder->insert()
#5 C:\xampp\new xampp\htdocs\event\system\BaseModel.php(788): CodeIgniter\Model->doInsert(Array)
#6 C:\xampp\new xampp\htdocs\event\system\Model.php(715): CodeIgniter\BaseModel->insert(Array, true)
#7 C:\xampp\new xampp\htdocs\event\app\Controllers\Admin.php(347): CodeIgniter\Model->insert(Array)
#8 C:\xampp\new xampp\htdocs\event\system\CodeIgniter.php(919): App\Controllers\Admin->book()
#9 C:\xampp\new xampp\htdocs\event\system\CodeIgniter.php(494): CodeIgniter\CodeIgniter->runController(Object(App\Controllers\Admin))
#10 C:\xampp\new xampp\htdocs\event\system\CodeIgniter.php(353): CodeIgniter\CodeIgniter->handleRequest(NULL, Object(Config\Cache), false)
#11 C:\xampp\new xampp\htdocs\event\index.php(79): CodeIgniter\CodeIgniter->run()
#12 {main}
CRITICAL - 2024-02-05 11:01:44 --> Column 'total' cannot be null
in SYSTEMPATH\Database\BaseConnection.php on line 646.
 1 SYSTEMPATH\Database\BaseBuilder.php(2308): CodeIgniter\Database\BaseConnection->query('INSERT INTO `accounting` (`total`, `iddate`) VALUES (:total:, :iddate:)', [...], false)
 2 SYSTEMPATH\Model.php(319): CodeIgniter\Database\BaseBuilder->insert()
 3 SYSTEMPATH\BaseModel.php(788): CodeIgniter\Model->doInsert([...])
 4 SYSTEMPATH\Model.php(715): CodeIgniter\BaseModel->insert([...], true)
 5 APPPATH\Controllers\Admin.php(347): CodeIgniter\Model->insert([...])
 6 SYSTEMPATH\CodeIgniter.php(919): App\Controllers\Admin->book()
 7 SYSTEMPATH\CodeIgniter.php(494): CodeIgniter\CodeIgniter->runController(Object(App\Controllers\Admin))
 8 SYSTEMPATH\CodeIgniter.php(353): CodeIgniter\CodeIgniter->handleRequest(null, Object(Config\Cache), false)
 9 FCPATH\index.php(79): CodeIgniter\CodeIgniter->run()
ERROR - 2024-02-05 11:05:26 --> mysqli_sql_exception: Column 'total' cannot be null in C:\xampp\new xampp\htdocs\event\system\Database\MySQLi\Connection.php:306
Stack trace:
#0 C:\xampp\new xampp\htdocs\event\system\Database\MySQLi\Connection.php(306): mysqli->query('INSERT INTO `ac...', 0)
#1 C:\xampp\new xampp\htdocs\event\system\Database\BaseConnection.php(692): CodeIgniter\Database\MySQLi\Connection->execute('INSERT INTO `ac...')
#2 C:\xampp\new xampp\htdocs\event\system\Database\BaseConnection.php(606): CodeIgniter\Database\BaseConnection->simpleQuery('INSERT INTO `ac...')
#3 C:\xampp\new xampp\htdocs\event\system\Database\BaseBuilder.php(2308): CodeIgniter\Database\BaseConnection->query('INSERT INTO `ac...', Array, false)
#4 C:\xampp\new xampp\htdocs\event\system\Model.php(319): CodeIgniter\Database\BaseBuilder->insert()
#5 C:\xampp\new xampp\htdocs\event\system\BaseModel.php(788): CodeIgniter\Model->doInsert(Array)
#6 C:\xampp\new xampp\htdocs\event\system\Model.php(715): CodeIgniter\BaseModel->insert(Array, true)
#7 C:\xampp\new xampp\htdocs\event\app\Controllers\Admin.php(347): CodeIgniter\Model->insert(Array)
#8 C:\xampp\new xampp\htdocs\event\system\CodeIgniter.php(919): App\Controllers\Admin->book()
#9 C:\xampp\new xampp\htdocs\event\system\CodeIgniter.php(494): CodeIgniter\CodeIgniter->runController(Object(App\Controllers\Admin))
#10 C:\xampp\new xampp\htdocs\event\system\CodeIgniter.php(353): CodeIgniter\CodeIgniter->handleRequest(NULL, Object(Config\Cache), false)
#11 C:\xampp\new xampp\htdocs\event\index.php(79): CodeIgniter\CodeIgniter->run()
#12 {main}
CRITICAL - 2024-02-05 11:05:26 --> Column 'total' cannot be null
in SYSTEMPATH\Database\BaseConnection.php on line 646.
 1 SYSTEMPATH\Database\BaseBuilder.php(2308): CodeIgniter\Database\BaseConnection->query('INSERT INTO `accounting` (`total`, `iddate`) VALUES (:total:, :iddate:)', [...], false)
 2 SYSTEMPATH\Model.php(319): CodeIgniter\Database\BaseBuilder->insert()
 3 SYSTEMPATH\BaseModel.php(788): CodeIgniter\Model->doInsert([...])
 4 SYSTEMPATH\Model.php(715): CodeIgniter\BaseModel->insert([...], true)
 5 APPPATH\Controllers\Admin.php(347): CodeIgniter\Model->insert([...])
 6 SYSTEMPATH\CodeIgniter.php(919): App\Controllers\Admin->book()
 7 SYSTEMPATH\CodeIgniter.php(494): CodeIgniter\CodeIgniter->runController(Object(App\Controllers\Admin))
 8 SYSTEMPATH\CodeIgniter.php(353): CodeIgniter\CodeIgniter->handleRequest(null, Object(Config\Cache), false)
 9 FCPATH\index.php(79): CodeIgniter\CodeIgniter->run()
CRITICAL - 2024-02-05 11:18:01 --> syntax error, unexpected token "}"
in APPPATH\Controllers\Admin.php on line 364.
 1 SYSTEMPATH\Autoloader\Autoloader.php(285): CodeIgniter\Autoloader\Autoloader->includeFile('C:\\xampp\\new xampp\\htdocs\\event\\app\\Controllers\\Admin.php')
 2 SYSTEMPATH\Autoloader\Autoloader.php(263): CodeIgniter\Autoloader\Autoloader->loadInNamespace('App\\Controllers\\Admin')
 3 [internal function]: CodeIgniter\Autoloader\Autoloader->loadClass('App\\Controllers\\Admin')
 4 SYSTEMPATH\CodeIgniter.php(877): class_exists('\\App\\Controllers\\Admin', true)
 5 SYSTEMPATH\CodeIgniter.php(481): CodeIgniter\CodeIgniter->startController()
 6 SYSTEMPATH\CodeIgniter.php(353): CodeIgniter\CodeIgniter->handleRequest(null, Object(Config\Cache), false)
 7 FCPATH\index.php(79): CodeIgniter\CodeIgniter->run()
