CRITICAL - 2023-09-20 05:13:07 --> Call to undefined method CodeIgniter\Database\MySQLi\Connection::where()
in APPPATH\Models\loginmodel.php on line 10.
 1 APPPATH\Controllers\Log.php(39): App\Models\loginmodel->isvalidate(null, null)
 2 SYSTEMPATH\CodeIgniter.php(919): App\Controllers\Log->insertlogin()
 3 SYSTEMPATH\CodeIgniter.php(494): CodeIgniter\CodeIgniter->runController(Object(App\Controllers\Log))
 4 SYSTEMPATH\CodeIgniter.php(353): CodeIgniter\CodeIgniter->handleRequest(null, Object(Config\Cache), false)
 5 FCPATH\index.php(79): CodeIgniter\CodeIgniter->run()
CRITICAL - 2023-09-20 05:14:08 --> Call to undefined method CodeIgniter\Database\MySQLi\Connection::where()
in APPPATH\Models\loginmodel.php on line 10.
 1 APPPATH\Controllers\Log.php(39): App\Models\loginmodel->isvalidate('shubham', '5919')
 2 SYSTEMPATH\CodeIgniter.php(919): App\Controllers\Log->insertlogin()
 3 SYSTEMPATH\CodeIgniter.php(494): CodeIgniter\CodeIgniter->runController(Object(App\Controllers\Log))
 4 SYSTEMPATH\CodeIgniter.php(353): CodeIgniter\CodeIgniter->handleRequest(null, Object(Config\Cache), false)
 5 FCPATH\index.php(79): CodeIgniter\CodeIgniter->run()
CRITICAL - 2023-09-20 05:14:26 --> Call to undefined method CodeIgniter\Database\MySQLi\Connection::where()
in APPPATH\Models\loginmodel.php on line 10.
 1 APPPATH\Controllers\Log.php(39): App\Models\loginmodel->isvalidate('shubham', '5919')
 2 SYSTEMPATH\CodeIgniter.php(919): App\Controllers\Log->insertlogin()
 3 SYSTEMPATH\CodeIgniter.php(494): CodeIgniter\CodeIgniter->runController(Object(App\Controllers\Log))
 4 SYSTEMPATH\CodeIgniter.php(353): CodeIgniter\CodeIgniter->handleRequest(null, Object(Config\Cache), false)
 5 FCPATH\index.php(79): CodeIgniter\CodeIgniter->run()
CRITICAL - 2023-09-20 05:14:32 --> Call to undefined method CodeIgniter\Database\MySQLi\Connection::where()
in APPPATH\Models\loginmodel.php on line 10.
 1 APPPATH\Controllers\Log.php(39): App\Models\loginmodel->isvalidate(null, null)
 2 SYSTEMPATH\CodeIgniter.php(919): App\Controllers\Log->insertlogin()
 3 SYSTEMPATH\CodeIgniter.php(494): CodeIgniter\CodeIgniter->runController(Object(App\Controllers\Log))
 4 SYSTEMPATH\CodeIgniter.php(353): CodeIgniter\CodeIgniter->handleRequest(null, Object(Config\Cache), false)
 5 FCPATH\index.php(79): CodeIgniter\CodeIgniter->run()
CRITICAL - 2023-09-20 05:29:56 --> Class "Config\webcms" not found
in APPPATH\Models\loginmodel.php on line 10.
 1 APPPATH\Controllers\Log.php(39): App\Models\loginmodel->isvalidate(null, null)
 2 SYSTEMPATH\CodeIgniter.php(919): App\Controllers\Log->insertlogin()
 3 SYSTEMPATH\CodeIgniter.php(494): CodeIgniter\CodeIgniter->runController(Object(App\Controllers\Log))
 4 SYSTEMPATH\CodeIgniter.php(353): CodeIgniter\CodeIgniter->handleRequest(null, Object(Config\Cache), false)
 5 FCPATH\index.php(79): CodeIgniter\CodeIgniter->run()
CRITICAL - 2023-09-20 05:30:39 --> Call to undefined method CodeIgniter\Database\MySQLi\Connection::where()
in APPPATH\Models\loginmodel.php on line 12.
 1 APPPATH\Controllers\Log.php(39): App\Models\loginmodel->isvalidate(null, null)
 2 SYSTEMPATH\CodeIgniter.php(919): App\Controllers\Log->insertlogin()
 3 SYSTEMPATH\CodeIgniter.php(494): CodeIgniter\CodeIgniter->runController(Object(App\Controllers\Log))
 4 SYSTEMPATH\CodeIgniter.php(353): CodeIgniter\CodeIgniter->handleRequest(null, Object(Config\Cache), false)
 5 FCPATH\index.php(79): CodeIgniter\CodeIgniter->run()
CRITICAL - 2023-09-20 05:33:11 --> Cannot access protected property CodeIgniter\Database\MySQLi\Builder::$db
in APPPATH\Models\loginmodel.php on line 12.
 1 APPPATH\Controllers\Log.php(39): App\Models\loginmodel->isvalidate(null, null)
 2 SYSTEMPATH\CodeIgniter.php(919): App\Controllers\Log->insertlogin()
 3 SYSTEMPATH\CodeIgniter.php(494): CodeIgniter\CodeIgniter->runController(Object(App\Controllers\Log))
 4 SYSTEMPATH\CodeIgniter.php(353): CodeIgniter\CodeIgniter->handleRequest(null, Object(Config\Cache), false)
 5 FCPATH\index.php(79): CodeIgniter\CodeIgniter->run()
CRITICAL - 2023-09-20 05:40:41 --> Cannot access protected property CodeIgniter\Database\MySQLi\Builder::$db
in APPPATH\Models\loginmodel.php on line 12.
 1 APPPATH\Controllers\Log.php(39): App\Models\loginmodel->isvalidate(null, null)
 2 SYSTEMPATH\CodeIgniter.php(919): App\Controllers\Log->insertlogin()
 3 SYSTEMPATH\CodeIgniter.php(494): CodeIgniter\CodeIgniter->runController(Object(App\Controllers\Log))
 4 SYSTEMPATH\CodeIgniter.php(353): CodeIgniter\CodeIgniter->handleRequest(null, Object(Config\Cache), false)
 5 FCPATH\index.php(79): CodeIgniter\CodeIgniter->run()
CRITICAL - 2023-09-20 05:41:33 --> Cannot access protected property CodeIgniter\Database\MySQLi\Builder::$db
in APPPATH\Models\loginmodel.php on line 12.
 1 APPPATH\Controllers\Log.php(39): App\Models\loginmodel->isvalidate(null, null)
 2 SYSTEMPATH\CodeIgniter.php(919): App\Controllers\Log->insertlogin()
 3 SYSTEMPATH\CodeIgniter.php(494): CodeIgniter\CodeIgniter->runController(Object(App\Controllers\Log))
 4 SYSTEMPATH\CodeIgniter.php(353): CodeIgniter\CodeIgniter->handleRequest(null, Object(Config\Cache), false)
 5 FCPATH\index.php(79): CodeIgniter\CodeIgniter->run()
CRITICAL - 2023-09-20 05:47:28 --> Unsupported operand types: string + string
in APPPATH\Controllers\Log.php on line 41.
 1 SYSTEMPATH\CodeIgniter.php(919): App\Controllers\Log->insertlogin()
 2 SYSTEMPATH\CodeIgniter.php(494): CodeIgniter\CodeIgniter->runController(Object(App\Controllers\Log))
 3 SYSTEMPATH\CodeIgniter.php(353): CodeIgniter\CodeIgniter->handleRequest(null, Object(Config\Cache), false)
 4 FCPATH\index.php(79): CodeIgniter\CodeIgniter->run()
CRITICAL - 2023-09-20 07:25:28 --> syntax error, unexpected token "}", expecting ";"
in APPPATH\Controllers\Log.php on line 43.
 1 SYSTEMPATH\Autoloader\Autoloader.php(285): CodeIgniter\Autoloader\Autoloader->includeFile('C:\\xampp\\new xampp\\htdocs\\webcms\\app\\Controllers\\Log.php')
 2 SYSTEMPATH\Autoloader\Autoloader.php(263): CodeIgniter\Autoloader\Autoloader->loadInNamespace('App\\Controllers\\Log')
 3 [internal function]: CodeIgniter\Autoloader\Autoloader->loadClass('App\\Controllers\\Log')
 4 SYSTEMPATH\CodeIgniter.php(877): class_exists('\\App\\Controllers\\Log', true)
 5 SYSTEMPATH\CodeIgniter.php(481): CodeIgniter\CodeIgniter->startController()
 6 SYSTEMPATH\CodeIgniter.php(353): CodeIgniter\CodeIgniter->handleRequest(null, Object(Config\Cache), false)
 7 FCPATH\index.php(79): CodeIgniter\CodeIgniter->run()
CRITICAL - 2023-09-20 08:00:02 --> syntax error, unexpected token "<"
in APPPATH\Views\auth\Welcome1.php on line 72.
 1 SYSTEMPATH\View\View.php(229): CodeIgniter\View\View->CodeIgniter\View\{closure}()
 2 SYSTEMPATH\Common.php(1188): CodeIgniter\View\View->render('auth/Welcome1', [], true)
 3 APPPATH\Controllers\Log.php(41): view('auth/Welcome1')
 4 SYSTEMPATH\CodeIgniter.php(919): App\Controllers\Log->insertlogin()
 5 SYSTEMPATH\CodeIgniter.php(494): CodeIgniter\CodeIgniter->runController(Object(App\Controllers\Log))
 6 SYSTEMPATH\CodeIgniter.php(353): CodeIgniter\CodeIgniter->handleRequest(null, Object(Config\Cache), false)
 7 FCPATH\index.php(79): CodeIgniter\CodeIgniter->run()
CRITICAL - 2023-09-20 08:03:07 --> Undefined variable $uname
in APPPATH\Views\auth\Welcome1.php on line 72.
 1 APPPATH\Views\auth\Welcome1.php(72): CodeIgniter\Debug\Exceptions->errorHandler(2, 'Undefined variable $uname', 'C:\\xampp\\new xampp\\htdocs\\webcms\\app\\Views\\auth\\Welcome1.php', 72)
 2 SYSTEMPATH\View\View.php(226): include('C:\\xampp\\new xampp\\htdocs\\webcms\\app\\Views\\auth\\Welcome1.php')
 3 SYSTEMPATH\View\View.php(229): CodeIgniter\View\View->CodeIgniter\View\{closure}()
 4 SYSTEMPATH\Common.php(1188): CodeIgniter\View\View->render('auth/Welcome1', [], true)
 5 APPPATH\Controllers\Log.php(41): view('auth/Welcome1')
 6 SYSTEMPATH\CodeIgniter.php(919): App\Controllers\Log->insertlogin()
 7 SYSTEMPATH\CodeIgniter.php(494): CodeIgniter\CodeIgniter->runController(Object(App\Controllers\Log))
 8 SYSTEMPATH\CodeIgniter.php(353): CodeIgniter\CodeIgniter->handleRequest(null, Object(Config\Cache), false)
 9 FCPATH\index.php(79): CodeIgniter\CodeIgniter->run()
CRITICAL - 2023-09-20 08:15:23 --> Undefined variable $uname
in APPPATH\Views\auth\Welcome1.php on line 72.
 1 APPPATH\Views\auth\Welcome1.php(72): CodeIgniter\Debug\Exceptions->errorHandler(2, 'Undefined variable $uname', 'C:\\xampp\\new xampp\\htdocs\\webcms\\app\\Views\\auth\\Welcome1.php', 72)
 2 SYSTEMPATH\View\View.php(226): include('C:\\xampp\\new xampp\\htdocs\\webcms\\app\\Views\\auth\\Welcome1.php')
 3 SYSTEMPATH\View\View.php(229): CodeIgniter\View\View->CodeIgniter\View\{closure}()
 4 SYSTEMPATH\Common.php(1188): CodeIgniter\View\View->render('auth/Welcome1', [], true)
 5 APPPATH\Controllers\Log.php(41): view('auth/Welcome1')
 6 SYSTEMPATH\CodeIgniter.php(919): App\Controllers\Log->insertlogin()
 7 SYSTEMPATH\CodeIgniter.php(494): CodeIgniter\CodeIgniter->runController(Object(App\Controllers\Log))
 8 SYSTEMPATH\CodeIgniter.php(353): CodeIgniter\CodeIgniter->handleRequest(null, Object(Config\Cache), false)
 9 FCPATH\index.php(79): CodeIgniter\CodeIgniter->run()
CRITICAL - 2023-09-20 08:18:02 --> Undefined variable $uname
in APPPATH\Views\auth\Welcome1.php on line 72.
 1 APPPATH\Views\auth\Welcome1.php(72): CodeIgniter\Debug\Exceptions->errorHandler(2, 'Undefined variable $uname', 'C:\\xampp\\new xampp\\htdocs\\webcms\\app\\Views\\auth\\Welcome1.php', 72)
 2 SYSTEMPATH\View\View.php(226): include('C:\\xampp\\new xampp\\htdocs\\webcms\\app\\Views\\auth\\Welcome1.php')
 3 SYSTEMPATH\View\View.php(229): CodeIgniter\View\View->CodeIgniter\View\{closure}()
 4 SYSTEMPATH\Common.php(1188): CodeIgniter\View\View->render('auth/Welcome1', [], true)
 5 APPPATH\Controllers\Log.php(41): view('auth/Welcome1')
 6 SYSTEMPATH\CodeIgniter.php(919): App\Controllers\Log->insertlogin()
 7 SYSTEMPATH\CodeIgniter.php(494): CodeIgniter\CodeIgniter->runController(Object(App\Controllers\Log))
 8 SYSTEMPATH\CodeIgniter.php(353): CodeIgniter\CodeIgniter->handleRequest(null, Object(Config\Cache), false)
 9 FCPATH\index.php(79): CodeIgniter\CodeIgniter->run()
CRITICAL - 2023-09-20 10:21:21 --> syntax error, unexpected string content "", expecting "-" or identifier or variable or number
in APPPATH\Views\auth\list.php on line 56.
 1 SYSTEMPATH\View\View.php(229): CodeIgniter\View\View->CodeIgniter\View\{closure}()
 2 SYSTEMPATH\Common.php(1188): CodeIgniter\View\View->render('auth/list', [], true)
 3 APPPATH\Controllers\Userlist.php(14): view('auth/list', [...])
 4 SYSTEMPATH\CodeIgniter.php(919): App\Controllers\Userlist->index()
 5 SYSTEMPATH\CodeIgniter.php(494): CodeIgniter\CodeIgniter->runController(Object(App\Controllers\Userlist))
 6 SYSTEMPATH\CodeIgniter.php(353): CodeIgniter\CodeIgniter->handleRequest(null, Object(Config\Cache), false)
 7 FCPATH\index.php(79): CodeIgniter\CodeIgniter->run()
CRITICAL - 2023-09-20 10:22:17 --> syntax error, unexpected string content "", expecting "-" or identifier or variable or number
in APPPATH\Views\auth\list.php on line 56.
 1 SYSTEMPATH\View\View.php(229): CodeIgniter\View\View->CodeIgniter\View\{closure}()
 2 SYSTEMPATH\Common.php(1188): CodeIgniter\View\View->render('auth/list', [], true)
 3 APPPATH\Controllers\Userlist.php(14): view('auth/list', [...])
 4 SYSTEMPATH\CodeIgniter.php(919): App\Controllers\Userlist->index()
 5 SYSTEMPATH\CodeIgniter.php(494): CodeIgniter\CodeIgniter->runController(Object(App\Controllers\Userlist))
 6 SYSTEMPATH\CodeIgniter.php(353): CodeIgniter\CodeIgniter->handleRequest(null, Object(Config\Cache), false)
 7 FCPATH\index.php(79): CodeIgniter\CodeIgniter->run()
CRITICAL - 2023-09-20 10:22:23 --> syntax error, unexpected string content "", expecting "-" or identifier or variable or number
in APPPATH\Views\auth\list.php on line 56.
 1 SYSTEMPATH\View\View.php(229): CodeIgniter\View\View->CodeIgniter\View\{closure}()
 2 SYSTEMPATH\Common.php(1188): CodeIgniter\View\View->render('auth/list', [], true)
 3 APPPATH\Controllers\Userlist.php(14): view('auth/list', [...])
 4 SYSTEMPATH\CodeIgniter.php(919): App\Controllers\Userlist->index()
 5 SYSTEMPATH\CodeIgniter.php(494): CodeIgniter\CodeIgniter->runController(Object(App\Controllers\Userlist))
 6 SYSTEMPATH\CodeIgniter.php(353): CodeIgniter\CodeIgniter->handleRequest(null, Object(Config\Cache), false)
 7 FCPATH\index.php(79): CodeIgniter\CodeIgniter->run()
