CRITICAL - 2023-11-22 01:34:28 --> Undefined property: App\Controllers\Admin::$userRow
in APPPATH\Controllers\Admin.php on line 67.
 1 APPPATH\Controllers\Admin.php(67): CodeIgniter\Debug\Exceptions->errorHandler(2, 'Undefined property: App\\Controllers\\Admin::$userRow', 'C:\\xampp\\new xampp\\htdocs\\lmv1\\app\\Controllers\\Admin.php', 67)
 2 APPPATH\Controllers\Admin.php(377): App\Controllers\Admin->header('Production List')
 3 SYSTEMPATH\CodeIgniter.php(919): App\Controllers\Admin->productionlist()
 4 SYSTEMPATH\CodeIgniter.php(494): CodeIgniter\CodeIgniter->runController(Object(App\Controllers\Admin))
 5 SYSTEMPATH\CodeIgniter.php(353): CodeIgniter\CodeIgniter->handleRequest(null, Object(Config\Cache), false)
 6 FCPATH\index.php(79): CodeIgniter\CodeIgniter->run()
CRITICAL - 2023-11-22 01:34:33 --> Undefined property: App\Controllers\Admin::$userRow
in APPPATH\Controllers\Admin.php on line 67.
 1 APPPATH\Controllers\Admin.php(67): CodeIgniter\Debug\Exceptions->errorHandler(2, 'Undefined property: App\\Controllers\\Admin::$userRow', 'C:\\xampp\\new xampp\\htdocs\\lmv1\\app\\Controllers\\Admin.php', 67)
 2 APPPATH\Controllers\Admin.php(377): App\Controllers\Admin->header('Production List')
 3 SYSTEMPATH\CodeIgniter.php(919): App\Controllers\Admin->productionlist()
 4 SYSTEMPATH\CodeIgniter.php(494): CodeIgniter\CodeIgniter->runController(Object(App\Controllers\Admin))
 5 SYSTEMPATH\CodeIgniter.php(353): CodeIgniter\CodeIgniter->handleRequest(null, Object(Config\Cache), false)
 6 FCPATH\index.php(79): CodeIgniter\CodeIgniter->run()
CRITICAL - 2023-11-22 02:07:46 --> Undefined array key "total_value"
in APPPATH\Views\production\productionlist.php on line 44.
 1 APPPATH\Views\production\productionlist.php(44): CodeIgniter\Debug\Exceptions->errorHandler(2, 'Undefined array key "total_value"', 'C:\\xampp\\new xampp\\htdocs\\lmv1\\app\\Views\\production\\productionlist.php', 44)
 2 SYSTEMPATH\View\View.php(226): include('C:\\xampp\\new xampp\\htdocs\\lmv1\\app\\Views\\production\\productionlist.php')
 3 SYSTEMPATH\View\View.php(229): CodeIgniter\View\View->CodeIgniter\View\{closure}()
 4 SYSTEMPATH\Common.php(1188): CodeIgniter\View\View->render('production/productionlist', [], true)
 5 APPPATH\Controllers\Admin.php(377): view('production/productionlist', [...])
 6 SYSTEMPATH\CodeIgniter.php(919): App\Controllers\Admin->productionlist()
 7 SYSTEMPATH\CodeIgniter.php(494): CodeIgniter\CodeIgniter->runController(Object(App\Controllers\Admin))
 8 SYSTEMPATH\CodeIgniter.php(353): CodeIgniter\CodeIgniter->handleRequest(null, Object(Config\Cache), false)
 9 FCPATH\index.php(79): CodeIgniter\CodeIgniter->run()
CRITICAL - 2023-11-22 02:09:33 --> Undefined array key "total_value"
in APPPATH\Views\production\productionlist.php on line 44.
 1 APPPATH\Views\production\productionlist.php(44): CodeIgniter\Debug\Exceptions->errorHandler(2, 'Undefined array key "total_value"', 'C:\\xampp\\new xampp\\htdocs\\lmv1\\app\\Views\\production\\productionlist.php', 44)
 2 SYSTEMPATH\View\View.php(226): include('C:\\xampp\\new xampp\\htdocs\\lmv1\\app\\Views\\production\\productionlist.php')
 3 SYSTEMPATH\View\View.php(229): CodeIgniter\View\View->CodeIgniter\View\{closure}()
 4 SYSTEMPATH\Common.php(1188): CodeIgniter\View\View->render('production/productionlist', [], true)
 5 APPPATH\Controllers\Admin.php(377): view('production/productionlist', [...])
 6 SYSTEMPATH\CodeIgniter.php(919): App\Controllers\Admin->productionlist()
 7 SYSTEMPATH\CodeIgniter.php(494): CodeIgniter\CodeIgniter->runController(Object(App\Controllers\Admin))
 8 SYSTEMPATH\CodeIgniter.php(353): CodeIgniter\CodeIgniter->handleRequest(null, Object(Config\Cache), false)
 9 FCPATH\index.php(79): CodeIgniter\CodeIgniter->run()
CRITICAL - 2023-11-22 02:09:35 --> Undefined array key "total_value"
in APPPATH\Views\production\productionlist.php on line 44.
 1 APPPATH\Views\production\productionlist.php(44): CodeIgniter\Debug\Exceptions->errorHandler(2, 'Undefined array key "total_value"', 'C:\\xampp\\new xampp\\htdocs\\lmv1\\app\\Views\\production\\productionlist.php', 44)
 2 SYSTEMPATH\View\View.php(226): include('C:\\xampp\\new xampp\\htdocs\\lmv1\\app\\Views\\production\\productionlist.php')
 3 SYSTEMPATH\View\View.php(229): CodeIgniter\View\View->CodeIgniter\View\{closure}()
 4 SYSTEMPATH\Common.php(1188): CodeIgniter\View\View->render('production/productionlist', [], true)
 5 APPPATH\Controllers\Admin.php(377): view('production/productionlist', [...])
 6 SYSTEMPATH\CodeIgniter.php(919): App\Controllers\Admin->productionlist()
 7 SYSTEMPATH\CodeIgniter.php(494): CodeIgniter\CodeIgniter->runController(Object(App\Controllers\Admin))
 8 SYSTEMPATH\CodeIgniter.php(353): CodeIgniter\CodeIgniter->handleRequest(null, Object(Config\Cache), false)
 9 FCPATH\index.php(79): CodeIgniter\CodeIgniter->run()
CRITICAL - 2023-11-22 02:09:44 --> Undefined array key "total_value"
in APPPATH\Views\production\productionlist.php on line 44.
 1 APPPATH\Views\production\productionlist.php(44): CodeIgniter\Debug\Exceptions->errorHandler(2, 'Undefined array key "total_value"', 'C:\\xampp\\new xampp\\htdocs\\lmv1\\app\\Views\\production\\productionlist.php', 44)
 2 SYSTEMPATH\View\View.php(226): include('C:\\xampp\\new xampp\\htdocs\\lmv1\\app\\Views\\production\\productionlist.php')
 3 SYSTEMPATH\View\View.php(229): CodeIgniter\View\View->CodeIgniter\View\{closure}()
 4 SYSTEMPATH\Common.php(1188): CodeIgniter\View\View->render('production/productionlist', [], true)
 5 APPPATH\Controllers\Admin.php(377): view('production/productionlist', [...])
 6 SYSTEMPATH\CodeIgniter.php(919): App\Controllers\Admin->productionlist()
 7 SYSTEMPATH\CodeIgniter.php(494): CodeIgniter\CodeIgniter->runController(Object(App\Controllers\Admin))
 8 SYSTEMPATH\CodeIgniter.php(353): CodeIgniter\CodeIgniter->handleRequest(null, Object(Config\Cache), false)
 9 FCPATH\index.php(79): CodeIgniter\CodeIgniter->run()
CRITICAL - 2023-11-22 02:14:34 --> Undefined array key "total_value"
in APPPATH\Views\production\productionlist.php on line 44.
 1 APPPATH\Views\production\productionlist.php(44): CodeIgniter\Debug\Exceptions->errorHandler(2, 'Undefined array key "total_value"', 'C:\\xampp\\new xampp\\htdocs\\lmv1\\app\\Views\\production\\productionlist.php', 44)
 2 SYSTEMPATH\View\View.php(226): include('C:\\xampp\\new xampp\\htdocs\\lmv1\\app\\Views\\production\\productionlist.php')
 3 SYSTEMPATH\View\View.php(229): CodeIgniter\View\View->CodeIgniter\View\{closure}()
 4 SYSTEMPATH\Common.php(1188): CodeIgniter\View\View->render('production/productionlist', [], true)
 5 APPPATH\Controllers\Admin.php(377): view('production/productionlist', [...])
 6 SYSTEMPATH\CodeIgniter.php(919): App\Controllers\Admin->productionlist()
 7 SYSTEMPATH\CodeIgniter.php(494): CodeIgniter\CodeIgniter->runController(Object(App\Controllers\Admin))
 8 SYSTEMPATH\CodeIgniter.php(353): CodeIgniter\CodeIgniter->handleRequest(null, Object(Config\Cache), false)
 9 FCPATH\index.php(79): CodeIgniter\CodeIgniter->run()
CRITICAL - 2023-11-22 02:14:47 --> syntax error, unexpected identifier "total_value", expecting "," or ";"
in APPPATH\Views\production\productionlist.php on line 44.
 1 SYSTEMPATH\View\View.php(229): CodeIgniter\View\View->CodeIgniter\View\{closure}()
 2 SYSTEMPATH\Common.php(1188): CodeIgniter\View\View->render('production/productionlist', [], true)
 3 APPPATH\Controllers\Admin.php(377): view('production/productionlist', [...])
 4 SYSTEMPATH\CodeIgniter.php(919): App\Controllers\Admin->productionlist()
 5 SYSTEMPATH\CodeIgniter.php(494): CodeIgniter\CodeIgniter->runController(Object(App\Controllers\Admin))
 6 SYSTEMPATH\CodeIgniter.php(353): CodeIgniter\CodeIgniter->handleRequest(null, Object(Config\Cache), false)
 7 FCPATH\index.php(79): CodeIgniter\CodeIgniter->run()
CRITICAL - 2023-11-22 02:15:52 --> syntax error, unexpected identifier "id", expecting "," or ";"
in APPPATH\Views\production\productionlist.php on line 40.
 1 SYSTEMPATH\View\View.php(229): CodeIgniter\View\View->CodeIgniter\View\{closure}()
 2 SYSTEMPATH\Common.php(1188): CodeIgniter\View\View->render('production/productionlist', [], true)
 3 APPPATH\Controllers\Admin.php(377): view('production/productionlist', [...])
 4 SYSTEMPATH\CodeIgniter.php(919): App\Controllers\Admin->productionlist()
 5 SYSTEMPATH\CodeIgniter.php(494): CodeIgniter\CodeIgniter->runController(Object(App\Controllers\Admin))
 6 SYSTEMPATH\CodeIgniter.php(353): CodeIgniter\CodeIgniter->handleRequest(null, Object(Config\Cache), false)
 7 FCPATH\index.php(79): CodeIgniter\CodeIgniter->run()
CRITICAL - 2023-11-22 02:18:15 --> syntax error, unexpected token "<"
in APPPATH\Views\production\productionlist.php on line 50.
 1 SYSTEMPATH\View\View.php(229): CodeIgniter\View\View->CodeIgniter\View\{closure}()
 2 SYSTEMPATH\Common.php(1188): CodeIgniter\View\View->render('production/productionlist', [], true)
 3 APPPATH\Controllers\Admin.php(377): view('production/productionlist', [...])
 4 SYSTEMPATH\CodeIgniter.php(919): App\Controllers\Admin->productionlist()
 5 SYSTEMPATH\CodeIgniter.php(494): CodeIgniter\CodeIgniter->runController(Object(App\Controllers\Admin))
 6 SYSTEMPATH\CodeIgniter.php(353): CodeIgniter\CodeIgniter->handleRequest(null, Object(Config\Cache), false)
 7 FCPATH\index.php(79): CodeIgniter\CodeIgniter->run()
CRITICAL - 2023-11-22 02:18:17 --> syntax error, unexpected token "<"
in APPPATH\Views\production\productionlist.php on line 50.
 1 SYSTEMPATH\View\View.php(229): CodeIgniter\View\View->CodeIgniter\View\{closure}()
 2 SYSTEMPATH\Common.php(1188): CodeIgniter\View\View->render('production/productionlist', [], true)
 3 APPPATH\Controllers\Admin.php(377): view('production/productionlist', [...])
 4 SYSTEMPATH\CodeIgniter.php(919): App\Controllers\Admin->productionlist()
 5 SYSTEMPATH\CodeIgniter.php(494): CodeIgniter\CodeIgniter->runController(Object(App\Controllers\Admin))
 6 SYSTEMPATH\CodeIgniter.php(353): CodeIgniter\CodeIgniter->handleRequest(null, Object(Config\Cache), false)
 7 FCPATH\index.php(79): CodeIgniter\CodeIgniter->run()
CRITICAL - 2023-11-22 02:19:14 --> Undefined variable $conn
in APPPATH\Views\production\productionlist.php on line 40.
 1 APPPATH\Views\production\productionlist.php(40): CodeIgniter\Debug\Exceptions->errorHandler(2, 'Undefined variable $conn', 'C:\\xampp\\new xampp\\htdocs\\lmv1\\app\\Views\\production\\productionlist.php', 40)
 2 SYSTEMPATH\View\View.php(226): include('C:\\xampp\\new xampp\\htdocs\\lmv1\\app\\Views\\production\\productionlist.php')
 3 SYSTEMPATH\View\View.php(229): CodeIgniter\View\View->CodeIgniter\View\{closure}()
 4 SYSTEMPATH\Common.php(1188): CodeIgniter\View\View->render('production/productionlist', [], true)
 5 APPPATH\Controllers\Admin.php(377): view('production/productionlist', [...])
 6 SYSTEMPATH\CodeIgniter.php(919): App\Controllers\Admin->productionlist()
 7 SYSTEMPATH\CodeIgniter.php(494): CodeIgniter\CodeIgniter->runController(Object(App\Controllers\Admin))
 8 SYSTEMPATH\CodeIgniter.php(353): CodeIgniter\CodeIgniter->handleRequest(null, Object(Config\Cache), false)
 9 FCPATH\index.php(79): CodeIgniter\CodeIgniter->run()
CRITICAL - 2023-11-22 02:31:17 --> Undefined variable $productionModel
in APPPATH\Views\production\productionlist.php on line 39.
 1 APPPATH\Views\production\productionlist.php(39): CodeIgniter\Debug\Exceptions->errorHandler(2, 'Undefined variable $productionModel', 'C:\\xampp\\new xampp\\htdocs\\lmv1\\app\\Views\\production\\productionlist.php', 39)
 2 SYSTEMPATH\View\View.php(226): include('C:\\xampp\\new xampp\\htdocs\\lmv1\\app\\Views\\production\\productionlist.php')
 3 SYSTEMPATH\View\View.php(229): CodeIgniter\View\View->CodeIgniter\View\{closure}()
 4 SYSTEMPATH\Common.php(1188): CodeIgniter\View\View->render('production/productionlist', [], true)
 5 APPPATH\Controllers\Admin.php(377): view('production/productionlist', [...])
 6 SYSTEMPATH\CodeIgniter.php(919): App\Controllers\Admin->productionlist()
 7 SYSTEMPATH\CodeIgniter.php(494): CodeIgniter\CodeIgniter->runController(Object(App\Controllers\Admin))
 8 SYSTEMPATH\CodeIgniter.php(353): CodeIgniter\CodeIgniter->handleRequest(null, Object(Config\Cache), false)
 9 FCPATH\index.php(79): CodeIgniter\CodeIgniter->run()
CRITICAL - 2023-11-22 02:31:19 --> Undefined variable $productionModel
in APPPATH\Views\production\productionlist.php on line 39.
 1 APPPATH\Views\production\productionlist.php(39): CodeIgniter\Debug\Exceptions->errorHandler(2, 'Undefined variable $productionModel', 'C:\\xampp\\new xampp\\htdocs\\lmv1\\app\\Views\\production\\productionlist.php', 39)
 2 SYSTEMPATH\View\View.php(226): include('C:\\xampp\\new xampp\\htdocs\\lmv1\\app\\Views\\production\\productionlist.php')
 3 SYSTEMPATH\View\View.php(229): CodeIgniter\View\View->CodeIgniter\View\{closure}()
 4 SYSTEMPATH\Common.php(1188): CodeIgniter\View\View->render('production/productionlist', [], true)
 5 APPPATH\Controllers\Admin.php(377): view('production/productionlist', [...])
 6 SYSTEMPATH\CodeIgniter.php(919): App\Controllers\Admin->productionlist()
 7 SYSTEMPATH\CodeIgniter.php(494): CodeIgniter\CodeIgniter->runController(Object(App\Controllers\Admin))
 8 SYSTEMPATH\CodeIgniter.php(353): CodeIgniter\CodeIgniter->handleRequest(null, Object(Config\Cache), false)
 9 FCPATH\index.php(79): CodeIgniter\CodeIgniter->run()
CRITICAL - 2023-11-22 02:33:13 --> Undefined variable $productModel
in APPPATH\Views\production\productionlist.php on line 39.
 1 APPPATH\Views\production\productionlist.php(39): CodeIgniter\Debug\Exceptions->errorHandler(2, 'Undefined variable $productModel', 'C:\\xampp\\new xampp\\htdocs\\lmv1\\app\\Views\\production\\productionlist.php', 39)
 2 SYSTEMPATH\View\View.php(226): include('C:\\xampp\\new xampp\\htdocs\\lmv1\\app\\Views\\production\\productionlist.php')
 3 SYSTEMPATH\View\View.php(229): CodeIgniter\View\View->CodeIgniter\View\{closure}()
 4 SYSTEMPATH\Common.php(1188): CodeIgniter\View\View->render('production/productionlist', [], true)
 5 APPPATH\Controllers\Admin.php(377): view('production/productionlist', [...])
 6 SYSTEMPATH\CodeIgniter.php(919): App\Controllers\Admin->productionlist()
 7 SYSTEMPATH\CodeIgniter.php(494): CodeIgniter\CodeIgniter->runController(Object(App\Controllers\Admin))
 8 SYSTEMPATH\CodeIgniter.php(353): CodeIgniter\CodeIgniter->handleRequest(null, Object(Config\Cache), false)
 9 FCPATH\index.php(79): CodeIgniter\CodeIgniter->run()
CRITICAL - 2023-11-22 02:39:15 --> Undefined variable $productModel
in APPPATH\Views\production\productionlist.php on line 40.
 1 APPPATH\Views\production\productionlist.php(40): CodeIgniter\Debug\Exceptions->errorHandler(2, 'Undefined variable $productModel', 'C:\\xampp\\new xampp\\htdocs\\lmv1\\app\\Views\\production\\productionlist.php', 40)
 2 SYSTEMPATH\View\View.php(226): include('C:\\xampp\\new xampp\\htdocs\\lmv1\\app\\Views\\production\\productionlist.php')
 3 SYSTEMPATH\View\View.php(229): CodeIgniter\View\View->CodeIgniter\View\{closure}()
 4 SYSTEMPATH\Common.php(1188): CodeIgniter\View\View->render('production/productionlist', [], true)
 5 APPPATH\Controllers\Admin.php(377): view('production/productionlist', [...])
 6 SYSTEMPATH\CodeIgniter.php(919): App\Controllers\Admin->productionlist()
 7 SYSTEMPATH\CodeIgniter.php(494): CodeIgniter\CodeIgniter->runController(Object(App\Controllers\Admin))
 8 SYSTEMPATH\CodeIgniter.php(353): CodeIgniter\CodeIgniter->handleRequest(null, Object(Config\Cache), false)
 9 FCPATH\index.php(79): CodeIgniter\CodeIgniter->run()
CRITICAL - 2023-11-22 02:39:16 --> Undefined variable $productModel
in APPPATH\Views\production\productionlist.php on line 40.
 1 APPPATH\Views\production\productionlist.php(40): CodeIgniter\Debug\Exceptions->errorHandler(2, 'Undefined variable $productModel', 'C:\\xampp\\new xampp\\htdocs\\lmv1\\app\\Views\\production\\productionlist.php', 40)
 2 SYSTEMPATH\View\View.php(226): include('C:\\xampp\\new xampp\\htdocs\\lmv1\\app\\Views\\production\\productionlist.php')
 3 SYSTEMPATH\View\View.php(229): CodeIgniter\View\View->CodeIgniter\View\{closure}()
 4 SYSTEMPATH\Common.php(1188): CodeIgniter\View\View->render('production/productionlist', [], true)
 5 APPPATH\Controllers\Admin.php(377): view('production/productionlist', [...])
 6 SYSTEMPATH\CodeIgniter.php(919): App\Controllers\Admin->productionlist()
 7 SYSTEMPATH\CodeIgniter.php(494): CodeIgniter\CodeIgniter->runController(Object(App\Controllers\Admin))
 8 SYSTEMPATH\CodeIgniter.php(353): CodeIgniter\CodeIgniter->handleRequest(null, Object(Config\Cache), false)
 9 FCPATH\index.php(79): CodeIgniter\CodeIgniter->run()
CRITICAL - 2023-11-22 02:40:02 --> Undefined variable $productModel
in APPPATH\Views\production\productionlist.php on line 40.
 1 APPPATH\Views\production\productionlist.php(40): CodeIgniter\Debug\Exceptions->errorHandler(2, 'Undefined variable $productModel', 'C:\\xampp\\new xampp\\htdocs\\lmv1\\app\\Views\\production\\productionlist.php', 40)
 2 SYSTEMPATH\View\View.php(226): include('C:\\xampp\\new xampp\\htdocs\\lmv1\\app\\Views\\production\\productionlist.php')
 3 SYSTEMPATH\View\View.php(229): CodeIgniter\View\View->CodeIgniter\View\{closure}()
 4 SYSTEMPATH\Common.php(1188): CodeIgniter\View\View->render('production/productionlist', [], true)
 5 APPPATH\Controllers\Admin.php(377): view('production/productionlist', [...])
 6 SYSTEMPATH\CodeIgniter.php(919): App\Controllers\Admin->productionlist()
 7 SYSTEMPATH\CodeIgniter.php(494): CodeIgniter\CodeIgniter->runController(Object(App\Controllers\Admin))
 8 SYSTEMPATH\CodeIgniter.php(353): CodeIgniter\CodeIgniter->handleRequest(null, Object(Config\Cache), false)
 9 FCPATH\index.php(79): CodeIgniter\CodeIgniter->run()
CRITICAL - 2023-11-22 02:40:12 --> Undefined variable $productionModel
in APPPATH\Views\production\productionlist.php on line 39.
 1 APPPATH\Views\production\productionlist.php(39): CodeIgniter\Debug\Exceptions->errorHandler(2, 'Undefined variable $productionModel', 'C:\\xampp\\new xampp\\htdocs\\lmv1\\app\\Views\\production\\productionlist.php', 39)
 2 SYSTEMPATH\View\View.php(226): include('C:\\xampp\\new xampp\\htdocs\\lmv1\\app\\Views\\production\\productionlist.php')
 3 SYSTEMPATH\View\View.php(229): CodeIgniter\View\View->CodeIgniter\View\{closure}()
 4 SYSTEMPATH\Common.php(1188): CodeIgniter\View\View->render('production/productionlist', [], true)
 5 APPPATH\Controllers\Admin.php(377): view('production/productionlist', [...])
 6 SYSTEMPATH\CodeIgniter.php(919): App\Controllers\Admin->productionlist()
 7 SYSTEMPATH\CodeIgniter.php(494): CodeIgniter\CodeIgniter->runController(Object(App\Controllers\Admin))
 8 SYSTEMPATH\CodeIgniter.php(353): CodeIgniter\CodeIgniter->handleRequest(null, Object(Config\Cache), false)
 9 FCPATH\index.php(79): CodeIgniter\CodeIgniter->run()
CRITICAL - 2023-11-22 03:18:14 --> Call to undefined method App\Models\productionModel::sum
in SYSTEMPATH\Model.php on line 873.
 1 APPPATH\Views\production\productionlist.php(39): CodeIgniter\Model->__call('sum', [...])
 2 SYSTEMPATH\View\View.php(226): include('C:\\xampp\\new xampp\\htdocs\\lmv1\\app\\Views\\production\\productionlist.php')
 3 SYSTEMPATH\View\View.php(229): CodeIgniter\View\View->CodeIgniter\View\{closure}()
 4 SYSTEMPATH\Common.php(1188): CodeIgniter\View\View->render('production/productionlist', [], true)
 5 APPPATH\Controllers\Admin.php(378): view('production/productionlist', [...])
 6 SYSTEMPATH\CodeIgniter.php(919): App\Controllers\Admin->productionlist()
 7 SYSTEMPATH\CodeIgniter.php(494): CodeIgniter\CodeIgniter->runController(Object(App\Controllers\Admin))
 8 SYSTEMPATH\CodeIgniter.php(353): CodeIgniter\CodeIgniter->handleRequest(null, Object(Config\Cache), false)
 9 FCPATH\index.php(79): CodeIgniter\CodeIgniter->run()
CRITICAL - 2023-11-22 03:35:16 --> Cannot use object of type App\Models\productionModel as array
in APPPATH\Controllers\Admin.php on line 377.
 1 SYSTEMPATH\CodeIgniter.php(919): App\Controllers\Admin->productionlist()
 2 SYSTEMPATH\CodeIgniter.php(494): CodeIgniter\CodeIgniter->runController(Object(App\Controllers\Admin))
 3 SYSTEMPATH\CodeIgniter.php(353): CodeIgniter\CodeIgniter->handleRequest(null, Object(Config\Cache), false)
 4 FCPATH\index.php(79): CodeIgniter\CodeIgniter->run()
CRITICAL - 2023-11-22 03:36:01 --> Undefined variable $productionModel
in APPPATH\Views\production\productionlist.php on line 39.
 1 APPPATH\Views\production\productionlist.php(39): CodeIgniter\Debug\Exceptions->errorHandler(2, 'Undefined variable $productionModel', 'C:\\xampp\\new xampp\\htdocs\\lmv1\\app\\Views\\production\\productionlist.php', 39)
 2 SYSTEMPATH\View\View.php(226): include('C:\\xampp\\new xampp\\htdocs\\lmv1\\app\\Views\\production\\productionlist.php')
 3 SYSTEMPATH\View\View.php(229): CodeIgniter\View\View->CodeIgniter\View\{closure}()
 4 SYSTEMPATH\Common.php(1188): CodeIgniter\View\View->render('production/productionlist', [], true)
 5 APPPATH\Controllers\Admin.php(377): view('production/productionlist', [...])
 6 SYSTEMPATH\CodeIgniter.php(919): App\Controllers\Admin->productionlist()
 7 SYSTEMPATH\CodeIgniter.php(494): CodeIgniter\CodeIgniter->runController(Object(App\Controllers\Admin))
 8 SYSTEMPATH\CodeIgniter.php(353): CodeIgniter\CodeIgniter->handleRequest(null, Object(Config\Cache), false)
 9 FCPATH\index.php(79): CodeIgniter\CodeIgniter->run()
CRITICAL - 2023-11-22 03:38:56 --> Call to undefined method App\Models\productModel::sum
in SYSTEMPATH\Model.php on line 873.
 1 APPPATH\Views\production\productionlist.php(39): CodeIgniter\Model->__call('sum', [...])
 2 SYSTEMPATH\View\View.php(226): include('C:\\xampp\\new xampp\\htdocs\\lmv1\\app\\Views\\production\\productionlist.php')
 3 SYSTEMPATH\View\View.php(229): CodeIgniter\View\View->CodeIgniter\View\{closure}()
 4 SYSTEMPATH\Common.php(1188): CodeIgniter\View\View->render('production/productionlist', [], true)
 5 APPPATH\Controllers\Admin.php(379): view('production/productionlist', [...])
 6 SYSTEMPATH\CodeIgniter.php(919): App\Controllers\Admin->productionlist()
 7 SYSTEMPATH\CodeIgniter.php(494): CodeIgniter\CodeIgniter->runController(Object(App\Controllers\Admin))
 8 SYSTEMPATH\CodeIgniter.php(353): CodeIgniter\CodeIgniter->handleRequest(null, Object(Config\Cache), false)
 9 FCPATH\index.php(79): CodeIgniter\CodeIgniter->run()
CRITICAL - 2023-11-22 03:38:59 --> Call to undefined method App\Models\productModel::sum
in SYSTEMPATH\Model.php on line 873.
 1 APPPATH\Views\production\productionlist.php(39): CodeIgniter\Model->__call('sum', [...])
 2 SYSTEMPATH\View\View.php(226): include('C:\\xampp\\new xampp\\htdocs\\lmv1\\app\\Views\\production\\productionlist.php')
 3 SYSTEMPATH\View\View.php(229): CodeIgniter\View\View->CodeIgniter\View\{closure}()
 4 SYSTEMPATH\Common.php(1188): CodeIgniter\View\View->render('production/productionlist', [], true)
 5 APPPATH\Controllers\Admin.php(379): view('production/productionlist', [...])
 6 SYSTEMPATH\CodeIgniter.php(919): App\Controllers\Admin->productionlist()
 7 SYSTEMPATH\CodeIgniter.php(494): CodeIgniter\CodeIgniter->runController(Object(App\Controllers\Admin))
 8 SYSTEMPATH\CodeIgniter.php(353): CodeIgniter\CodeIgniter->handleRequest(null, Object(Config\Cache), false)
 9 FCPATH\index.php(79): CodeIgniter\CodeIgniter->run()
CRITICAL - 2023-11-22 03:41:34 --> Undefined variable $productModel
in APPPATH\Views\production\productionlist.php on line 40.
 1 APPPATH\Views\production\productionlist.php(40): CodeIgniter\Debug\Exceptions->errorHandler(2, 'Undefined variable $productModel', 'C:\\xampp\\new xampp\\htdocs\\lmv1\\app\\Views\\production\\productionlist.php', 40)
 2 SYSTEMPATH\View\View.php(226): include('C:\\xampp\\new xampp\\htdocs\\lmv1\\app\\Views\\production\\productionlist.php')
 3 SYSTEMPATH\View\View.php(229): CodeIgniter\View\View->CodeIgniter\View\{closure}()
 4 SYSTEMPATH\Common.php(1188): CodeIgniter\View\View->render('production/productionlist', [], true)
 5 APPPATH\Controllers\Admin.php(379): view('production/productionlist', [...])
 6 SYSTEMPATH\CodeIgniter.php(919): App\Controllers\Admin->productionlist()
 7 SYSTEMPATH\CodeIgniter.php(494): CodeIgniter\CodeIgniter->runController(Object(App\Controllers\Admin))
 8 SYSTEMPATH\CodeIgniter.php(353): CodeIgniter\CodeIgniter->handleRequest(null, Object(Config\Cache), false)
 9 FCPATH\index.php(79): CodeIgniter\CodeIgniter->run()
ERROR - 2023-11-22 03:42:20 --> mysqli_sql_exception: Unknown column 'new' in 'field list' in C:\xampp\new xampp\htdocs\lmv1\system\Database\MySQLi\Connection.php:306
Stack trace:
#0 C:\xampp\new xampp\htdocs\lmv1\system\Database\MySQLi\Connection.php(306): mysqli->query('SELECT SUM(`new...', 0)
#1 C:\xampp\new xampp\htdocs\lmv1\system\Database\BaseConnection.php(692): CodeIgniter\Database\MySQLi\Connection->execute('SELECT SUM(`new...')
#2 C:\xampp\new xampp\htdocs\lmv1\system\Database\BaseConnection.php(606): CodeIgniter\Database\BaseConnection->simpleQuery('SELECT SUM(`new...')
#3 C:\xampp\new xampp\htdocs\lmv1\system\Database\BaseBuilder.php(1615): CodeIgniter\Database\BaseConnection->query('SELECT SUM(`new...', Array, false)
#4 C:\xampp\new xampp\htdocs\lmv1\system\Model.php(871): CodeIgniter\Database\BaseBuilder->get()
#5 C:\xampp\new xampp\htdocs\lmv1\app\Views\production\productionlist.php(42): CodeIgniter\Model->__call('get', Array)
#6 C:\xampp\new xampp\htdocs\lmv1\system\View\View.php(226): include('C:\\xampp\\new xa...')
#7 C:\xampp\new xampp\htdocs\lmv1\system\View\View.php(229): CodeIgniter\View\View->CodeIgniter\View\{closure}()
#8 C:\xampp\new xampp\htdocs\lmv1\system\Common.php(1188): CodeIgniter\View\View->render('production/prod...', Array, true)
#9 C:\xampp\new xampp\htdocs\lmv1\app\Controllers\Admin.php(379): view('production/prod...', Array)
#10 C:\xampp\new xampp\htdocs\lmv1\system\CodeIgniter.php(919): App\Controllers\Admin->productionlist()
#11 C:\xampp\new xampp\htdocs\lmv1\system\CodeIgniter.php(494): CodeIgniter\CodeIgniter->runController(Object(App\Controllers\Admin))
#12 C:\xampp\new xampp\htdocs\lmv1\system\CodeIgniter.php(353): CodeIgniter\CodeIgniter->handleRequest(NULL, Object(Config\Cache), false)
#13 C:\xampp\new xampp\htdocs\lmv1\index.php(79): CodeIgniter\CodeIgniter->run()
#14 {main}
CRITICAL - 2023-11-22 03:42:20 --> Unknown column 'new' in 'field list'
in SYSTEMPATH\Database\BaseConnection.php on line 646.
 1 SYSTEMPATH\Database\BaseBuilder.php(1615): CodeIgniter\Database\BaseConnection->query('SELECT SUM(`new`) AS `new`
FROM `products`
WHERE `product` = :product:', [...], false)
 2 SYSTEMPATH\Model.php(871): CodeIgniter\Database\BaseBuilder->get()
 3 APPPATH\Views\production\productionlist.php(42): CodeIgniter\Model->__call('get', [])
 4 SYSTEMPATH\View\View.php(226): include('C:\\xampp\\new xampp\\htdocs\\lmv1\\app\\Views\\production\\productionlist.php')
 5 SYSTEMPATH\View\View.php(229): CodeIgniter\View\View->CodeIgniter\View\{closure}()
 6 SYSTEMPATH\Common.php(1188): CodeIgniter\View\View->render('production/productionlist', [], true)
 7 APPPATH\Controllers\Admin.php(379): view('production/productionlist', [...])
 8 SYSTEMPATH\CodeIgniter.php(919): App\Controllers\Admin->productionlist()
 9 SYSTEMPATH\CodeIgniter.php(494): CodeIgniter\CodeIgniter->runController(Object(App\Controllers\Admin))
10 SYSTEMPATH\CodeIgniter.php(353): CodeIgniter\CodeIgniter->handleRequest(null, Object(Config\Cache), false)
11 FCPATH\index.php(79): CodeIgniter\CodeIgniter->run()
ERROR - 2023-11-22 03:50:14 --> mysqli_sql_exception: You have an error in your SQL syntax; check the manual that corresponds to your MariaDB server version for the right syntax to use near 'as total) AS (new-dispatch)as total
FROM `production`
WHERE `product` = '20'' at line 1 in C:\xampp\new xampp\htdocs\lmv1\system\Database\MySQLi\Connection.php:306
Stack trace:
#0 C:\xampp\new xampp\htdocs\lmv1\system\Database\MySQLi\Connection.php(306): mysqli->query('SELECT SUM((new...', 0)
#1 C:\xampp\new xampp\htdocs\lmv1\system\Database\BaseConnection.php(692): CodeIgniter\Database\MySQLi\Connection->execute('SELECT SUM((new...')
#2 C:\xampp\new xampp\htdocs\lmv1\system\Database\BaseConnection.php(606): CodeIgniter\Database\BaseConnection->simpleQuery('SELECT SUM((new...')
#3 C:\xampp\new xampp\htdocs\lmv1\system\Database\BaseBuilder.php(1615): CodeIgniter\Database\BaseConnection->query('SELECT SUM((new...', Array, false)
#4 C:\xampp\new xampp\htdocs\lmv1\system\Model.php(871): CodeIgniter\Database\BaseBuilder->get()
#5 C:\xampp\new xampp\htdocs\lmv1\app\Views\production\productionlist.php(42): CodeIgniter\Model->__call('get', Array)
#6 C:\xampp\new xampp\htdocs\lmv1\system\View\View.php(226): include('C:\\xampp\\new xa...')
#7 C:\xampp\new xampp\htdocs\lmv1\system\View\View.php(229): CodeIgniter\View\View->CodeIgniter\View\{closure}()
#8 C:\xampp\new xampp\htdocs\lmv1\system\Common.php(1188): CodeIgniter\View\View->render('production/prod...', Array, true)
#9 C:\xampp\new xampp\htdocs\lmv1\app\Controllers\Admin.php(378): view('production/prod...', Array)
#10 C:\xampp\new xampp\htdocs\lmv1\system\CodeIgniter.php(919): App\Controllers\Admin->productionlist()
#11 C:\xampp\new xampp\htdocs\lmv1\system\CodeIgniter.php(494): CodeIgniter\CodeIgniter->runController(Object(App\Controllers\Admin))
#12 C:\xampp\new xampp\htdocs\lmv1\system\CodeIgniter.php(353): CodeIgniter\CodeIgniter->handleRequest(NULL, Object(Config\Cache), false)
#13 C:\xampp\new xampp\htdocs\lmv1\index.php(79): CodeIgniter\CodeIgniter->run()
#14 {main}
CRITICAL - 2023-11-22 03:50:14 --> You have an error in your SQL syntax; check the manual that corresponds to your MariaDB server version for the right syntax to use near 'as total) AS (new-dispatch)as total
FROM `production`
WHERE `product` = '20'' at line 1
in SYSTEMPATH\Database\BaseConnection.php on line 646.
 1 SYSTEMPATH\Database\BaseBuilder.php(1615): CodeIgniter\Database\BaseConnection->query('SELECT SUM((new-dispatch)as total) AS (new-dispatch)as total
FROM `production`
WHERE `product` = :product:', [...], false)
 2 SYSTEMPATH\Model.php(871): CodeIgniter\Database\BaseBuilder->get()
 3 APPPATH\Views\production\productionlist.php(42): CodeIgniter\Model->__call('get', [])
 4 SYSTEMPATH\View\View.php(226): include('C:\\xampp\\new xampp\\htdocs\\lmv1\\app\\Views\\production\\productionlist.php')
 5 SYSTEMPATH\View\View.php(229): CodeIgniter\View\View->CodeIgniter\View\{closure}()
 6 SYSTEMPATH\Common.php(1188): CodeIgniter\View\View->render('production/productionlist', [], true)
 7 APPPATH\Controllers\Admin.php(378): view('production/productionlist', [...])
 8 SYSTEMPATH\CodeIgniter.php(919): App\Controllers\Admin->productionlist()
 9 SYSTEMPATH\CodeIgniter.php(494): CodeIgniter\CodeIgniter->runController(Object(App\Controllers\Admin))
10 SYSTEMPATH\CodeIgniter.php(353): CodeIgniter\CodeIgniter->handleRequest(null, Object(Config\Cache), false)
11 FCPATH\index.php(79): CodeIgniter\CodeIgniter->run()
CRITICAL - 2023-11-22 03:51:10 --> Undefined variable $productModel
in APPPATH\Views\production\productionlist.php on line 40.
 1 APPPATH\Views\production\productionlist.php(40): CodeIgniter\Debug\Exceptions->errorHandler(2, 'Undefined variable $productModel', 'C:\\xampp\\new xampp\\htdocs\\lmv1\\app\\Views\\production\\productionlist.php', 40)
 2 SYSTEMPATH\View\View.php(226): include('C:\\xampp\\new xampp\\htdocs\\lmv1\\app\\Views\\production\\productionlist.php')
 3 SYSTEMPATH\View\View.php(229): CodeIgniter\View\View->CodeIgniter\View\{closure}()
 4 SYSTEMPATH\Common.php(1188): CodeIgniter\View\View->render('production/productionlist', [], true)
 5 APPPATH\Controllers\Admin.php(378): view('production/productionlist', [...])
 6 SYSTEMPATH\CodeIgniter.php(919): App\Controllers\Admin->productionlist()
 7 SYSTEMPATH\CodeIgniter.php(494): CodeIgniter\CodeIgniter->runController(Object(App\Controllers\Admin))
 8 SYSTEMPATH\CodeIgniter.php(353): CodeIgniter\CodeIgniter->handleRequest(null, Object(Config\Cache), false)
 9 FCPATH\index.php(79): CodeIgniter\CodeIgniter->run()
ERROR - 2023-11-22 03:51:52 --> mysqli_sql_exception: You have an error in your SQL syntax; check the manual that corresponds to your MariaDB server version for the right syntax to use near 'as total) AS (new - dispatch) as total
FROM `production`
WHERE `product` = '20'' at line 1 in C:\xampp\new xampp\htdocs\lmv1\system\Database\MySQLi\Connection.php:306
Stack trace:
#0 C:\xampp\new xampp\htdocs\lmv1\system\Database\MySQLi\Connection.php(306): mysqli->query('SELECT SUM((new...', 0)
#1 C:\xampp\new xampp\htdocs\lmv1\system\Database\BaseConnection.php(692): CodeIgniter\Database\MySQLi\Connection->execute('SELECT SUM((new...')
#2 C:\xampp\new xampp\htdocs\lmv1\system\Database\BaseConnection.php(606): CodeIgniter\Database\BaseConnection->simpleQuery('SELECT SUM((new...')
#3 C:\xampp\new xampp\htdocs\lmv1\system\Database\BaseBuilder.php(1615): CodeIgniter\Database\BaseConnection->query('SELECT SUM((new...', Array, false)
#4 C:\xampp\new xampp\htdocs\lmv1\system\Model.php(871): CodeIgniter\Database\BaseBuilder->get()
#5 C:\xampp\new xampp\htdocs\lmv1\app\Views\production\productionlist.php(42): CodeIgniter\Model->__call('get', Array)
#6 C:\xampp\new xampp\htdocs\lmv1\system\View\View.php(226): include('C:\\xampp\\new xa...')
#7 C:\xampp\new xampp\htdocs\lmv1\system\View\View.php(229): CodeIgniter\View\View->CodeIgniter\View\{closure}()
#8 C:\xampp\new xampp\htdocs\lmv1\system\Common.php(1188): CodeIgniter\View\View->render('production/prod...', Array, true)
#9 C:\xampp\new xampp\htdocs\lmv1\app\Controllers\Admin.php(378): view('production/prod...', Array)
#10 C:\xampp\new xampp\htdocs\lmv1\system\CodeIgniter.php(919): App\Controllers\Admin->productionlist()
#11 C:\xampp\new xampp\htdocs\lmv1\system\CodeIgniter.php(494): CodeIgniter\CodeIgniter->runController(Object(App\Controllers\Admin))
#12 C:\xampp\new xampp\htdocs\lmv1\system\CodeIgniter.php(353): CodeIgniter\CodeIgniter->handleRequest(NULL, Object(Config\Cache), false)
#13 C:\xampp\new xampp\htdocs\lmv1\index.php(79): CodeIgniter\CodeIgniter->run()
#14 {main}
CRITICAL - 2023-11-22 03:51:52 --> You have an error in your SQL syntax; check the manual that corresponds to your MariaDB server version for the right syntax to use near 'as total) AS (new - dispatch) as total
FROM `production`
WHERE `product` = '20'' at line 1
in SYSTEMPATH\Database\BaseConnection.php on line 646.
 1 SYSTEMPATH\Database\BaseBuilder.php(1615): CodeIgniter\Database\BaseConnection->query('SELECT SUM((new - dispatch) as total) AS (new - dispatch) as total
FROM `production`
WHERE `product` = :product:', [...], false)
 2 SYSTEMPATH\Model.php(871): CodeIgniter\Database\BaseBuilder->get()
 3 APPPATH\Views\production\productionlist.php(42): CodeIgniter\Model->__call('get', [])
 4 SYSTEMPATH\View\View.php(226): include('C:\\xampp\\new xampp\\htdocs\\lmv1\\app\\Views\\production\\productionlist.php')
 5 SYSTEMPATH\View\View.php(229): CodeIgniter\View\View->CodeIgniter\View\{closure}()
 6 SYSTEMPATH\Common.php(1188): CodeIgniter\View\View->render('production/productionlist', [], true)
 7 APPPATH\Controllers\Admin.php(378): view('production/productionlist', [...])
 8 SYSTEMPATH\CodeIgniter.php(919): App\Controllers\Admin->productionlist()
 9 SYSTEMPATH\CodeIgniter.php(494): CodeIgniter\CodeIgniter->runController(Object(App\Controllers\Admin))
10 SYSTEMPATH\CodeIgniter.php(353): CodeIgniter\CodeIgniter->handleRequest(null, Object(Config\Cache), false)
11 FCPATH\index.php(79): CodeIgniter\CodeIgniter->run()
ERROR - 2023-11-22 03:53:27 --> mysqli_sql_exception: You have an error in your SQL syntax; check the manual that corresponds to your MariaDB server version for the right syntax to use near 'as total) AS (new - dispatch) as total
FROM `production`
WHERE `product` = '20'' at line 1 in C:\xampp\new xampp\htdocs\lmv1\system\Database\MySQLi\Connection.php:306
Stack trace:
#0 C:\xampp\new xampp\htdocs\lmv1\system\Database\MySQLi\Connection.php(306): mysqli->query('SELECT SUM((new...', 0)
#1 C:\xampp\new xampp\htdocs\lmv1\system\Database\BaseConnection.php(692): CodeIgniter\Database\MySQLi\Connection->execute('SELECT SUM((new...')
#2 C:\xampp\new xampp\htdocs\lmv1\system\Database\BaseConnection.php(606): CodeIgniter\Database\BaseConnection->simpleQuery('SELECT SUM((new...')
#3 C:\xampp\new xampp\htdocs\lmv1\system\Database\BaseBuilder.php(1615): CodeIgniter\Database\BaseConnection->query('SELECT SUM((new...', Array, false)
#4 C:\xampp\new xampp\htdocs\lmv1\system\Model.php(871): CodeIgniter\Database\BaseBuilder->get()
#5 C:\xampp\new xampp\htdocs\lmv1\app\Views\production\productionlist.php(42): CodeIgniter\Model->__call('get', Array)
#6 C:\xampp\new xampp\htdocs\lmv1\system\View\View.php(226): include('C:\\xampp\\new xa...')
#7 C:\xampp\new xampp\htdocs\lmv1\system\View\View.php(229): CodeIgniter\View\View->CodeIgniter\View\{closure}()
#8 C:\xampp\new xampp\htdocs\lmv1\system\Common.php(1188): CodeIgniter\View\View->render('production/prod...', Array, true)
#9 C:\xampp\new xampp\htdocs\lmv1\app\Controllers\Admin.php(378): view('production/prod...', Array)
#10 C:\xampp\new xampp\htdocs\lmv1\system\CodeIgniter.php(919): App\Controllers\Admin->productionlist()
#11 C:\xampp\new xampp\htdocs\lmv1\system\CodeIgniter.php(494): CodeIgniter\CodeIgniter->runController(Object(App\Controllers\Admin))
#12 C:\xampp\new xampp\htdocs\lmv1\system\CodeIgniter.php(353): CodeIgniter\CodeIgniter->handleRequest(NULL, Object(Config\Cache), false)
#13 C:\xampp\new xampp\htdocs\lmv1\index.php(79): CodeIgniter\CodeIgniter->run()
#14 {main}
CRITICAL - 2023-11-22 03:53:27 --> You have an error in your SQL syntax; check the manual that corresponds to your MariaDB server version for the right syntax to use near 'as total) AS (new - dispatch) as total
FROM `production`
WHERE `product` = '20'' at line 1
in SYSTEMPATH\Database\BaseConnection.php on line 646.
 1 SYSTEMPATH\Database\BaseBuilder.php(1615): CodeIgniter\Database\BaseConnection->query('SELECT SUM((new - dispatch) as total) AS (new - dispatch) as total
FROM `production`
WHERE `product` = :product:', [...], false)
 2 SYSTEMPATH\Model.php(871): CodeIgniter\Database\BaseBuilder->get()
 3 APPPATH\Views\production\productionlist.php(42): CodeIgniter\Model->__call('get', [])
 4 SYSTEMPATH\View\View.php(226): include('C:\\xampp\\new xampp\\htdocs\\lmv1\\app\\Views\\production\\productionlist.php')
 5 SYSTEMPATH\View\View.php(229): CodeIgniter\View\View->CodeIgniter\View\{closure}()
 6 SYSTEMPATH\Common.php(1188): CodeIgniter\View\View->render('production/productionlist', [], true)
 7 APPPATH\Controllers\Admin.php(378): view('production/productionlist', [...])
 8 SYSTEMPATH\CodeIgniter.php(919): App\Controllers\Admin->productionlist()
 9 SYSTEMPATH\CodeIgniter.php(494): CodeIgniter\CodeIgniter->runController(Object(App\Controllers\Admin))
10 SYSTEMPATH\CodeIgniter.php(353): CodeIgniter\CodeIgniter->handleRequest(null, Object(Config\Cache), false)
11 FCPATH\index.php(79): CodeIgniter\CodeIgniter->run()
CRITICAL - 2023-11-22 04:01:19 --> Undefined array key "total"
in APPPATH\Views\production\productionlist.php on line 43.
 1 APPPATH\Views\production\productionlist.php(43): CodeIgniter\Debug\Exceptions->errorHandler(2, 'Undefined array key "total"', 'C:\\xampp\\new xampp\\htdocs\\lmv1\\app\\Views\\production\\productionlist.php', 43)
 2 SYSTEMPATH\View\View.php(226): include('C:\\xampp\\new xampp\\htdocs\\lmv1\\app\\Views\\production\\productionlist.php')
 3 SYSTEMPATH\View\View.php(229): CodeIgniter\View\View->CodeIgniter\View\{closure}()
 4 SYSTEMPATH\Common.php(1188): CodeIgniter\View\View->render('production/productionlist', [], true)
 5 APPPATH\Controllers\Admin.php(378): view('production/productionlist', [...])
 6 SYSTEMPATH\CodeIgniter.php(919): App\Controllers\Admin->productionlist()
 7 SYSTEMPATH\CodeIgniter.php(494): CodeIgniter\CodeIgniter->runController(Object(App\Controllers\Admin))
 8 SYSTEMPATH\CodeIgniter.php(353): CodeIgniter\CodeIgniter->handleRequest(null, Object(Config\Cache), false)
 9 FCPATH\index.php(79): CodeIgniter\CodeIgniter->run()
CRITICAL - 2023-11-22 04:02:08 --> Undefined array key "dispatch-new"
in APPPATH\Views\production\productionlist.php on line 43.
 1 APPPATH\Views\production\productionlist.php(43): CodeIgniter\Debug\Exceptions->errorHandler(2, 'Undefined array key "dispatch-new"', 'C:\\xampp\\new xampp\\htdocs\\lmv1\\app\\Views\\production\\productionlist.php', 43)
 2 SYSTEMPATH\View\View.php(226): include('C:\\xampp\\new xampp\\htdocs\\lmv1\\app\\Views\\production\\productionlist.php')
 3 SYSTEMPATH\View\View.php(229): CodeIgniter\View\View->CodeIgniter\View\{closure}()
 4 SYSTEMPATH\Common.php(1188): CodeIgniter\View\View->render('production/productionlist', [], true)
 5 APPPATH\Controllers\Admin.php(378): view('production/productionlist', [...])
 6 SYSTEMPATH\CodeIgniter.php(919): App\Controllers\Admin->productionlist()
 7 SYSTEMPATH\CodeIgniter.php(494): CodeIgniter\CodeIgniter->runController(Object(App\Controllers\Admin))
 8 SYSTEMPATH\CodeIgniter.php(353): CodeIgniter\CodeIgniter->handleRequest(null, Object(Config\Cache), false)
 9 FCPATH\index.php(79): CodeIgniter\CodeIgniter->run()
CRITICAL - 2023-11-22 04:03:57 --> Unsupported operand types: string - string
in APPPATH\Views\production\productionlist.php on line 43.
 1 SYSTEMPATH\View\View.php(226): include()
 2 SYSTEMPATH\View\View.php(229): CodeIgniter\View\View->CodeIgniter\View\{closure}()
 3 SYSTEMPATH\Common.php(1188): CodeIgniter\View\View->render('production/productionlist', [], true)
 4 APPPATH\Controllers\Admin.php(378): view('production/productionlist', [...])
 5 SYSTEMPATH\CodeIgniter.php(919): App\Controllers\Admin->productionlist()
 6 SYSTEMPATH\CodeIgniter.php(494): CodeIgniter\CodeIgniter->runController(Object(App\Controllers\Admin))
 7 SYSTEMPATH\CodeIgniter.php(353): CodeIgniter\CodeIgniter->handleRequest(null, Object(Config\Cache), false)
 8 FCPATH\index.php(79): CodeIgniter\CodeIgniter->run()
ERROR - 2023-11-22 04:04:36 --> mysqli_sql_exception: You have an error in your SQL syntax; check the manual that corresponds to your MariaDB server version for the right syntax to use near 'as total) AS (new - dispatch) as total
FROM `production`
WHERE `product` = '20'' at line 1 in C:\xampp\new xampp\htdocs\lmv1\system\Database\MySQLi\Connection.php:306
Stack trace:
#0 C:\xampp\new xampp\htdocs\lmv1\system\Database\MySQLi\Connection.php(306): mysqli->query('SELECT SUM((new...', 0)
#1 C:\xampp\new xampp\htdocs\lmv1\system\Database\BaseConnection.php(692): CodeIgniter\Database\MySQLi\Connection->execute('SELECT SUM((new...')
#2 C:\xampp\new xampp\htdocs\lmv1\system\Database\BaseConnection.php(606): CodeIgniter\Database\BaseConnection->simpleQuery('SELECT SUM((new...')
#3 C:\xampp\new xampp\htdocs\lmv1\system\Database\BaseBuilder.php(1615): CodeIgniter\Database\BaseConnection->query('SELECT SUM((new...', Array, false)
#4 C:\xampp\new xampp\htdocs\lmv1\system\Model.php(871): CodeIgniter\Database\BaseBuilder->get()
#5 C:\xampp\new xampp\htdocs\lmv1\app\Views\production\productionlist.php(42): CodeIgniter\Model->__call('get', Array)
#6 C:\xampp\new xampp\htdocs\lmv1\system\View\View.php(226): include('C:\\xampp\\new xa...')
#7 C:\xampp\new xampp\htdocs\lmv1\system\View\View.php(229): CodeIgniter\View\View->CodeIgniter\View\{closure}()
#8 C:\xampp\new xampp\htdocs\lmv1\system\Common.php(1188): CodeIgniter\View\View->render('production/prod...', Array, true)
#9 C:\xampp\new xampp\htdocs\lmv1\app\Controllers\Admin.php(378): view('production/prod...', Array)
#10 C:\xampp\new xampp\htdocs\lmv1\system\CodeIgniter.php(919): App\Controllers\Admin->productionlist()
#11 C:\xampp\new xampp\htdocs\lmv1\system\CodeIgniter.php(494): CodeIgniter\CodeIgniter->runController(Object(App\Controllers\Admin))
#12 C:\xampp\new xampp\htdocs\lmv1\system\CodeIgniter.php(353): CodeIgniter\CodeIgniter->handleRequest(NULL, Object(Config\Cache), false)
#13 C:\xampp\new xampp\htdocs\lmv1\index.php(79): CodeIgniter\CodeIgniter->run()
#14 {main}
CRITICAL - 2023-11-22 04:04:36 --> You have an error in your SQL syntax; check the manual that corresponds to your MariaDB server version for the right syntax to use near 'as total) AS (new - dispatch) as total
FROM `production`
WHERE `product` = '20'' at line 1
in SYSTEMPATH\Database\BaseConnection.php on line 646.
 1 SYSTEMPATH\Database\BaseBuilder.php(1615): CodeIgniter\Database\BaseConnection->query('SELECT SUM((new - dispatch) as total) AS (new - dispatch) as total
FROM `production`
WHERE `product` = :product:', [...], false)
 2 SYSTEMPATH\Model.php(871): CodeIgniter\Database\BaseBuilder->get()
 3 APPPATH\Views\production\productionlist.php(42): CodeIgniter\Model->__call('get', [])
 4 SYSTEMPATH\View\View.php(226): include('C:\\xampp\\new xampp\\htdocs\\lmv1\\app\\Views\\production\\productionlist.php')
 5 SYSTEMPATH\View\View.php(229): CodeIgniter\View\View->CodeIgniter\View\{closure}()
 6 SYSTEMPATH\Common.php(1188): CodeIgniter\View\View->render('production/productionlist', [], true)
 7 APPPATH\Controllers\Admin.php(378): view('production/productionlist', [...])
 8 SYSTEMPATH\CodeIgniter.php(919): App\Controllers\Admin->productionlist()
 9 SYSTEMPATH\CodeIgniter.php(494): CodeIgniter\CodeIgniter->runController(Object(App\Controllers\Admin))
10 SYSTEMPATH\CodeIgniter.php(353): CodeIgniter\CodeIgniter->handleRequest(null, Object(Config\Cache), false)
11 FCPATH\index.php(79): CodeIgniter\CodeIgniter->run()
CRITICAL - 2023-11-22 04:04:54 --> Unsupported operand types: string - string
in APPPATH\Views\production\productionlist.php on line 43.
 1 SYSTEMPATH\View\View.php(226): include()
 2 SYSTEMPATH\View\View.php(229): CodeIgniter\View\View->CodeIgniter\View\{closure}()
 3 SYSTEMPATH\Common.php(1188): CodeIgniter\View\View->render('production/productionlist', [], true)
 4 APPPATH\Controllers\Admin.php(378): view('production/productionlist', [...])
 5 SYSTEMPATH\CodeIgniter.php(919): App\Controllers\Admin->productionlist()
 6 SYSTEMPATH\CodeIgniter.php(494): CodeIgniter\CodeIgniter->runController(Object(App\Controllers\Admin))
 7 SYSTEMPATH\CodeIgniter.php(353): CodeIgniter\CodeIgniter->handleRequest(null, Object(Config\Cache), false)
 8 FCPATH\index.php(79): CodeIgniter\CodeIgniter->run()
ERROR - 2023-11-22 05:43:29 --> mysqli_sql_exception: Column 'actual' cannot be null in C:\xampp\new xampp\htdocs\lmv1\system\Database\MySQLi\Connection.php:306
Stack trace:
#0 C:\xampp\new xampp\htdocs\lmv1\system\Database\MySQLi\Connection.php(306): mysqli->query('INSERT INTO `pr...', 0)
#1 C:\xampp\new xampp\htdocs\lmv1\system\Database\BaseConnection.php(692): CodeIgniter\Database\MySQLi\Connection->execute('INSERT INTO `pr...')
#2 C:\xampp\new xampp\htdocs\lmv1\system\Database\BaseConnection.php(606): CodeIgniter\Database\BaseConnection->simpleQuery('INSERT INTO `pr...')
#3 C:\xampp\new xampp\htdocs\lmv1\system\Database\BaseBuilder.php(2308): CodeIgniter\Database\BaseConnection->query('INSERT INTO `pr...', Array, false)
#4 C:\xampp\new xampp\htdocs\lmv1\system\Model.php(319): CodeIgniter\Database\BaseBuilder->insert()
#5 C:\xampp\new xampp\htdocs\lmv1\system\BaseModel.php(788): CodeIgniter\Model->doInsert(Array)
#6 C:\xampp\new xampp\htdocs\lmv1\system\Model.php(715): CodeIgniter\BaseModel->insert(Array, true)
#7 C:\xampp\new xampp\htdocs\lmv1\app\Controllers\Admin.php(419): CodeIgniter\Model->insert(Array)
#8 C:\xampp\new xampp\htdocs\lmv1\system\CodeIgniter.php(919): App\Controllers\Admin->addproducion()
#9 C:\xampp\new xampp\htdocs\lmv1\system\CodeIgniter.php(494): CodeIgniter\CodeIgniter->runController(Object(App\Controllers\Admin))
#10 C:\xampp\new xampp\htdocs\lmv1\system\CodeIgniter.php(353): CodeIgniter\CodeIgniter->handleRequest(NULL, Object(Config\Cache), false)
#11 C:\xampp\new xampp\htdocs\lmv1\index.php(79): CodeIgniter\CodeIgniter->run()
#12 {main}
CRITICAL - 2023-11-22 05:43:29 --> Column 'actual' cannot be null
in SYSTEMPATH\Database\BaseConnection.php on line 646.
 1 SYSTEMPATH\Database\BaseBuilder.php(2308): CodeIgniter\Database\BaseConnection->query('INSERT INTO `production` (`entryid`, `iddate`, `entrydate`, `product`, `close`, `new`, `actual`, `dispatch`) VALUES (:entryid:, :iddate:, :entrydate:, :product:, :close:, :new:, :actual:, :dispatch:)', [...], false)
 2 SYSTEMPATH\Model.php(319): CodeIgniter\Database\BaseBuilder->insert()
 3 SYSTEMPATH\BaseModel.php(788): CodeIgniter\Model->doInsert([...])
 4 SYSTEMPATH\Model.php(715): CodeIgniter\BaseModel->insert([...], true)
 5 APPPATH\Controllers\Admin.php(419): CodeIgniter\Model->insert([...])
 6 SYSTEMPATH\CodeIgniter.php(919): App\Controllers\Admin->addproducion()
 7 SYSTEMPATH\CodeIgniter.php(494): CodeIgniter\CodeIgniter->runController(Object(App\Controllers\Admin))
 8 SYSTEMPATH\CodeIgniter.php(353): CodeIgniter\CodeIgniter->handleRequest(null, Object(Config\Cache), false)
 9 FCPATH\index.php(79): CodeIgniter\CodeIgniter->run()
CRITICAL - 2023-11-22 05:44:17 --> Undefined variable $actual_
in APPPATH\Controllers\Admin.php on line 414.
 1 APPPATH\Controllers\Admin.php(414): CodeIgniter\Debug\Exceptions->errorHandler(2, 'Undefined variable $actual_', 'C:\\xampp\\new xampp\\htdocs\\lmv1\\app\\Controllers\\Admin.php', 414)
 2 SYSTEMPATH\CodeIgniter.php(919): App\Controllers\Admin->addproducion()
 3 SYSTEMPATH\CodeIgniter.php(494): CodeIgniter\CodeIgniter->runController(Object(App\Controllers\Admin))
 4 SYSTEMPATH\CodeIgniter.php(353): CodeIgniter\CodeIgniter->handleRequest(null, Object(Config\Cache), false)
 5 FCPATH\index.php(79): CodeIgniter\CodeIgniter->run()
CRITICAL - 2023-11-22 05:46:01 --> Undefined variable $maintenancelist
in APPPATH\Views\parameters\addparameters.php on line 31.
 1 APPPATH\Views\parameters\addparameters.php(31): CodeIgniter\Debug\Exceptions->errorHandler(2, 'Undefined variable $maintenancelist', 'C:\\xampp\\new xampp\\htdocs\\lmv1\\app\\Views\\parameters\\addparameters.php', 31)
 2 SYSTEMPATH\View\View.php(226): include('C:\\xampp\\new xampp\\htdocs\\lmv1\\app\\Views\\parameters\\addparameters.php')
 3 SYSTEMPATH\View\View.php(229): CodeIgniter\View\View->CodeIgniter\View\{closure}()
 4 SYSTEMPATH\Common.php(1188): CodeIgniter\View\View->render('parameters/addparameters', [], true)
 5 APPPATH\Controllers\Admin.php(261): view('parameters/addparameters', [...])
 6 SYSTEMPATH\CodeIgniter.php(919): App\Controllers\Admin->edit_parameters('35')
 7 SYSTEMPATH\CodeIgniter.php(494): CodeIgniter\CodeIgniter->runController(Object(App\Controllers\Admin))
 8 SYSTEMPATH\CodeIgniter.php(353): CodeIgniter\CodeIgniter->handleRequest(null, Object(Config\Cache), false)
 9 FCPATH\index.php(79): CodeIgniter\CodeIgniter->run()
ERROR - 2023-11-22 05:48:16 --> mysqli_sql_exception: Column 'employee' cannot be null in C:\xampp\new xampp\htdocs\lmv1\system\Database\MySQLi\Connection.php:306
Stack trace:
#0 C:\xampp\new xampp\htdocs\lmv1\system\Database\MySQLi\Connection.php(306): mysqli->query('INSERT INTO `ac...', 0)
#1 C:\xampp\new xampp\htdocs\lmv1\system\Database\BaseConnection.php(692): CodeIgniter\Database\MySQLi\Connection->execute('INSERT INTO `ac...')
#2 C:\xampp\new xampp\htdocs\lmv1\system\Database\BaseConnection.php(606): CodeIgniter\Database\BaseConnection->simpleQuery('INSERT INTO `ac...')
#3 C:\xampp\new xampp\htdocs\lmv1\system\Database\BaseBuilder.php(2308): CodeIgniter\Database\BaseConnection->query('INSERT INTO `ac...', Array, false)
#4 C:\xampp\new xampp\htdocs\lmv1\system\Model.php(319): CodeIgniter\Database\BaseBuilder->insert()
#5 C:\xampp\new xampp\htdocs\lmv1\system\BaseModel.php(788): CodeIgniter\Model->doInsert(Array)
#6 C:\xampp\new xampp\htdocs\lmv1\system\Model.php(715): CodeIgniter\BaseModel->insert(Array, true)
#7 C:\xampp\new xampp\htdocs\lmv1\app\Controllers\Admin.php(743): CodeIgniter\Model->insert(Array)
#8 C:\xampp\new xampp\htdocs\lmv1\system\CodeIgniter.php(919): App\Controllers\Admin->addAccount()
#9 C:\xampp\new xampp\htdocs\lmv1\system\CodeIgniter.php(494): CodeIgniter\CodeIgniter->runController(Object(App\Controllers\Admin))
#10 C:\xampp\new xampp\htdocs\lmv1\system\CodeIgniter.php(353): CodeIgniter\CodeIgniter->handleRequest(NULL, Object(Config\Cache), false)
#11 C:\xampp\new xampp\htdocs\lmv1\index.php(79): CodeIgniter\CodeIgniter->run()
#12 {main}
CRITICAL - 2023-11-22 05:48:16 --> Column 'employee' cannot be null
in SYSTEMPATH\Database\BaseConnection.php on line 646.
 1 SYSTEMPATH\Database\BaseBuilder.php(2308): CodeIgniter\Database\BaseConnection->query('INSERT INTO `accounting` (`amount`, `note`, `byuser`, `iddate`, `leagelid`, `employee`) VALUES (:amount:, :note:, :byuser:, :iddate:, :leagelid:, :employee:)', [...], false)
 2 SYSTEMPATH\Model.php(319): CodeIgniter\Database\BaseBuilder->insert()
 3 SYSTEMPATH\BaseModel.php(788): CodeIgniter\Model->doInsert([...])
 4 SYSTEMPATH\Model.php(715): CodeIgniter\BaseModel->insert([...], true)
 5 APPPATH\Controllers\Admin.php(743): CodeIgniter\Model->insert([...])
 6 SYSTEMPATH\CodeIgniter.php(919): App\Controllers\Admin->addAccount()
 7 SYSTEMPATH\CodeIgniter.php(494): CodeIgniter\CodeIgniter->runController(Object(App\Controllers\Admin))
 8 SYSTEMPATH\CodeIgniter.php(353): CodeIgniter\CodeIgniter->handleRequest(null, Object(Config\Cache), false)
 9 FCPATH\index.php(79): CodeIgniter\CodeIgniter->run()
ERROR - 2023-11-22 06:12:00 --> mysqli_sql_exception: Column 'party' cannot be null in C:\xampp\new xampp\htdocs\lmv1\system\Database\MySQLi\Connection.php:306
Stack trace:
#0 C:\xampp\new xampp\htdocs\lmv1\system\Database\MySQLi\Connection.php(306): mysqli->query('INSERT INTO `de...', 0)
#1 C:\xampp\new xampp\htdocs\lmv1\system\Database\BaseConnection.php(692): CodeIgniter\Database\MySQLi\Connection->execute('INSERT INTO `de...')
#2 C:\xampp\new xampp\htdocs\lmv1\system\Database\BaseConnection.php(606): CodeIgniter\Database\BaseConnection->simpleQuery('INSERT INTO `de...')
#3 C:\xampp\new xampp\htdocs\lmv1\system\Database\BaseBuilder.php(2308): CodeIgniter\Database\BaseConnection->query('INSERT INTO `de...', Array, false)
#4 C:\xampp\new xampp\htdocs\lmv1\system\Model.php(319): CodeIgniter\Database\BaseBuilder->insert()
#5 C:\xampp\new xampp\htdocs\lmv1\system\BaseModel.php(788): CodeIgniter\Model->doInsert(Array)
#6 C:\xampp\new xampp\htdocs\lmv1\system\Model.php(715): CodeIgniter\BaseModel->insert(Array, true)
#7 C:\xampp\new xampp\htdocs\lmv1\app\Controllers\Admin.php(905): CodeIgniter\Model->insert(Array)
#8 C:\xampp\new xampp\htdocs\lmv1\system\CodeIgniter.php(919): App\Controllers\Admin->challan()
#9 C:\xampp\new xampp\htdocs\lmv1\system\CodeIgniter.php(494): CodeIgniter\CodeIgniter->runController(Object(App\Controllers\Admin))
#10 C:\xampp\new xampp\htdocs\lmv1\system\CodeIgniter.php(353): CodeIgniter\CodeIgniter->handleRequest(NULL, Object(Config\Cache), false)
#11 C:\xampp\new xampp\htdocs\lmv1\index.php(79): CodeIgniter\CodeIgniter->run()
#12 {main}
CRITICAL - 2023-11-22 06:12:00 --> Column 'party' cannot be null
in SYSTEMPATH\Database\BaseConnection.php on line 646.
 1 SYSTEMPATH\Database\BaseBuilder.php(2308): CodeIgniter\Database\BaseConnection->query('INSERT INTO `delivery_challan` (`party`, `total`, `iddate`) VALUES (:party:, :total:, :iddate:)', [...], false)
 2 SYSTEMPATH\Model.php(319): CodeIgniter\Database\BaseBuilder->insert()
 3 SYSTEMPATH\BaseModel.php(788): CodeIgniter\Model->doInsert([...])
 4 SYSTEMPATH\Model.php(715): CodeIgniter\BaseModel->insert([...], true)
 5 APPPATH\Controllers\Admin.php(905): CodeIgniter\Model->insert([...])
 6 SYSTEMPATH\CodeIgniter.php(919): App\Controllers\Admin->challan()
 7 SYSTEMPATH\CodeIgniter.php(494): CodeIgniter\CodeIgniter->runController(Object(App\Controllers\Admin))
 8 SYSTEMPATH\CodeIgniter.php(353): CodeIgniter\CodeIgniter->handleRequest(null, Object(Config\Cache), false)
 9 FCPATH\index.php(79): CodeIgniter\CodeIgniter->run()
CRITICAL - 2023-11-22 14:55:04 --> Undefined property: App\Controllers\Admin::$userRow
in APPPATH\Controllers\Admin.php on line 67.
 1 APPPATH\Controllers\Admin.php(67): CodeIgniter\Debug\Exceptions->errorHandler(2, 'Undefined property: App\\Controllers\\Admin::$userRow', 'C:\\xampp\\new xampp\\htdocs\\lmv1\\app\\Controllers\\Admin.php', 67)
 2 APPPATH\Controllers\Admin.php(797): App\Controllers\Admin->header('Update account ')
 3 SYSTEMPATH\CodeIgniter.php(919): App\Controllers\Admin->editaccount('8')
 4 SYSTEMPATH\CodeIgniter.php(494): CodeIgniter\CodeIgniter->runController(Object(App\Controllers\Admin))
 5 SYSTEMPATH\CodeIgniter.php(353): CodeIgniter\CodeIgniter->handleRequest(null, Object(Config\Cache), false)
 6 FCPATH\index.php(79): CodeIgniter\CodeIgniter->run()
CRITICAL - 2023-11-22 14:56:23 --> Undefined variable $maintenancelist
in APPPATH\Views\parameters\addparameters.php on line 31.
 1 APPPATH\Views\parameters\addparameters.php(31): CodeIgniter\Debug\Exceptions->errorHandler(2, 'Undefined variable $maintenancelist', 'C:\\xampp\\new xampp\\htdocs\\lmv1\\app\\Views\\parameters\\addparameters.php', 31)
 2 SYSTEMPATH\View\View.php(226): include('C:\\xampp\\new xampp\\htdocs\\lmv1\\app\\Views\\parameters\\addparameters.php')
 3 SYSTEMPATH\View\View.php(229): CodeIgniter\View\View->CodeIgniter\View\{closure}()
 4 SYSTEMPATH\Common.php(1188): CodeIgniter\View\View->render('parameters/addparameters', [], true)
 5 APPPATH\Controllers\Admin.php(261): view('parameters/addparameters', [...])
 6 SYSTEMPATH\CodeIgniter.php(919): App\Controllers\Admin->edit_parameters('35')
 7 SYSTEMPATH\CodeIgniter.php(494): CodeIgniter\CodeIgniter->runController(Object(App\Controllers\Admin))
 8 SYSTEMPATH\CodeIgniter.php(353): CodeIgniter\CodeIgniter->handleRequest(null, Object(Config\Cache), false)
 9 FCPATH\index.php(79): CodeIgniter\CodeIgniter->run()
CRITICAL - 2023-11-22 15:38:34 --> Call to undefined method App\Models\delivery_challanModel::getSingle
in SYSTEMPATH\Model.php on line 873.
 1 APPPATH\Controllers\Admin.php(1052): CodeIgniter\Model->__call('getSingle', [...])
 2 SYSTEMPATH\CodeIgniter.php(919): App\Controllers\Admin->edit_challan('5')
 3 SYSTEMPATH\CodeIgniter.php(494): CodeIgniter\CodeIgniter->runController(Object(App\Controllers\Admin))
 4 SYSTEMPATH\CodeIgniter.php(353): CodeIgniter\CodeIgniter->handleRequest(null, Object(Config\Cache), false)
 5 FCPATH\index.php(79): CodeIgniter\CodeIgniter->run()
CRITICAL - 2023-11-22 15:40:12 --> Undefined property: stdClass::$status
in APPPATH\Views\challan\addchallan.php on line 87.
 1 APPPATH\Views\challan\addchallan.php(87): CodeIgniter\Debug\Exceptions->errorHandler(2, 'Undefined property: stdClass::$status', 'C:\\xampp\\new xampp\\htdocs\\lmv1\\app\\Views\\challan\\addchallan.php', 87)
 2 SYSTEMPATH\View\View.php(226): include('C:\\xampp\\new xampp\\htdocs\\lmv1\\app\\Views\\challan\\addchallan.php')
 3 SYSTEMPATH\View\View.php(229): CodeIgniter\View\View->CodeIgniter\View\{closure}()
 4 SYSTEMPATH\Common.php(1188): CodeIgniter\View\View->render('challan/addchallan', [], true)
 5 APPPATH\Controllers\Admin.php(1055): view('challan/addchallan', [...])
 6 SYSTEMPATH\CodeIgniter.php(919): App\Controllers\Admin->edit_challan('5')
 7 SYSTEMPATH\CodeIgniter.php(494): CodeIgniter\CodeIgniter->runController(Object(App\Controllers\Admin))
 8 SYSTEMPATH\CodeIgniter.php(353): CodeIgniter\CodeIgniter->handleRequest(null, Object(Config\Cache), false)
 9 FCPATH\index.php(79): CodeIgniter\CodeIgniter->run()
CRITICAL - 2023-11-22 15:41:01 --> Undefined property: stdClass::$status
in APPPATH\Views\challan\addchallan.php on line 87.
 1 APPPATH\Views\challan\addchallan.php(87): CodeIgniter\Debug\Exceptions->errorHandler(2, 'Undefined property: stdClass::$status', 'C:\\xampp\\new xampp\\htdocs\\lmv1\\app\\Views\\challan\\addchallan.php', 87)
 2 SYSTEMPATH\View\View.php(226): include('C:\\xampp\\new xampp\\htdocs\\lmv1\\app\\Views\\challan\\addchallan.php')
 3 SYSTEMPATH\View\View.php(229): CodeIgniter\View\View->CodeIgniter\View\{closure}()
 4 SYSTEMPATH\Common.php(1188): CodeIgniter\View\View->render('challan/addchallan', [], true)
 5 APPPATH\Controllers\Admin.php(1055): view('challan/addchallan', [...])
 6 SYSTEMPATH\CodeIgniter.php(919): App\Controllers\Admin->edit_challan('8')
 7 SYSTEMPATH\CodeIgniter.php(494): CodeIgniter\CodeIgniter->runController(Object(App\Controllers\Admin))
 8 SYSTEMPATH\CodeIgniter.php(353): CodeIgniter\CodeIgniter->handleRequest(null, Object(Config\Cache), false)
 9 FCPATH\index.php(79): CodeIgniter\CodeIgniter->run()
CRITICAL - 2023-11-22 15:42:27 --> Undefined property: stdClass::$status
in APPPATH\Views\challan\addchallan.php on line 87.
 1 APPPATH\Views\challan\addchallan.php(87): CodeIgniter\Debug\Exceptions->errorHandler(2, 'Undefined property: stdClass::$status', 'C:\\xampp\\new xampp\\htdocs\\lmv1\\app\\Views\\challan\\addchallan.php', 87)
 2 SYSTEMPATH\View\View.php(226): include('C:\\xampp\\new xampp\\htdocs\\lmv1\\app\\Views\\challan\\addchallan.php')
 3 SYSTEMPATH\View\View.php(229): CodeIgniter\View\View->CodeIgniter\View\{closure}()
 4 SYSTEMPATH\Common.php(1188): CodeIgniter\View\View->render('challan/addchallan', [], true)
 5 APPPATH\Controllers\Admin.php(1055): view('challan/addchallan', [...])
 6 SYSTEMPATH\CodeIgniter.php(919): App\Controllers\Admin->edit_challan('8')
 7 SYSTEMPATH\CodeIgniter.php(494): CodeIgniter\CodeIgniter->runController(Object(App\Controllers\Admin))
 8 SYSTEMPATH\CodeIgniter.php(353): CodeIgniter\CodeIgniter->handleRequest(null, Object(Config\Cache), false)
 9 FCPATH\index.php(79): CodeIgniter\CodeIgniter->run()
CRITICAL - 2023-11-22 15:42:49 --> Undefined property: stdClass::$status
in APPPATH\Views\challan\addchallan.php on line 84.
 1 APPPATH\Views\challan\addchallan.php(84): CodeIgniter\Debug\Exceptions->errorHandler(2, 'Undefined property: stdClass::$status', 'C:\\xampp\\new xampp\\htdocs\\lmv1\\app\\Views\\challan\\addchallan.php', 84)
 2 SYSTEMPATH\View\View.php(226): include('C:\\xampp\\new xampp\\htdocs\\lmv1\\app\\Views\\challan\\addchallan.php')
 3 SYSTEMPATH\View\View.php(229): CodeIgniter\View\View->CodeIgniter\View\{closure}()
 4 SYSTEMPATH\Common.php(1188): CodeIgniter\View\View->render('challan/addchallan', [], true)
 5 APPPATH\Controllers\Admin.php(1055): view('challan/addchallan', [...])
 6 SYSTEMPATH\CodeIgniter.php(919): App\Controllers\Admin->edit_challan('8')
 7 SYSTEMPATH\CodeIgniter.php(494): CodeIgniter\CodeIgniter->runController(Object(App\Controllers\Admin))
 8 SYSTEMPATH\CodeIgniter.php(353): CodeIgniter\CodeIgniter->handleRequest(null, Object(Config\Cache), false)
 9 FCPATH\index.php(79): CodeIgniter\CodeIgniter->run()
