CRITICAL - 2023-11-03 05:21:03 --> Undefined property: App\Controllers\Admin::$userRow
in APPPATH\Controllers\Admin.php on line 63.
 1 APPPATH\Controllers\Admin.php(63): CodeIgniter\Debug\Exceptions->errorHandler(2, 'Undefined property: App\\Controllers\\Admin::$userRow', 'C:\\xampp\\new xampp\\htdocs\\lmv1\\app\\Controllers\\Admin.php', 63)
 2 APPPATH\Controllers\Admin.php(54): App\Controllers\Admin->header('Dashboard')
 3 SYSTEMPATH\CodeIgniter.php(919): App\Controllers\Admin->index()
 4 SYSTEMPATH\CodeIgniter.php(494): CodeIgniter\CodeIgniter->runController(Object(App\Controllers\Admin))
 5 SYSTEMPATH\CodeIgniter.php(353): CodeIgniter\CodeIgniter->handleRequest(null, Object(Config\Cache), false)
 6 FCPATH\index.php(79): CodeIgniter\CodeIgniter->run()
CRITICAL - 2023-11-03 05:21:18 --> Call to undefined method App\Models\parameterModel::countByDate
in SYSTEMPATH\Model.php on line 873.
 1 APPPATH\Controllers\Admin.php(66): CodeIgniter\Model->__call('countByDate', [...])
 2 APPPATH\Controllers\Admin.php(54): App\Controllers\Admin->header('Dashboard')
 3 SYSTEMPATH\CodeIgniter.php(919): App\Controllers\Admin->index()
 4 SYSTEMPATH\CodeIgniter.php(494): CodeIgniter\CodeIgniter->runController(Object(App\Controllers\Admin))
 5 SYSTEMPATH\CodeIgniter.php(353): CodeIgniter\CodeIgniter->handleRequest(null, Object(Config\Cache), false)
 6 FCPATH\index.php(79): CodeIgniter\CodeIgniter->run()
CRITICAL - 2023-11-03 05:38:54 --> syntax error, unexpected integer "05"
in APPPATH\Controllers\Admin.php on line 61.
 1 SYSTEMPATH\Router\Router.php(512): CodeIgniter\Router\AutoRouter->getRoute('Admin', 'get')
 2 SYSTEMPATH\Router\Router.php(208): CodeIgniter\Router\Router->autoRoute('Admin')
 3 SYSTEMPATH\CodeIgniter.php(800): CodeIgniter\Router\Router->handle('Admin')
 4 SYSTEMPATH\CodeIgniter.php(442): CodeIgniter\CodeIgniter->tryToRouteIt(Object(CodeIgniter\Router\RouteCollection))
 5 SYSTEMPATH\CodeIgniter.php(353): CodeIgniter\CodeIgniter->handleRequest(null, Object(Config\Cache), false)
 6 FCPATH\index.php(79): CodeIgniter\CodeIgniter->run()
CRITICAL - 2023-11-03 06:48:10 --> Too few arguments to function App\Models\productionModel::getDashboardCount(), 0 passed in C:\xampp\new xampp\htdocs\lmv1\app\Controllers\Admin.php on line 66 and exactly 1 expected
in APPPATH\Models\productionModel.php on line 33.
 1 APPPATH\Controllers\Admin.php(66): App\Models\productionModel->getDashboardCount()
 2 APPPATH\Controllers\Admin.php(54): App\Controllers\Admin->header('Dashboard')
 3 SYSTEMPATH\CodeIgniter.php(919): App\Controllers\Admin->index()
 4 SYSTEMPATH\CodeIgniter.php(494): CodeIgniter\CodeIgniter->runController(Object(App\Controllers\Admin))
 5 SYSTEMPATH\CodeIgniter.php(353): CodeIgniter\CodeIgniter->handleRequest(null, Object(Config\Cache), false)
 6 FCPATH\index.php(79): CodeIgniter\CodeIgniter->run()
CRITICAL - 2023-11-03 06:48:58 --> Attempt to read property "new" on array
in APPPATH\Views\home.php on line 48.
 1 APPPATH\Views\home.php(48): CodeIgniter\Debug\Exceptions->errorHandler(2, 'Attempt to read property "new" on array', 'C:\\xampp\\new xampp\\htdocs\\lmv1\\app\\Views\\home.php', 48)
 2 SYSTEMPATH\View\View.php(226): include('C:\\xampp\\new xampp\\htdocs\\lmv1\\app\\Views\\home.php')
 3 SYSTEMPATH\View\View.php(229): CodeIgniter\View\View->CodeIgniter\View\{closure}()
 4 SYSTEMPATH\Common.php(1188): CodeIgniter\View\View->render('home', [], true)
 5 APPPATH\Controllers\Admin.php(55): view('home')
 6 SYSTEMPATH\CodeIgniter.php(919): App\Controllers\Admin->index()
 7 SYSTEMPATH\CodeIgniter.php(494): CodeIgniter\CodeIgniter->runController(Object(App\Controllers\Admin))
 8 SYSTEMPATH\CodeIgniter.php(353): CodeIgniter\CodeIgniter->handleRequest(null, Object(Config\Cache), false)
 9 FCPATH\index.php(79): CodeIgniter\CodeIgniter->run()
CRITICAL - 2023-11-03 06:49:06 --> Undefined array key "new"
in APPPATH\Views\home.php on line 48.
 1 APPPATH\Views\home.php(48): CodeIgniter\Debug\Exceptions->errorHandler(2, 'Undefined array key "new"', 'C:\\xampp\\new xampp\\htdocs\\lmv1\\app\\Views\\home.php', 48)
 2 SYSTEMPATH\View\View.php(226): include('C:\\xampp\\new xampp\\htdocs\\lmv1\\app\\Views\\home.php')
 3 SYSTEMPATH\View\View.php(229): CodeIgniter\View\View->CodeIgniter\View\{closure}()
 4 SYSTEMPATH\Common.php(1188): CodeIgniter\View\View->render('home', [], true)
 5 APPPATH\Controllers\Admin.php(55): view('home')
 6 SYSTEMPATH\CodeIgniter.php(919): App\Controllers\Admin->index()
 7 SYSTEMPATH\CodeIgniter.php(494): CodeIgniter\CodeIgniter->runController(Object(App\Controllers\Admin))
 8 SYSTEMPATH\CodeIgniter.php(353): CodeIgniter\CodeIgniter->handleRequest(null, Object(Config\Cache), false)
 9 FCPATH\index.php(79): CodeIgniter\CodeIgniter->run()
CRITICAL - 2023-11-03 06:50:15 --> Undefined array key "new"
in APPPATH\Views\home.php on line 48.
 1 APPPATH\Views\home.php(48): CodeIgniter\Debug\Exceptions->errorHandler(2, 'Undefined array key "new"', 'C:\\xampp\\new xampp\\htdocs\\lmv1\\app\\Views\\home.php', 48)
 2 SYSTEMPATH\View\View.php(226): include('C:\\xampp\\new xampp\\htdocs\\lmv1\\app\\Views\\home.php')
 3 SYSTEMPATH\View\View.php(229): CodeIgniter\View\View->CodeIgniter\View\{closure}()
 4 SYSTEMPATH\Common.php(1188): CodeIgniter\View\View->render('home', [], true)
 5 APPPATH\Controllers\Admin.php(57): view('home', [...])
 6 SYSTEMPATH\CodeIgniter.php(919): App\Controllers\Admin->index()
 7 SYSTEMPATH\CodeIgniter.php(494): CodeIgniter\CodeIgniter->runController(Object(App\Controllers\Admin))
 8 SYSTEMPATH\CodeIgniter.php(353): CodeIgniter\CodeIgniter->handleRequest(null, Object(Config\Cache), false)
 9 FCPATH\index.php(79): CodeIgniter\CodeIgniter->run()
CRITICAL - 2023-11-03 06:51:55 --> Array to string conversion
in APPPATH\Views\home.php on line 48.
 1 APPPATH\Views\home.php(48): CodeIgniter\Debug\Exceptions->errorHandler(2, 'Array to string conversion', 'C:\\xampp\\new xampp\\htdocs\\lmv1\\app\\Views\\home.php', 48)
 2 SYSTEMPATH\View\View.php(226): include('C:\\xampp\\new xampp\\htdocs\\lmv1\\app\\Views\\home.php')
 3 SYSTEMPATH\View\View.php(229): CodeIgniter\View\View->CodeIgniter\View\{closure}()
 4 SYSTEMPATH\Common.php(1188): CodeIgniter\View\View->render('home', [], true)
 5 APPPATH\Controllers\Admin.php(57): view('home', [...])
 6 SYSTEMPATH\CodeIgniter.php(919): App\Controllers\Admin->index()
 7 SYSTEMPATH\CodeIgniter.php(494): CodeIgniter\CodeIgniter->runController(Object(App\Controllers\Admin))
 8 SYSTEMPATH\CodeIgniter.php(353): CodeIgniter\CodeIgniter->handleRequest(null, Object(Config\Cache), false)
 9 FCPATH\index.php(79): CodeIgniter\CodeIgniter->run()
CRITICAL - 2023-11-03 09:12:10 --> Undefined variable $users
in APPPATH\Views\accounting\addAccounting.php on line 32.
 1 APPPATH\Views\accounting\addAccounting.php(32): CodeIgniter\Debug\Exceptions->errorHandler(2, 'Undefined variable $users', 'C:\\xampp\\new xampp\\htdocs\\lmv1\\app\\Views\\accounting\\addAccounting.php', 32)
 2 SYSTEMPATH\View\View.php(226): include('C:\\xampp\\new xampp\\htdocs\\lmv1\\app\\Views\\accounting\\addAccounting.php')
 3 SYSTEMPATH\View\View.php(229): CodeIgniter\View\View->CodeIgniter\View\{closure}()
 4 SYSTEMPATH\Common.php(1188): CodeIgniter\View\View->render('accounting/addAccounting', [], true)
 5 APPPATH\Controllers\Admin.php(616): view('accounting/addAccounting', [...])
 6 SYSTEMPATH\CodeIgniter.php(919): App\Controllers\Admin->addLeadger()
 7 SYSTEMPATH\CodeIgniter.php(494): CodeIgniter\CodeIgniter->runController(Object(App\Controllers\Admin))
 8 SYSTEMPATH\CodeIgniter.php(353): CodeIgniter\CodeIgniter->handleRequest(null, Object(Config\Cache), false)
 9 FCPATH\index.php(79): CodeIgniter\CodeIgniter->run()
CRITICAL - 2023-11-03 10:10:00 --> syntax error, unexpected token "}", expecting ";"
in APPPATH\Controllers\Admin.php on line 361.
 1 SYSTEMPATH\Autoloader\Autoloader.php(285): CodeIgniter\Autoloader\Autoloader->includeFile('C:\\xampp\\new xampp\\htdocs\\lmv1\\app\\Controllers\\Admin.php')
 2 SYSTEMPATH\Autoloader\Autoloader.php(263): CodeIgniter\Autoloader\Autoloader->loadInNamespace('App\\Controllers\\Admin')
 3 [internal function]: CodeIgniter\Autoloader\Autoloader->loadClass('App\\Controllers\\Admin')
 4 SYSTEMPATH\CodeIgniter.php(877): class_exists('\\App\\Controllers\\Admin', true)
 5 SYSTEMPATH\CodeIgniter.php(481): CodeIgniter\CodeIgniter->startController()
 6 SYSTEMPATH\CodeIgniter.php(353): CodeIgniter\CodeIgniter->handleRequest(null, Object(Config\Cache), false)
 7 FCPATH\index.php(79): CodeIgniter\CodeIgniter->run()
ERROR - 2023-11-03 10:32:01 --> mysqli_sql_exception: Column 'category_id' cannot be null in C:\xampp\new xampp\htdocs\lmv1\system\Database\MySQLi\Connection.php:306
Stack trace:
#0 C:\xampp\new xampp\htdocs\lmv1\system\Database\MySQLi\Connection.php(306): mysqli->query('INSERT INTO `pa...', 0)
#1 C:\xampp\new xampp\htdocs\lmv1\system\Database\BaseConnection.php(692): CodeIgniter\Database\MySQLi\Connection->execute('INSERT INTO `pa...')
#2 C:\xampp\new xampp\htdocs\lmv1\system\Database\BaseConnection.php(606): CodeIgniter\Database\BaseConnection->simpleQuery('INSERT INTO `pa...')
#3 C:\xampp\new xampp\htdocs\lmv1\system\Database\BaseBuilder.php(2308): CodeIgniter\Database\BaseConnection->query('INSERT INTO `pa...', Array, false)
#4 C:\xampp\new xampp\htdocs\lmv1\system\Model.php(319): CodeIgniter\Database\BaseBuilder->insert()
#5 C:\xampp\new xampp\htdocs\lmv1\system\BaseModel.php(788): CodeIgniter\Model->doInsert(Array)
#6 C:\xampp\new xampp\htdocs\lmv1\system\Model.php(715): CodeIgniter\BaseModel->insert(Array, true)
#7 C:\xampp\new xampp\htdocs\lmv1\app\Controllers\Admin.php(142): CodeIgniter\Model->insert(Array)
#8 C:\xampp\new xampp\htdocs\lmv1\system\CodeIgniter.php(919): App\Controllers\Admin->addparameters()
#9 C:\xampp\new xampp\htdocs\lmv1\system\CodeIgniter.php(494): CodeIgniter\CodeIgniter->runController(Object(App\Controllers\Admin))
#10 C:\xampp\new xampp\htdocs\lmv1\system\CodeIgniter.php(353): CodeIgniter\CodeIgniter->handleRequest(NULL, Object(Config\Cache), false)
#11 C:\xampp\new xampp\htdocs\lmv1\index.php(79): CodeIgniter\CodeIgniter->run()
#12 {main}
CRITICAL - 2023-11-03 10:32:01 --> Column 'category_id' cannot be null
in SYSTEMPATH\Database\BaseConnection.php on line 646.
 1 SYSTEMPATH\Database\BaseBuilder.php(2308): CodeIgniter\Database\BaseConnection->query('INSERT INTO `parameters` (`name`, `min`, `iddate`, `max`, `type`, `status`, `category_id`) VALUES (:name:, :min:, :iddate:, :max:, :type:, :status:, :category_id:)', [...], false)
 2 SYSTEMPATH\Model.php(319): CodeIgniter\Database\BaseBuilder->insert()
 3 SYSTEMPATH\BaseModel.php(788): CodeIgniter\Model->doInsert([...])
 4 SYSTEMPATH\Model.php(715): CodeIgniter\BaseModel->insert([...], true)
 5 APPPATH\Controllers\Admin.php(142): CodeIgniter\Model->insert([...])
 6 SYSTEMPATH\CodeIgniter.php(919): App\Controllers\Admin->addparameters()
 7 SYSTEMPATH\CodeIgniter.php(494): CodeIgniter\CodeIgniter->runController(Object(App\Controllers\Admin))
 8 SYSTEMPATH\CodeIgniter.php(353): CodeIgniter\CodeIgniter->handleRequest(null, Object(Config\Cache), false)
 9 FCPATH\index.php(79): CodeIgniter\CodeIgniter->run()
